python3.5: can't open file 'myscript.py': [Errno 2] No such file or directory

Type 'manage.py help <subcommand>' for help on a specific subcommand.

Available subcommands:

[auth]
    changepassword
    createsuperuser

[authtoken]
    drf_create_token

[contenttypes]
    remove_stale_contenttypes

[django]
    check
    compilemessages
    createcachetable
    dbshell
    diffsettings
    dumpdata
    flush
    inspectdb
    loaddata
    makemessages
    makemigrations
    migrate
    sendtestemail
    shell
    showmigrations
    sqlflush
    sqlmigrate
    sqlsequencereset
    squashmigrations
    startapp
    startproject
    test
    testserver

[django_extensions]
    admin_generator
    clean_pyc
    clear_cache
    compile_pyc
    create_command
    create_jobs
    create_template_tags
    delete_squashed_migrations
    describe_form
    drop_test_database
    dumpscript
    export_emails
    find_template
    generate_password
    generate_secret_key
    graph_models
    mail_debug
    merge_model_instances
    notes
    passwd
    pipchecker
    print_settings
    print_user_for_session
    reset_db
    reset_schema
    runjob
    runjobs
    runprofileserver
    runscript
    runserver_plus
    set_default_site
    set_fake_emails
    set_fake_passwords
    shell_plus
    show_template_tags
    show_templatetags
    show_urls
    sqlcreate
    sqldiff
    sqldsn
    sync_s3
    syncdata
    unreferenced_files
    update_permissions
    validate_templates

[rest_framework]
    generateschema

[sessions]
    clearsessions

[staticfiles]
    collectstatic
    findstatic
    runserver
System check identified some issues:

WARNINGS:
employee.Employee.date_created: (fields.W161) Fixed default value provided.
	HINT: It seems you set a fixed date / time / datetime value as default for this field. This may not be what you want. If you want to have the current date as default, use `django.utils.timezone.now`
employee.Employee.date_modified: (fields.W161) Fixed default value provided.
	HINT: It seems you set a fixed date / time / datetime value as default for this field. This may not be what you want. If you want to have the current date as default, use `django.utils.timezone.now`
employee.Employee_Address.date_created: (fields.W161) Fixed default value provided.
	HINT: It seems you set a fixed date / time / datetime value as default for this field. This may not be what you want. If you want to have the current date as default, use `django.utils.timezone.now`
employee.Employee_Address.date_modified: (fields.W161) Fixed default value provided.
	HINT: It seems you set a fixed date / time / datetime value as default for this field. This may not be what you want. If you want to have the current date as default, use `django.utils.timezone.now`
employee.Employee_Emails.date_created: (fields.W161) Fixed default value provided.
	HINT: It seems you set a fixed date / time / datetime value as default for this field. This may not be what you want. If you want to have the current date as default, use `django.utils.timezone.now`
employee.Employee_Emails.date_modified: (fields.W161) Fixed default value provided.
	HINT: It seems you set a fixed date / time / datetime value as default for this field. This may not be what you want. If you want to have the current date as default, use `django.utils.timezone.now`
employee.Employee_Emergency_Contact.date_created: (fields.W161) Fixed default value provided.
	HINT: It seems you set a fixed date / time / datetime value as default for this field. This may not be what you want. If you want to have the current date as default, use `django.utils.timezone.now`
employee.Employee_Emergency_Contact.date_modified: (fields.W161) Fixed default value provided.
	HINT: It seems you set a fixed date / time / datetime value as default for this field. This may not be what you want. If you want to have the current date as default, use `django.utils.timezone.now`
employee.Employee_Nationalid.date_created: (fields.W161) Fixed default value provided.
	HINT: It seems you set a fixed date / time / datetime value as default for this field. This may not be what you want. If you want to have the current date as default, use `django.utils.timezone.now`
employee.Employee_Nationalid.date_modified: (fields.W161) Fixed default value provided.
	HINT: It seems you set a fixed date / time / datetime value as default for this field. This may not be what you want. If you want to have the current date as default, use `django.utils.timezone.now`
employee.Employee_Passport_Detail.date_created: (fields.W161) Fixed default value provided.
	HINT: It seems you set a fixed date / time / datetime value as default for this field. This may not be what you want. If you want to have the current date as default, use `django.utils.timezone.now`
employee.Employee_Passport_Detail.date_modified: (fields.W161) Fixed default value provided.
	HINT: It seems you set a fixed date / time / datetime value as default for this field. This may not be what you want. If you want to have the current date as default, use `django.utils.timezone.now`
employee.Employee_Phones.date_created: (fields.W161) Fixed default value provided.
	HINT: It seems you set a fixed date / time / datetime value as default for this field. This may not be what you want. If you want to have the current date as default, use `django.utils.timezone.now`
employee.Employee_Phones.date_modified: (fields.W161) Fixed default value provided.
	HINT: It seems you set a fixed date / time / datetime value as default for this field. This may not be what you want. If you want to have the current date as default, use `django.utils.timezone.now`
employee.Employee_Request_Approver.date_created: (fields.W161) Fixed default value provided.
	HINT: It seems you set a fixed date / time / datetime value as default for this field. This may not be what you want. If you want to have the current date as default, use `django.utils.timezone.now`
employee.Employee_Request_Approver.date_modified: (fields.W161) Fixed default value provided.
	HINT: It seems you set a fixed date / time / datetime value as default for this field. This may not be what you want. If you want to have the current date as default, use `django.utils.timezone.now`
employee.Userinfo.date_created: (fields.W161) Fixed default value provided.
	HINT: It seems you set a fixed date / time / datetime value as default for this field. This may not be what you want. If you want to have the current date as default, use `django.utils.timezone.now`
employee.Userinfo.date_modified: (fields.W161) Fixed default value provided.
	HINT: It seems you set a fixed date / time / datetime value as default for this field. This may not be what you want. If you want to have the current date as default, use `django.utils.timezone.now`
master.Activity_Log.date_created: (fields.W161) Fixed default value provided.
	HINT: It seems you set a fixed date / time / datetime value as default for this field. This may not be what you want. If you want to have the current date as default, use `django.utils.timezone.now`
master.Activity_Log.date_modified: (fields.W161) Fixed default value provided.
	HINT: It seems you set a fixed date / time / datetime value as default for this field. This may not be what you want. If you want to have the current date as default, use `django.utils.timezone.now`
master.Approval_Hierarchy.date_created: (fields.W161) Fixed default value provided.
	HINT: It seems you set a fixed date / time / datetime value as default for this field. This may not be what you want. If you want to have the current date as default, use `django.utils.timezone.now`
master.Approval_Hierarchy.date_modified: (fields.W161) Fixed default value provided.
	HINT: It seems you set a fixed date / time / datetime value as default for this field. This may not be what you want. If you want to have the current date as default, use `django.utils.timezone.now`
master.Assignment_Group.date_created: (fields.W161) Fixed default value provided.
	HINT: It seems you set a fixed date / time / datetime value as default for this field. This may not be what you want. If you want to have the current date as default, use `django.utils.timezone.now`
master.Assignment_Group.date_modified: (fields.W161) Fixed default value provided.
	HINT: It seems you set a fixed date / time / datetime value as default for this field. This may not be what you want. If you want to have the current date as default, use `django.utils.timezone.now`
master.Assignment_Status.date_created: (fields.W161) Fixed default value provided.
	HINT: It seems you set a fixed date / time / datetime value as default for this field. This may not be what you want. If you want to have the current date as default, use `django.utils.timezone.now`
master.Assignment_Status.date_modified: (fields.W161) Fixed default value provided.
	HINT: It seems you set a fixed date / time / datetime value as default for this field. This may not be what you want. If you want to have the current date as default, use `django.utils.timezone.now`
master.Assignment_Type.date_created: (fields.W161) Fixed default value provided.
	HINT: It seems you set a fixed date / time / datetime value as default for this field. This may not be what you want. If you want to have the current date as default, use `django.utils.timezone.now`
master.Assignment_Type.date_modified: (fields.W161) Fixed default value provided.
	HINT: It seems you set a fixed date / time / datetime value as default for this field. This may not be what you want. If you want to have the current date as default, use `django.utils.timezone.now`
master.City.date_created: (fields.W161) Fixed default value provided.
	HINT: It seems you set a fixed date / time / datetime value as default for this field. This may not be what you want. If you want to have the current date as default, use `django.utils.timezone.now`
master.City.date_modified: (fields.W161) Fixed default value provided.
	HINT: It seems you set a fixed date / time / datetime value as default for this field. This may not be what you want. If you want to have the current date as default, use `django.utils.timezone.now`
master.Country.date_created: (fields.W161) Fixed default value provided.
	HINT: It seems you set a fixed date / time / datetime value as default for this field. This may not be what you want. If you want to have the current date as default, use `django.utils.timezone.now`
master.Country.date_modified: (fields.W161) Fixed default value provided.
	HINT: It seems you set a fixed date / time / datetime value as default for this field. This may not be what you want. If you want to have the current date as default, use `django.utils.timezone.now`
master.Country_Master.date_created: (fields.W161) Fixed default value provided.
	HINT: It seems you set a fixed date / time / datetime value as default for this field. This may not be what you want. If you want to have the current date as default, use `django.utils.timezone.now`
master.Country_Master.date_modified: (fields.W161) Fixed default value provided.
	HINT: It seems you set a fixed date / time / datetime value as default for this field. This may not be what you want. If you want to have the current date as default, use `django.utils.timezone.now`
master.Currency.date_created: (fields.W161) Fixed default value provided.
	HINT: It seems you set a fixed date / time / datetime value as default for this field. This may not be what you want. If you want to have the current date as default, use `django.utils.timezone.now`
master.Currency.date_modified: (fields.W161) Fixed default value provided.
	HINT: It seems you set a fixed date / time / datetime value as default for this field. This may not be what you want. If you want to have the current date as default, use `django.utils.timezone.now`
master.Currency_Conversion.date_created: (fields.W161) Fixed default value provided.
	HINT: It seems you set a fixed date / time / datetime value as default for this field. This may not be what you want. If you want to have the current date as default, use `django.utils.timezone.now`
master.Currency_Conversion.date_modified: (fields.W161) Fixed default value provided.
	HINT: It seems you set a fixed date / time / datetime value as default for this field. This may not be what you want. If you want to have the current date as default, use `django.utils.timezone.now`
master.Department.date_created: (fields.W161) Fixed default value provided.
	HINT: It seems you set a fixed date / time / datetime value as default for this field. This may not be what you want. If you want to have the current date as default, use `django.utils.timezone.now`
master.Department.date_modified: (fields.W161) Fixed default value provided.
	HINT: It seems you set a fixed date / time / datetime value as default for this field. This may not be what you want. If you want to have the current date as default, use `django.utils.timezone.now`
master.Dial_Code.date_created: (fields.W161) Fixed default value provided.
	HINT: It seems you set a fixed date / time / datetime value as default for this field. This may not be what you want. If you want to have the current date as default, use `django.utils.timezone.now`
master.Dial_Code.date_modified: (fields.W161) Fixed default value provided.
	HINT: It seems you set a fixed date / time / datetime value as default for this field. This may not be what you want. If you want to have the current date as default, use `django.utils.timezone.now`
master.Location_Master.date_created: (fields.W161) Fixed default value provided.
	HINT: It seems you set a fixed date / time / datetime value as default for this field. This may not be what you want. If you want to have the current date as default, use `django.utils.timezone.now`
master.Location_Master.date_modified: (fields.W161) Fixed default value provided.
	HINT: It seems you set a fixed date / time / datetime value as default for this field. This may not be what you want. If you want to have the current date as default, use `django.utils.timezone.now`
master.Organization.date_created: (fields.W161) Fixed default value provided.
	HINT: It seems you set a fixed date / time / datetime value as default for this field. This may not be what you want. If you want to have the current date as default, use `django.utils.timezone.now`
master.Organization.date_modified: (fields.W161) Fixed default value provided.
	HINT: It seems you set a fixed date / time / datetime value as default for this field. This may not be what you want. If you want to have the current date as default, use `django.utils.timezone.now`
master.Organization_Location.date_created: (fields.W161) Fixed default value provided.
	HINT: It seems you set a fixed date / time / datetime value as default for this field. This may not be what you want. If you want to have the current date as default, use `django.utils.timezone.now`
master.Organization_Location.date_modified: (fields.W161) Fixed default value provided.
	HINT: It seems you set a fixed date / time / datetime value as default for this field. This may not be what you want. If you want to have the current date as default, use `django.utils.timezone.now`
master.Per_Diem.date_created: (fields.W161) Fixed default value provided.
	HINT: It seems you set a fixed date / time / datetime value as default for this field. This may not be what you want. If you want to have the current date as default, use `django.utils.timezone.now`
master.Per_Diem.date_modified: (fields.W161) Fixed default value provided.
	HINT: It seems you set a fixed date / time / datetime value as default for this field. This may not be what you want. If you want to have the current date as default, use `django.utils.timezone.now`
master.Project.date_created: (fields.W161) Fixed default value provided.
	HINT: It seems you set a fixed date / time / datetime value as default for this field. This may not be what you want. If you want to have the current date as default, use `django.utils.timezone.now`
master.Project.date_modified: (fields.W161) Fixed default value provided.
	HINT: It seems you set a fixed date / time / datetime value as default for this field. This may not be what you want. If you want to have the current date as default, use `django.utils.timezone.now`
master.Request_Approvals.date_created: (fields.W161) Fixed default value provided.
	HINT: It seems you set a fixed date / time / datetime value as default for this field. This may not be what you want. If you want to have the current date as default, use `django.utils.timezone.now`
master.Request_Approvals.date_modified: (fields.W161) Fixed default value provided.
	HINT: It seems you set a fixed date / time / datetime value as default for this field. This may not be what you want. If you want to have the current date as default, use `django.utils.timezone.now`
master.Request_Status.date_created: (fields.W161) Fixed default value provided.
	HINT: It seems you set a fixed date / time / datetime value as default for this field. This may not be what you want. If you want to have the current date as default, use `django.utils.timezone.now`
master.Request_Status.date_modified: (fields.W161) Fixed default value provided.
	HINT: It seems you set a fixed date / time / datetime value as default for this field. This may not be what you want. If you want to have the current date as default, use `django.utils.timezone.now`
master.Role.date_created: (fields.W161) Fixed default value provided.
	HINT: It seems you set a fixed date / time / datetime value as default for this field. This may not be what you want. If you want to have the current date as default, use `django.utils.timezone.now`
master.Role.date_modified: (fields.W161) Fixed default value provided.
	HINT: It seems you set a fixed date / time / datetime value as default for this field. This may not be what you want. If you want to have the current date as default, use `django.utils.timezone.now`
master.State_Master.date_created: (fields.W161) Fixed default value provided.
	HINT: It seems you set a fixed date / time / datetime value as default for this field. This may not be what you want. If you want to have the current date as default, use `django.utils.timezone.now`
master.State_Master.date_modified: (fields.W161) Fixed default value provided.
	HINT: It seems you set a fixed date / time / datetime value as default for this field. This may not be what you want. If you want to have the current date as default, use `django.utils.timezone.now`
master.Vendor.date_created: (fields.W161) Fixed default value provided.
	HINT: It seems you set a fixed date / time / datetime value as default for this field. This may not be what you want. If you want to have the current date as default, use `django.utils.timezone.now`
master.Vendor.date_modified: (fields.W161) Fixed default value provided.
	HINT: It seems you set a fixed date / time / datetime value as default for this field. This may not be what you want. If you want to have the current date as default, use `django.utils.timezone.now`
master.Visa.date_created: (fields.W161) Fixed default value provided.
	HINT: It seems you set a fixed date / time / datetime value as default for this field. This may not be what you want. If you want to have the current date as default, use `django.utils.timezone.now`
master.Visa.date_modified: (fields.W161) Fixed default value provided.
	HINT: It seems you set a fixed date / time / datetime value as default for this field. This may not be what you want. If you want to have the current date as default, use `django.utils.timezone.now`
master.Visa_Document_Checklist.date_created: (fields.W161) Fixed default value provided.
	HINT: It seems you set a fixed date / time / datetime value as default for this field. This may not be what you want. If you want to have the current date as default, use `django.utils.timezone.now`
master.Visa_Document_Checklist.date_modified: (fields.W161) Fixed default value provided.
	HINT: It seems you set a fixed date / time / datetime value as default for this field. This may not be what you want. If you want to have the current date as default, use `django.utils.timezone.now`
master.Visa_Purpose.date_created: (fields.W161) Fixed default value provided.
	HINT: It seems you set a fixed date / time / datetime value as default for this field. This may not be what you want. If you want to have the current date as default, use `django.utils.timezone.now`
master.Visa_Purpose.date_modified: (fields.W161) Fixed default value provided.
	HINT: It seems you set a fixed date / time / datetime value as default for this field. This may not be what you want. If you want to have the current date as default, use `django.utils.timezone.now`
travel.Travel_Request.date_created: (fields.W161) Fixed default value provided.
	HINT: It seems you set a fixed date / time / datetime value as default for this field. This may not be what you want. If you want to have the current date as default, use `django.utils.timezone.now`
travel.Travel_Request.date_modified: (fields.W161) Fixed default value provided.
	HINT: It seems you set a fixed date / time / datetime value as default for this field. This may not be what you want. If you want to have the current date as default, use `django.utils.timezone.now`
travel.Travel_Request_Dependent.date_created: (fields.W161) Fixed default value provided.
	HINT: It seems you set a fixed date / time / datetime value as default for this field. This may not be what you want. If you want to have the current date as default, use `django.utils.timezone.now`
travel.Travel_Request_Dependent.date_modified: (fields.W161) Fixed default value provided.
	HINT: It seems you set a fixed date / time / datetime value as default for this field. This may not be what you want. If you want to have the current date as default, use `django.utils.timezone.now`
travel.Travel_Request_Dependent_Draft.date_created: (fields.W161) Fixed default value provided.
	HINT: It seems you set a fixed date / time / datetime value as default for this field. This may not be what you want. If you want to have the current date as default, use `django.utils.timezone.now`
travel.Travel_Request_Dependent_Draft.date_modified: (fields.W161) Fixed default value provided.
	HINT: It seems you set a fixed date / time / datetime value as default for this field. This may not be what you want. If you want to have the current date as default, use `django.utils.timezone.now`
travel.Travel_Request_Details.date_created: (fields.W161) Fixed default value provided.
	HINT: It seems you set a fixed date / time / datetime value as default for this field. This may not be what you want. If you want to have the current date as default, use `django.utils.timezone.now`
travel.Travel_Request_Details.date_modified: (fields.W161) Fixed default value provided.
	HINT: It seems you set a fixed date / time / datetime value as default for this field. This may not be what you want. If you want to have the current date as default, use `django.utils.timezone.now`
travel.Travel_Request_Details_Draft.date_created: (fields.W161) Fixed default value provided.
	HINT: It seems you set a fixed date / time / datetime value as default for this field. This may not be what you want. If you want to have the current date as default, use `django.utils.timezone.now`
travel.Travel_Request_Details_Draft.date_modified: (fields.W161) Fixed default value provided.
	HINT: It seems you set a fixed date / time / datetime value as default for this field. This may not be what you want. If you want to have the current date as default, use `django.utils.timezone.now`
travel.Travel_Request_Draft.date_created: (fields.W161) Fixed default value provided.
	HINT: It seems you set a fixed date / time / datetime value as default for this field. This may not be what you want. If you want to have the current date as default, use `django.utils.timezone.now`
travel.Travel_Request_Draft.date_modified: (fields.W161) Fixed default value provided.
	HINT: It seems you set a fixed date / time / datetime value as default for this field. This may not be what you want. If you want to have the current date as default, use `django.utils.timezone.now`
visa.Visa_Request.date_created: (fields.W161) Fixed default value provided.
	HINT: It seems you set a fixed date / time / datetime value as default for this field. This may not be what you want. If you want to have the current date as default, use `django.utils.timezone.now`
visa.Visa_Request.date_modified: (fields.W161) Fixed default value provided.
	HINT: It seems you set a fixed date / time / datetime value as default for this field. This may not be what you want. If you want to have the current date as default, use `django.utils.timezone.now`
visa.Visa_Request_Document.date_created: (fields.W161) Fixed default value provided.
	HINT: It seems you set a fixed date / time / datetime value as default for this field. This may not be what you want. If you want to have the current date as default, use `django.utils.timezone.now`
visa.Visa_Request_Document.date_modified: (fields.W161) Fixed default value provided.
	HINT: It seems you set a fixed date / time / datetime value as default for this field. This may not be what you want. If you want to have the current date as default, use `django.utils.timezone.now`
visa.Visa_Request_Document_Draft.date_created: (fields.W161) Fixed default value provided.
	HINT: It seems you set a fixed date / time / datetime value as default for this field. This may not be what you want. If you want to have the current date as default, use `django.utils.timezone.now`
visa.Visa_Request_Document_Draft.date_modified: (fields.W161) Fixed default value provided.
	HINT: It seems you set a fixed date / time / datetime value as default for this field. This may not be what you want. If you want to have the current date as default, use `django.utils.timezone.now`
visa.Visa_Request_Draft.date_created: (fields.W161) Fixed default value provided.
	HINT: It seems you set a fixed date / time / datetime value as default for this field. This may not be what you want. If you want to have the current date as default, use `django.utils.timezone.now`
visa.Visa_Request_Draft.date_modified: (fields.W161) Fixed default value provided.
	HINT: It seems you set a fixed date / time / datetime value as default for this field. This may not be what you want. If you want to have the current date as default, use `django.utils.timezone.now`

System check identified 88 issues (0 silenced).
python3.5: can't open file 'myscript.py': [Errno 2] No such file or directory
