ERROR|30/Mar/2021 11:36:58|exception|2688|140540557113088|Invalid HTTP_HOST header: ''. The domain name provided is not valid according to RFC 1034/1035.
ERROR|30/Mar/2021 11:55:33|exception|2688|140540541642496|Invalid HTTP_HOST header: ''. The domain name provided is not valid according to RFC 1034/1035.
ERROR|30/Mar/2021 13:24:22|exception|2688|140540838655744|Invalid HTTP_HOST header: ''. The domain name provided is not valid according to RFC 1034/1035.
ERROR|30/Mar/2021 13:55:15|basehttp|2688|140540838655744|"GET /config/getuser?index=0 HTTP/1.1" 500 59
ERROR|30/Mar/2021 14:42:07|exception|2688|140540583606016|Invalid HTTP_HOST header: ''. The domain name provided is not valid according to RFC 1034/1035.
ERROR|30/Mar/2021 15:22:13|exception|2688|140540838655744|Invalid HTTP_HOST header: ''. The domain name provided is not valid according to RFC 1034/1035.
ERROR|30/Mar/2021 15:46:10|basehttp|2688|140540583606016|You're accessing the development server over HTTPS, but it only supports HTTP.

ERROR|30/Mar/2021 16:15:08|exception|2688|140540575213312|Invalid HTTP_HOST header: ''. The domain name provided is not valid according to RFC 1034/1035.
ERROR|30/Mar/2021 19:04:36|exception|2688|140540583606016|Invalid HTTP_HOST header: ''. The domain name provided is not valid according to RFC 1034/1035.
ERROR|30/Mar/2021 21:21:26|exception|2688|140540838655744|Invalid HTTP_HOST header: ''. The domain name provided is not valid according to RFC 1034/1035.
ERROR|30/Mar/2021 22:49:30|exception|2688|140540566820608|Invalid HTTP_HOST header: ''. The domain name provided is not valid according to RFC 1034/1035.
ERROR|30/Mar/2021 23:02:02|exception|2688|140540566820608|Invalid HTTP_HOST header: ''. The domain name provided is not valid according to RFC 1034/1035.
ERROR|30/Mar/2021 23:15:29|exception|2688|140540566820608|Invalid HTTP_HOST header: ''. The domain name provided is not valid according to RFC 1034/1035.
ERROR|31/Mar/2021 03:09:26|exception|2688|140540575213312|Invalid HTTP_HOST header: ''. The domain name provided is not valid according to RFC 1034/1035.
ERROR|31/Mar/2021 03:09:26|basehttp|2688|140540575213312|"GET /manager/html HTTP/1.1" 500 59
ERROR|31/Mar/2021 04:24:03|exception|2688|140540575213312|Invalid HTTP_HOST header: ''. The domain name provided is not valid according to RFC 1034/1035.
ERROR|31/Mar/2021 04:58:07|basehttp|2688|140540575213312|"GET /config/getuser?index=0 HTTP/1.1" 500 59
ERROR|31/Mar/2021 05:46:14|exception|2688|140540575213312|Invalid HTTP_HOST header: ''. The domain name provided is not valid according to RFC 1034/1035.
ERROR|31/Mar/2021 06:39:26|log|2688|140540575213312|Internal Server Error: /users
Traceback (most recent call last):
  File "/home/mobilitysqr/.local/lib/python3.6/site-packages/django/core/handlers/exception.py", line 34, in inner
    response = get_response(request)
  File "/home/mobilitysqr/.local/lib/python3.6/site-packages/django/utils/deprecation.py", line 90, in __call__
    response = self.process_request(request)
  File "/home/mobilitysqr/.local/lib/python3.6/site-packages/django/middleware/common.py", line 53, in process_request
    path = self.get_full_path_with_slash(request)
  File "/home/mobilitysqr/.local/lib/python3.6/site-packages/django/middleware/common.py", line 93, in get_full_path_with_slash
    'url': request.get_host() + new_path,
RuntimeError: You called this URL via POST, but the URL doesn't end in a slash and you have APPEND_SLASH set. Django can't redirect to the slash URL while maintaining POST data. Change your form to point to 52.165.220.40:8080/users/?page=&size=5 (note the trailing slash), or set APPEND_SLASH=False in your Django settings.
ERROR|31/Mar/2021 06:39:26|basehttp|2688|140540575213312|"POST /users?page=&size=5 HTTP/1.1" 500 65392
ERROR|31/Mar/2021 09:34:23|exception|2688|140540550035200|Invalid HTTP_HOST header: ''. The domain name provided is not valid according to RFC 1034/1035.
ERROR|31/Mar/2021 10:52:17|exception|2688|140540550035200|Invalid HTTP_HOST header: ''. The domain name provided is not valid according to RFC 1034/1035.
