ERROR|31/May/2021 18:10:59|log|2415038|140690537772800|Internal Server Error: /get_post_suffix/
Traceback (most recent call last):
  File "/var/www/html/mobilitysqr_api/mobilitysqr_preprod_virtualenv/lib64/python3.6/site-packages/django/core/handlers/exception.py", line 34, in inner
    response = get_response(request)
  File "/var/www/html/mobilitysqr_api/mobilitysqr_preprod_virtualenv/lib64/python3.6/site-packages/django/core/handlers/base.py", line 126, in _get_response
    response = self.process_exception_by_middleware(e, request)
  File "/var/www/html/mobilitysqr_api/mobilitysqr_preprod_virtualenv/lib64/python3.6/site-packages/django/core/handlers/base.py", line 124, in _get_response
    response = wrapped_callback(request, *callback_args, **callback_kwargs)
  File "/var/www/html/mobilitysqr_api/mobilitysqr_preprod_virtualenv/lib64/python3.6/site-packages/django/views/decorators/csrf.py", line 54, in wrapped_view
    return view_func(*args, **kwargs)
  File "/var/www/html/mobilitysqr_api/mobilitysqr_preprod_virtualenv/lib64/python3.6/site-packages/django/views/generic/base.py", line 68, in view
    return self.dispatch(request, *args, **kwargs)
  File "/var/www/html/mobilitysqr_api/mobilitysqr_preprod_virtualenv/lib64/python3.6/site-packages/rest_framework/views.py", line 495, in dispatch
    response = self.handle_exception(exc)
  File "/var/www/html/mobilitysqr_api/mobilitysqr_preprod_virtualenv/lib64/python3.6/site-packages/rest_framework/views.py", line 455, in handle_exception
    self.raise_uncaught_exception(exc)
  File "/var/www/html/mobilitysqr_api/mobilitysqr_preprod_virtualenv/lib64/python3.6/site-packages/rest_framework/views.py", line 492, in dispatch
    response = handler(request, *args, **kwargs)
  File "/var/www/html/mobilitysqr_api/mobilitysqr_preprod_virtualenv/mobilitysqr_staging/mobility_apps/master/views/dropdown.py", line 370, in post
    dict = {"status": True, "message": 'Successfully inserted', "data": serializer.data}
UnboundLocalError: local variable 'serializer' referenced before assignment
ERROR|31/May/2021 18:10:59|basehttp|2415038|140690537772800|"POST /get_post_suffix/ HTTP/1.1" 500 18767
ERROR|31/May/2021 18:17:01|basehttp|2415383|140684863227648|"GET /favicon.ico HTTP/1.1" 500 59
ERROR|31/May/2021 18:29:08|log|2416915|140245964084992|Internal Server Error: /get_post_salutation/
Traceback (most recent call last):
  File "/var/www/html/mobilitysqr_api/mobilitysqr_preprod_virtualenv/lib64/python3.6/site-packages/django/core/handlers/exception.py", line 34, in inner
    response = get_response(request)
  File "/var/www/html/mobilitysqr_api/mobilitysqr_preprod_virtualenv/lib64/python3.6/site-packages/django/core/handlers/base.py", line 126, in _get_response
    response = self.process_exception_by_middleware(e, request)
  File "/var/www/html/mobilitysqr_api/mobilitysqr_preprod_virtualenv/lib64/python3.6/site-packages/django/core/handlers/base.py", line 124, in _get_response
    response = wrapped_callback(request, *callback_args, **callback_kwargs)
  File "/var/www/html/mobilitysqr_api/mobilitysqr_preprod_virtualenv/lib64/python3.6/site-packages/django/views/decorators/csrf.py", line 54, in wrapped_view
    return view_func(*args, **kwargs)
  File "/var/www/html/mobilitysqr_api/mobilitysqr_preprod_virtualenv/lib64/python3.6/site-packages/django/views/generic/base.py", line 68, in view
    return self.dispatch(request, *args, **kwargs)
  File "/var/www/html/mobilitysqr_api/mobilitysqr_preprod_virtualenv/lib64/python3.6/site-packages/rest_framework/views.py", line 495, in dispatch
    response = self.handle_exception(exc)
  File "/var/www/html/mobilitysqr_api/mobilitysqr_preprod_virtualenv/lib64/python3.6/site-packages/rest_framework/views.py", line 455, in handle_exception
    self.raise_uncaught_exception(exc)
  File "/var/www/html/mobilitysqr_api/mobilitysqr_preprod_virtualenv/lib64/python3.6/site-packages/rest_framework/views.py", line 492, in dispatch
    response = handler(request, *args, **kwargs)
  File "/var/www/html/mobilitysqr_api/mobilitysqr_preprod_virtualenv/mobilitysqr_staging/mobility_apps/master/views/dropdown.py", line 196, in get
    paginate_queryset = self.paginate_queryset(employee)
NameError: name 'employee' is not defined
ERROR|31/May/2021 18:29:08|basehttp|2416915|140245964084992|"GET /get_post_salutation/ HTTP/1.1" 500 18669
ERROR|31/May/2021 18:30:13|log|2416915|140245973526272|Internal Server Error: /get_post_salutation/
Traceback (most recent call last):
  File "/var/www/html/mobilitysqr_api/mobilitysqr_preprod_virtualenv/lib64/python3.6/site-packages/django/core/handlers/exception.py", line 34, in inner
    response = get_response(request)
  File "/var/www/html/mobilitysqr_api/mobilitysqr_preprod_virtualenv/lib64/python3.6/site-packages/django/core/handlers/base.py", line 126, in _get_response
    response = self.process_exception_by_middleware(e, request)
  File "/var/www/html/mobilitysqr_api/mobilitysqr_preprod_virtualenv/lib64/python3.6/site-packages/django/core/handlers/base.py", line 124, in _get_response
    response = wrapped_callback(request, *callback_args, **callback_kwargs)
  File "/var/www/html/mobilitysqr_api/mobilitysqr_preprod_virtualenv/lib64/python3.6/site-packages/django/views/decorators/csrf.py", line 54, in wrapped_view
    return view_func(*args, **kwargs)
  File "/var/www/html/mobilitysqr_api/mobilitysqr_preprod_virtualenv/lib64/python3.6/site-packages/django/views/generic/base.py", line 68, in view
    return self.dispatch(request, *args, **kwargs)
  File "/var/www/html/mobilitysqr_api/mobilitysqr_preprod_virtualenv/lib64/python3.6/site-packages/rest_framework/views.py", line 495, in dispatch
    response = self.handle_exception(exc)
  File "/var/www/html/mobilitysqr_api/mobilitysqr_preprod_virtualenv/lib64/python3.6/site-packages/rest_framework/views.py", line 455, in handle_exception
    self.raise_uncaught_exception(exc)
  File "/var/www/html/mobilitysqr_api/mobilitysqr_preprod_virtualenv/lib64/python3.6/site-packages/rest_framework/views.py", line 492, in dispatch
    response = handler(request, *args, **kwargs)
  File "/var/www/html/mobilitysqr_api/mobilitysqr_preprod_virtualenv/mobilitysqr_staging/mobility_apps/master/views/dropdown.py", line 196, in get
    paginate_queryset = self.paginate_queryset(employee)
NameError: name 'employee' is not defined
ERROR|31/May/2021 18:30:13|basehttp|2416915|140245973526272|"GET /get_post_salutation/ HTTP/1.1" 500 18669
ERROR|31/May/2021 18:31:57|log|2416915|140245953332992|Internal Server Error: /get_post_salutation/
Traceback (most recent call last):
  File "/var/www/html/mobilitysqr_api/mobilitysqr_preprod_virtualenv/lib64/python3.6/site-packages/django/core/handlers/exception.py", line 34, in inner
    response = get_response(request)
  File "/var/www/html/mobilitysqr_api/mobilitysqr_preprod_virtualenv/lib64/python3.6/site-packages/django/core/handlers/base.py", line 126, in _get_response
    response = self.process_exception_by_middleware(e, request)
  File "/var/www/html/mobilitysqr_api/mobilitysqr_preprod_virtualenv/lib64/python3.6/site-packages/django/core/handlers/base.py", line 124, in _get_response
    response = wrapped_callback(request, *callback_args, **callback_kwargs)
  File "/var/www/html/mobilitysqr_api/mobilitysqr_preprod_virtualenv/lib64/python3.6/site-packages/django/views/decorators/csrf.py", line 54, in wrapped_view
    return view_func(*args, **kwargs)
  File "/var/www/html/mobilitysqr_api/mobilitysqr_preprod_virtualenv/lib64/python3.6/site-packages/django/views/generic/base.py", line 68, in view
    return self.dispatch(request, *args, **kwargs)
  File "/var/www/html/mobilitysqr_api/mobilitysqr_preprod_virtualenv/lib64/python3.6/site-packages/rest_framework/views.py", line 495, in dispatch
    response = self.handle_exception(exc)
  File "/var/www/html/mobilitysqr_api/mobilitysqr_preprod_virtualenv/lib64/python3.6/site-packages/rest_framework/views.py", line 455, in handle_exception
    self.raise_uncaught_exception(exc)
  File "/var/www/html/mobilitysqr_api/mobilitysqr_preprod_virtualenv/lib64/python3.6/site-packages/rest_framework/views.py", line 492, in dispatch
    response = handler(request, *args, **kwargs)
  File "/var/www/html/mobilitysqr_api/mobilitysqr_preprod_virtualenv/mobilitysqr_staging/mobility_apps/master/views/dropdown.py", line 196, in get
    paginate_queryset = self.paginate_queryset(employee)
NameError: name 'employee' is not defined
ERROR|31/May/2021 18:31:57|basehttp|2416915|140245953332992|"GET /get_post_salutation/ HTTP/1.1" 500 18669
ERROR|31/May/2021 19:17:10|log|2416915|140245981918976|Internal Server Error: /get_post_salutation/
Traceback (most recent call last):
  File "/var/www/html/mobilitysqr_api/mobilitysqr_preprod_virtualenv/lib64/python3.6/site-packages/django/core/handlers/exception.py", line 34, in inner
    response = get_response(request)
  File "/var/www/html/mobilitysqr_api/mobilitysqr_preprod_virtualenv/lib64/python3.6/site-packages/django/core/handlers/base.py", line 126, in _get_response
    response = self.process_exception_by_middleware(e, request)
  File "/var/www/html/mobilitysqr_api/mobilitysqr_preprod_virtualenv/lib64/python3.6/site-packages/django/core/handlers/base.py", line 124, in _get_response
    response = wrapped_callback(request, *callback_args, **callback_kwargs)
  File "/var/www/html/mobilitysqr_api/mobilitysqr_preprod_virtualenv/lib64/python3.6/site-packages/django/views/decorators/csrf.py", line 54, in wrapped_view
    return view_func(*args, **kwargs)
  File "/var/www/html/mobilitysqr_api/mobilitysqr_preprod_virtualenv/lib64/python3.6/site-packages/django/views/generic/base.py", line 68, in view
    return self.dispatch(request, *args, **kwargs)
  File "/var/www/html/mobilitysqr_api/mobilitysqr_preprod_virtualenv/lib64/python3.6/site-packages/rest_framework/views.py", line 495, in dispatch
    response = self.handle_exception(exc)
  File "/var/www/html/mobilitysqr_api/mobilitysqr_preprod_virtualenv/lib64/python3.6/site-packages/rest_framework/views.py", line 455, in handle_exception
    self.raise_uncaught_exception(exc)
  File "/var/www/html/mobilitysqr_api/mobilitysqr_preprod_virtualenv/lib64/python3.6/site-packages/rest_framework/views.py", line 492, in dispatch
    response = handler(request, *args, **kwargs)
  File "/var/www/html/mobilitysqr_api/mobilitysqr_preprod_virtualenv/mobilitysqr_staging/mobility_apps/master/views/dropdown.py", line 196, in get
    paginate_queryset = self.paginate_queryset(employee)
NameError: name 'employee' is not defined
ERROR|31/May/2021 19:17:10|basehttp|2416915|140245981918976|"GET /get_post_salutation/ HTTP/1.1" 500 18670
ERROR|31/May/2021 20:44:21|log|2416915|140245928421120|Internal Server Error: /get_post_salutation/
Traceback (most recent call last):
  File "/var/www/html/mobilitysqr_api/mobilitysqr_preprod_virtualenv/lib64/python3.6/site-packages/django/core/handlers/exception.py", line 34, in inner
    response = get_response(request)
  File "/var/www/html/mobilitysqr_api/mobilitysqr_preprod_virtualenv/lib64/python3.6/site-packages/django/core/handlers/base.py", line 126, in _get_response
    response = self.process_exception_by_middleware(e, request)
  File "/var/www/html/mobilitysqr_api/mobilitysqr_preprod_virtualenv/lib64/python3.6/site-packages/django/core/handlers/base.py", line 124, in _get_response
    response = wrapped_callback(request, *callback_args, **callback_kwargs)
  File "/var/www/html/mobilitysqr_api/mobilitysqr_preprod_virtualenv/lib64/python3.6/site-packages/django/views/decorators/csrf.py", line 54, in wrapped_view
    return view_func(*args, **kwargs)
  File "/var/www/html/mobilitysqr_api/mobilitysqr_preprod_virtualenv/lib64/python3.6/site-packages/django/views/generic/base.py", line 68, in view
    return self.dispatch(request, *args, **kwargs)
  File "/var/www/html/mobilitysqr_api/mobilitysqr_preprod_virtualenv/lib64/python3.6/site-packages/rest_framework/views.py", line 495, in dispatch
    response = self.handle_exception(exc)
  File "/var/www/html/mobilitysqr_api/mobilitysqr_preprod_virtualenv/lib64/python3.6/site-packages/rest_framework/views.py", line 455, in handle_exception
    self.raise_uncaught_exception(exc)
  File "/var/www/html/mobilitysqr_api/mobilitysqr_preprod_virtualenv/lib64/python3.6/site-packages/rest_framework/views.py", line 492, in dispatch
    response = handler(request, *args, **kwargs)
  File "/var/www/html/mobilitysqr_api/mobilitysqr_preprod_virtualenv/mobilitysqr_staging/mobility_apps/master/views/dropdown.py", line 196, in get
    paginate_queryset = self.paginate_queryset(employee)
NameError: name 'employee' is not defined
ERROR|31/May/2021 20:44:21|basehttp|2416915|140245928421120|"GET /get_post_salutation/ HTTP/1.1" 500 18671
ERROR|31/May/2021 20:44:28|log|2416915|140245964084992|Internal Server Error: /get_post_salutation/
Traceback (most recent call last):
  File "/var/www/html/mobilitysqr_api/mobilitysqr_preprod_virtualenv/lib64/python3.6/site-packages/django/core/handlers/exception.py", line 34, in inner
    response = get_response(request)
  File "/var/www/html/mobilitysqr_api/mobilitysqr_preprod_virtualenv/lib64/python3.6/site-packages/django/core/handlers/base.py", line 126, in _get_response
    response = self.process_exception_by_middleware(e, request)
  File "/var/www/html/mobilitysqr_api/mobilitysqr_preprod_virtualenv/lib64/python3.6/site-packages/django/core/handlers/base.py", line 124, in _get_response
    response = wrapped_callback(request, *callback_args, **callback_kwargs)
  File "/var/www/html/mobilitysqr_api/mobilitysqr_preprod_virtualenv/lib64/python3.6/site-packages/django/views/decorators/csrf.py", line 54, in wrapped_view
    return view_func(*args, **kwargs)
  File "/var/www/html/mobilitysqr_api/mobilitysqr_preprod_virtualenv/lib64/python3.6/site-packages/django/views/generic/base.py", line 68, in view
    return self.dispatch(request, *args, **kwargs)
  File "/var/www/html/mobilitysqr_api/mobilitysqr_preprod_virtualenv/lib64/python3.6/site-packages/rest_framework/views.py", line 495, in dispatch
    response = self.handle_exception(exc)
  File "/var/www/html/mobilitysqr_api/mobilitysqr_preprod_virtualenv/lib64/python3.6/site-packages/rest_framework/views.py", line 455, in handle_exception
    self.raise_uncaught_exception(exc)
  File "/var/www/html/mobilitysqr_api/mobilitysqr_preprod_virtualenv/lib64/python3.6/site-packages/rest_framework/views.py", line 492, in dispatch
    response = handler(request, *args, **kwargs)
  File "/var/www/html/mobilitysqr_api/mobilitysqr_preprod_virtualenv/mobilitysqr_staging/mobility_apps/master/views/dropdown.py", line 196, in get
    paginate_queryset = self.paginate_queryset(employee)
NameError: name 'employee' is not defined
ERROR|31/May/2021 20:44:28|basehttp|2416915|140245964084992|"GET /get_post_salutation/ HTTP/1.1" 500 18670
ERROR|01/Jun/2021 00:10:20|log|2416915|140245973526272|Internal Server Error: /get_post_salutation/
Traceback (most recent call last):
  File "/var/www/html/mobilitysqr_api/mobilitysqr_preprod_virtualenv/lib64/python3.6/site-packages/django/core/handlers/exception.py", line 34, in inner
    response = get_response(request)
  File "/var/www/html/mobilitysqr_api/mobilitysqr_preprod_virtualenv/lib64/python3.6/site-packages/django/core/handlers/base.py", line 126, in _get_response
    response = self.process_exception_by_middleware(e, request)
  File "/var/www/html/mobilitysqr_api/mobilitysqr_preprod_virtualenv/lib64/python3.6/site-packages/django/core/handlers/base.py", line 124, in _get_response
    response = wrapped_callback(request, *callback_args, **callback_kwargs)
  File "/var/www/html/mobilitysqr_api/mobilitysqr_preprod_virtualenv/lib64/python3.6/site-packages/django/views/decorators/csrf.py", line 54, in wrapped_view
    return view_func(*args, **kwargs)
  File "/var/www/html/mobilitysqr_api/mobilitysqr_preprod_virtualenv/lib64/python3.6/site-packages/django/views/generic/base.py", line 68, in view
    return self.dispatch(request, *args, **kwargs)
  File "/var/www/html/mobilitysqr_api/mobilitysqr_preprod_virtualenv/lib64/python3.6/site-packages/rest_framework/views.py", line 495, in dispatch
    response = self.handle_exception(exc)
  File "/var/www/html/mobilitysqr_api/mobilitysqr_preprod_virtualenv/lib64/python3.6/site-packages/rest_framework/views.py", line 455, in handle_exception
    self.raise_uncaught_exception(exc)
  File "/var/www/html/mobilitysqr_api/mobilitysqr_preprod_virtualenv/lib64/python3.6/site-packages/rest_framework/views.py", line 492, in dispatch
    response = handler(request, *args, **kwargs)
  File "/var/www/html/mobilitysqr_api/mobilitysqr_preprod_virtualenv/mobilitysqr_staging/mobility_apps/master/views/dropdown.py", line 196, in get
    paginate_queryset = self.paginate_queryset(employee)
NameError: name 'employee' is not defined
ERROR|01/Jun/2021 00:10:20|basehttp|2416915|140245973526272|"GET /get_post_salutation/ HTTP/1.1" 500 92031
