ERROR|01/Mar/2021 11:08:16|log|6984|140126404081408|Internal Server Error: /Otp_Generate/
Traceback (most recent call last):
  File "/media/tspl26/D/raju_python/mobility_env/lib/python3.7/site-packages/django/core/handlers/exception.py", line 34, in inner
    response = get_response(request)
  File "/media/tspl26/D/raju_python/mobility_env/lib/python3.7/site-packages/django/core/handlers/base.py", line 126, in _get_response
    response = self.process_exception_by_middleware(e, request)
  File "/media/tspl26/D/raju_python/mobility_env/lib/python3.7/site-packages/django/core/handlers/base.py", line 124, in _get_response
    response = wrapped_callback(request, *callback_args, **callback_kwargs)
  File "/media/tspl26/D/raju_python/mobility_env/lib/python3.7/site-packages/django/views/decorators/csrf.py", line 54, in wrapped_view
    return view_func(*args, **kwargs)
  File "/media/tspl26/D/raju_python/mobility_env/lib/python3.7/site-packages/django/views/generic/base.py", line 68, in view
    return self.dispatch(request, *args, **kwargs)
  File "/media/tspl26/D/raju_python/mobility_env/lib/python3.7/site-packages/rest_framework/views.py", line 509, in dispatch
    response = self.handle_exception(exc)
  File "/media/tspl26/D/raju_python/mobility_env/lib/python3.7/site-packages/rest_framework/views.py", line 469, in handle_exception
    self.raise_uncaught_exception(exc)
  File "/media/tspl26/D/raju_python/mobility_env/lib/python3.7/site-packages/rest_framework/views.py", line 480, in raise_uncaught_exception
    raise exc
  File "/media/tspl26/D/raju_python/mobility_env/lib/python3.7/site-packages/rest_framework/views.py", line 506, in dispatch
    response = handler(request, *args, **kwargs)
  File "/media/tspl26/D/raju_python/mobility_env/mobilitysqr_live/mobility_apps/employee/views.py", line 1865, in post
    'email': self.employee_name(email=email[0]['email'])
  File "/media/tspl26/D/raju_python/mobility_env/lib/python3.7/site-packages/django/db/models/query.py", line 303, in __getitem__
    return qs._result_cache[0]
IndexError: list index out of range
ERROR|01/Mar/2021 11:08:16|basehttp|6984|140126404081408|"POST /Otp_Generate/ HTTP/1.1" 500 19546
ERROR|01/Mar/2021 12:32:54|log|12642|139945252173568|Internal Server Error: /api/custom/login/
Traceback (most recent call last):
  File "/media/tspl26/D/raju_python/mobility_env/lib/python3.7/site-packages/django/core/handlers/exception.py", line 34, in inner
    response = get_response(request)
  File "/media/tspl26/D/raju_python/mobility_env/lib/python3.7/site-packages/django/core/handlers/base.py", line 126, in _get_response
    response = self.process_exception_by_middleware(e, request)
  File "/media/tspl26/D/raju_python/mobility_env/lib/python3.7/site-packages/django/core/handlers/base.py", line 124, in _get_response
    response = wrapped_callback(request, *callback_args, **callback_kwargs)
  File "/media/tspl26/D/raju_python/mobility_env/lib/python3.7/site-packages/django/views/decorators/csrf.py", line 54, in wrapped_view
    return view_func(*args, **kwargs)
  File "/media/tspl26/D/raju_python/mobility_env/lib/python3.7/site-packages/django/views/generic/base.py", line 68, in view
    return self.dispatch(request, *args, **kwargs)
  File "/media/tspl26/D/raju_python/mobility_env/lib/python3.7/site-packages/rest_framework/views.py", line 509, in dispatch
    response = self.handle_exception(exc)
  File "/media/tspl26/D/raju_python/mobility_env/lib/python3.7/site-packages/rest_framework/views.py", line 469, in handle_exception
    self.raise_uncaught_exception(exc)
  File "/media/tspl26/D/raju_python/mobility_env/lib/python3.7/site-packages/rest_framework/views.py", line 480, in raise_uncaught_exception
    raise exc
  File "/media/tspl26/D/raju_python/mobility_env/lib/python3.7/site-packages/rest_framework/views.py", line 506, in dispatch
    response = handler(request, *args, **kwargs)
  File "/media/tspl26/D/raju_python/mobility_env/lib/python3.7/site-packages/rest_framework/generics.py", line 239, in get
    return self.list(request, *args, **kwargs)
  File "/media/tspl26/D/raju_python/mobility_env/lib/python3.7/site-packages/rest_framework/mixins.py", line 38, in list
    queryset = self.filter_queryset(self.get_queryset())
  File "/media/tspl26/D/raju_python/mobility_env/lib/python3.7/site-packages/rest_framework/generics.py", line 66, in get_queryset
    % self.__class__.__name__
AssertionError: 'jwt_custom_login' should either include a `queryset` attribute, or override the `get_queryset()` method.
ERROR|01/Mar/2021 12:32:54|basehttp|12642|139945252173568|"GET /api/custom/login/ HTTP/1.1" 500 19597
ERROR|01/Mar/2021 12:32:59|log|12642|139945252173568|Internal Server Error: /api/custom/login/
Traceback (most recent call last):
  File "/media/tspl26/D/raju_python/mobility_env/lib/python3.7/site-packages/django/core/handlers/exception.py", line 34, in inner
    response = get_response(request)
  File "/media/tspl26/D/raju_python/mobility_env/lib/python3.7/site-packages/django/core/handlers/base.py", line 126, in _get_response
    response = self.process_exception_by_middleware(e, request)
  File "/media/tspl26/D/raju_python/mobility_env/lib/python3.7/site-packages/django/core/handlers/base.py", line 124, in _get_response
    response = wrapped_callback(request, *callback_args, **callback_kwargs)
  File "/media/tspl26/D/raju_python/mobility_env/lib/python3.7/site-packages/django/views/decorators/csrf.py", line 54, in wrapped_view
    return view_func(*args, **kwargs)
  File "/media/tspl26/D/raju_python/mobility_env/lib/python3.7/site-packages/django/views/generic/base.py", line 68, in view
    return self.dispatch(request, *args, **kwargs)
  File "/media/tspl26/D/raju_python/mobility_env/lib/python3.7/site-packages/rest_framework/views.py", line 509, in dispatch
    response = self.handle_exception(exc)
  File "/media/tspl26/D/raju_python/mobility_env/lib/python3.7/site-packages/rest_framework/views.py", line 469, in handle_exception
    self.raise_uncaught_exception(exc)
  File "/media/tspl26/D/raju_python/mobility_env/lib/python3.7/site-packages/rest_framework/views.py", line 480, in raise_uncaught_exception
    raise exc
  File "/media/tspl26/D/raju_python/mobility_env/lib/python3.7/site-packages/rest_framework/views.py", line 506, in dispatch
    response = handler(request, *args, **kwargs)
  File "/media/tspl26/D/raju_python/mobility_env/mobilitysqr_live/mobility_apps/employee/views.py", line 1999, in post
    user_pass = User.object.filter(username=username).values('password')
AttributeError: type object 'User' has no attribute 'object'
ERROR|01/Mar/2021 12:32:59|basehttp|12642|139945252173568|"POST /api/custom/login/ HTTP/1.1" 500 19162
ERROR|01/Mar/2021 12:33:45|log|12695|140468676151040|Internal Server Error: /api/custom/login/
Traceback (most recent call last):
  File "/media/tspl26/D/raju_python/mobility_env/lib/python3.7/site-packages/django/core/handlers/exception.py", line 34, in inner
    response = get_response(request)
  File "/media/tspl26/D/raju_python/mobility_env/lib/python3.7/site-packages/django/core/handlers/base.py", line 126, in _get_response
    response = self.process_exception_by_middleware(e, request)
  File "/media/tspl26/D/raju_python/mobility_env/lib/python3.7/site-packages/django/core/handlers/base.py", line 124, in _get_response
    response = wrapped_callback(request, *callback_args, **callback_kwargs)
  File "/media/tspl26/D/raju_python/mobility_env/lib/python3.7/site-packages/django/views/decorators/csrf.py", line 54, in wrapped_view
    return view_func(*args, **kwargs)
  File "/media/tspl26/D/raju_python/mobility_env/lib/python3.7/site-packages/django/views/generic/base.py", line 68, in view
    return self.dispatch(request, *args, **kwargs)
  File "/media/tspl26/D/raju_python/mobility_env/lib/python3.7/site-packages/rest_framework/views.py", line 509, in dispatch
    response = self.handle_exception(exc)
  File "/media/tspl26/D/raju_python/mobility_env/lib/python3.7/site-packages/rest_framework/views.py", line 469, in handle_exception
    self.raise_uncaught_exception(exc)
  File "/media/tspl26/D/raju_python/mobility_env/lib/python3.7/site-packages/rest_framework/views.py", line 480, in raise_uncaught_exception
    raise exc
  File "/media/tspl26/D/raju_python/mobility_env/lib/python3.7/site-packages/rest_framework/views.py", line 506, in dispatch
    response = handler(request, *args, **kwargs)
  File "/media/tspl26/D/raju_python/mobility_env/mobilitysqr_live/mobility_apps/employee/views.py", line 2001, in post
    user_data = check_password(password, user_pass)
  File "/media/tspl26/D/raju_python/mobility_env/lib/python3.7/site-packages/django/contrib/auth/hashers.py", line 39, in check_password
    if password is None or not is_password_usable(encoded):
  File "/media/tspl26/D/raju_python/mobility_env/lib/python3.7/site-packages/django/contrib/auth/hashers.py", line 28, in is_password_usable
    return encoded is None or not encoded.startswith(UNUSABLE_PASSWORD_PREFIX)
AttributeError: 'QuerySet' object has no attribute 'startswith'
ERROR|01/Mar/2021 12:33:45|basehttp|12695|140468676151040|"POST /api/custom/login/ HTTP/1.1" 500 19558
ERROR|01/Mar/2021 12:38:53|log|13375|140305442232064|Internal Server Error: /api/custom/login/
Traceback (most recent call last):
  File "/media/tspl26/D/raju_python/mobility_env/lib/python3.7/site-packages/django/core/handlers/exception.py", line 34, in inner
    response = get_response(request)
  File "/media/tspl26/D/raju_python/mobility_env/lib/python3.7/site-packages/django/core/handlers/base.py", line 126, in _get_response
    response = self.process_exception_by_middleware(e, request)
  File "/media/tspl26/D/raju_python/mobility_env/lib/python3.7/site-packages/django/core/handlers/base.py", line 124, in _get_response
    response = wrapped_callback(request, *callback_args, **callback_kwargs)
  File "/media/tspl26/D/raju_python/mobility_env/lib/python3.7/site-packages/django/views/decorators/csrf.py", line 54, in wrapped_view
    return view_func(*args, **kwargs)
  File "/media/tspl26/D/raju_python/mobility_env/lib/python3.7/site-packages/django/views/generic/base.py", line 68, in view
    return self.dispatch(request, *args, **kwargs)
  File "/media/tspl26/D/raju_python/mobility_env/lib/python3.7/site-packages/rest_framework/views.py", line 509, in dispatch
    response = self.handle_exception(exc)
  File "/media/tspl26/D/raju_python/mobility_env/lib/python3.7/site-packages/rest_framework/views.py", line 469, in handle_exception
    self.raise_uncaught_exception(exc)
  File "/media/tspl26/D/raju_python/mobility_env/lib/python3.7/site-packages/rest_framework/views.py", line 480, in raise_uncaught_exception
    raise exc
  File "/media/tspl26/D/raju_python/mobility_env/lib/python3.7/site-packages/rest_framework/views.py", line 506, in dispatch
    response = handler(request, *args, **kwargs)
  File "/media/tspl26/D/raju_python/mobility_env/mobilitysqr_live/mobility_apps/employee/views.py", line 2002, in post
    user_data = check_password(password, user_pass)
  File "/media/tspl26/D/raju_python/mobility_env/lib/python3.7/site-packages/django/contrib/auth/hashers.py", line 39, in check_password
    if password is None or not is_password_usable(encoded):
  File "/media/tspl26/D/raju_python/mobility_env/lib/python3.7/site-packages/django/contrib/auth/hashers.py", line 28, in is_password_usable
    return encoded is None or not encoded.startswith(UNUSABLE_PASSWORD_PREFIX)
AttributeError: 'QuerySet' object has no attribute 'startswith'
ERROR|01/Mar/2021 12:38:53|basehttp|13375|140305442232064|"POST /api/custom/login/ HTTP/1.1" 500 19558
ERROR|01/Mar/2021 12:39:39|log|13470|140483935024896|Internal Server Error: /api/custom/login/
Traceback (most recent call last):
  File "/media/tspl26/D/raju_python/mobility_env/lib/python3.7/site-packages/django/core/handlers/exception.py", line 34, in inner
    response = get_response(request)
  File "/media/tspl26/D/raju_python/mobility_env/lib/python3.7/site-packages/django/core/handlers/base.py", line 126, in _get_response
    response = self.process_exception_by_middleware(e, request)
  File "/media/tspl26/D/raju_python/mobility_env/lib/python3.7/site-packages/django/core/handlers/base.py", line 124, in _get_response
    response = wrapped_callback(request, *callback_args, **callback_kwargs)
  File "/media/tspl26/D/raju_python/mobility_env/lib/python3.7/site-packages/django/views/decorators/csrf.py", line 54, in wrapped_view
    return view_func(*args, **kwargs)
  File "/media/tspl26/D/raju_python/mobility_env/lib/python3.7/site-packages/django/views/generic/base.py", line 68, in view
    return self.dispatch(request, *args, **kwargs)
  File "/media/tspl26/D/raju_python/mobility_env/lib/python3.7/site-packages/rest_framework/views.py", line 509, in dispatch
    response = self.handle_exception(exc)
  File "/media/tspl26/D/raju_python/mobility_env/lib/python3.7/site-packages/rest_framework/views.py", line 469, in handle_exception
    self.raise_uncaught_exception(exc)
  File "/media/tspl26/D/raju_python/mobility_env/lib/python3.7/site-packages/rest_framework/views.py", line 480, in raise_uncaught_exception
    raise exc
  File "/media/tspl26/D/raju_python/mobility_env/lib/python3.7/site-packages/rest_framework/views.py", line 506, in dispatch
    response = handler(request, *args, **kwargs)
  File "/media/tspl26/D/raju_python/mobility_env/mobilitysqr_live/mobility_apps/employee/views.py", line 2001, in post
    print(user_pass.password)
AttributeError: 'QuerySet' object has no attribute 'password'
ERROR|01/Mar/2021 12:39:39|basehttp|13470|140483935024896|"POST /api/custom/login/ HTTP/1.1" 500 19125
ERROR|01/Mar/2021 12:40:33|log|13508|139845166950144|Internal Server Error: /api/custom/login/
Traceback (most recent call last):
  File "/media/tspl26/D/raju_python/mobility_env/lib/python3.7/site-packages/django/core/handlers/exception.py", line 34, in inner
    response = get_response(request)
  File "/media/tspl26/D/raju_python/mobility_env/lib/python3.7/site-packages/django/core/handlers/base.py", line 126, in _get_response
    response = self.process_exception_by_middleware(e, request)
  File "/media/tspl26/D/raju_python/mobility_env/lib/python3.7/site-packages/django/core/handlers/base.py", line 124, in _get_response
    response = wrapped_callback(request, *callback_args, **callback_kwargs)
  File "/media/tspl26/D/raju_python/mobility_env/lib/python3.7/site-packages/django/views/decorators/csrf.py", line 54, in wrapped_view
    return view_func(*args, **kwargs)
  File "/media/tspl26/D/raju_python/mobility_env/lib/python3.7/site-packages/django/views/generic/base.py", line 68, in view
    return self.dispatch(request, *args, **kwargs)
  File "/media/tspl26/D/raju_python/mobility_env/lib/python3.7/site-packages/rest_framework/views.py", line 509, in dispatch
    response = self.handle_exception(exc)
  File "/media/tspl26/D/raju_python/mobility_env/lib/python3.7/site-packages/rest_framework/views.py", line 469, in handle_exception
    self.raise_uncaught_exception(exc)
  File "/media/tspl26/D/raju_python/mobility_env/lib/python3.7/site-packages/rest_framework/views.py", line 480, in raise_uncaught_exception
    raise exc
  File "/media/tspl26/D/raju_python/mobility_env/lib/python3.7/site-packages/rest_framework/views.py", line 506, in dispatch
    response = handler(request, *args, **kwargs)
  File "/media/tspl26/D/raju_python/mobility_env/mobilitysqr_live/mobility_apps/employee/views.py", line 2001, in post
    print(user_pass['password'])
  File "/media/tspl26/D/raju_python/mobility_env/lib/python3.7/site-packages/django/db/models/query.py", line 278, in __getitem__
    raise TypeError
TypeError
ERROR|01/Mar/2021 12:40:33|basehttp|13508|139845166950144|"POST /api/custom/login/ HTTP/1.1" 500 19193
ERROR|01/Mar/2021 12:41:26|log|13546|139904584201984|Internal Server Error: /api/custom/login/
Traceback (most recent call last):
  File "/media/tspl26/D/raju_python/mobility_env/lib/python3.7/site-packages/django/core/handlers/exception.py", line 34, in inner
    response = get_response(request)
  File "/media/tspl26/D/raju_python/mobility_env/lib/python3.7/site-packages/django/core/handlers/base.py", line 126, in _get_response
    response = self.process_exception_by_middleware(e, request)
  File "/media/tspl26/D/raju_python/mobility_env/lib/python3.7/site-packages/django/core/handlers/base.py", line 124, in _get_response
    response = wrapped_callback(request, *callback_args, **callback_kwargs)
  File "/media/tspl26/D/raju_python/mobility_env/lib/python3.7/site-packages/django/views/decorators/csrf.py", line 54, in wrapped_view
    return view_func(*args, **kwargs)
  File "/media/tspl26/D/raju_python/mobility_env/lib/python3.7/site-packages/django/views/generic/base.py", line 68, in view
    return self.dispatch(request, *args, **kwargs)
  File "/media/tspl26/D/raju_python/mobility_env/lib/python3.7/site-packages/rest_framework/views.py", line 509, in dispatch
    response = self.handle_exception(exc)
  File "/media/tspl26/D/raju_python/mobility_env/lib/python3.7/site-packages/rest_framework/views.py", line 469, in handle_exception
    self.raise_uncaught_exception(exc)
  File "/media/tspl26/D/raju_python/mobility_env/lib/python3.7/site-packages/rest_framework/views.py", line 480, in raise_uncaught_exception
    raise exc
  File "/media/tspl26/D/raju_python/mobility_env/lib/python3.7/site-packages/rest_framework/views.py", line 506, in dispatch
    response = handler(request, *args, **kwargs)
  File "/media/tspl26/D/raju_python/mobility_env/mobilitysqr_live/mobility_apps/employee/views.py", line 1999, in post
    user_pass = User.objects.get(username=username).values('password')
AttributeError: 'User' object has no attribute 'values'
ERROR|01/Mar/2021 12:41:26|basehttp|13546|139904584201984|"POST /api/custom/login/ HTTP/1.1" 500 19150
ERROR|01/Mar/2021 12:42:11|log|13588|139970015344384|Internal Server Error: /api/custom/login/
Traceback (most recent call last):
  File "/media/tspl26/D/raju_python/mobility_env/lib/python3.7/site-packages/django/core/handlers/exception.py", line 34, in inner
    response = get_response(request)
  File "/media/tspl26/D/raju_python/mobility_env/lib/python3.7/site-packages/django/core/handlers/base.py", line 126, in _get_response
    response = self.process_exception_by_middleware(e, request)
  File "/media/tspl26/D/raju_python/mobility_env/lib/python3.7/site-packages/django/core/handlers/base.py", line 124, in _get_response
    response = wrapped_callback(request, *callback_args, **callback_kwargs)
  File "/media/tspl26/D/raju_python/mobility_env/lib/python3.7/site-packages/django/views/decorators/csrf.py", line 54, in wrapped_view
    return view_func(*args, **kwargs)
  File "/media/tspl26/D/raju_python/mobility_env/lib/python3.7/site-packages/django/views/generic/base.py", line 68, in view
    return self.dispatch(request, *args, **kwargs)
  File "/media/tspl26/D/raju_python/mobility_env/lib/python3.7/site-packages/rest_framework/views.py", line 509, in dispatch
    response = self.handle_exception(exc)
  File "/media/tspl26/D/raju_python/mobility_env/lib/python3.7/site-packages/rest_framework/views.py", line 469, in handle_exception
    self.raise_uncaught_exception(exc)
  File "/media/tspl26/D/raju_python/mobility_env/lib/python3.7/site-packages/rest_framework/views.py", line 480, in raise_uncaught_exception
    raise exc
  File "/media/tspl26/D/raju_python/mobility_env/lib/python3.7/site-packages/rest_framework/views.py", line 506, in dispatch
    response = handler(request, *args, **kwargs)
  File "/media/tspl26/D/raju_python/mobility_env/mobilitysqr_live/mobility_apps/employee/views.py", line 2002, in post
    print(user_pass['password'])
TypeError: 'User' object is not subscriptable
ERROR|01/Mar/2021 12:42:11|basehttp|13588|139970015344384|"POST /api/custom/login/ HTTP/1.1" 500 19096
ERROR|01/Mar/2021 12:44:25|log|13672|139973494253312|Internal Server Error: /api/custom/login/
Traceback (most recent call last):
  File "/media/tspl26/D/raju_python/mobility_env/lib/python3.7/site-packages/django/core/handlers/exception.py", line 34, in inner
    response = get_response(request)
  File "/media/tspl26/D/raju_python/mobility_env/lib/python3.7/site-packages/django/core/handlers/base.py", line 126, in _get_response
    response = self.process_exception_by_middleware(e, request)
  File "/media/tspl26/D/raju_python/mobility_env/lib/python3.7/site-packages/django/core/handlers/base.py", line 124, in _get_response
    response = wrapped_callback(request, *callback_args, **callback_kwargs)
  File "/media/tspl26/D/raju_python/mobility_env/lib/python3.7/site-packages/django/views/decorators/csrf.py", line 54, in wrapped_view
    return view_func(*args, **kwargs)
  File "/media/tspl26/D/raju_python/mobility_env/lib/python3.7/site-packages/django/views/generic/base.py", line 68, in view
    return self.dispatch(request, *args, **kwargs)
  File "/media/tspl26/D/raju_python/mobility_env/lib/python3.7/site-packages/rest_framework/views.py", line 511, in dispatch
    self.response = self.finalize_response(request, response, *args, **kwargs)
  File "/media/tspl26/D/raju_python/mobility_env/lib/python3.7/site-packages/rest_framework/views.py", line 426, in finalize_response
    % type(response)
AssertionError: Expected a `Response`, `HttpResponse` or `HttpStreamingResponse` to be returned from the view, but received a `<class 'bool'>`
ERROR|01/Mar/2021 12:44:25|basehttp|13672|139973494253312|"POST /api/custom/login/ HTTP/1.1" 500 86635
ERROR|01/Mar/2021 12:52:58|log|13905|140603942459136|Internal Server Error: /api/custom/login/
Traceback (most recent call last):
  File "/media/tspl26/D/raju_python/mobility_env/lib/python3.7/site-packages/django/core/handlers/exception.py", line 34, in inner
    response = get_response(request)
  File "/media/tspl26/D/raju_python/mobility_env/lib/python3.7/site-packages/django/core/handlers/base.py", line 126, in _get_response
    response = self.process_exception_by_middleware(e, request)
  File "/media/tspl26/D/raju_python/mobility_env/lib/python3.7/site-packages/django/core/handlers/base.py", line 124, in _get_response
    response = wrapped_callback(request, *callback_args, **callback_kwargs)
  File "/media/tspl26/D/raju_python/mobility_env/lib/python3.7/site-packages/django/views/decorators/csrf.py", line 54, in wrapped_view
    return view_func(*args, **kwargs)
  File "/media/tspl26/D/raju_python/mobility_env/lib/python3.7/site-packages/django/views/generic/base.py", line 68, in view
    return self.dispatch(request, *args, **kwargs)
  File "/media/tspl26/D/raju_python/mobility_env/lib/python3.7/site-packages/rest_framework/views.py", line 511, in dispatch
    self.response = self.finalize_response(request, response, *args, **kwargs)
  File "/media/tspl26/D/raju_python/mobility_env/lib/python3.7/site-packages/rest_framework/views.py", line 426, in finalize_response
    % type(response)
AssertionError: Expected a `Response`, `HttpResponse` or `HttpStreamingResponse` to be returned from the view, but received a `<class 'bool'>`
ERROR|01/Mar/2021 12:52:58|basehttp|13905|140603942459136|"POST /api/custom/login/ HTTP/1.1" 500 86635
ERROR|01/Mar/2021 12:54:35|log|14000|140357912225536|Internal Server Error: /api/custom/login/
Traceback (most recent call last):
  File "/media/tspl26/D/raju_python/mobility_env/lib/python3.7/site-packages/django/core/handlers/exception.py", line 34, in inner
    response = get_response(request)
  File "/media/tspl26/D/raju_python/mobility_env/lib/python3.7/site-packages/django/core/handlers/base.py", line 126, in _get_response
    response = self.process_exception_by_middleware(e, request)
  File "/media/tspl26/D/raju_python/mobility_env/lib/python3.7/site-packages/django/core/handlers/base.py", line 124, in _get_response
    response = wrapped_callback(request, *callback_args, **callback_kwargs)
  File "/media/tspl26/D/raju_python/mobility_env/lib/python3.7/site-packages/django/views/decorators/csrf.py", line 54, in wrapped_view
    return view_func(*args, **kwargs)
  File "/media/tspl26/D/raju_python/mobility_env/lib/python3.7/site-packages/django/views/generic/base.py", line 68, in view
    return self.dispatch(request, *args, **kwargs)
  File "/media/tspl26/D/raju_python/mobility_env/lib/python3.7/site-packages/rest_framework/views.py", line 511, in dispatch
    self.response = self.finalize_response(request, response, *args, **kwargs)
  File "/media/tspl26/D/raju_python/mobility_env/lib/python3.7/site-packages/rest_framework/views.py", line 426, in finalize_response
    % type(response)
AssertionError: Expected a `Response`, `HttpResponse` or `HttpStreamingResponse` to be returned from the view, but received a `<class 'bool'>`
ERROR|01/Mar/2021 12:54:35|basehttp|14000|140357912225536|"POST /api/custom/login/ HTTP/1.1" 500 86635
ERROR|01/Mar/2021 12:55:37|log|14050|139620579489536|Internal Server Error: /api/custom/login/
Traceback (most recent call last):
  File "/media/tspl26/D/raju_python/mobility_env/lib/python3.7/site-packages/django/core/handlers/exception.py", line 34, in inner
    response = get_response(request)
  File "/media/tspl26/D/raju_python/mobility_env/lib/python3.7/site-packages/django/core/handlers/base.py", line 126, in _get_response
    response = self.process_exception_by_middleware(e, request)
  File "/media/tspl26/D/raju_python/mobility_env/lib/python3.7/site-packages/django/core/handlers/base.py", line 124, in _get_response
    response = wrapped_callback(request, *callback_args, **callback_kwargs)
  File "/media/tspl26/D/raju_python/mobility_env/lib/python3.7/site-packages/django/views/decorators/csrf.py", line 54, in wrapped_view
    return view_func(*args, **kwargs)
  File "/media/tspl26/D/raju_python/mobility_env/lib/python3.7/site-packages/django/views/generic/base.py", line 68, in view
    return self.dispatch(request, *args, **kwargs)
  File "/media/tspl26/D/raju_python/mobility_env/lib/python3.7/site-packages/rest_framework/views.py", line 509, in dispatch
    response = self.handle_exception(exc)
  File "/media/tspl26/D/raju_python/mobility_env/lib/python3.7/site-packages/rest_framework/views.py", line 469, in handle_exception
    self.raise_uncaught_exception(exc)
  File "/media/tspl26/D/raju_python/mobility_env/lib/python3.7/site-packages/rest_framework/views.py", line 480, in raise_uncaught_exception
    raise exc
  File "/media/tspl26/D/raju_python/mobility_env/lib/python3.7/site-packages/rest_framework/views.py", line 506, in dispatch
    response = handler(request, *args, **kwargs)
  File "/media/tspl26/D/raju_python/mobility_env/mobilitysqr_live/mobility_apps/employee/views.py", line 2007, in post
    access_token = generate_access_token(user_id)
  File "/media/tspl26/D/raju_python/mobility_env/mobilitysqr_live/mobility_apps/employee/tests.py", line 15, in generate_access_token
    access_token = jwt.encode(access_token_payload,settings.SECRET_KEY, algorithm='HS256').decode('utf-8')
AttributeError: 'str' object has no attribute 'decode'
ERROR|01/Mar/2021 12:55:37|basehttp|14050|139620579489536|"POST /api/custom/login/ HTTP/1.1" 500 19371
ERROR|01/Mar/2021 12:59:25|log|14050|139620621436672|Internal Server Error: /Otp_Generate/
Traceback (most recent call last):
  File "/media/tspl26/D/raju_python/mobility_env/lib/python3.7/site-packages/django/core/handlers/exception.py", line 34, in inner
    response = get_response(request)
  File "/media/tspl26/D/raju_python/mobility_env/lib/python3.7/site-packages/django/core/handlers/base.py", line 126, in _get_response
    response = self.process_exception_by_middleware(e, request)
  File "/media/tspl26/D/raju_python/mobility_env/lib/python3.7/site-packages/django/core/handlers/base.py", line 124, in _get_response
    response = wrapped_callback(request, *callback_args, **callback_kwargs)
  File "/media/tspl26/D/raju_python/mobility_env/lib/python3.7/site-packages/django/views/decorators/csrf.py", line 54, in wrapped_view
    return view_func(*args, **kwargs)
  File "/media/tspl26/D/raju_python/mobility_env/lib/python3.7/site-packages/django/views/generic/base.py", line 68, in view
    return self.dispatch(request, *args, **kwargs)
  File "/media/tspl26/D/raju_python/mobility_env/lib/python3.7/site-packages/rest_framework/views.py", line 509, in dispatch
    response = self.handle_exception(exc)
  File "/media/tspl26/D/raju_python/mobility_env/lib/python3.7/site-packages/rest_framework/views.py", line 469, in handle_exception
    self.raise_uncaught_exception(exc)
  File "/media/tspl26/D/raju_python/mobility_env/lib/python3.7/site-packages/rest_framework/views.py", line 480, in raise_uncaught_exception
    raise exc
  File "/media/tspl26/D/raju_python/mobility_env/lib/python3.7/site-packages/rest_framework/views.py", line 506, in dispatch
    response = handler(request, *args, **kwargs)
  File "/media/tspl26/D/raju_python/mobility_env/mobilitysqr_live/mobility_apps/employee/views.py", line 1865, in post
    'email': self.employee_name(email=email[0]['email'])
  File "/media/tspl26/D/raju_python/mobility_env/lib/python3.7/site-packages/django/db/models/query.py", line 303, in __getitem__
    return qs._result_cache[0]
IndexError: list index out of range
ERROR|01/Mar/2021 12:59:25|basehttp|14050|139620621436672|"POST /Otp_Generate/ HTTP/1.1" 500 19546
ERROR|01/Mar/2021 13:00:51|log|14050|139620621436672|Internal Server Error: /access_token/
Traceback (most recent call last):
  File "/media/tspl26/D/raju_python/mobility_env/lib/python3.7/site-packages/django/core/handlers/exception.py", line 34, in inner
    response = get_response(request)
  File "/media/tspl26/D/raju_python/mobility_env/lib/python3.7/site-packages/django/core/handlers/base.py", line 126, in _get_response
    response = self.process_exception_by_middleware(e, request)
  File "/media/tspl26/D/raju_python/mobility_env/lib/python3.7/site-packages/django/core/handlers/base.py", line 124, in _get_response
    response = wrapped_callback(request, *callback_args, **callback_kwargs)
  File "/media/tspl26/D/raju_python/mobility_env/lib/python3.7/site-packages/django/views/decorators/csrf.py", line 54, in wrapped_view
    return view_func(*args, **kwargs)
  File "/media/tspl26/D/raju_python/mobility_env/lib/python3.7/site-packages/django/views/generic/base.py", line 68, in view
    return self.dispatch(request, *args, **kwargs)
  File "/media/tspl26/D/raju_python/mobility_env/lib/python3.7/site-packages/rest_framework/views.py", line 509, in dispatch
    response = self.handle_exception(exc)
  File "/media/tspl26/D/raju_python/mobility_env/lib/python3.7/site-packages/rest_framework/views.py", line 469, in handle_exception
    self.raise_uncaught_exception(exc)
  File "/media/tspl26/D/raju_python/mobility_env/lib/python3.7/site-packages/rest_framework/views.py", line 480, in raise_uncaught_exception
    raise exc
  File "/media/tspl26/D/raju_python/mobility_env/lib/python3.7/site-packages/rest_framework/views.py", line 506, in dispatch
    response = handler(request, *args, **kwargs)
  File "/media/tspl26/D/raju_python/mobility_env/mobilitysqr_live/mobility_apps/employee/views.py", line 1918, in post
    otp=User.objects.filter(otp=otp).values("id")
  File "/media/tspl26/D/raju_python/mobility_env/lib/python3.7/site-packages/django/db/models/manager.py", line 82, in manager_method
    return getattr(self.get_queryset(), name)(*args, **kwargs)
  File "/media/tspl26/D/raju_python/mobility_env/lib/python3.7/site-packages/django/db/models/query.py", line 844, in filter
    return self._filter_or_exclude(False, *args, **kwargs)
  File "/media/tspl26/D/raju_python/mobility_env/lib/python3.7/site-packages/django/db/models/query.py", line 862, in _filter_or_exclude
    clone.query.add_q(Q(*args, **kwargs))
  File "/media/tspl26/D/raju_python/mobility_env/lib/python3.7/site-packages/django/db/models/sql/query.py", line 1263, in add_q
    clause, _ = self._add_q(q_object, self.used_aliases)
  File "/media/tspl26/D/raju_python/mobility_env/lib/python3.7/site-packages/django/db/models/sql/query.py", line 1287, in _add_q
    split_subq=split_subq,
  File "/media/tspl26/D/raju_python/mobility_env/lib/python3.7/site-packages/django/db/models/sql/query.py", line 1225, in build_filter
    condition = self.build_lookup(lookups, col, value)
  File "/media/tspl26/D/raju_python/mobility_env/lib/python3.7/site-packages/django/db/models/sql/query.py", line 1096, in build_lookup
    lookup = lookup_class(lhs, rhs)
  File "/media/tspl26/D/raju_python/mobility_env/lib/python3.7/site-packages/django/db/models/lookups.py", line 20, in __init__
    self.rhs = self.get_prep_lookup()
  File "/media/tspl26/D/raju_python/mobility_env/lib/python3.7/site-packages/django/db/models/lookups.py", line 70, in get_prep_lookup
    return self.lhs.output_field.get_prep_value(self.rhs)
  File "/media/tspl26/D/raju_python/mobility_env/lib/python3.7/site-packages/django/db/models/fields/__init__.py", line 1807, in get_prep_value
    return int(value)
ValueError: invalid literal for int() with base 10: 'user_id'
ERROR|01/Mar/2021 13:00:51|basehttp|14050|139620621436672|"POST /access_token/ HTTP/1.1" 500 21240
ERROR|01/Mar/2021 13:04:49|log|14285|140410995336960|Internal Server Error: /access_token/
Traceback (most recent call last):
  File "/media/tspl26/D/raju_python/mobility_env/lib/python3.7/site-packages/django/core/handlers/exception.py", line 34, in inner
    response = get_response(request)
  File "/media/tspl26/D/raju_python/mobility_env/lib/python3.7/site-packages/django/core/handlers/base.py", line 126, in _get_response
    response = self.process_exception_by_middleware(e, request)
  File "/media/tspl26/D/raju_python/mobility_env/lib/python3.7/site-packages/django/core/handlers/base.py", line 124, in _get_response
    response = wrapped_callback(request, *callback_args, **callback_kwargs)
  File "/media/tspl26/D/raju_python/mobility_env/lib/python3.7/site-packages/django/views/decorators/csrf.py", line 54, in wrapped_view
    return view_func(*args, **kwargs)
  File "/media/tspl26/D/raju_python/mobility_env/lib/python3.7/site-packages/django/views/generic/base.py", line 68, in view
    return self.dispatch(request, *args, **kwargs)
  File "/media/tspl26/D/raju_python/mobility_env/lib/python3.7/site-packages/rest_framework/views.py", line 509, in dispatch
    response = self.handle_exception(exc)
  File "/media/tspl26/D/raju_python/mobility_env/lib/python3.7/site-packages/rest_framework/views.py", line 469, in handle_exception
    self.raise_uncaught_exception(exc)
  File "/media/tspl26/D/raju_python/mobility_env/lib/python3.7/site-packages/rest_framework/views.py", line 480, in raise_uncaught_exception
    raise exc
  File "/media/tspl26/D/raju_python/mobility_env/lib/python3.7/site-packages/rest_framework/views.py", line 506, in dispatch
    response = handler(request, *args, **kwargs)
  File "/media/tspl26/D/raju_python/mobility_env/mobilitysqr_live/mobility_apps/employee/views.py", line 1925, in post
    access_token = generate_access_token(user)
  File "/media/tspl26/D/raju_python/mobility_env/mobilitysqr_live/mobility_apps/employee/tests.py", line 15, in generate_access_token
    access_token = jwt.encode(access_token_payload,settings.SECRET_KEY, algorithm='HS256').decode('utf-8')
AttributeError: 'str' object has no attribute 'decode'
ERROR|01/Mar/2021 13:04:49|basehttp|14285|140410995336960|"POST /access_token/ HTTP/1.1" 500 19654
ERROR|01/Mar/2021 13:06:38|log|14285|140411003729664|Internal Server Error: /api/custom/login/
Traceback (most recent call last):
  File "/media/tspl26/D/raju_python/mobility_env/lib/python3.7/site-packages/django/core/handlers/exception.py", line 34, in inner
    response = get_response(request)
  File "/media/tspl26/D/raju_python/mobility_env/lib/python3.7/site-packages/django/core/handlers/base.py", line 126, in _get_response
    response = self.process_exception_by_middleware(e, request)
  File "/media/tspl26/D/raju_python/mobility_env/lib/python3.7/site-packages/django/core/handlers/base.py", line 124, in _get_response
    response = wrapped_callback(request, *callback_args, **callback_kwargs)
  File "/media/tspl26/D/raju_python/mobility_env/lib/python3.7/site-packages/django/views/decorators/csrf.py", line 54, in wrapped_view
    return view_func(*args, **kwargs)
  File "/media/tspl26/D/raju_python/mobility_env/lib/python3.7/site-packages/django/views/generic/base.py", line 68, in view
    return self.dispatch(request, *args, **kwargs)
  File "/media/tspl26/D/raju_python/mobility_env/lib/python3.7/site-packages/rest_framework/views.py", line 509, in dispatch
    response = self.handle_exception(exc)
  File "/media/tspl26/D/raju_python/mobility_env/lib/python3.7/site-packages/rest_framework/views.py", line 469, in handle_exception
    self.raise_uncaught_exception(exc)
  File "/media/tspl26/D/raju_python/mobility_env/lib/python3.7/site-packages/rest_framework/views.py", line 480, in raise_uncaught_exception
    raise exc
  File "/media/tspl26/D/raju_python/mobility_env/lib/python3.7/site-packages/rest_framework/views.py", line 506, in dispatch
    response = handler(request, *args, **kwargs)
  File "/media/tspl26/D/raju_python/mobility_env/mobilitysqr_live/mobility_apps/employee/views.py", line 2008, in post
    access_token = generate_access_token(user_id)
  File "/media/tspl26/D/raju_python/mobility_env/mobilitysqr_live/mobility_apps/employee/tests.py", line 15, in generate_access_token
    access_token = jwt.encode(access_token_payload,settings.SECRET_KEY, algorithm='HS256').decode('utf-8')
AttributeError: 'str' object has no attribute 'decode'
ERROR|01/Mar/2021 13:06:38|basehttp|14285|140411003729664|"POST /api/custom/login/ HTTP/1.1" 500 19371
ERROR|01/Mar/2021 13:40:47|log|14285|140410995336960|Internal Server Error: /access_token/
Traceback (most recent call last):
  File "/media/tspl26/D/raju_python/mobility_env/lib/python3.7/site-packages/django/core/handlers/exception.py", line 34, in inner
    response = get_response(request)
  File "/media/tspl26/D/raju_python/mobility_env/lib/python3.7/site-packages/django/core/handlers/base.py", line 126, in _get_response
    response = self.process_exception_by_middleware(e, request)
  File "/media/tspl26/D/raju_python/mobility_env/lib/python3.7/site-packages/django/core/handlers/base.py", line 124, in _get_response
    response = wrapped_callback(request, *callback_args, **callback_kwargs)
  File "/media/tspl26/D/raju_python/mobility_env/lib/python3.7/site-packages/django/views/decorators/csrf.py", line 54, in wrapped_view
    return view_func(*args, **kwargs)
  File "/media/tspl26/D/raju_python/mobility_env/lib/python3.7/site-packages/django/views/generic/base.py", line 68, in view
    return self.dispatch(request, *args, **kwargs)
  File "/media/tspl26/D/raju_python/mobility_env/lib/python3.7/site-packages/rest_framework/views.py", line 509, in dispatch
    response = self.handle_exception(exc)
  File "/media/tspl26/D/raju_python/mobility_env/lib/python3.7/site-packages/rest_framework/views.py", line 469, in handle_exception
    self.raise_uncaught_exception(exc)
  File "/media/tspl26/D/raju_python/mobility_env/lib/python3.7/site-packages/rest_framework/views.py", line 480, in raise_uncaught_exception
    raise exc
  File "/media/tspl26/D/raju_python/mobility_env/lib/python3.7/site-packages/rest_framework/views.py", line 506, in dispatch
    response = handler(request, *args, **kwargs)
  File "/media/tspl26/D/raju_python/mobility_env/mobilitysqr_live/mobility_apps/employee/views.py", line 1925, in post
    access_token = generate_access_token(user)
  File "/media/tspl26/D/raju_python/mobility_env/mobilitysqr_live/mobility_apps/employee/tests.py", line 15, in generate_access_token
    access_token = jwt.encode(access_token_payload,settings.SECRET_KEY, algorithm='HS256').decode('utf-8')
AttributeError: 'str' object has no attribute 'decode'
ERROR|01/Mar/2021 13:40:47|basehttp|14285|140410995336960|"POST /access_token/ HTTP/1.1" 500 19654
ERROR|01/Mar/2021 14:39:27|exception|18460|140099434043136|Invalid HTTP_HOST header: '192.168.1.230:8000'. You may need to add '192.168.1.230' to ALLOWED_HOSTS.
ERROR|01/Mar/2021 14:39:28|exception|18460|140099475990272|Invalid HTTP_HOST header: '192.168.1.230:8000'. You may need to add '192.168.1.230' to ALLOWED_HOSTS.
ERROR|01/Mar/2021 14:40:06|exception|18460|140099475990272|Invalid HTTP_HOST header: '192.168.1.230:8000'. You may need to add '192.168.1.230' to ALLOWED_HOSTS.
ERROR|01/Mar/2021 14:40:07|exception|18460|140099434043136|Invalid HTTP_HOST header: '192.168.1.230:8000'. You may need to add '192.168.1.230' to ALLOWED_HOSTS.
ERROR|01/Mar/2021 14:45:55|exception|18460|140099434043136|Invalid HTTP_HOST header: '192.168.1.230:8000'. You may need to add '192.168.1.230' to ALLOWED_HOSTS.
ERROR|01/Mar/2021 14:45:55|exception|18460|140099475990272|Invalid HTTP_HOST header: '192.168.1.230:8000'. You may need to add '192.168.1.230' to ALLOWED_HOSTS.
ERROR|01/Mar/2021 14:48:11|exception|18460|140099475990272|Invalid HTTP_HOST header: '192.168.1.230:8000'. You may need to add '192.168.1.230' to ALLOWED_HOSTS.
ERROR|01/Mar/2021 14:48:11|exception|18460|140099434043136|Invalid HTTP_HOST header: '192.168.1.230:8000'. You may need to add '192.168.1.230' to ALLOWED_HOSTS.
ERROR|01/Mar/2021 14:48:13|exception|18460|140099434043136|Invalid HTTP_HOST header: '192.168.1.230:8000'. You may need to add '192.168.1.230' to ALLOWED_HOSTS.
ERROR|01/Mar/2021 14:48:13|exception|18460|140099475990272|Invalid HTTP_HOST header: '192.168.1.230:8000'. You may need to add '192.168.1.230' to ALLOWED_HOSTS.
ERROR|01/Mar/2021 14:48:14|exception|18460|140099475990272|Invalid HTTP_HOST header: '192.168.1.230:8000'. You may need to add '192.168.1.230' to ALLOWED_HOSTS.
ERROR|01/Mar/2021 14:48:14|exception|18460|140099434043136|Invalid HTTP_HOST header: '192.168.1.230:8000'. You may need to add '192.168.1.230' to ALLOWED_HOSTS.
ERROR|01/Mar/2021 14:48:14|exception|18460|140099434043136|Invalid HTTP_HOST header: '192.168.1.230:8000'. You may need to add '192.168.1.230' to ALLOWED_HOSTS.
ERROR|01/Mar/2021 14:48:15|exception|18460|140099475990272|Invalid HTTP_HOST header: '192.168.1.230:8000'. You may need to add '192.168.1.230' to ALLOWED_HOSTS.
ERROR|01/Mar/2021 14:48:15|exception|18460|140099475990272|Invalid HTTP_HOST header: '192.168.1.230:8000'. You may need to add '192.168.1.230' to ALLOWED_HOSTS.
ERROR|01/Mar/2021 14:48:15|exception|18460|140099434043136|Invalid HTTP_HOST header: '192.168.1.230:8000'. You may need to add '192.168.1.230' to ALLOWED_HOSTS.
ERROR|01/Mar/2021 14:48:15|exception|18460|140099475990272|Invalid HTTP_HOST header: '192.168.1.230:8000'. You may need to add '192.168.1.230' to ALLOWED_HOSTS.
ERROR|01/Mar/2021 14:48:15|exception|18460|140099475990272|Invalid HTTP_HOST header: '192.168.1.230:8000'. You may need to add '192.168.1.230' to ALLOWED_HOSTS.
ERROR|01/Mar/2021 14:48:15|exception|18460|140099475990272|Invalid HTTP_HOST header: '192.168.1.230:8000'. You may need to add '192.168.1.230' to ALLOWED_HOSTS.
ERROR|01/Mar/2021 14:48:15|exception|18460|140099434043136|Invalid HTTP_HOST header: '192.168.1.230:8000'. You may need to add '192.168.1.230' to ALLOWED_HOSTS.
ERROR|01/Mar/2021 14:48:16|exception|18460|140099434043136|Invalid HTTP_HOST header: '192.168.1.230:8000'. You may need to add '192.168.1.230' to ALLOWED_HOSTS.
ERROR|01/Mar/2021 14:48:16|exception|18460|140099475990272|Invalid HTTP_HOST header: '192.168.1.230:8000'. You may need to add '192.168.1.230' to ALLOWED_HOSTS.
ERROR|01/Mar/2021 14:48:16|exception|18460|140099475990272|Invalid HTTP_HOST header: '192.168.1.230:8000'. You may need to add '192.168.1.230' to ALLOWED_HOSTS.
ERROR|01/Mar/2021 14:48:16|exception|18460|140099434043136|Invalid HTTP_HOST header: '192.168.1.230:8000'. You may need to add '192.168.1.230' to ALLOWED_HOSTS.
ERROR|01/Mar/2021 14:48:16|exception|18460|140099434043136|Invalid HTTP_HOST header: '192.168.1.230:8000'. You may need to add '192.168.1.230' to ALLOWED_HOSTS.
ERROR|01/Mar/2021 14:48:16|exception|18460|140099475990272|Invalid HTTP_HOST header: '192.168.1.230:8000'. You may need to add '192.168.1.230' to ALLOWED_HOSTS.
ERROR|01/Mar/2021 14:48:16|exception|18460|140099434043136|Invalid HTTP_HOST header: '192.168.1.230:8000'. You may need to add '192.168.1.230' to ALLOWED_HOSTS.
ERROR|01/Mar/2021 14:48:17|exception|18460|140099434043136|Invalid HTTP_HOST header: '192.168.1.230:8000'. You may need to add '192.168.1.230' to ALLOWED_HOSTS.
ERROR|01/Mar/2021 14:48:17|exception|18460|140099475990272|Invalid HTTP_HOST header: '192.168.1.230:8000'. You may need to add '192.168.1.230' to ALLOWED_HOSTS.
ERROR|01/Mar/2021 14:48:17|exception|18460|140099475990272|Invalid HTTP_HOST header: '192.168.1.230:8000'. You may need to add '192.168.1.230' to ALLOWED_HOSTS.
ERROR|01/Mar/2021 14:48:17|exception|18460|140099434043136|Invalid HTTP_HOST header: '192.168.1.230:8000'. You may need to add '192.168.1.230' to ALLOWED_HOSTS.
ERROR|01/Mar/2021 14:48:17|exception|18460|140099434043136|Invalid HTTP_HOST header: '192.168.1.230:8000'. You may need to add '192.168.1.230' to ALLOWED_HOSTS.
