ERROR|13/May/2021 18:36:20|exception|9910|140241178986240|Invalid HTTP_HOST header: ''. The domain name provided is not valid according to RFC 1034/1035.
ERROR|13/May/2021 20:23:49|log|7102|140319413675776|Internal Server Error: /getassignmentletter/
Traceback (most recent call last):
  File "/var/www/hellotax/mobilitysqr_staging_virtualenv/lib/python3.6/site-packages/django/core/handlers/exception.py", line 34, in inner
    response = get_response(request)
  File "/var/www/hellotax/mobilitysqr_staging_virtualenv/lib/python3.6/site-packages/django/core/handlers/base.py", line 126, in _get_response
    response = self.process_exception_by_middleware(e, request)
  File "/var/www/hellotax/mobilitysqr_staging_virtualenv/lib/python3.6/site-packages/django/core/handlers/base.py", line 124, in _get_response
    response = wrapped_callback(request, *callback_args, **callback_kwargs)
  File "/var/www/hellotax/mobilitysqr_staging_virtualenv/lib/python3.6/site-packages/django/views/decorators/csrf.py", line 54, in wrapped_view
    return view_func(*args, **kwargs)
  File "/var/www/hellotax/mobilitysqr_staging_virtualenv/lib/python3.6/site-packages/django/views/generic/base.py", line 68, in view
    return self.dispatch(request, *args, **kwargs)
  File "/var/www/hellotax/mobilitysqr_staging_virtualenv/lib/python3.6/site-packages/rest_framework/views.py", line 495, in dispatch
    response = self.handle_exception(exc)
  File "/var/www/hellotax/mobilitysqr_staging_virtualenv/lib/python3.6/site-packages/rest_framework/views.py", line 455, in handle_exception
    self.raise_uncaught_exception(exc)
  File "/var/www/hellotax/mobilitysqr_staging_virtualenv/lib/python3.6/site-packages/rest_framework/views.py", line 492, in dispatch
    response = handler(request, *args, **kwargs)
  File "/var/www/hellotax/mobilitysqr_staging_virtualenv/mobilitysqr_staging/mobility_apps/letter/views.py", line 175, in get
    datas['VisaCategory']=self.date_format(date=data['details'][i]['applicable_visa'])
  File "/var/www/hellotax/mobilitysqr_staging_virtualenv/mobilitysqr_staging/mobility_apps/letter/views.py", line 664, in date_format
    utc = datetime.strptime(date, '%Y-%m-%d')
  File "/usr/lib/python3.6/_strptime.py", line 565, in _strptime_datetime
    tt, fraction = _strptime(data_string, format)
  File "/usr/lib/python3.6/_strptime.py", line 362, in _strptime
    (data_string, format))
ValueError: time data 'Work' does not match format '%Y-%m-%d'
ERROR|13/May/2021 20:23:49|basehttp|7102|140319413675776|"GET /getassignmentletter/?travel_req_id=TR166926 HTTP/1.1" 500 18470
ERROR|13/May/2021 20:23:58|log|7102|140319413675776|Internal Server Error: /getassignmentletter/
Traceback (most recent call last):
  File "/var/www/hellotax/mobilitysqr_staging_virtualenv/lib/python3.6/site-packages/django/core/handlers/exception.py", line 34, in inner
    response = get_response(request)
  File "/var/www/hellotax/mobilitysqr_staging_virtualenv/lib/python3.6/site-packages/django/core/handlers/base.py", line 126, in _get_response
    response = self.process_exception_by_middleware(e, request)
  File "/var/www/hellotax/mobilitysqr_staging_virtualenv/lib/python3.6/site-packages/django/core/handlers/base.py", line 124, in _get_response
    response = wrapped_callback(request, *callback_args, **callback_kwargs)
  File "/var/www/hellotax/mobilitysqr_staging_virtualenv/lib/python3.6/site-packages/django/views/decorators/csrf.py", line 54, in wrapped_view
    return view_func(*args, **kwargs)
  File "/var/www/hellotax/mobilitysqr_staging_virtualenv/lib/python3.6/site-packages/django/views/generic/base.py", line 68, in view
    return self.dispatch(request, *args, **kwargs)
  File "/var/www/hellotax/mobilitysqr_staging_virtualenv/lib/python3.6/site-packages/rest_framework/views.py", line 495, in dispatch
    response = self.handle_exception(exc)
  File "/var/www/hellotax/mobilitysqr_staging_virtualenv/lib/python3.6/site-packages/rest_framework/views.py", line 455, in handle_exception
    self.raise_uncaught_exception(exc)
  File "/var/www/hellotax/mobilitysqr_staging_virtualenv/lib/python3.6/site-packages/rest_framework/views.py", line 492, in dispatch
    response = handler(request, *args, **kwargs)
  File "/var/www/hellotax/mobilitysqr_staging_virtualenv/mobilitysqr_staging/mobility_apps/letter/views.py", line 175, in get
    datas['VisaCategory']=self.date_format(date=data['details'][i]['applicable_visa'])
  File "/var/www/hellotax/mobilitysqr_staging_virtualenv/mobilitysqr_staging/mobility_apps/letter/views.py", line 664, in date_format
    utc = datetime.strptime(date, '%Y-%m-%d')
  File "/usr/lib/python3.6/_strptime.py", line 565, in _strptime_datetime
    tt, fraction = _strptime(data_string, format)
  File "/usr/lib/python3.6/_strptime.py", line 362, in _strptime
    (data_string, format))
ValueError: time data 'Work' does not match format '%Y-%m-%d'
ERROR|13/May/2021 20:23:58|basehttp|7102|140319413675776|"GET /getassignmentletter/?travel_req_id=TR166926 HTTP/1.1" 500 18470
ERROR|13/May/2021 20:24:17|log|7102|140319413675776|Internal Server Error: /getassignmentletter/
Traceback (most recent call last):
  File "/var/www/hellotax/mobilitysqr_staging_virtualenv/lib/python3.6/site-packages/django/core/handlers/exception.py", line 34, in inner
    response = get_response(request)
  File "/var/www/hellotax/mobilitysqr_staging_virtualenv/lib/python3.6/site-packages/django/core/handlers/base.py", line 126, in _get_response
    response = self.process_exception_by_middleware(e, request)
  File "/var/www/hellotax/mobilitysqr_staging_virtualenv/lib/python3.6/site-packages/django/core/handlers/base.py", line 124, in _get_response
    response = wrapped_callback(request, *callback_args, **callback_kwargs)
  File "/var/www/hellotax/mobilitysqr_staging_virtualenv/lib/python3.6/site-packages/django/views/decorators/csrf.py", line 54, in wrapped_view
    return view_func(*args, **kwargs)
  File "/var/www/hellotax/mobilitysqr_staging_virtualenv/lib/python3.6/site-packages/django/views/generic/base.py", line 68, in view
    return self.dispatch(request, *args, **kwargs)
  File "/var/www/hellotax/mobilitysqr_staging_virtualenv/lib/python3.6/site-packages/rest_framework/views.py", line 495, in dispatch
    response = self.handle_exception(exc)
  File "/var/www/hellotax/mobilitysqr_staging_virtualenv/lib/python3.6/site-packages/rest_framework/views.py", line 455, in handle_exception
    self.raise_uncaught_exception(exc)
  File "/var/www/hellotax/mobilitysqr_staging_virtualenv/lib/python3.6/site-packages/rest_framework/views.py", line 492, in dispatch
    response = handler(request, *args, **kwargs)
  File "/var/www/hellotax/mobilitysqr_staging_virtualenv/mobilitysqr_staging/mobility_apps/letter/views.py", line 175, in get
    datas['VisaCategory']=self.date_format(date=data['details'][i]['applicable_visa'])
  File "/var/www/hellotax/mobilitysqr_staging_virtualenv/mobilitysqr_staging/mobility_apps/letter/views.py", line 664, in date_format
    utc = datetime.strptime(date, '%Y-%m-%d')
  File "/usr/lib/python3.6/_strptime.py", line 565, in _strptime_datetime
    tt, fraction = _strptime(data_string, format)
  File "/usr/lib/python3.6/_strptime.py", line 362, in _strptime
    (data_string, format))
ValueError: time data 'Work' does not match format '%Y-%m-%d'
ERROR|13/May/2021 20:24:17|basehttp|7102|140319413675776|"GET /getassignmentletter/?travel_req_id=TR166926 HTTP/1.1" 500 18470
ERROR|13/May/2021 22:18:57|exception|9264|140382952224512|Invalid HTTP_HOST header: ''. The domain name provided is not valid according to RFC 1034/1035.
ERROR|14/May/2021 02:07:17|exception|9264|140382952224512|Invalid HTTP_HOST header: ''. The domain name provided is not valid according to RFC 1034/1035.
ERROR|14/May/2021 05:42:08|exception|9264|140382952224512|Invalid HTTP_HOST header: ''. The domain name provided is not valid according to RFC 1034/1035.
ERROR|14/May/2021 09:10:49|exception|9264|140382952224512|Invalid HTTP_HOST header: ''. The domain name provided is not valid according to RFC 1034/1035.
ERROR|14/May/2021 12:49:48|exception|9264|140383341504256|Invalid HTTP_HOST header: ''. The domain name provided is not valid according to RFC 1034/1035.
