ERROR|06/Jun/2021 13:05:22|log|3201874|139861507958528|Internal Server Error: /currency_conversion_history/
Traceback (most recent call last):
  File "/var/www/html/mobilitysqr_api/mobilitysqr_preprod_virtualenv/lib64/python3.6/site-packages/django/core/handlers/exception.py", line 34, in inner
    response = get_response(request)
  File "/var/www/html/mobilitysqr_api/mobilitysqr_preprod_virtualenv/lib64/python3.6/site-packages/django/core/handlers/base.py", line 126, in _get_response
    response = self.process_exception_by_middleware(e, request)
  File "/var/www/html/mobilitysqr_api/mobilitysqr_preprod_virtualenv/lib64/python3.6/site-packages/django/core/handlers/base.py", line 124, in _get_response
    response = wrapped_callback(request, *callback_args, **callback_kwargs)
  File "/var/www/html/mobilitysqr_api/mobilitysqr_preprod_virtualenv/lib64/python3.6/site-packages/django/views/decorators/csrf.py", line 54, in wrapped_view
    return view_func(*args, **kwargs)
  File "/var/www/html/mobilitysqr_api/mobilitysqr_preprod_virtualenv/lib64/python3.6/site-packages/django/views/generic/base.py", line 68, in view
    return self.dispatch(request, *args, **kwargs)
  File "/var/www/html/mobilitysqr_api/mobilitysqr_preprod_virtualenv/lib64/python3.6/site-packages/rest_framework/views.py", line 495, in dispatch
    response = self.handle_exception(exc)
  File "/var/www/html/mobilitysqr_api/mobilitysqr_preprod_virtualenv/lib64/python3.6/site-packages/rest_framework/views.py", line 455, in handle_exception
    self.raise_uncaught_exception(exc)
  File "/var/www/html/mobilitysqr_api/mobilitysqr_preprod_virtualenv/lib64/python3.6/site-packages/rest_framework/views.py", line 492, in dispatch
    response = handler(request, *args, **kwargs)
  File "/var/www/html/mobilitysqr_api/mobilitysqr_preprod_virtualenv/mobilitysqr_staging/mobility_apps/master/views/currency.py", line 359, in get
    currency = Currency_Conversion_History.objects.filter(from_currency=request.GET['from_currency'],to_currency=request.GET['to_currency'],conversion_date__gte=request.GET['from_date'],conversion_date__lte=request.GET['to_date'])
  File "/var/www/html/mobilitysqr_api/mobilitysqr_preprod_virtualenv/lib64/python3.6/site-packages/django/db/models/manager.py", line 82, in manager_method
    return getattr(self.get_queryset(), name)(*args, **kwargs)
  File "/var/www/html/mobilitysqr_api/mobilitysqr_preprod_virtualenv/lib64/python3.6/site-packages/django/db/models/query.py", line 841, in filter
    return self._filter_or_exclude(False, *args, **kwargs)
  File "/var/www/html/mobilitysqr_api/mobilitysqr_preprod_virtualenv/lib64/python3.6/site-packages/django/db/models/query.py", line 859, in _filter_or_exclude
    clone.query.add_q(Q(*args, **kwargs))
  File "/var/www/html/mobilitysqr_api/mobilitysqr_preprod_virtualenv/lib64/python3.6/site-packages/django/db/models/sql/query.py", line 1263, in add_q
    clause, _ = self._add_q(q_object, self.used_aliases)
  File "/var/www/html/mobilitysqr_api/mobilitysqr_preprod_virtualenv/lib64/python3.6/site-packages/django/db/models/sql/query.py", line 1287, in _add_q
    split_subq=split_subq,
  File "/var/www/html/mobilitysqr_api/mobilitysqr_preprod_virtualenv/lib64/python3.6/site-packages/django/db/models/sql/query.py", line 1225, in build_filter
    condition = self.build_lookup(lookups, col, value)
  File "/var/www/html/mobilitysqr_api/mobilitysqr_preprod_virtualenv/lib64/python3.6/site-packages/django/db/models/sql/query.py", line 1096, in build_lookup
    lookup = lookup_class(lhs, rhs)
  File "/var/www/html/mobilitysqr_api/mobilitysqr_preprod_virtualenv/lib64/python3.6/site-packages/django/db/models/lookups.py", line 20, in __init__
    self.rhs = self.get_prep_lookup()
  File "/var/www/html/mobilitysqr_api/mobilitysqr_preprod_virtualenv/lib64/python3.6/site-packages/django/db/models/lookups.py", line 70, in get_prep_lookup
    return self.lhs.output_field.get_prep_value(self.rhs)
  File "/var/www/html/mobilitysqr_api/mobilitysqr_preprod_virtualenv/lib64/python3.6/site-packages/django/db/models/fields/__init__.py", line 1408, in get_prep_value
    value = super().get_prep_value(value)
  File "/var/www/html/mobilitysqr_api/mobilitysqr_preprod_virtualenv/lib64/python3.6/site-packages/django/db/models/fields/__init__.py", line 1268, in get_prep_value
    return self.to_python(value)
  File "/var/www/html/mobilitysqr_api/mobilitysqr_preprod_virtualenv/lib64/python3.6/site-packages/django/db/models/fields/__init__.py", line 1393, in to_python
    params={'value': value},
django.core.exceptions.ValidationError: ["'' value has an invalid format. It must be in YYYY-MM-DD HH:MM[:ss[.uuuuuu]][TZ] format."]
ERROR|06/Jun/2021 13:05:22|basehttp|3201874|139861507958528|"GET /currency_conversion_history/?from_date=&to_date=2021-6-6&from_currency=&to_currency= HTTP/1.1" 500 21642
ERROR|06/Jun/2021 13:05:36|log|3201874|139861592864512|Internal Server Error: /currency_conversion_history/
Traceback (most recent call last):
  File "/var/www/html/mobilitysqr_api/mobilitysqr_preprod_virtualenv/lib64/python3.6/site-packages/django/core/handlers/exception.py", line 34, in inner
    response = get_response(request)
  File "/var/www/html/mobilitysqr_api/mobilitysqr_preprod_virtualenv/lib64/python3.6/site-packages/django/core/handlers/base.py", line 126, in _get_response
    response = self.process_exception_by_middleware(e, request)
  File "/var/www/html/mobilitysqr_api/mobilitysqr_preprod_virtualenv/lib64/python3.6/site-packages/django/core/handlers/base.py", line 124, in _get_response
    response = wrapped_callback(request, *callback_args, **callback_kwargs)
  File "/var/www/html/mobilitysqr_api/mobilitysqr_preprod_virtualenv/lib64/python3.6/site-packages/django/views/decorators/csrf.py", line 54, in wrapped_view
    return view_func(*args, **kwargs)
  File "/var/www/html/mobilitysqr_api/mobilitysqr_preprod_virtualenv/lib64/python3.6/site-packages/django/views/generic/base.py", line 68, in view
    return self.dispatch(request, *args, **kwargs)
  File "/var/www/html/mobilitysqr_api/mobilitysqr_preprod_virtualenv/lib64/python3.6/site-packages/rest_framework/views.py", line 495, in dispatch
    response = self.handle_exception(exc)
  File "/var/www/html/mobilitysqr_api/mobilitysqr_preprod_virtualenv/lib64/python3.6/site-packages/rest_framework/views.py", line 455, in handle_exception
    self.raise_uncaught_exception(exc)
  File "/var/www/html/mobilitysqr_api/mobilitysqr_preprod_virtualenv/lib64/python3.6/site-packages/rest_framework/views.py", line 492, in dispatch
    response = handler(request, *args, **kwargs)
  File "/var/www/html/mobilitysqr_api/mobilitysqr_preprod_virtualenv/mobilitysqr_staging/mobility_apps/master/views/currency.py", line 359, in get
    currency = Currency_Conversion_History.objects.filter(from_currency=request.GET['from_currency'],to_currency=request.GET['to_currency'],conversion_date__gte=request.GET['from_date'],conversion_date__lte=request.GET['to_date'])
  File "/var/www/html/mobilitysqr_api/mobilitysqr_preprod_virtualenv/lib64/python3.6/site-packages/django/db/models/manager.py", line 82, in manager_method
    return getattr(self.get_queryset(), name)(*args, **kwargs)
  File "/var/www/html/mobilitysqr_api/mobilitysqr_preprod_virtualenv/lib64/python3.6/site-packages/django/db/models/query.py", line 841, in filter
    return self._filter_or_exclude(False, *args, **kwargs)
  File "/var/www/html/mobilitysqr_api/mobilitysqr_preprod_virtualenv/lib64/python3.6/site-packages/django/db/models/query.py", line 859, in _filter_or_exclude
    clone.query.add_q(Q(*args, **kwargs))
  File "/var/www/html/mobilitysqr_api/mobilitysqr_preprod_virtualenv/lib64/python3.6/site-packages/django/db/models/sql/query.py", line 1263, in add_q
    clause, _ = self._add_q(q_object, self.used_aliases)
  File "/var/www/html/mobilitysqr_api/mobilitysqr_preprod_virtualenv/lib64/python3.6/site-packages/django/db/models/sql/query.py", line 1287, in _add_q
    split_subq=split_subq,
  File "/var/www/html/mobilitysqr_api/mobilitysqr_preprod_virtualenv/lib64/python3.6/site-packages/django/db/models/sql/query.py", line 1225, in build_filter
    condition = self.build_lookup(lookups, col, value)
  File "/var/www/html/mobilitysqr_api/mobilitysqr_preprod_virtualenv/lib64/python3.6/site-packages/django/db/models/sql/query.py", line 1096, in build_lookup
    lookup = lookup_class(lhs, rhs)
  File "/var/www/html/mobilitysqr_api/mobilitysqr_preprod_virtualenv/lib64/python3.6/site-packages/django/db/models/lookups.py", line 20, in __init__
    self.rhs = self.get_prep_lookup()
  File "/var/www/html/mobilitysqr_api/mobilitysqr_preprod_virtualenv/lib64/python3.6/site-packages/django/db/models/lookups.py", line 70, in get_prep_lookup
    return self.lhs.output_field.get_prep_value(self.rhs)
  File "/var/www/html/mobilitysqr_api/mobilitysqr_preprod_virtualenv/lib64/python3.6/site-packages/django/db/models/fields/__init__.py", line 1408, in get_prep_value
    value = super().get_prep_value(value)
  File "/var/www/html/mobilitysqr_api/mobilitysqr_preprod_virtualenv/lib64/python3.6/site-packages/django/db/models/fields/__init__.py", line 1268, in get_prep_value
    return self.to_python(value)
  File "/var/www/html/mobilitysqr_api/mobilitysqr_preprod_virtualenv/lib64/python3.6/site-packages/django/db/models/fields/__init__.py", line 1393, in to_python
    params={'value': value},
django.core.exceptions.ValidationError: ["'' value has an invalid format. It must be in YYYY-MM-DD HH:MM[:ss[.uuuuuu]][TZ] format."]
ERROR|06/Jun/2021 13:05:36|basehttp|3201874|139861592864512|"GET /currency_conversion_history/?from_date=&to_date=2021-6-6&from_currency=&to_currency= HTTP/1.1" 500 21642
ERROR|06/Jun/2021 13:35:32|log|3205451|140240217728768|Internal Server Error: /currency_conversion_history/
Traceback (most recent call last):
  File "/var/www/html/mobilitysqr_api/mobilitysqr_preprod_virtualenv/lib64/python3.6/site-packages/django/core/handlers/exception.py", line 34, in inner
    response = get_response(request)
  File "/var/www/html/mobilitysqr_api/mobilitysqr_preprod_virtualenv/lib64/python3.6/site-packages/django/core/handlers/base.py", line 126, in _get_response
    response = self.process_exception_by_middleware(e, request)
  File "/var/www/html/mobilitysqr_api/mobilitysqr_preprod_virtualenv/lib64/python3.6/site-packages/django/core/handlers/base.py", line 124, in _get_response
    response = wrapped_callback(request, *callback_args, **callback_kwargs)
  File "/var/www/html/mobilitysqr_api/mobilitysqr_preprod_virtualenv/lib64/python3.6/site-packages/django/views/decorators/csrf.py", line 54, in wrapped_view
    return view_func(*args, **kwargs)
  File "/var/www/html/mobilitysqr_api/mobilitysqr_preprod_virtualenv/lib64/python3.6/site-packages/django/views/generic/base.py", line 68, in view
    return self.dispatch(request, *args, **kwargs)
  File "/var/www/html/mobilitysqr_api/mobilitysqr_preprod_virtualenv/lib64/python3.6/site-packages/rest_framework/views.py", line 495, in dispatch
    response = self.handle_exception(exc)
  File "/var/www/html/mobilitysqr_api/mobilitysqr_preprod_virtualenv/lib64/python3.6/site-packages/rest_framework/views.py", line 455, in handle_exception
    self.raise_uncaught_exception(exc)
  File "/var/www/html/mobilitysqr_api/mobilitysqr_preprod_virtualenv/lib64/python3.6/site-packages/rest_framework/views.py", line 492, in dispatch
    response = handler(request, *args, **kwargs)
  File "/var/www/html/mobilitysqr_api/mobilitysqr_preprod_virtualenv/mobilitysqr_staging/mobility_apps/master/views/currency.py", line 359, in get
    currency = Currency_Conversion_History.objects.filter(from_currency=request.GET['from_currency'],to_currency=request.GET['to_currency'],conversion_date__gte=request.GET['from_date'],conversion_date__lte=request.GET['to_date'])
  File "/var/www/html/mobilitysqr_api/mobilitysqr_preprod_virtualenv/lib64/python3.6/site-packages/django/db/models/manager.py", line 82, in manager_method
    return getattr(self.get_queryset(), name)(*args, **kwargs)
  File "/var/www/html/mobilitysqr_api/mobilitysqr_preprod_virtualenv/lib64/python3.6/site-packages/django/db/models/query.py", line 841, in filter
    return self._filter_or_exclude(False, *args, **kwargs)
  File "/var/www/html/mobilitysqr_api/mobilitysqr_preprod_virtualenv/lib64/python3.6/site-packages/django/db/models/query.py", line 859, in _filter_or_exclude
    clone.query.add_q(Q(*args, **kwargs))
  File "/var/www/html/mobilitysqr_api/mobilitysqr_preprod_virtualenv/lib64/python3.6/site-packages/django/db/models/sql/query.py", line 1263, in add_q
    clause, _ = self._add_q(q_object, self.used_aliases)
  File "/var/www/html/mobilitysqr_api/mobilitysqr_preprod_virtualenv/lib64/python3.6/site-packages/django/db/models/sql/query.py", line 1287, in _add_q
    split_subq=split_subq,
  File "/var/www/html/mobilitysqr_api/mobilitysqr_preprod_virtualenv/lib64/python3.6/site-packages/django/db/models/sql/query.py", line 1225, in build_filter
    condition = self.build_lookup(lookups, col, value)
  File "/var/www/html/mobilitysqr_api/mobilitysqr_preprod_virtualenv/lib64/python3.6/site-packages/django/db/models/sql/query.py", line 1096, in build_lookup
    lookup = lookup_class(lhs, rhs)
  File "/var/www/html/mobilitysqr_api/mobilitysqr_preprod_virtualenv/lib64/python3.6/site-packages/django/db/models/lookups.py", line 20, in __init__
    self.rhs = self.get_prep_lookup()
  File "/var/www/html/mobilitysqr_api/mobilitysqr_preprod_virtualenv/lib64/python3.6/site-packages/django/db/models/lookups.py", line 70, in get_prep_lookup
    return self.lhs.output_field.get_prep_value(self.rhs)
  File "/var/www/html/mobilitysqr_api/mobilitysqr_preprod_virtualenv/lib64/python3.6/site-packages/django/db/models/fields/__init__.py", line 1408, in get_prep_value
    value = super().get_prep_value(value)
  File "/var/www/html/mobilitysqr_api/mobilitysqr_preprod_virtualenv/lib64/python3.6/site-packages/django/db/models/fields/__init__.py", line 1268, in get_prep_value
    return self.to_python(value)
  File "/var/www/html/mobilitysqr_api/mobilitysqr_preprod_virtualenv/lib64/python3.6/site-packages/django/db/models/fields/__init__.py", line 1393, in to_python
    params={'value': value},
django.core.exceptions.ValidationError: ["'' value has an invalid format. It must be in YYYY-MM-DD HH:MM[:ss[.uuuuuu]][TZ] format."]
ERROR|06/Jun/2021 13:35:32|basehttp|3205451|140240217728768|"GET /currency_conversion_history/?from_date=&to_date=2021-6-6&from_currency=&to_currency= HTTP/1.1" 500 21642
ERROR|06/Jun/2021 13:38:24|log|3205451|140240217728768|Internal Server Error: /currency_conversion_history/
Traceback (most recent call last):
  File "/var/www/html/mobilitysqr_api/mobilitysqr_preprod_virtualenv/lib64/python3.6/site-packages/django/core/handlers/exception.py", line 34, in inner
    response = get_response(request)
  File "/var/www/html/mobilitysqr_api/mobilitysqr_preprod_virtualenv/lib64/python3.6/site-packages/django/core/handlers/base.py", line 126, in _get_response
    response = self.process_exception_by_middleware(e, request)
  File "/var/www/html/mobilitysqr_api/mobilitysqr_preprod_virtualenv/lib64/python3.6/site-packages/django/core/handlers/base.py", line 124, in _get_response
    response = wrapped_callback(request, *callback_args, **callback_kwargs)
  File "/var/www/html/mobilitysqr_api/mobilitysqr_preprod_virtualenv/lib64/python3.6/site-packages/django/views/decorators/csrf.py", line 54, in wrapped_view
    return view_func(*args, **kwargs)
  File "/var/www/html/mobilitysqr_api/mobilitysqr_preprod_virtualenv/lib64/python3.6/site-packages/django/views/generic/base.py", line 68, in view
    return self.dispatch(request, *args, **kwargs)
  File "/var/www/html/mobilitysqr_api/mobilitysqr_preprod_virtualenv/lib64/python3.6/site-packages/rest_framework/views.py", line 495, in dispatch
    response = self.handle_exception(exc)
  File "/var/www/html/mobilitysqr_api/mobilitysqr_preprod_virtualenv/lib64/python3.6/site-packages/rest_framework/views.py", line 455, in handle_exception
    self.raise_uncaught_exception(exc)
  File "/var/www/html/mobilitysqr_api/mobilitysqr_preprod_virtualenv/lib64/python3.6/site-packages/rest_framework/views.py", line 492, in dispatch
    response = handler(request, *args, **kwargs)
  File "/var/www/html/mobilitysqr_api/mobilitysqr_preprod_virtualenv/mobilitysqr_staging/mobility_apps/master/views/currency.py", line 359, in get
    currency = Currency_Conversion_History.objects.filter(from_currency=request.GET['from_currency'],to_currency=request.GET['to_currency'],conversion_date__gte=request.GET['from_date'],conversion_date__lte=request.GET['to_date'])
  File "/var/www/html/mobilitysqr_api/mobilitysqr_preprod_virtualenv/lib64/python3.6/site-packages/django/db/models/manager.py", line 82, in manager_method
    return getattr(self.get_queryset(), name)(*args, **kwargs)
  File "/var/www/html/mobilitysqr_api/mobilitysqr_preprod_virtualenv/lib64/python3.6/site-packages/django/db/models/query.py", line 841, in filter
    return self._filter_or_exclude(False, *args, **kwargs)
  File "/var/www/html/mobilitysqr_api/mobilitysqr_preprod_virtualenv/lib64/python3.6/site-packages/django/db/models/query.py", line 859, in _filter_or_exclude
    clone.query.add_q(Q(*args, **kwargs))
  File "/var/www/html/mobilitysqr_api/mobilitysqr_preprod_virtualenv/lib64/python3.6/site-packages/django/db/models/sql/query.py", line 1263, in add_q
    clause, _ = self._add_q(q_object, self.used_aliases)
  File "/var/www/html/mobilitysqr_api/mobilitysqr_preprod_virtualenv/lib64/python3.6/site-packages/django/db/models/sql/query.py", line 1287, in _add_q
    split_subq=split_subq,
  File "/var/www/html/mobilitysqr_api/mobilitysqr_preprod_virtualenv/lib64/python3.6/site-packages/django/db/models/sql/query.py", line 1225, in build_filter
    condition = self.build_lookup(lookups, col, value)
  File "/var/www/html/mobilitysqr_api/mobilitysqr_preprod_virtualenv/lib64/python3.6/site-packages/django/db/models/sql/query.py", line 1096, in build_lookup
    lookup = lookup_class(lhs, rhs)
  File "/var/www/html/mobilitysqr_api/mobilitysqr_preprod_virtualenv/lib64/python3.6/site-packages/django/db/models/lookups.py", line 20, in __init__
    self.rhs = self.get_prep_lookup()
  File "/var/www/html/mobilitysqr_api/mobilitysqr_preprod_virtualenv/lib64/python3.6/site-packages/django/db/models/lookups.py", line 70, in get_prep_lookup
    return self.lhs.output_field.get_prep_value(self.rhs)
  File "/var/www/html/mobilitysqr_api/mobilitysqr_preprod_virtualenv/lib64/python3.6/site-packages/django/db/models/fields/__init__.py", line 1408, in get_prep_value
    value = super().get_prep_value(value)
  File "/var/www/html/mobilitysqr_api/mobilitysqr_preprod_virtualenv/lib64/python3.6/site-packages/django/db/models/fields/__init__.py", line 1268, in get_prep_value
    return self.to_python(value)
  File "/var/www/html/mobilitysqr_api/mobilitysqr_preprod_virtualenv/lib64/python3.6/site-packages/django/db/models/fields/__init__.py", line 1393, in to_python
    params={'value': value},
django.core.exceptions.ValidationError: ["'' value has an invalid format. It must be in YYYY-MM-DD HH:MM[:ss[.uuuuuu]][TZ] format."]
ERROR|06/Jun/2021 13:38:24|basehttp|3205451|140240217728768|"GET /currency_conversion_history/?from_date=&to_date=2021-6-8&from_currency=&to_currency= HTTP/1.1" 500 21642
ERROR|06/Jun/2021 13:39:41|log|3205893|140253477148416|Internal Server Error: /currency_conversion_history/
Traceback (most recent call last):
  File "/var/www/html/mobilitysqr_api/mobilitysqr_preprod_virtualenv/lib64/python3.6/site-packages/django/core/handlers/exception.py", line 34, in inner
    response = get_response(request)
  File "/var/www/html/mobilitysqr_api/mobilitysqr_preprod_virtualenv/lib64/python3.6/site-packages/django/core/handlers/base.py", line 126, in _get_response
    response = self.process_exception_by_middleware(e, request)
  File "/var/www/html/mobilitysqr_api/mobilitysqr_preprod_virtualenv/lib64/python3.6/site-packages/django/core/handlers/base.py", line 124, in _get_response
    response = wrapped_callback(request, *callback_args, **callback_kwargs)
  File "/var/www/html/mobilitysqr_api/mobilitysqr_preprod_virtualenv/lib64/python3.6/site-packages/django/views/decorators/csrf.py", line 54, in wrapped_view
    return view_func(*args, **kwargs)
  File "/var/www/html/mobilitysqr_api/mobilitysqr_preprod_virtualenv/lib64/python3.6/site-packages/django/views/generic/base.py", line 68, in view
    return self.dispatch(request, *args, **kwargs)
  File "/var/www/html/mobilitysqr_api/mobilitysqr_preprod_virtualenv/lib64/python3.6/site-packages/rest_framework/views.py", line 495, in dispatch
    response = self.handle_exception(exc)
  File "/var/www/html/mobilitysqr_api/mobilitysqr_preprod_virtualenv/lib64/python3.6/site-packages/rest_framework/views.py", line 455, in handle_exception
    self.raise_uncaught_exception(exc)
  File "/var/www/html/mobilitysqr_api/mobilitysqr_preprod_virtualenv/lib64/python3.6/site-packages/rest_framework/views.py", line 492, in dispatch
    response = handler(request, *args, **kwargs)
  File "/var/www/html/mobilitysqr_api/mobilitysqr_preprod_virtualenv/mobilitysqr_staging/mobility_apps/master/views/currency.py", line 359, in get
    currency = Currency_Conversion_History.objects.filter(from_currency=request.GET['from_currency'],to_currency=request.GET['to_currency'],conversion_date__gte=request.GET['from_date'],conversion_date__lte=request.GET['to_date'])
  File "/var/www/html/mobilitysqr_api/mobilitysqr_preprod_virtualenv/lib64/python3.6/site-packages/django/db/models/manager.py", line 82, in manager_method
    return getattr(self.get_queryset(), name)(*args, **kwargs)
  File "/var/www/html/mobilitysqr_api/mobilitysqr_preprod_virtualenv/lib64/python3.6/site-packages/django/db/models/query.py", line 841, in filter
    return self._filter_or_exclude(False, *args, **kwargs)
  File "/var/www/html/mobilitysqr_api/mobilitysqr_preprod_virtualenv/lib64/python3.6/site-packages/django/db/models/query.py", line 859, in _filter_or_exclude
    clone.query.add_q(Q(*args, **kwargs))
  File "/var/www/html/mobilitysqr_api/mobilitysqr_preprod_virtualenv/lib64/python3.6/site-packages/django/db/models/sql/query.py", line 1263, in add_q
    clause, _ = self._add_q(q_object, self.used_aliases)
  File "/var/www/html/mobilitysqr_api/mobilitysqr_preprod_virtualenv/lib64/python3.6/site-packages/django/db/models/sql/query.py", line 1287, in _add_q
    split_subq=split_subq,
  File "/var/www/html/mobilitysqr_api/mobilitysqr_preprod_virtualenv/lib64/python3.6/site-packages/django/db/models/sql/query.py", line 1225, in build_filter
    condition = self.build_lookup(lookups, col, value)
  File "/var/www/html/mobilitysqr_api/mobilitysqr_preprod_virtualenv/lib64/python3.6/site-packages/django/db/models/sql/query.py", line 1096, in build_lookup
    lookup = lookup_class(lhs, rhs)
  File "/var/www/html/mobilitysqr_api/mobilitysqr_preprod_virtualenv/lib64/python3.6/site-packages/django/db/models/lookups.py", line 20, in __init__
    self.rhs = self.get_prep_lookup()
  File "/var/www/html/mobilitysqr_api/mobilitysqr_preprod_virtualenv/lib64/python3.6/site-packages/django/db/models/lookups.py", line 70, in get_prep_lookup
    return self.lhs.output_field.get_prep_value(self.rhs)
  File "/var/www/html/mobilitysqr_api/mobilitysqr_preprod_virtualenv/lib64/python3.6/site-packages/django/db/models/fields/__init__.py", line 1408, in get_prep_value
    value = super().get_prep_value(value)
  File "/var/www/html/mobilitysqr_api/mobilitysqr_preprod_virtualenv/lib64/python3.6/site-packages/django/db/models/fields/__init__.py", line 1268, in get_prep_value
    return self.to_python(value)
  File "/var/www/html/mobilitysqr_api/mobilitysqr_preprod_virtualenv/lib64/python3.6/site-packages/django/db/models/fields/__init__.py", line 1393, in to_python
    params={'value': value},
django.core.exceptions.ValidationError: ["'' value has an invalid format. It must be in YYYY-MM-DD HH:MM[:ss[.uuuuuu]][TZ] format."]
ERROR|06/Jun/2021 13:39:41|basehttp|3205893|140253477148416|"GET /currency_conversion_history/?from_date=&to_date=2021-6-6&from_currency=&to_currency= HTTP/1.1" 500 21642
ERROR|06/Jun/2021 13:42:39|log|3205893|140253458790144|Internal Server Error: /currency_conversion_history/
Traceback (most recent call last):
  File "/var/www/html/mobilitysqr_api/mobilitysqr_preprod_virtualenv/lib64/python3.6/site-packages/django/core/handlers/exception.py", line 34, in inner
    response = get_response(request)
  File "/var/www/html/mobilitysqr_api/mobilitysqr_preprod_virtualenv/lib64/python3.6/site-packages/django/core/handlers/base.py", line 126, in _get_response
    response = self.process_exception_by_middleware(e, request)
  File "/var/www/html/mobilitysqr_api/mobilitysqr_preprod_virtualenv/lib64/python3.6/site-packages/django/core/handlers/base.py", line 124, in _get_response
    response = wrapped_callback(request, *callback_args, **callback_kwargs)
  File "/var/www/html/mobilitysqr_api/mobilitysqr_preprod_virtualenv/lib64/python3.6/site-packages/django/views/decorators/csrf.py", line 54, in wrapped_view
    return view_func(*args, **kwargs)
  File "/var/www/html/mobilitysqr_api/mobilitysqr_preprod_virtualenv/lib64/python3.6/site-packages/django/views/generic/base.py", line 68, in view
    return self.dispatch(request, *args, **kwargs)
  File "/var/www/html/mobilitysqr_api/mobilitysqr_preprod_virtualenv/lib64/python3.6/site-packages/rest_framework/views.py", line 495, in dispatch
    response = self.handle_exception(exc)
  File "/var/www/html/mobilitysqr_api/mobilitysqr_preprod_virtualenv/lib64/python3.6/site-packages/rest_framework/views.py", line 455, in handle_exception
    self.raise_uncaught_exception(exc)
  File "/var/www/html/mobilitysqr_api/mobilitysqr_preprod_virtualenv/lib64/python3.6/site-packages/rest_framework/views.py", line 492, in dispatch
    response = handler(request, *args, **kwargs)
  File "/var/www/html/mobilitysqr_api/mobilitysqr_preprod_virtualenv/mobilitysqr_staging/mobility_apps/master/views/currency.py", line 359, in get
    currency = Currency_Conversion_History.objects.filter(from_currency=request.GET['from_currency'],to_currency=request.GET['to_currency'],conversion_date__gte=request.GET['from_date'],conversion_date__lte=request.GET['to_date'])
  File "/var/www/html/mobilitysqr_api/mobilitysqr_preprod_virtualenv/lib64/python3.6/site-packages/django/db/models/manager.py", line 82, in manager_method
    return getattr(self.get_queryset(), name)(*args, **kwargs)
  File "/var/www/html/mobilitysqr_api/mobilitysqr_preprod_virtualenv/lib64/python3.6/site-packages/django/db/models/query.py", line 841, in filter
    return self._filter_or_exclude(False, *args, **kwargs)
  File "/var/www/html/mobilitysqr_api/mobilitysqr_preprod_virtualenv/lib64/python3.6/site-packages/django/db/models/query.py", line 859, in _filter_or_exclude
    clone.query.add_q(Q(*args, **kwargs))
  File "/var/www/html/mobilitysqr_api/mobilitysqr_preprod_virtualenv/lib64/python3.6/site-packages/django/db/models/sql/query.py", line 1263, in add_q
    clause, _ = self._add_q(q_object, self.used_aliases)
  File "/var/www/html/mobilitysqr_api/mobilitysqr_preprod_virtualenv/lib64/python3.6/site-packages/django/db/models/sql/query.py", line 1287, in _add_q
    split_subq=split_subq,
  File "/var/www/html/mobilitysqr_api/mobilitysqr_preprod_virtualenv/lib64/python3.6/site-packages/django/db/models/sql/query.py", line 1225, in build_filter
    condition = self.build_lookup(lookups, col, value)
  File "/var/www/html/mobilitysqr_api/mobilitysqr_preprod_virtualenv/lib64/python3.6/site-packages/django/db/models/sql/query.py", line 1096, in build_lookup
    lookup = lookup_class(lhs, rhs)
  File "/var/www/html/mobilitysqr_api/mobilitysqr_preprod_virtualenv/lib64/python3.6/site-packages/django/db/models/lookups.py", line 20, in __init__
    self.rhs = self.get_prep_lookup()
  File "/var/www/html/mobilitysqr_api/mobilitysqr_preprod_virtualenv/lib64/python3.6/site-packages/django/db/models/lookups.py", line 70, in get_prep_lookup
    return self.lhs.output_field.get_prep_value(self.rhs)
  File "/var/www/html/mobilitysqr_api/mobilitysqr_preprod_virtualenv/lib64/python3.6/site-packages/django/db/models/fields/__init__.py", line 1408, in get_prep_value
    value = super().get_prep_value(value)
  File "/var/www/html/mobilitysqr_api/mobilitysqr_preprod_virtualenv/lib64/python3.6/site-packages/django/db/models/fields/__init__.py", line 1268, in get_prep_value
    return self.to_python(value)
  File "/var/www/html/mobilitysqr_api/mobilitysqr_preprod_virtualenv/lib64/python3.6/site-packages/django/db/models/fields/__init__.py", line 1393, in to_python
    params={'value': value},
django.core.exceptions.ValidationError: ["'' value has an invalid format. It must be in YYYY-MM-DD HH:MM[:ss[.uuuuuu]][TZ] format."]
ERROR|06/Jun/2021 13:42:39|basehttp|3205893|140253458790144|"GET /currency_conversion_history/?from_date=2020-1-1&to_date=&from_currency=&to_currency= HTTP/1.1" 500 21642
ERROR|06/Jun/2021 13:44:48|log|3206445|140384384395008|Internal Server Error: /currency_conversion_history/
Traceback (most recent call last):
  File "/var/www/html/mobilitysqr_api/mobilitysqr_preprod_virtualenv/lib64/python3.6/site-packages/django/core/handlers/exception.py", line 34, in inner
    response = get_response(request)
  File "/var/www/html/mobilitysqr_api/mobilitysqr_preprod_virtualenv/lib64/python3.6/site-packages/django/core/handlers/base.py", line 126, in _get_response
    response = self.process_exception_by_middleware(e, request)
  File "/var/www/html/mobilitysqr_api/mobilitysqr_preprod_virtualenv/lib64/python3.6/site-packages/django/core/handlers/base.py", line 124, in _get_response
    response = wrapped_callback(request, *callback_args, **callback_kwargs)
  File "/var/www/html/mobilitysqr_api/mobilitysqr_preprod_virtualenv/lib64/python3.6/site-packages/django/views/decorators/csrf.py", line 54, in wrapped_view
    return view_func(*args, **kwargs)
  File "/var/www/html/mobilitysqr_api/mobilitysqr_preprod_virtualenv/lib64/python3.6/site-packages/django/views/generic/base.py", line 68, in view
    return self.dispatch(request, *args, **kwargs)
  File "/var/www/html/mobilitysqr_api/mobilitysqr_preprod_virtualenv/lib64/python3.6/site-packages/rest_framework/views.py", line 495, in dispatch
    response = self.handle_exception(exc)
  File "/var/www/html/mobilitysqr_api/mobilitysqr_preprod_virtualenv/lib64/python3.6/site-packages/rest_framework/views.py", line 455, in handle_exception
    self.raise_uncaught_exception(exc)
  File "/var/www/html/mobilitysqr_api/mobilitysqr_preprod_virtualenv/lib64/python3.6/site-packages/rest_framework/views.py", line 492, in dispatch
    response = handler(request, *args, **kwargs)
  File "/var/www/html/mobilitysqr_api/mobilitysqr_preprod_virtualenv/mobilitysqr_staging/mobility_apps/master/views/currency.py", line 359, in get
    currency = Currency_Conversion_History.objects.filter(from_currency=request.GET['from_currency'],to_currency=request.GET['to_currency'],conversion_date__gte=request.GET['from_date'],conversion_date__lte=request.GET['to_date'])
  File "/var/www/html/mobilitysqr_api/mobilitysqr_preprod_virtualenv/lib64/python3.6/site-packages/django/db/models/manager.py", line 82, in manager_method
    return getattr(self.get_queryset(), name)(*args, **kwargs)
  File "/var/www/html/mobilitysqr_api/mobilitysqr_preprod_virtualenv/lib64/python3.6/site-packages/django/db/models/query.py", line 841, in filter
    return self._filter_or_exclude(False, *args, **kwargs)
  File "/var/www/html/mobilitysqr_api/mobilitysqr_preprod_virtualenv/lib64/python3.6/site-packages/django/db/models/query.py", line 859, in _filter_or_exclude
    clone.query.add_q(Q(*args, **kwargs))
  File "/var/www/html/mobilitysqr_api/mobilitysqr_preprod_virtualenv/lib64/python3.6/site-packages/django/db/models/sql/query.py", line 1263, in add_q
    clause, _ = self._add_q(q_object, self.used_aliases)
  File "/var/www/html/mobilitysqr_api/mobilitysqr_preprod_virtualenv/lib64/python3.6/site-packages/django/db/models/sql/query.py", line 1287, in _add_q
    split_subq=split_subq,
  File "/var/www/html/mobilitysqr_api/mobilitysqr_preprod_virtualenv/lib64/python3.6/site-packages/django/db/models/sql/query.py", line 1225, in build_filter
    condition = self.build_lookup(lookups, col, value)
  File "/var/www/html/mobilitysqr_api/mobilitysqr_preprod_virtualenv/lib64/python3.6/site-packages/django/db/models/sql/query.py", line 1096, in build_lookup
    lookup = lookup_class(lhs, rhs)
  File "/var/www/html/mobilitysqr_api/mobilitysqr_preprod_virtualenv/lib64/python3.6/site-packages/django/db/models/lookups.py", line 20, in __init__
    self.rhs = self.get_prep_lookup()
  File "/var/www/html/mobilitysqr_api/mobilitysqr_preprod_virtualenv/lib64/python3.6/site-packages/django/db/models/lookups.py", line 70, in get_prep_lookup
    return self.lhs.output_field.get_prep_value(self.rhs)
  File "/var/www/html/mobilitysqr_api/mobilitysqr_preprod_virtualenv/lib64/python3.6/site-packages/django/db/models/fields/__init__.py", line 1408, in get_prep_value
    value = super().get_prep_value(value)
  File "/var/www/html/mobilitysqr_api/mobilitysqr_preprod_virtualenv/lib64/python3.6/site-packages/django/db/models/fields/__init__.py", line 1268, in get_prep_value
    return self.to_python(value)
  File "/var/www/html/mobilitysqr_api/mobilitysqr_preprod_virtualenv/lib64/python3.6/site-packages/django/db/models/fields/__init__.py", line 1393, in to_python
    params={'value': value},
django.core.exceptions.ValidationError: ["'' value has an invalid format. It must be in YYYY-MM-DD HH:MM[:ss[.uuuuuu]][TZ] format."]
ERROR|06/Jun/2021 13:44:48|basehttp|3206445|140384384395008|"GET /currency_conversion_history/?from_date=&to_date=2021-6-6&from_currency=&to_currency= HTTP/1.1" 500 21642
ERROR|06/Jun/2021 13:45:35|log|3206445|140384384395008|Internal Server Error: /currency_conversion_history/
Traceback (most recent call last):
  File "/var/www/html/mobilitysqr_api/mobilitysqr_preprod_virtualenv/lib64/python3.6/site-packages/django/core/handlers/exception.py", line 34, in inner
    response = get_response(request)
  File "/var/www/html/mobilitysqr_api/mobilitysqr_preprod_virtualenv/lib64/python3.6/site-packages/django/core/handlers/base.py", line 126, in _get_response
    response = self.process_exception_by_middleware(e, request)
  File "/var/www/html/mobilitysqr_api/mobilitysqr_preprod_virtualenv/lib64/python3.6/site-packages/django/core/handlers/base.py", line 124, in _get_response
    response = wrapped_callback(request, *callback_args, **callback_kwargs)
  File "/var/www/html/mobilitysqr_api/mobilitysqr_preprod_virtualenv/lib64/python3.6/site-packages/django/views/decorators/csrf.py", line 54, in wrapped_view
    return view_func(*args, **kwargs)
  File "/var/www/html/mobilitysqr_api/mobilitysqr_preprod_virtualenv/lib64/python3.6/site-packages/django/views/generic/base.py", line 68, in view
    return self.dispatch(request, *args, **kwargs)
  File "/var/www/html/mobilitysqr_api/mobilitysqr_preprod_virtualenv/lib64/python3.6/site-packages/rest_framework/views.py", line 495, in dispatch
    response = self.handle_exception(exc)
  File "/var/www/html/mobilitysqr_api/mobilitysqr_preprod_virtualenv/lib64/python3.6/site-packages/rest_framework/views.py", line 455, in handle_exception
    self.raise_uncaught_exception(exc)
  File "/var/www/html/mobilitysqr_api/mobilitysqr_preprod_virtualenv/lib64/python3.6/site-packages/rest_framework/views.py", line 492, in dispatch
    response = handler(request, *args, **kwargs)
  File "/var/www/html/mobilitysqr_api/mobilitysqr_preprod_virtualenv/mobilitysqr_staging/mobility_apps/master/views/currency.py", line 359, in get
    currency = Currency_Conversion_History.objects.filter(from_currency=request.GET['from_currency'],to_currency=request.GET['to_currency'],conversion_date__gte=request.GET['from_date'],conversion_date__lte=request.GET['to_date'])
  File "/var/www/html/mobilitysqr_api/mobilitysqr_preprod_virtualenv/lib64/python3.6/site-packages/django/db/models/manager.py", line 82, in manager_method
    return getattr(self.get_queryset(), name)(*args, **kwargs)
  File "/var/www/html/mobilitysqr_api/mobilitysqr_preprod_virtualenv/lib64/python3.6/site-packages/django/db/models/query.py", line 841, in filter
    return self._filter_or_exclude(False, *args, **kwargs)
  File "/var/www/html/mobilitysqr_api/mobilitysqr_preprod_virtualenv/lib64/python3.6/site-packages/django/db/models/query.py", line 859, in _filter_or_exclude
    clone.query.add_q(Q(*args, **kwargs))
  File "/var/www/html/mobilitysqr_api/mobilitysqr_preprod_virtualenv/lib64/python3.6/site-packages/django/db/models/sql/query.py", line 1263, in add_q
    clause, _ = self._add_q(q_object, self.used_aliases)
  File "/var/www/html/mobilitysqr_api/mobilitysqr_preprod_virtualenv/lib64/python3.6/site-packages/django/db/models/sql/query.py", line 1287, in _add_q
    split_subq=split_subq,
  File "/var/www/html/mobilitysqr_api/mobilitysqr_preprod_virtualenv/lib64/python3.6/site-packages/django/db/models/sql/query.py", line 1225, in build_filter
    condition = self.build_lookup(lookups, col, value)
  File "/var/www/html/mobilitysqr_api/mobilitysqr_preprod_virtualenv/lib64/python3.6/site-packages/django/db/models/sql/query.py", line 1096, in build_lookup
    lookup = lookup_class(lhs, rhs)
  File "/var/www/html/mobilitysqr_api/mobilitysqr_preprod_virtualenv/lib64/python3.6/site-packages/django/db/models/lookups.py", line 20, in __init__
    self.rhs = self.get_prep_lookup()
  File "/var/www/html/mobilitysqr_api/mobilitysqr_preprod_virtualenv/lib64/python3.6/site-packages/django/db/models/lookups.py", line 70, in get_prep_lookup
    return self.lhs.output_field.get_prep_value(self.rhs)
  File "/var/www/html/mobilitysqr_api/mobilitysqr_preprod_virtualenv/lib64/python3.6/site-packages/django/db/models/fields/__init__.py", line 1408, in get_prep_value
    value = super().get_prep_value(value)
  File "/var/www/html/mobilitysqr_api/mobilitysqr_preprod_virtualenv/lib64/python3.6/site-packages/django/db/models/fields/__init__.py", line 1268, in get_prep_value
    return self.to_python(value)
  File "/var/www/html/mobilitysqr_api/mobilitysqr_preprod_virtualenv/lib64/python3.6/site-packages/django/db/models/fields/__init__.py", line 1393, in to_python
    params={'value': value},
django.core.exceptions.ValidationError: ["'' value has an invalid format. It must be in YYYY-MM-DD HH:MM[:ss[.uuuuuu]][TZ] format."]
ERROR|06/Jun/2021 13:45:35|basehttp|3206445|140384384395008|"GET /currency_conversion_history/?from_date=&to_date=2021-6-6&from_currency=&to_currency= HTTP/1.1" 500 21444
ERROR|06/Jun/2021 13:47:07|log|3206445|140384384395008|Internal Server Error: /currency_conversion_history/
Traceback (most recent call last):
  File "/var/www/html/mobilitysqr_api/mobilitysqr_preprod_virtualenv/lib64/python3.6/site-packages/django/core/handlers/exception.py", line 34, in inner
    response = get_response(request)
  File "/var/www/html/mobilitysqr_api/mobilitysqr_preprod_virtualenv/lib64/python3.6/site-packages/django/core/handlers/base.py", line 126, in _get_response
    response = self.process_exception_by_middleware(e, request)
  File "/var/www/html/mobilitysqr_api/mobilitysqr_preprod_virtualenv/lib64/python3.6/site-packages/django/core/handlers/base.py", line 124, in _get_response
    response = wrapped_callback(request, *callback_args, **callback_kwargs)
  File "/var/www/html/mobilitysqr_api/mobilitysqr_preprod_virtualenv/lib64/python3.6/site-packages/django/views/decorators/csrf.py", line 54, in wrapped_view
    return view_func(*args, **kwargs)
  File "/var/www/html/mobilitysqr_api/mobilitysqr_preprod_virtualenv/lib64/python3.6/site-packages/django/views/generic/base.py", line 68, in view
    return self.dispatch(request, *args, **kwargs)
  File "/var/www/html/mobilitysqr_api/mobilitysqr_preprod_virtualenv/lib64/python3.6/site-packages/rest_framework/views.py", line 495, in dispatch
    response = self.handle_exception(exc)
  File "/var/www/html/mobilitysqr_api/mobilitysqr_preprod_virtualenv/lib64/python3.6/site-packages/rest_framework/views.py", line 455, in handle_exception
    self.raise_uncaught_exception(exc)
  File "/var/www/html/mobilitysqr_api/mobilitysqr_preprod_virtualenv/lib64/python3.6/site-packages/rest_framework/views.py", line 492, in dispatch
    response = handler(request, *args, **kwargs)
  File "/var/www/html/mobilitysqr_api/mobilitysqr_preprod_virtualenv/mobilitysqr_staging/mobility_apps/master/views/currency.py", line 359, in get
    currency = Currency_Conversion_History.objects.filter(from_currency=request.GET['from_currency'],to_currency=request.GET['to_currency'],conversion_date__gte=request.GET['from_date'],conversion_date__lte=request.GET['to_date'])
  File "/var/www/html/mobilitysqr_api/mobilitysqr_preprod_virtualenv/lib64/python3.6/site-packages/django/db/models/manager.py", line 82, in manager_method
    return getattr(self.get_queryset(), name)(*args, **kwargs)
  File "/var/www/html/mobilitysqr_api/mobilitysqr_preprod_virtualenv/lib64/python3.6/site-packages/django/db/models/query.py", line 841, in filter
    return self._filter_or_exclude(False, *args, **kwargs)
  File "/var/www/html/mobilitysqr_api/mobilitysqr_preprod_virtualenv/lib64/python3.6/site-packages/django/db/models/query.py", line 859, in _filter_or_exclude
    clone.query.add_q(Q(*args, **kwargs))
  File "/var/www/html/mobilitysqr_api/mobilitysqr_preprod_virtualenv/lib64/python3.6/site-packages/django/db/models/sql/query.py", line 1263, in add_q
    clause, _ = self._add_q(q_object, self.used_aliases)
  File "/var/www/html/mobilitysqr_api/mobilitysqr_preprod_virtualenv/lib64/python3.6/site-packages/django/db/models/sql/query.py", line 1287, in _add_q
    split_subq=split_subq,
  File "/var/www/html/mobilitysqr_api/mobilitysqr_preprod_virtualenv/lib64/python3.6/site-packages/django/db/models/sql/query.py", line 1225, in build_filter
    condition = self.build_lookup(lookups, col, value)
  File "/var/www/html/mobilitysqr_api/mobilitysqr_preprod_virtualenv/lib64/python3.6/site-packages/django/db/models/sql/query.py", line 1096, in build_lookup
    lookup = lookup_class(lhs, rhs)
  File "/var/www/html/mobilitysqr_api/mobilitysqr_preprod_virtualenv/lib64/python3.6/site-packages/django/db/models/lookups.py", line 20, in __init__
    self.rhs = self.get_prep_lookup()
  File "/var/www/html/mobilitysqr_api/mobilitysqr_preprod_virtualenv/lib64/python3.6/site-packages/django/db/models/lookups.py", line 70, in get_prep_lookup
    return self.lhs.output_field.get_prep_value(self.rhs)
  File "/var/www/html/mobilitysqr_api/mobilitysqr_preprod_virtualenv/lib64/python3.6/site-packages/django/db/models/fields/__init__.py", line 1408, in get_prep_value
    value = super().get_prep_value(value)
  File "/var/www/html/mobilitysqr_api/mobilitysqr_preprod_virtualenv/lib64/python3.6/site-packages/django/db/models/fields/__init__.py", line 1268, in get_prep_value
    return self.to_python(value)
  File "/var/www/html/mobilitysqr_api/mobilitysqr_preprod_virtualenv/lib64/python3.6/site-packages/django/db/models/fields/__init__.py", line 1393, in to_python
    params={'value': value},
django.core.exceptions.ValidationError: ["'' value has an invalid format. It must be in YYYY-MM-DD HH:MM[:ss[.uuuuuu]][TZ] format."]
ERROR|06/Jun/2021 13:47:07|basehttp|3206445|140384384395008|"GET /currency_conversion_history/?from_date=&to_date=2021-6-6&from_currency=&to_currency= HTTP/1.1" 500 21444
ERROR|06/Jun/2021 13:49:00|log|3206886|140384625481472|Internal Server Error: /currency_conversion_history/
Traceback (most recent call last):
  File "/var/www/html/mobilitysqr_api/mobilitysqr_preprod_virtualenv/lib64/python3.6/site-packages/django/core/handlers/exception.py", line 34, in inner
    response = get_response(request)
  File "/var/www/html/mobilitysqr_api/mobilitysqr_preprod_virtualenv/lib64/python3.6/site-packages/django/core/handlers/base.py", line 126, in _get_response
    response = self.process_exception_by_middleware(e, request)
  File "/var/www/html/mobilitysqr_api/mobilitysqr_preprod_virtualenv/lib64/python3.6/site-packages/django/core/handlers/base.py", line 124, in _get_response
    response = wrapped_callback(request, *callback_args, **callback_kwargs)
  File "/var/www/html/mobilitysqr_api/mobilitysqr_preprod_virtualenv/lib64/python3.6/site-packages/django/views/decorators/csrf.py", line 54, in wrapped_view
    return view_func(*args, **kwargs)
  File "/var/www/html/mobilitysqr_api/mobilitysqr_preprod_virtualenv/lib64/python3.6/site-packages/django/views/generic/base.py", line 68, in view
    return self.dispatch(request, *args, **kwargs)
  File "/var/www/html/mobilitysqr_api/mobilitysqr_preprod_virtualenv/lib64/python3.6/site-packages/rest_framework/views.py", line 495, in dispatch
    response = self.handle_exception(exc)
  File "/var/www/html/mobilitysqr_api/mobilitysqr_preprod_virtualenv/lib64/python3.6/site-packages/rest_framework/views.py", line 455, in handle_exception
    self.raise_uncaught_exception(exc)
  File "/var/www/html/mobilitysqr_api/mobilitysqr_preprod_virtualenv/lib64/python3.6/site-packages/rest_framework/views.py", line 492, in dispatch
    response = handler(request, *args, **kwargs)
  File "/var/www/html/mobilitysqr_api/mobilitysqr_preprod_virtualenv/mobilitysqr_staging/mobility_apps/master/views/currency.py", line 359, in get
    currency = Currency_Conversion_History.objects.filter(from_currency=request.GET['from_currency'],to_currency=request.GET['to_currency'],conversion_date__gte=request.GET['from_date'],conversion_date__lte=request.GET['to_date'])
  File "/var/www/html/mobilitysqr_api/mobilitysqr_preprod_virtualenv/lib64/python3.6/site-packages/django/db/models/manager.py", line 82, in manager_method
    return getattr(self.get_queryset(), name)(*args, **kwargs)
  File "/var/www/html/mobilitysqr_api/mobilitysqr_preprod_virtualenv/lib64/python3.6/site-packages/django/db/models/query.py", line 841, in filter
    return self._filter_or_exclude(False, *args, **kwargs)
  File "/var/www/html/mobilitysqr_api/mobilitysqr_preprod_virtualenv/lib64/python3.6/site-packages/django/db/models/query.py", line 859, in _filter_or_exclude
    clone.query.add_q(Q(*args, **kwargs))
  File "/var/www/html/mobilitysqr_api/mobilitysqr_preprod_virtualenv/lib64/python3.6/site-packages/django/db/models/sql/query.py", line 1263, in add_q
    clause, _ = self._add_q(q_object, self.used_aliases)
  File "/var/www/html/mobilitysqr_api/mobilitysqr_preprod_virtualenv/lib64/python3.6/site-packages/django/db/models/sql/query.py", line 1287, in _add_q
    split_subq=split_subq,
  File "/var/www/html/mobilitysqr_api/mobilitysqr_preprod_virtualenv/lib64/python3.6/site-packages/django/db/models/sql/query.py", line 1225, in build_filter
    condition = self.build_lookup(lookups, col, value)
  File "/var/www/html/mobilitysqr_api/mobilitysqr_preprod_virtualenv/lib64/python3.6/site-packages/django/db/models/sql/query.py", line 1096, in build_lookup
    lookup = lookup_class(lhs, rhs)
  File "/var/www/html/mobilitysqr_api/mobilitysqr_preprod_virtualenv/lib64/python3.6/site-packages/django/db/models/lookups.py", line 20, in __init__
    self.rhs = self.get_prep_lookup()
  File "/var/www/html/mobilitysqr_api/mobilitysqr_preprod_virtualenv/lib64/python3.6/site-packages/django/db/models/lookups.py", line 70, in get_prep_lookup
    return self.lhs.output_field.get_prep_value(self.rhs)
  File "/var/www/html/mobilitysqr_api/mobilitysqr_preprod_virtualenv/lib64/python3.6/site-packages/django/db/models/fields/__init__.py", line 1408, in get_prep_value
    value = super().get_prep_value(value)
  File "/var/www/html/mobilitysqr_api/mobilitysqr_preprod_virtualenv/lib64/python3.6/site-packages/django/db/models/fields/__init__.py", line 1268, in get_prep_value
    return self.to_python(value)
  File "/var/www/html/mobilitysqr_api/mobilitysqr_preprod_virtualenv/lib64/python3.6/site-packages/django/db/models/fields/__init__.py", line 1393, in to_python
    params={'value': value},
django.core.exceptions.ValidationError: ["'' value has an invalid format. It must be in YYYY-MM-DD HH:MM[:ss[.uuuuuu]][TZ] format."]
ERROR|06/Jun/2021 13:49:00|basehttp|3206886|140384625481472|"GET /currency_conversion_history/?from_date=&to_date=2021-6-6&from_currency=&to_currency= HTTP/1.1" 500 21642
ERROR|06/Jun/2021 13:49:13|log|3206886|140384625481472|Internal Server Error: /currency_conversion_history/
Traceback (most recent call last):
  File "/var/www/html/mobilitysqr_api/mobilitysqr_preprod_virtualenv/lib64/python3.6/site-packages/django/core/handlers/exception.py", line 34, in inner
    response = get_response(request)
  File "/var/www/html/mobilitysqr_api/mobilitysqr_preprod_virtualenv/lib64/python3.6/site-packages/django/core/handlers/base.py", line 126, in _get_response
    response = self.process_exception_by_middleware(e, request)
  File "/var/www/html/mobilitysqr_api/mobilitysqr_preprod_virtualenv/lib64/python3.6/site-packages/django/core/handlers/base.py", line 124, in _get_response
    response = wrapped_callback(request, *callback_args, **callback_kwargs)
  File "/var/www/html/mobilitysqr_api/mobilitysqr_preprod_virtualenv/lib64/python3.6/site-packages/django/views/decorators/csrf.py", line 54, in wrapped_view
    return view_func(*args, **kwargs)
  File "/var/www/html/mobilitysqr_api/mobilitysqr_preprod_virtualenv/lib64/python3.6/site-packages/django/views/generic/base.py", line 68, in view
    return self.dispatch(request, *args, **kwargs)
  File "/var/www/html/mobilitysqr_api/mobilitysqr_preprod_virtualenv/lib64/python3.6/site-packages/rest_framework/views.py", line 495, in dispatch
    response = self.handle_exception(exc)
  File "/var/www/html/mobilitysqr_api/mobilitysqr_preprod_virtualenv/lib64/python3.6/site-packages/rest_framework/views.py", line 455, in handle_exception
    self.raise_uncaught_exception(exc)
  File "/var/www/html/mobilitysqr_api/mobilitysqr_preprod_virtualenv/lib64/python3.6/site-packages/rest_framework/views.py", line 492, in dispatch
    response = handler(request, *args, **kwargs)
  File "/var/www/html/mobilitysqr_api/mobilitysqr_preprod_virtualenv/mobilitysqr_staging/mobility_apps/master/views/currency.py", line 359, in get
    currency = Currency_Conversion_History.objects.filter(from_currency=request.GET['from_currency'],to_currency=request.GET['to_currency'],conversion_date__gte=request.GET['from_date'],conversion_date__lte=request.GET['to_date'])
  File "/var/www/html/mobilitysqr_api/mobilitysqr_preprod_virtualenv/lib64/python3.6/site-packages/django/db/models/manager.py", line 82, in manager_method
    return getattr(self.get_queryset(), name)(*args, **kwargs)
  File "/var/www/html/mobilitysqr_api/mobilitysqr_preprod_virtualenv/lib64/python3.6/site-packages/django/db/models/query.py", line 841, in filter
    return self._filter_or_exclude(False, *args, **kwargs)
  File "/var/www/html/mobilitysqr_api/mobilitysqr_preprod_virtualenv/lib64/python3.6/site-packages/django/db/models/query.py", line 859, in _filter_or_exclude
    clone.query.add_q(Q(*args, **kwargs))
  File "/var/www/html/mobilitysqr_api/mobilitysqr_preprod_virtualenv/lib64/python3.6/site-packages/django/db/models/sql/query.py", line 1263, in add_q
    clause, _ = self._add_q(q_object, self.used_aliases)
  File "/var/www/html/mobilitysqr_api/mobilitysqr_preprod_virtualenv/lib64/python3.6/site-packages/django/db/models/sql/query.py", line 1287, in _add_q
    split_subq=split_subq,
  File "/var/www/html/mobilitysqr_api/mobilitysqr_preprod_virtualenv/lib64/python3.6/site-packages/django/db/models/sql/query.py", line 1225, in build_filter
    condition = self.build_lookup(lookups, col, value)
  File "/var/www/html/mobilitysqr_api/mobilitysqr_preprod_virtualenv/lib64/python3.6/site-packages/django/db/models/sql/query.py", line 1096, in build_lookup
    lookup = lookup_class(lhs, rhs)
  File "/var/www/html/mobilitysqr_api/mobilitysqr_preprod_virtualenv/lib64/python3.6/site-packages/django/db/models/lookups.py", line 20, in __init__
    self.rhs = self.get_prep_lookup()
  File "/var/www/html/mobilitysqr_api/mobilitysqr_preprod_virtualenv/lib64/python3.6/site-packages/django/db/models/lookups.py", line 70, in get_prep_lookup
    return self.lhs.output_field.get_prep_value(self.rhs)
  File "/var/www/html/mobilitysqr_api/mobilitysqr_preprod_virtualenv/lib64/python3.6/site-packages/django/db/models/fields/__init__.py", line 1408, in get_prep_value
    value = super().get_prep_value(value)
  File "/var/www/html/mobilitysqr_api/mobilitysqr_preprod_virtualenv/lib64/python3.6/site-packages/django/db/models/fields/__init__.py", line 1268, in get_prep_value
    return self.to_python(value)
  File "/var/www/html/mobilitysqr_api/mobilitysqr_preprod_virtualenv/lib64/python3.6/site-packages/django/db/models/fields/__init__.py", line 1393, in to_python
    params={'value': value},
django.core.exceptions.ValidationError: ["'' value has an invalid format. It must be in YYYY-MM-DD HH:MM[:ss[.uuuuuu]][TZ] format."]
ERROR|06/Jun/2021 13:49:13|basehttp|3206886|140384625481472|"GET /currency_conversion_history/?from_date=&to_date=2021-6-6&from_currency=&to_currency= HTTP/1.1" 500 21444
ERROR|06/Jun/2021 13:50:40|log|3207072|139932380579584|Internal Server Error: /currency_conversion_history/
Traceback (most recent call last):
  File "/var/www/html/mobilitysqr_api/mobilitysqr_preprod_virtualenv/lib64/python3.6/site-packages/django/core/handlers/exception.py", line 34, in inner
    response = get_response(request)
  File "/var/www/html/mobilitysqr_api/mobilitysqr_preprod_virtualenv/lib64/python3.6/site-packages/django/core/handlers/base.py", line 126, in _get_response
    response = self.process_exception_by_middleware(e, request)
  File "/var/www/html/mobilitysqr_api/mobilitysqr_preprod_virtualenv/lib64/python3.6/site-packages/django/core/handlers/base.py", line 124, in _get_response
    response = wrapped_callback(request, *callback_args, **callback_kwargs)
  File "/var/www/html/mobilitysqr_api/mobilitysqr_preprod_virtualenv/lib64/python3.6/site-packages/django/views/decorators/csrf.py", line 54, in wrapped_view
    return view_func(*args, **kwargs)
  File "/var/www/html/mobilitysqr_api/mobilitysqr_preprod_virtualenv/lib64/python3.6/site-packages/django/views/generic/base.py", line 68, in view
    return self.dispatch(request, *args, **kwargs)
  File "/var/www/html/mobilitysqr_api/mobilitysqr_preprod_virtualenv/lib64/python3.6/site-packages/rest_framework/views.py", line 495, in dispatch
    response = self.handle_exception(exc)
  File "/var/www/html/mobilitysqr_api/mobilitysqr_preprod_virtualenv/lib64/python3.6/site-packages/rest_framework/views.py", line 455, in handle_exception
    self.raise_uncaught_exception(exc)
  File "/var/www/html/mobilitysqr_api/mobilitysqr_preprod_virtualenv/lib64/python3.6/site-packages/rest_framework/views.py", line 492, in dispatch
    response = handler(request, *args, **kwargs)
  File "/var/www/html/mobilitysqr_api/mobilitysqr_preprod_virtualenv/mobilitysqr_staging/mobility_apps/master/views/currency.py", line 368, in get
    filter_query = Q()
NameError: name 'Q' is not defined
ERROR|06/Jun/2021 13:50:40|basehttp|3207072|139932380579584|"GET /currency_conversion_history/?from_date=&to_date=2021-6-6&from_currency=&to_currency= HTTP/1.1" 500 18844
ERROR|06/Jun/2021 15:42:52|log|3218909|140475685050112|Internal Server Error: /get_add/vendor/
Traceback (most recent call last):
  File "/var/www/html/mobilitysqr_api/mobilitysqr_preprod_virtualenv/lib64/python3.6/site-packages/django/core/handlers/exception.py", line 34, in inner
    response = get_response(request)
  File "/var/www/html/mobilitysqr_api/mobilitysqr_preprod_virtualenv/lib64/python3.6/site-packages/django/core/handlers/base.py", line 126, in _get_response
    response = self.process_exception_by_middleware(e, request)
  File "/var/www/html/mobilitysqr_api/mobilitysqr_preprod_virtualenv/lib64/python3.6/site-packages/django/core/handlers/base.py", line 124, in _get_response
    response = wrapped_callback(request, *callback_args, **callback_kwargs)
  File "/var/www/html/mobilitysqr_api/mobilitysqr_preprod_virtualenv/lib64/python3.6/site-packages/django/views/decorators/csrf.py", line 54, in wrapped_view
    return view_func(*args, **kwargs)
  File "/var/www/html/mobilitysqr_api/mobilitysqr_preprod_virtualenv/lib64/python3.6/site-packages/django/views/generic/base.py", line 68, in view
    return self.dispatch(request, *args, **kwargs)
  File "/var/www/html/mobilitysqr_api/mobilitysqr_preprod_virtualenv/lib64/python3.6/site-packages/rest_framework/views.py", line 495, in dispatch
    response = self.handle_exception(exc)
  File "/var/www/html/mobilitysqr_api/mobilitysqr_preprod_virtualenv/lib64/python3.6/site-packages/rest_framework/views.py", line 455, in handle_exception
    self.raise_uncaught_exception(exc)
  File "/var/www/html/mobilitysqr_api/mobilitysqr_preprod_virtualenv/lib64/python3.6/site-packages/rest_framework/views.py", line 492, in dispatch
    response = handler(request, *args, **kwargs)
  File "/var/www/html/mobilitysqr_api/mobilitysqr_preprod_virtualenv/mobilitysqr_staging/mobility_apps/master/views/vendor.py", line 113, in post
    data = Vendor.object.get(vendor_email__iexact=request.data['vendor_email'])
AttributeError: type object 'Vendor' has no attribute 'object'
ERROR|06/Jun/2021 15:42:52|basehttp|3218909|140475685050112|"POST /get_add/vendor/ HTTP/1.1" 500 18748
ERROR|06/Jun/2021 15:45:20|log|3219247|140146952054528|Internal Server Error: /get_add/vendor/
Traceback (most recent call last):
  File "/var/www/html/mobilitysqr_api/mobilitysqr_preprod_virtualenv/lib64/python3.6/site-packages/django/core/handlers/exception.py", line 34, in inner
    response = get_response(request)
  File "/var/www/html/mobilitysqr_api/mobilitysqr_preprod_virtualenv/lib64/python3.6/site-packages/django/core/handlers/base.py", line 126, in _get_response
    response = self.process_exception_by_middleware(e, request)
  File "/var/www/html/mobilitysqr_api/mobilitysqr_preprod_virtualenv/lib64/python3.6/site-packages/django/core/handlers/base.py", line 124, in _get_response
    response = wrapped_callback(request, *callback_args, **callback_kwargs)
  File "/var/www/html/mobilitysqr_api/mobilitysqr_preprod_virtualenv/lib64/python3.6/site-packages/django/views/decorators/csrf.py", line 54, in wrapped_view
    return view_func(*args, **kwargs)
  File "/var/www/html/mobilitysqr_api/mobilitysqr_preprod_virtualenv/lib64/python3.6/site-packages/django/views/generic/base.py", line 68, in view
    return self.dispatch(request, *args, **kwargs)
  File "/var/www/html/mobilitysqr_api/mobilitysqr_preprod_virtualenv/lib64/python3.6/site-packages/rest_framework/views.py", line 495, in dispatch
    response = self.handle_exception(exc)
  File "/var/www/html/mobilitysqr_api/mobilitysqr_preprod_virtualenv/lib64/python3.6/site-packages/rest_framework/views.py", line 455, in handle_exception
    self.raise_uncaught_exception(exc)
  File "/var/www/html/mobilitysqr_api/mobilitysqr_preprod_virtualenv/lib64/python3.6/site-packages/rest_framework/views.py", line 492, in dispatch
    response = handler(request, *args, **kwargs)
  File "/var/www/html/mobilitysqr_api/mobilitysqr_preprod_virtualenv/mobilitysqr_staging/mobility_apps/master/views/vendor.py", line 113, in post
    data = Vendor.object.get(vendor_email__iexact=request.data['vendor_email'])
AttributeError: type object 'Vendor' has no attribute 'object'
ERROR|06/Jun/2021 15:45:20|basehttp|3219247|140146952054528|"POST /get_add/vendor/ HTTP/1.1" 500 18748
ERROR|06/Jun/2021 15:49:46|log|3219660|140047992551168|Internal Server Error: /get_add/vendor/
Traceback (most recent call last):
  File "/var/www/html/mobilitysqr_api/mobilitysqr_preprod_virtualenv/lib64/python3.6/site-packages/django/core/handlers/exception.py", line 34, in inner
    response = get_response(request)
  File "/var/www/html/mobilitysqr_api/mobilitysqr_preprod_virtualenv/lib64/python3.6/site-packages/django/core/handlers/base.py", line 126, in _get_response
    response = self.process_exception_by_middleware(e, request)
  File "/var/www/html/mobilitysqr_api/mobilitysqr_preprod_virtualenv/lib64/python3.6/site-packages/django/core/handlers/base.py", line 124, in _get_response
    response = wrapped_callback(request, *callback_args, **callback_kwargs)
  File "/var/www/html/mobilitysqr_api/mobilitysqr_preprod_virtualenv/lib64/python3.6/site-packages/django/views/decorators/csrf.py", line 54, in wrapped_view
    return view_func(*args, **kwargs)
  File "/var/www/html/mobilitysqr_api/mobilitysqr_preprod_virtualenv/lib64/python3.6/site-packages/django/views/generic/base.py", line 68, in view
    return self.dispatch(request, *args, **kwargs)
  File "/var/www/html/mobilitysqr_api/mobilitysqr_preprod_virtualenv/lib64/python3.6/site-packages/rest_framework/views.py", line 495, in dispatch
    response = self.handle_exception(exc)
  File "/var/www/html/mobilitysqr_api/mobilitysqr_preprod_virtualenv/lib64/python3.6/site-packages/rest_framework/views.py", line 455, in handle_exception
    self.raise_uncaught_exception(exc)
  File "/var/www/html/mobilitysqr_api/mobilitysqr_preprod_virtualenv/lib64/python3.6/site-packages/rest_framework/views.py", line 492, in dispatch
    response = handler(request, *args, **kwargs)
  File "/var/www/html/mobilitysqr_api/mobilitysqr_preprod_virtualenv/mobilitysqr_staging/mobility_apps/master/views/vendor.py", line 113, in post
    data = Vendor.object.get(vendor_email__iexact=request.data['vendor_email'])
AttributeError: type object 'Vendor' has no attribute 'object'
ERROR|06/Jun/2021 15:49:46|basehttp|3219660|140047992551168|"POST /get_add/vendor/ HTTP/1.1" 500 18748
ERROR|06/Jun/2021 15:50:55|log|3219843|140637007312640|Internal Server Error: /get_add/vendor/
Traceback (most recent call last):
  File "/var/www/html/mobilitysqr_api/mobilitysqr_preprod_virtualenv/lib64/python3.6/site-packages/django/core/handlers/exception.py", line 34, in inner
    response = get_response(request)
  File "/var/www/html/mobilitysqr_api/mobilitysqr_preprod_virtualenv/lib64/python3.6/site-packages/django/core/handlers/base.py", line 126, in _get_response
    response = self.process_exception_by_middleware(e, request)
  File "/var/www/html/mobilitysqr_api/mobilitysqr_preprod_virtualenv/lib64/python3.6/site-packages/django/core/handlers/base.py", line 124, in _get_response
    response = wrapped_callback(request, *callback_args, **callback_kwargs)
  File "/var/www/html/mobilitysqr_api/mobilitysqr_preprod_virtualenv/lib64/python3.6/site-packages/django/views/decorators/csrf.py", line 54, in wrapped_view
    return view_func(*args, **kwargs)
  File "/var/www/html/mobilitysqr_api/mobilitysqr_preprod_virtualenv/lib64/python3.6/site-packages/django/views/generic/base.py", line 68, in view
    return self.dispatch(request, *args, **kwargs)
  File "/var/www/html/mobilitysqr_api/mobilitysqr_preprod_virtualenv/lib64/python3.6/site-packages/rest_framework/views.py", line 495, in dispatch
    response = self.handle_exception(exc)
  File "/var/www/html/mobilitysqr_api/mobilitysqr_preprod_virtualenv/lib64/python3.6/site-packages/rest_framework/views.py", line 455, in handle_exception
    self.raise_uncaught_exception(exc)
  File "/var/www/html/mobilitysqr_api/mobilitysqr_preprod_virtualenv/lib64/python3.6/site-packages/rest_framework/views.py", line 492, in dispatch
    response = handler(request, *args, **kwargs)
  File "/var/www/html/mobilitysqr_api/mobilitysqr_preprod_virtualenv/mobilitysqr_staging/mobility_apps/master/views/vendor.py", line 113, in post
    data = Vendor.objects.get(vendor_email__iexact=request.data['vendor_email'])
  File "/var/www/html/mobilitysqr_api/mobilitysqr_preprod_virtualenv/lib64/python3.6/site-packages/django/db/models/manager.py", line 82, in manager_method
    return getattr(self.get_queryset(), name)(*args, **kwargs)
  File "/var/www/html/mobilitysqr_api/mobilitysqr_preprod_virtualenv/lib64/python3.6/site-packages/django/db/models/query.py", line 399, in get
    self.model._meta.object_name
mobility_apps.master.models.Vendor.DoesNotExist: Vendor matching query does not exist.
ERROR|06/Jun/2021 15:50:55|basehttp|3219843|140637007312640|"POST /get_add/vendor/ HTTP/1.1" 500 19137
ERROR|06/Jun/2021 16:19:47|basehttp|3220228|140066357749504|"GET /get_add/country/ HTTP/1.1" 500 59
ERROR|07/Jun/2021 13:29:53|log|3248289|140443543136000|Internal Server Error: /get_post_country_policy/
Traceback (most recent call last):
  File "/var/www/html/mobilitysqr_api/mobilitysqr_preprod_virtualenv/lib64/python3.6/site-packages/django/core/handlers/exception.py", line 34, in inner
    response = get_response(request)
  File "/var/www/html/mobilitysqr_api/mobilitysqr_preprod_virtualenv/lib64/python3.6/site-packages/django/core/handlers/base.py", line 126, in _get_response
    response = self.process_exception_by_middleware(e, request)
  File "/var/www/html/mobilitysqr_api/mobilitysqr_preprod_virtualenv/lib64/python3.6/site-packages/django/core/handlers/base.py", line 124, in _get_response
    response = wrapped_callback(request, *callback_args, **callback_kwargs)
  File "/var/www/html/mobilitysqr_api/mobilitysqr_preprod_virtualenv/lib64/python3.6/site-packages/django/views/decorators/csrf.py", line 54, in wrapped_view
    return view_func(*args, **kwargs)
  File "/var/www/html/mobilitysqr_api/mobilitysqr_preprod_virtualenv/lib64/python3.6/site-packages/django/views/generic/base.py", line 68, in view
    return self.dispatch(request, *args, **kwargs)
  File "/var/www/html/mobilitysqr_api/mobilitysqr_preprod_virtualenv/lib64/python3.6/site-packages/rest_framework/views.py", line 495, in dispatch
    response = self.handle_exception(exc)
  File "/var/www/html/mobilitysqr_api/mobilitysqr_preprod_virtualenv/lib64/python3.6/site-packages/rest_framework/views.py", line 455, in handle_exception
    self.raise_uncaught_exception(exc)
  File "/var/www/html/mobilitysqr_api/mobilitysqr_preprod_virtualenv/lib64/python3.6/site-packages/rest_framework/views.py", line 492, in dispatch
    response = handler(request, *args, **kwargs)
  File "/var/www/html/mobilitysqr_api/mobilitysqr_preprod_virtualenv/mobilitysqr_staging/mobility_apps/master/views/country.py", line 903, in get
    print(country[0]['bv_threshold'])
  File "/var/www/html/mobilitysqr_api/mobilitysqr_preprod_virtualenv/lib64/python3.6/site-packages/django/db/models/query.py", line 303, in __getitem__
    return qs._result_cache[0]
IndexError: list index out of range
ERROR|07/Jun/2021 13:29:53|basehttp|3248289|140443543136000|"GET /get_post_country_policy/?days=8&country_code=Slovakia HTTP/1.1" 500 18947
