ERROR|18/Feb/2021 12:45:07|log|13085|140292757911296|Internal Server Error: /get_projects/
Traceback (most recent call last):
  File "/home/mobilitysqr/.local/lib/python3.6/site-packages/django/core/handlers/exception.py", line 34, in inner
    response = get_response(request)
  File "/home/mobilitysqr/.local/lib/python3.6/site-packages/django/core/handlers/base.py", line 126, in _get_response
    response = self.process_exception_by_middleware(e, request)
  File "/home/mobilitysqr/.local/lib/python3.6/site-packages/django/core/handlers/base.py", line 124, in _get_response
    response = wrapped_callback(request, *callback_args, **callback_kwargs)
  File "/home/mobilitysqr/.local/lib/python3.6/site-packages/django/views/decorators/csrf.py", line 54, in wrapped_view
    return view_func(*args, **kwargs)
  File "/home/mobilitysqr/.local/lib/python3.6/site-packages/django/views/generic/base.py", line 68, in view
    return self.dispatch(request, *args, **kwargs)
  File "/home/mobilitysqr/.local/lib/python3.6/site-packages/rest_framework/views.py", line 495, in dispatch
    response = self.handle_exception(exc)
  File "/home/mobilitysqr/.local/lib/python3.6/site-packages/rest_framework/views.py", line 455, in handle_exception
    self.raise_uncaught_exception(exc)
  File "/home/mobilitysqr/.local/lib/python3.6/site-packages/rest_framework/views.py", line 492, in dispatch
    response = handler(request, *args, **kwargs)
  File "/var/www/html/mobilitysqr_staging/mobility_apps/master/views/project.py", line 244, in get
    serializer.data[0]['business_lead']=self.employee_name(emp_code=data['business_lead'])
UnboundLocalError: local variable 'data' referenced before assignment
ERROR|18/Feb/2021 12:45:07|basehttp|13085|140292757911296|"GET /get_projects/?page=1&search=&org=ORG150866 HTTP/1.1" 500 17502
ERROR|18/Feb/2021 12:45:11|log|13085|140292757911296|Internal Server Error: /get_projects/
Traceback (most recent call last):
  File "/home/mobilitysqr/.local/lib/python3.6/site-packages/django/core/handlers/exception.py", line 34, in inner
    response = get_response(request)
  File "/home/mobilitysqr/.local/lib/python3.6/site-packages/django/core/handlers/base.py", line 126, in _get_response
    response = self.process_exception_by_middleware(e, request)
  File "/home/mobilitysqr/.local/lib/python3.6/site-packages/django/core/handlers/base.py", line 124, in _get_response
    response = wrapped_callback(request, *callback_args, **callback_kwargs)
  File "/home/mobilitysqr/.local/lib/python3.6/site-packages/django/views/decorators/csrf.py", line 54, in wrapped_view
    return view_func(*args, **kwargs)
  File "/home/mobilitysqr/.local/lib/python3.6/site-packages/django/views/generic/base.py", line 68, in view
    return self.dispatch(request, *args, **kwargs)
  File "/home/mobilitysqr/.local/lib/python3.6/site-packages/rest_framework/views.py", line 495, in dispatch
    response = self.handle_exception(exc)
  File "/home/mobilitysqr/.local/lib/python3.6/site-packages/rest_framework/views.py", line 455, in handle_exception
    self.raise_uncaught_exception(exc)
  File "/home/mobilitysqr/.local/lib/python3.6/site-packages/rest_framework/views.py", line 492, in dispatch
    response = handler(request, *args, **kwargs)
  File "/var/www/html/mobilitysqr_staging/mobility_apps/master/views/project.py", line 244, in get
    serializer.data[0]['business_lead']=self.employee_name(emp_code=data['business_lead'])
UnboundLocalError: local variable 'data' referenced before assignment
ERROR|18/Feb/2021 12:45:11|basehttp|13085|140292757911296|"GET /get_projects/?page=1&search=&org=ORG150866 HTTP/1.1" 500 17502
ERROR|18/Feb/2021 13:38:25|exception|13127|140097016260352|Invalid HTTP_HOST header: ''. The domain name provided is not valid according to RFC 1034/1035.
ERROR|18/Feb/2021 15:12:30|exception|13127|140096903304960|Invalid HTTP_HOST header: ''. The domain name provided is not valid according to RFC 1034/1035.
ERROR|18/Feb/2021 15:12:30|basehttp|13127|140096903304960|"GET /manager/html HTTP/1.1" 500 59
ERROR|18/Feb/2021 15:37:03|exception|13127|140096903304960|Invalid HTTP_HOST header: ''. The domain name provided is not valid according to RFC 1034/1035.
ERROR|18/Feb/2021 15:39:00|exception|13127|140096903304960|Invalid HTTP_HOST header: ''. The domain name provided is not valid according to RFC 1034/1035.
ERROR|18/Feb/2021 18:08:40|exception|13127|140096903304960|Invalid HTTP_HOST header: ''. The domain name provided is not valid according to RFC 1034/1035.
ERROR|18/Feb/2021 18:11:49|basehttp|13127|140096903304960|"GET /admin-scripts.asp HTTP/1.1" 500 59
ERROR|18/Feb/2021 18:11:49|basehttp|13127|140096903304960|"GET /admin-scripts.asp HTTP/1.1" 500 59
ERROR|18/Feb/2021 19:12:44|exception|13127|140096903304960|Invalid HTTP_HOST header: ''. The domain name provided is not valid according to RFC 1034/1035.
ERROR|18/Feb/2021 19:34:20|exception|13127|140096903304960|Invalid HTTP_HOST header: ''. The domain name provided is not valid according to RFC 1034/1035.
ERROR|18/Feb/2021 21:12:13|exception|13127|140097016260352|Invalid HTTP_HOST header: ''. The domain name provided is not valid according to RFC 1034/1035.
ERROR|18/Feb/2021 22:06:18|exception|13127|140097016260352|Invalid HTTP_HOST header: ''. The domain name provided is not valid according to RFC 1034/1035.
ERROR|18/Feb/2021 22:48:59|exception|13127|140097016260352|Invalid HTTP_HOST header: ''. The domain name provided is not valid according to RFC 1034/1035.
ERROR|18/Feb/2021 22:48:59|basehttp|13127|140097016260352|"GET /manager/html HTTP/1.1" 500 59
