ERROR|24/Mar/2021 16:33:47|exception|19895|139969107162880|Invalid HTTP_HOST header: ''. The domain name provided is not valid according to RFC 1034/1035.
ERROR|24/Mar/2021 16:33:47|basehttp|19895|139969107162880|"GET /manager/html HTTP/1.1" 500 59
ERROR|24/Mar/2021 17:11:30|exception|19895|139968747923200|Invalid HTTP_HOST header: ''. The domain name provided is not valid according to RFC 1034/1035.
ERROR|24/Mar/2021 18:10:30|exception|19895|139969124210432|Invalid HTTP_HOST header: ''. The domain name provided is not valid according to RFC 1034/1035.
ERROR|24/Mar/2021 21:07:48|exception|19895|139969124210432|Invalid HTTP_HOST header: ''. The domain name provided is not valid according to RFC 1034/1035.
ERROR|24/Mar/2021 21:18:55|exception|19895|139969124210432|Invalid HTTP_HOST header: ''. The domain name provided is not valid according to RFC 1034/1035.
ERROR|24/Mar/2021 21:18:55|basehttp|19895|139969124210432|"GET /manager/html HTTP/1.1" 500 59
ERROR|24/Mar/2021 22:18:16|basehttp|19895|139969124210432|You're accessing the development server over HTTPS, but it only supports HTTP.

ERROR|24/Mar/2021 22:52:39|exception|19895|139969124210432|Invalid HTTP_HOST header: ''. The domain name provided is not valid according to RFC 1034/1035.
ERROR|24/Mar/2021 23:43:25|basehttp|19895|139968756315904|You're accessing the development server over HTTPS, but it only supports HTTP.

ERROR|24/Mar/2021 23:43:26|basehttp|19895|139968756315904|You're accessing the development server over HTTPS, but it only supports HTTP.

ERROR|24/Mar/2021 23:49:11|basehttp|19895|139968756315904|"GET /favicon.ico HTTP/1.1" 500 59
ERROR|25/Mar/2021 01:01:50|exception|19895|139968747923200|Invalid HTTP_HOST header: ''. The domain name provided is not valid according to RFC 1034/1035.
ERROR|25/Mar/2021 02:26:09|exception|19895|139969124210432|Invalid HTTP_HOST header: ''. The domain name provided is not valid according to RFC 1034/1035.
ERROR|25/Mar/2021 03:58:45|basehttp|19895|139969124210432|"GET /config/getuser?index=0 HTTP/1.1" 500 59
ERROR|25/Mar/2021 04:31:07|exception|19895|139969124210432|Invalid HTTP_HOST header: ''. The domain name provided is not valid according to RFC 1034/1035.
ERROR|25/Mar/2021 04:31:07|basehttp|19895|139969124210432|"GET /manager/html HTTP/1.1" 500 59
ERROR|25/Mar/2021 04:54:19|exception|19895|139969124210432|Invalid HTTP_HOST header: ''. The domain name provided is not valid according to RFC 1034/1035.
ERROR|25/Mar/2021 06:05:49|exception|19895|139969124210432|Invalid HTTP_HOST header: ''. The domain name provided is not valid according to RFC 1034/1035.
ERROR|25/Mar/2021 07:39:21|exception|19895|139969124210432|Invalid HTTP_HOST header: ''. The domain name provided is not valid according to RFC 1034/1035.
ERROR|25/Mar/2021 07:39:21|basehttp|19895|139969124210432|"GET /manager/html HTTP/1.1" 500 59
ERROR|25/Mar/2021 08:38:03|exception|19895|139968756315904|Invalid HTTP_HOST header: ''. The domain name provided is not valid according to RFC 1034/1035.
ERROR|25/Mar/2021 08:59:06|exception|19895|139968756315904|Invalid HTTP_HOST header: ''. The domain name provided is not valid according to RFC 1034/1035.
