ERROR|22/Mar/2021 17:57:42|exception|27977|140053324732160|Invalid HTTP_HOST header: ''. The domain name provided is not valid according to RFC 1034/1035.
ERROR|22/Mar/2021 18:08:09|basehttp|27977|140053341517568|"GET /config/getuser?index=0 HTTP/1.1" 500 59
ERROR|22/Mar/2021 19:18:43|exception|27977|140052977940224|Invalid HTTP_HOST header: ''. The domain name provided is not valid according to RFC 1034/1035.
ERROR|22/Mar/2021 21:52:25|basehttp|27977|140052977940224|You're accessing the development server over HTTPS, but it only supports HTTP.

ERROR|22/Mar/2021 22:56:23|exception|27977|140052961154816|Invalid HTTP_HOST header: ''. The domain name provided is not valid according to RFC 1034/1035.
ERROR|22/Mar/2021 23:41:13|basehttp|27977|140052977940224|You're accessing the development server over HTTPS, but it only supports HTTP.

ERROR|23/Mar/2021 01:36:12|exception|27977|140052961154816|Invalid HTTP_HOST header: ''. The domain name provided is not valid according to RFC 1034/1035.
ERROR|23/Mar/2021 03:06:41|exception|27977|140052961154816|Invalid HTTP_HOST header: ''. The domain name provided is not valid according to RFC 1034/1035.
ERROR|23/Mar/2021 03:34:04|exception|27977|140052961154816|Invalid HTTP_HOST header: ''. The domain name provided is not valid according to RFC 1034/1035.
ERROR|23/Mar/2021 04:56:36|exception|27977|140052961154816|Invalid HTTP_HOST header: ''. The domain name provided is not valid according to RFC 1034/1035.
ERROR|23/Mar/2021 05:57:44|exception|27977|140052961154816|Invalid HTTP_HOST header: ''. The domain name provided is not valid according to RFC 1034/1035.
ERROR|23/Mar/2021 06:52:05|exception|27977|140052961154816|Invalid HTTP_HOST header: ''. The domain name provided is not valid according to RFC 1034/1035.
ERROR|23/Mar/2021 07:18:46|exception|27977|140052961154816|Invalid HTTP_HOST header: ''. The domain name provided is not valid according to RFC 1034/1035.
ERROR|23/Mar/2021 07:18:46|basehttp|27977|140052961154816|"GET /manager/html HTTP/1.1" 500 59
ERROR|23/Mar/2021 08:46:12|exception|27977|140052961154816|Invalid HTTP_HOST header: ''. The domain name provided is not valid according to RFC 1034/1035.
ERROR|23/Mar/2021 08:46:13|basehttp|27977|140052961154816|"GET /manager/html HTTP/1.1" 500 59
ERROR|23/Mar/2021 10:42:15|exception|27977|140053333124864|Invalid HTTP_HOST header: ''. The domain name provided is not valid according to RFC 1034/1035.
ERROR|23/Mar/2021 13:01:19|exception|27977|140052961154816|Invalid HTTP_HOST header: ''. The domain name provided is not valid according to RFC 1034/1035.
ERROR|23/Mar/2021 13:01:19|basehttp|27977|140052961154816|"GET /manager/html HTTP/1.1" 500 59
ERROR|23/Mar/2021 14:32:29|exception|27977|140053341517568|Invalid HTTP_HOST header: ''. The domain name provided is not valid according to RFC 1034/1035.
ERROR|23/Mar/2021 15:11:21|basehttp|27977|140053324732160|"GET /media/image_cropper_1616419679191.png HTTP/1.1" 500 59
ERROR|23/Mar/2021 15:31:14|basehttp|27977|140052952762112|You're accessing the development server over HTTPS, but it only supports HTTP.

ERROR|23/Mar/2021 17:25:33|exception|27977|140052952762112|Invalid HTTP_HOST header: ''. The domain name provided is not valid according to RFC 1034/1035.
ERROR|23/Mar/2021 18:20:10|exception|27977|140052935976704|Invalid HTTP_HOST header: ''. The domain name provided is not valid according to RFC 1034/1035.
