ERROR|29/Jun/2021 17:58:32|log|17336|5556|Internal Server Error: /get_post_vendor_income/
Traceback (most recent call last):
  File "C:\Users\younity-2\AppData\Local\Programs\Python\Python38\lib\site-packages\django\core\handlers\exception.py", line 34, in inner
    response = get_response(request)
  File "C:\Users\younity-2\AppData\Local\Programs\Python\Python38\lib\site-packages\django\core\handlers\base.py", line 115, in _get_response
    response = self.process_exception_by_middleware(e, request)
  File "C:\Users\younity-2\AppData\Local\Programs\Python\Python38\lib\site-packages\django\core\handlers\base.py", line 113, in _get_response
    response = wrapped_callback(request, *callback_args, **callback_kwargs)
  File "C:\Users\younity-2\AppData\Local\Programs\Python\Python38\lib\site-packages\django\views\decorators\csrf.py", line 54, in wrapped_view
    return view_func(*args, **kwargs)
  File "C:\Users\younity-2\AppData\Local\Programs\Python\Python38\lib\site-packages\django\views\generic\base.py", line 71, in view
    return self.dispatch(request, *args, **kwargs)
  File "C:\Users\younity-2\AppData\Local\Programs\Python\Python38\lib\site-packages\rest_framework\views.py", line 505, in dispatch
    response = self.handle_exception(exc)
  File "C:\Users\younity-2\AppData\Local\Programs\Python\Python38\lib\site-packages\rest_framework\views.py", line 465, in handle_exception
    self.raise_uncaught_exception(exc)
  File "C:\Users\younity-2\AppData\Local\Programs\Python\Python38\lib\site-packages\rest_framework\views.py", line 476, in raise_uncaught_exception
    raise exc
  File "C:\Users\younity-2\AppData\Local\Programs\Python\Python38\lib\site-packages\rest_framework\views.py", line 502, in dispatch
    response = handler(request, *args, **kwargs)
  File "C:\Users\younity-2\Desktop\mobilitysqr_staging\mobility_apps\master\views\vendor.py", line 593, in get
    vendor_income = Vendor_Income.objects.filter(organization=org_id).order_by('id')
NameError: name 'Vendor_Income' is not defined
ERROR|29/Jun/2021 17:58:32|basehttp|17336|5556|"GET /get_post_vendor_income/ HTTP/1.1" 500 17933
