ERROR|13/Nov/2020 11:39:06|views|120792|140134851315456|[{'Personal_Info_Error': []}, {'Address_Errors': []}, {'Emails_Errors': [{'Emp9867546': {'email_address': [ErrorDetail(string='Employee Emails with this email address already exists.', code='unique')]}}, {'Emp9867547': {'email_address': [ErrorDetail(string='Employee Emails with this email address already exists.', code='unique')]}}, {'Emp9867548': {'email_address': [ErrorDetail(string='Employee Emails with this email address already exists.', code='unique')]}}, {'Emp9867549': {'email_address': [ErrorDetail(string='Employee Emails with this email address already exists.', code='unique')]}}, {'Emp9867550': {'email_address': [ErrorDetail(string='Employee Emails with this email address already exists.', code='unique')]}}, {'Emp9867551': {'email_address': [ErrorDetail(string='Employee Emails with this email address already exists.', code='unique')]}}, {'Emp9867552': {'email_address': [ErrorDetail(string='Employee Emails with this email address already exists.', code='unique')]}}, {'Emp9867553': {'email_address': [ErrorDetail(string='Employee Emails with this email address already exists.', code='unique')]}}]}, {'Emergency_Contact_Error': []}, {'Phone': [{'Emp986754612': {'emp_code': [ErrorDetail(string='Object with emp_code=Emp986754612 does not exist.', code='does_not_exist')]}}]}, {'Passport_Error': []}, {'Visa_Error': []}, {'Organization_Error': []}, {'NationalID_Error': []}]
ERROR|13/Nov/2020 11:39:06|log|120792|140134851315456|Internal Server Error: /import_employee/
Traceback (most recent call last):
  File "/home/mobilitysqr/.local/lib/python3.6/site-packages/django/core/handlers/exception.py", line 34, in inner
    response = get_response(request)
  File "/home/mobilitysqr/.local/lib/python3.6/site-packages/django/core/handlers/base.py", line 126, in _get_response
    response = self.process_exception_by_middleware(e, request)
  File "/home/mobilitysqr/.local/lib/python3.6/site-packages/django/core/handlers/base.py", line 124, in _get_response
    response = wrapped_callback(request, *callback_args, **callback_kwargs)
  File "/home/mobilitysqr/.local/lib/python3.6/site-packages/django/views/decorators/csrf.py", line 54, in wrapped_view
    return view_func(*args, **kwargs)
  File "/home/mobilitysqr/.local/lib/python3.6/site-packages/django/views/generic/base.py", line 68, in view
    return self.dispatch(request, *args, **kwargs)
  File "/home/mobilitysqr/.local/lib/python3.6/site-packages/rest_framework/views.py", line 495, in dispatch
    response = self.handle_exception(exc)
  File "/home/mobilitysqr/.local/lib/python3.6/site-packages/rest_framework/views.py", line 455, in handle_exception
    self.raise_uncaught_exception(exc)
  File "/home/mobilitysqr/.local/lib/python3.6/site-packages/rest_framework/views.py", line 492, in dispatch
    response = handler(request, *args, **kwargs)
  File "/var/www/html/mobilitysqrapi/mobility_apps/employee/views.py", line 1742, in get
    text_file.write(errordata)
TypeError: write() argument must be str, not list
ERROR|13/Nov/2020 11:39:06|basehttp|120792|140134851315456|"GET /import_employee/ HTTP/1.1" 500 17055
ERROR|13/Nov/2020 11:40:31|views|120931|139695646783232|[{'Personal_Info_Error': []}, {'Address_Errors': []}, {'Emails_Errors': [{'Emp9867546': {'email_address': [ErrorDetail(string='Employee Emails with this email address already exists.', code='unique')]}}, {'Emp9867547': {'email_address': [ErrorDetail(string='Employee Emails with this email address already exists.', code='unique')]}}, {'Emp9867548': {'email_address': [ErrorDetail(string='Employee Emails with this email address already exists.', code='unique')]}}, {'Emp9867549': {'email_address': [ErrorDetail(string='Employee Emails with this email address already exists.', code='unique')]}}, {'Emp9867550': {'email_address': [ErrorDetail(string='Employee Emails with this email address already exists.', code='unique')]}}, {'Emp9867551': {'email_address': [ErrorDetail(string='Employee Emails with this email address already exists.', code='unique')]}}, {'Emp9867552': {'email_address': [ErrorDetail(string='Employee Emails with this email address already exists.', code='unique')]}}, {'Emp9867553': {'email_address': [ErrorDetail(string='Employee Emails with this email address already exists.', code='unique')]}}]}, {'Emergency_Contact_Error': []}, {'Phone': [{'Emp986754612': {'emp_code': [ErrorDetail(string='Object with emp_code=Emp986754612 does not exist.', code='does_not_exist')]}}]}, {'Passport_Error': []}, {'Visa_Error': []}, {'Organization_Error': []}, {'NationalID_Error': []}]
ERROR|13/Nov/2020 11:51:48|basehttp|120931|139695646783232|You're accessing the development server over HTTPS, but it only supports HTTP.

ERROR|13/Nov/2020 14:12:00|views|125986|140021876881152|[{'Personal_Info_Error': []}, {'Address_Errors': []}, {'Emails_Errors': [{'Emp9867546': {'email_address': [ErrorDetail(string='Employee Emails with this email address already exists.', code='unique')]}}, {'Emp9867547': {'email_address': [ErrorDetail(string='Employee Emails with this email address already exists.', code='unique')]}}, {'Emp9867548': {'email_address': [ErrorDetail(string='Employee Emails with this email address already exists.', code='unique')]}}, {'Emp9867549': {'email_address': [ErrorDetail(string='Employee Emails with this email address already exists.', code='unique')]}}, {'Emp9867550': {'email_address': [ErrorDetail(string='Employee Emails with this email address already exists.', code='unique')]}}, {'Emp9867551': {'email_address': [ErrorDetail(string='Employee Emails with this email address already exists.', code='unique')]}}, {'Emp9867552': {'email_address': [ErrorDetail(string='Employee Emails with this email address already exists.', code='unique')]}}, {'Emp9867553': {'email_address': [ErrorDetail(string='Employee Emails with this email address already exists.', code='unique')]}}]}, {'Emergency_Contact_Error': []}, {'Phone': [{'Emp986754612': {'emp_code': [ErrorDetail(string='Object with emp_code=Emp986754612 does not exist.', code='does_not_exist')]}}]}, {'Passport_Error': []}, {'Visa_Error': []}, {'Organization_Error': []}, {'NationalID_Error': []}]
ERROR|15/Nov/2020 19:32:39|basehttp|127836|140460106766080|You're accessing the development server over HTTPS, but it only supports HTTP.

ERROR|15/Nov/2020 21:58:50|basehttp|127836|140460106766080|You're accessing the development server over HTTPS, but it only supports HTTP.

ERROR|17/Nov/2020 13:48:53|basehttp|127836|140459846657792|You're accessing the development server over HTTPS, but it only supports HTTP.

