ERROR|08/Jan/2021 11:23:20|exception|16151|140176870352640|Invalid HTTP_HOST header: ''. The domain name provided is not valid according to RFC 1034/1035.
ERROR|08/Jan/2021 12:44:57|log|19791|139969794500352|Internal Server Error: /get_post_country_policy/
Traceback (most recent call last):
  File "/home/mobilitysqr/.local/lib/python3.6/site-packages/django/utils/datastructures.py", line 77, in __getitem__
    list_ = super().__getitem__(key)
KeyError: 'days'

During handling of the above exception, another exception occurred:

Traceback (most recent call last):
  File "/home/mobilitysqr/.local/lib/python3.6/site-packages/django/core/handlers/exception.py", line 34, in inner
    response = get_response(request)
  File "/home/mobilitysqr/.local/lib/python3.6/site-packages/django/core/handlers/base.py", line 126, in _get_response
    response = self.process_exception_by_middleware(e, request)
  File "/home/mobilitysqr/.local/lib/python3.6/site-packages/django/core/handlers/base.py", line 124, in _get_response
    response = wrapped_callback(request, *callback_args, **callback_kwargs)
  File "/home/mobilitysqr/.local/lib/python3.6/site-packages/django/views/decorators/csrf.py", line 54, in wrapped_view
    return view_func(*args, **kwargs)
  File "/home/mobilitysqr/.local/lib/python3.6/site-packages/django/views/generic/base.py", line 68, in view
    return self.dispatch(request, *args, **kwargs)
  File "/home/mobilitysqr/.local/lib/python3.6/site-packages/rest_framework/views.py", line 495, in dispatch
    response = self.handle_exception(exc)
  File "/home/mobilitysqr/.local/lib/python3.6/site-packages/rest_framework/views.py", line 455, in handle_exception
    self.raise_uncaught_exception(exc)
  File "/home/mobilitysqr/.local/lib/python3.6/site-packages/rest_framework/views.py", line 492, in dispatch
    response = handler(request, *args, **kwargs)
  File "/var/www/html/mobilitysqr_staging/mobility_apps/master/views/country.py", line 850, in get
    country = self.get_queryset(request.GET['country_code'],request.GET['days'])
  File "/home/mobilitysqr/.local/lib/python3.6/site-packages/django/utils/datastructures.py", line 79, in __getitem__
    raise MultiValueDictKeyError(key)
django.utils.datastructures.MultiValueDictKeyError: 'days'
ERROR|08/Jan/2021 12:44:57|basehttp|19791|139969794500352|"GET /get_post_country_policy/?max_days=25&country_code=US HTTP/1.1" 500 17620
ERROR|08/Jan/2021 12:45:21|log|19791|139969794500352|Internal Server Error: /get_post_country_policy/
Traceback (most recent call last):
  File "/home/mobilitysqr/.local/lib/python3.6/site-packages/django/core/handlers/exception.py", line 34, in inner
    response = get_response(request)
  File "/home/mobilitysqr/.local/lib/python3.6/site-packages/django/core/handlers/base.py", line 126, in _get_response
    response = self.process_exception_by_middleware(e, request)
  File "/home/mobilitysqr/.local/lib/python3.6/site-packages/django/core/handlers/base.py", line 124, in _get_response
    response = wrapped_callback(request, *callback_args, **callback_kwargs)
  File "/home/mobilitysqr/.local/lib/python3.6/site-packages/django/views/decorators/csrf.py", line 54, in wrapped_view
    return view_func(*args, **kwargs)
  File "/home/mobilitysqr/.local/lib/python3.6/site-packages/django/views/generic/base.py", line 68, in view
    return self.dispatch(request, *args, **kwargs)
  File "/home/mobilitysqr/.local/lib/python3.6/site-packages/rest_framework/views.py", line 495, in dispatch
    response = self.handle_exception(exc)
  File "/home/mobilitysqr/.local/lib/python3.6/site-packages/rest_framework/views.py", line 455, in handle_exception
    self.raise_uncaught_exception(exc)
  File "/home/mobilitysqr/.local/lib/python3.6/site-packages/rest_framework/views.py", line 492, in dispatch
    response = handler(request, *args, **kwargs)
  File "/var/www/html/mobilitysqr_staging/mobility_apps/master/views/country.py", line 850, in get
    country = self.get_queryset(request.GET['country_code'],request.GET['days'])
  File "/var/www/html/mobilitysqr_staging/mobility_apps/master/views/country.py", line 845, in get_queryset
    country = Country_Policy.objects.all(country_code=country_code,max_days=dyas)
NameError: name 'dyas' is not defined
ERROR|08/Jan/2021 12:45:21|basehttp|19791|139969794500352|"GET /get_post_country_policy/?days=25&country_code=US HTTP/1.1" 500 17416
ERROR|08/Jan/2021 12:45:24|log|19791|139969794500352|Internal Server Error: /get_post_country_policy/
Traceback (most recent call last):
  File "/home/mobilitysqr/.local/lib/python3.6/site-packages/django/core/handlers/exception.py", line 34, in inner
    response = get_response(request)
  File "/home/mobilitysqr/.local/lib/python3.6/site-packages/django/core/handlers/base.py", line 126, in _get_response
    response = self.process_exception_by_middleware(e, request)
  File "/home/mobilitysqr/.local/lib/python3.6/site-packages/django/core/handlers/base.py", line 124, in _get_response
    response = wrapped_callback(request, *callback_args, **callback_kwargs)
  File "/home/mobilitysqr/.local/lib/python3.6/site-packages/django/views/decorators/csrf.py", line 54, in wrapped_view
    return view_func(*args, **kwargs)
  File "/home/mobilitysqr/.local/lib/python3.6/site-packages/django/views/generic/base.py", line 68, in view
    return self.dispatch(request, *args, **kwargs)
  File "/home/mobilitysqr/.local/lib/python3.6/site-packages/rest_framework/views.py", line 495, in dispatch
    response = self.handle_exception(exc)
  File "/home/mobilitysqr/.local/lib/python3.6/site-packages/rest_framework/views.py", line 455, in handle_exception
    self.raise_uncaught_exception(exc)
  File "/home/mobilitysqr/.local/lib/python3.6/site-packages/rest_framework/views.py", line 492, in dispatch
    response = handler(request, *args, **kwargs)
  File "/var/www/html/mobilitysqr_staging/mobility_apps/master/views/country.py", line 850, in get
    country = self.get_queryset(request.GET['country_code'],request.GET['days'])
  File "/var/www/html/mobilitysqr_staging/mobility_apps/master/views/country.py", line 845, in get_queryset
    country = Country_Policy.objects.all(country_code=country_code,max_days=dyas)
NameError: name 'dyas' is not defined
ERROR|08/Jan/2021 12:45:24|basehttp|19791|139969794500352|"GET /get_post_country_policy/?days=25&country_code=US HTTP/1.1" 500 17416
ERROR|08/Jan/2021 12:46:02|log|19927|139786568853248|Internal Server Error: /get_post_country_policy/
Traceback (most recent call last):
  File "/home/mobilitysqr/.local/lib/python3.6/site-packages/django/core/handlers/exception.py", line 34, in inner
    response = get_response(request)
  File "/home/mobilitysqr/.local/lib/python3.6/site-packages/django/core/handlers/base.py", line 126, in _get_response
    response = self.process_exception_by_middleware(e, request)
  File "/home/mobilitysqr/.local/lib/python3.6/site-packages/django/core/handlers/base.py", line 124, in _get_response
    response = wrapped_callback(request, *callback_args, **callback_kwargs)
  File "/home/mobilitysqr/.local/lib/python3.6/site-packages/django/views/decorators/csrf.py", line 54, in wrapped_view
    return view_func(*args, **kwargs)
  File "/home/mobilitysqr/.local/lib/python3.6/site-packages/django/views/generic/base.py", line 68, in view
    return self.dispatch(request, *args, **kwargs)
  File "/home/mobilitysqr/.local/lib/python3.6/site-packages/rest_framework/views.py", line 495, in dispatch
    response = self.handle_exception(exc)
  File "/home/mobilitysqr/.local/lib/python3.6/site-packages/rest_framework/views.py", line 455, in handle_exception
    self.raise_uncaught_exception(exc)
  File "/home/mobilitysqr/.local/lib/python3.6/site-packages/rest_framework/views.py", line 492, in dispatch
    response = handler(request, *args, **kwargs)
  File "/var/www/html/mobilitysqr_staging/mobility_apps/master/views/country.py", line 850, in get
    country = self.get_queryset(request.GET['country_code'],request.GET['days'])
  File "/var/www/html/mobilitysqr_staging/mobility_apps/master/views/country.py", line 845, in get_queryset
    country = Country_Policy.objects.all(country_code=country_code,max_days=days)
TypeError: all() got an unexpected keyword argument 'country_code'
ERROR|08/Jan/2021 12:46:02|basehttp|19927|139786568853248|"GET /get_post_country_policy/?days=25&country_code=US HTTP/1.1" 500 17474
ERROR|08/Jan/2021 12:46:05|log|19927|139786568853248|Internal Server Error: /get_post_country_policy/
Traceback (most recent call last):
  File "/home/mobilitysqr/.local/lib/python3.6/site-packages/django/core/handlers/exception.py", line 34, in inner
    response = get_response(request)
  File "/home/mobilitysqr/.local/lib/python3.6/site-packages/django/core/handlers/base.py", line 126, in _get_response
    response = self.process_exception_by_middleware(e, request)
  File "/home/mobilitysqr/.local/lib/python3.6/site-packages/django/core/handlers/base.py", line 124, in _get_response
    response = wrapped_callback(request, *callback_args, **callback_kwargs)
  File "/home/mobilitysqr/.local/lib/python3.6/site-packages/django/views/decorators/csrf.py", line 54, in wrapped_view
    return view_func(*args, **kwargs)
  File "/home/mobilitysqr/.local/lib/python3.6/site-packages/django/views/generic/base.py", line 68, in view
    return self.dispatch(request, *args, **kwargs)
  File "/home/mobilitysqr/.local/lib/python3.6/site-packages/rest_framework/views.py", line 495, in dispatch
    response = self.handle_exception(exc)
  File "/home/mobilitysqr/.local/lib/python3.6/site-packages/rest_framework/views.py", line 455, in handle_exception
    self.raise_uncaught_exception(exc)
  File "/home/mobilitysqr/.local/lib/python3.6/site-packages/rest_framework/views.py", line 492, in dispatch
    response = handler(request, *args, **kwargs)
  File "/var/www/html/mobilitysqr_staging/mobility_apps/master/views/country.py", line 850, in get
    country = self.get_queryset(request.GET['country_code'],request.GET['days'])
  File "/var/www/html/mobilitysqr_staging/mobility_apps/master/views/country.py", line 845, in get_queryset
    country = Country_Policy.objects.all(country_code=country_code,max_days=days)
TypeError: all() got an unexpected keyword argument 'country_code'
ERROR|08/Jan/2021 12:46:05|basehttp|19927|139786568853248|"GET /get_post_country_policy/?days=25&country_code=US HTTP/1.1" 500 17474
ERROR|08/Jan/2021 13:11:12|exception|19951|140180647143168|Invalid HTTP_HOST header: ''. The domain name provided is not valid according to RFC 1034/1035.
ERROR|08/Jan/2021 14:54:32|exception|19951|140180647143168|Invalid HTTP_HOST header: ''. The domain name provided is not valid according to RFC 1034/1035.
ERROR|08/Jan/2021 15:04:28|exception|19951|140180647143168|Invalid HTTP_HOST header: ''. The domain name provided is not valid according to RFC 1034/1035.
ERROR|08/Jan/2021 16:34:48|log|30663|140232394348288|Internal Server Error: /users
Traceback (most recent call last):
  File "/home/mobilitysqr/.local/lib/python3.6/site-packages/django/core/handlers/exception.py", line 34, in inner
    response = get_response(request)
  File "/home/mobilitysqr/.local/lib/python3.6/site-packages/django/utils/deprecation.py", line 90, in __call__
    response = self.process_request(request)
  File "/home/mobilitysqr/.local/lib/python3.6/site-packages/django/middleware/common.py", line 53, in process_request
    path = self.get_full_path_with_slash(request)
  File "/home/mobilitysqr/.local/lib/python3.6/site-packages/django/middleware/common.py", line 93, in get_full_path_with_slash
    'url': request.get_host() + new_path,
RuntimeError: You called this URL via POST, but the URL doesn't end in a slash and you have APPEND_SLASH set. Django can't redirect to the slash URL while maintaining POST data. Change your form to point to 52.165.220.40:8080/users/?page=&size=5 (note the trailing slash), or set APPEND_SLASH=False in your Django settings.
ERROR|08/Jan/2021 16:34:48|basehttp|30663|140232394348288|"POST /users?page=&size=5 HTTP/1.1" 500 65343
ERROR|08/Jan/2021 18:06:06|exception|30904|140542224197376|Invalid HTTP_HOST header: ''. The domain name provided is not valid according to RFC 1034/1035.
ERROR|08/Jan/2021 18:48:12|exception|1336|140611944146688|Invalid HTTP_HOST header: ''. The domain name provided is not valid according to RFC 1034/1035.
ERROR|08/Jan/2021 19:19:33|exception|1336|140611944146688|Invalid HTTP_HOST header: ''. The domain name provided is not valid according to RFC 1034/1035.
ERROR|08/Jan/2021 23:26:50|exception|9181|139653784545024|Invalid HTTP_HOST header: ''. The domain name provided is not valid according to RFC 1034/1035.
ERROR|08/Jan/2021 23:57:50|exception|9181|139653784545024|Invalid HTTP_HOST header: ''. The domain name provided is not valid according to RFC 1034/1035.
ERROR|09/Jan/2021 00:25:01|exception|9181|139653784545024|Invalid HTTP_HOST header: ''. The domain name provided is not valid according to RFC 1034/1035.
ERROR|09/Jan/2021 01:22:21|exception|9181|139653784545024|Invalid HTTP_HOST header: ''. The domain name provided is not valid according to RFC 1034/1035.
ERROR|09/Jan/2021 01:22:21|basehttp|9181|139653784545024|"GET /script HTTP/1.1" 500 59
ERROR|09/Jan/2021 02:25:29|exception|9181|139653784545024|Invalid HTTP_HOST header: ''. The domain name provided is not valid according to RFC 1034/1035.
ERROR|09/Jan/2021 02:26:03|exception|9181|139653784545024|Invalid HTTP_HOST header: ''. The domain name provided is not valid according to RFC 1034/1035.
ERROR|09/Jan/2021 02:49:34|exception|9181|139653784545024|Invalid HTTP_HOST header: ''. The domain name provided is not valid according to RFC 1034/1035.
ERROR|09/Jan/2021 03:39:19|basehttp|9181|139653784545024|You're accessing the development server over HTTPS, but it only supports HTTP.

ERROR|09/Jan/2021 03:54:37|exception|9181|139653784545024|Invalid HTTP_HOST header: ''. The domain name provided is not valid according to RFC 1034/1035.
ERROR|09/Jan/2021 04:19:41|exception|9181|139653784545024|Invalid HTTP_HOST header: ''. The domain name provided is not valid according to RFC 1034/1035.
ERROR|09/Jan/2021 04:23:49|exception|9181|139653784545024|Invalid HTTP_HOST header: ''. The domain name provided is not valid according to RFC 1034/1035.
ERROR|09/Jan/2021 04:23:49|basehttp|9181|139653784545024|"GET /manager/html HTTP/1.1" 500 59
ERROR|09/Jan/2021 05:46:21|exception|9181|139653784545024|Invalid HTTP_HOST header: ''. The domain name provided is not valid according to RFC 1034/1035.
ERROR|09/Jan/2021 06:11:50|exception|9181|139653792937728|Invalid HTTP_HOST header: ''. The domain name provided is not valid according to RFC 1034/1035.
ERROR|09/Jan/2021 07:12:34|exception|9181|139653792937728|Invalid HTTP_HOST header: ''. The domain name provided is not valid according to RFC 1034/1035.
ERROR|09/Jan/2021 08:36:44|exception|9181|139653792937728|Invalid HTTP_HOST header: ''. The domain name provided is not valid according to RFC 1034/1035.
ERROR|09/Jan/2021 10:54:51|exception|9181|139653792937728|Invalid HTTP_HOST header: ''. The domain name provided is not valid according to RFC 1034/1035.
ERROR|09/Jan/2021 11:22:51|exception|9181|139653792937728|Invalid HTTP_HOST header: ''. The domain name provided is not valid according to RFC 1034/1035.
ERROR|09/Jan/2021 11:28:20|exception|9181|139653792937728|Invalid HTTP_HOST header: ''. The domain name provided is not valid according to RFC 1034/1035.
ERROR|09/Jan/2021 12:43:11|exception|9181|139653507438336|Invalid HTTP_HOST header: ''. The domain name provided is not valid according to RFC 1034/1035.
ERROR|09/Jan/2021 13:48:35|exception|9181|139653507438336|Invalid HTTP_HOST header: ''. The domain name provided is not valid according to RFC 1034/1035.
ERROR|09/Jan/2021 14:21:17|exception|9181|139653507438336|Invalid HTTP_HOST header: ''. The domain name provided is not valid according to RFC 1034/1035.
ERROR|09/Jan/2021 15:29:54|exception|9181|139653507438336|Invalid HTTP_HOST header: ''. The domain name provided is not valid according to RFC 1034/1035.
ERROR|09/Jan/2021 15:53:06|exception|9181|139653507438336|Invalid HTTP_HOST header: ''. The domain name provided is not valid according to RFC 1034/1035.
ERROR|09/Jan/2021 15:54:49|log|9181|139653507438336|Internal Server Error: /users
Traceback (most recent call last):
  File "/home/mobilitysqr/.local/lib/python3.6/site-packages/django/core/handlers/exception.py", line 34, in inner
    response = get_response(request)
  File "/home/mobilitysqr/.local/lib/python3.6/site-packages/django/utils/deprecation.py", line 90, in __call__
    response = self.process_request(request)
  File "/home/mobilitysqr/.local/lib/python3.6/site-packages/django/middleware/common.py", line 53, in process_request
    path = self.get_full_path_with_slash(request)
  File "/home/mobilitysqr/.local/lib/python3.6/site-packages/django/middleware/common.py", line 93, in get_full_path_with_slash
    'url': request.get_host() + new_path,
RuntimeError: You called this URL via POST, but the URL doesn't end in a slash and you have APPEND_SLASH set. Django can't redirect to the slash URL while maintaining POST data. Change your form to point to 52.165.220.40:8080/users/?page=&size=5 (note the trailing slash), or set APPEND_SLASH=False in your Django settings.
ERROR|09/Jan/2021 15:54:49|basehttp|9181|139653507438336|"POST /users?page=&size=5 HTTP/1.1" 500 65327
ERROR|09/Jan/2021 17:09:21|exception|9181|139653537588992|Invalid HTTP_HOST header: ''. The domain name provided is not valid according to RFC 1034/1035.
ERROR|09/Jan/2021 17:48:04|exception|9181|139653537588992|Invalid HTTP_HOST header: ''. The domain name provided is not valid according to RFC 1034/1035.
ERROR|09/Jan/2021 18:15:00|exception|9181|139653537588992|Invalid HTTP_HOST header: ''. The domain name provided is not valid according to RFC 1034/1035.
ERROR|09/Jan/2021 19:46:00|exception|9181|139653755963136|Invalid HTTP_HOST header: ''. The domain name provided is not valid according to RFC 1034/1035.
ERROR|09/Jan/2021 20:00:46|exception|9181|139653755963136|Invalid HTTP_HOST header: ''. The domain name provided is not valid according to RFC 1034/1035.
ERROR|09/Jan/2021 20:11:13|exception|9181|139653507438336|Invalid HTTP_HOST header: ''. The domain name provided is not valid according to RFC 1034/1035.
