ERROR|23/Mar/2021 19:03:36|exception|1837|140547542996736|Invalid HTTP_HOST header: ''. The domain name provided is not valid according to RFC 1034/1035.
ERROR|23/Mar/2021 21:59:37|exception|1837|140547167614720|Invalid HTTP_HOST header: ''. The domain name provided is not valid according to RFC 1034/1035.
ERROR|23/Mar/2021 21:59:37|basehttp|1837|140547167614720|"GET /manager/html HTTP/1.1" 500 59
ERROR|23/Mar/2021 22:13:13|exception|1837|140547167614720|Invalid HTTP_HOST header: ''. The domain name provided is not valid according to RFC 1034/1035.
ERROR|24/Mar/2021 00:14:46|exception|1837|140547159222016|Invalid HTTP_HOST header: ''. The domain name provided is not valid according to RFC 1034/1035.
ERROR|24/Mar/2021 01:59:41|exception|1837|140547159222016|Invalid HTTP_HOST header: ''. The domain name provided is not valid according to RFC 1034/1035.
ERROR|24/Mar/2021 03:09:50|basehttp|1837|140547159222016|"GET /admin-scripts.asp HTTP/1.1" 500 59
ERROR|24/Mar/2021 03:09:52|basehttp|1837|140547159222016|"GET /admin-scripts.asp HTTP/1.1" 500 59
ERROR|24/Mar/2021 03:14:51|basehttp|1837|140547159222016|"GET /config/getuser?index=0 HTTP/1.1" 500 59
ERROR|24/Mar/2021 03:59:11|basehttp|1837|140547159222016|You're accessing the development server over HTTPS, but it only supports HTTP.

ERROR|24/Mar/2021 04:36:18|exception|1837|140547159222016|Invalid HTTP_HOST header: ''. The domain name provided is not valid according to RFC 1034/1035.
ERROR|24/Mar/2021 05:50:39|exception|1837|140547159222016|Invalid HTTP_HOST header: ''. The domain name provided is not valid according to RFC 1034/1035.
ERROR|24/Mar/2021 06:34:47|exception|1837|140547159222016|Invalid HTTP_HOST header: ''. The domain name provided is not valid according to RFC 1034/1035.
ERROR|24/Mar/2021 08:12:02|exception|1837|140547159222016|Invalid HTTP_HOST header: ''. The domain name provided is not valid according to RFC 1034/1035.
ERROR|24/Mar/2021 08:19:21|basehttp|1837|140547159222016|"GET /config/getuser?index=0 HTTP/1.1" 500 59
ERROR|24/Mar/2021 09:34:09|exception|1837|140547551913728|Invalid HTTP_HOST header: ''. The domain name provided is not valid according to RFC 1034/1035.
ERROR|24/Mar/2021 09:36:56|exception|1837|140547551913728|Invalid HTTP_HOST header: ''. The domain name provided is not valid according to RFC 1034/1035.
ERROR|24/Mar/2021 11:01:38|exception|1837|140547543521024|Invalid HTTP_HOST header: ''. The domain name provided is not valid according to RFC 1034/1035.
ERROR|24/Mar/2021 11:50:43|basehttp|1837|140547167614720|"GET /config/getuser?index=0 HTTP/1.1" 500 59
ERROR|24/Mar/2021 12:58:26|exception|1837|140547523585792|Invalid HTTP_HOST header: ''. The domain name provided is not valid according to RFC 1034/1035.
ERROR|24/Mar/2021 13:21:18|exception|1837|140547551913728|Invalid HTTP_HOST header: ''. The domain name provided is not valid according to RFC 1034/1035.
ERROR|24/Mar/2021 14:31:18|exception|1837|140547543521024|Invalid HTTP_HOST header: ''. The domain name provided is not valid according to RFC 1034/1035.
ERROR|24/Mar/2021 15:12:21|basehttp|1837|140547551913728|"POST /GponForm/diag_Form?images/ HTTP/1.1" 500 59
