ERROR|01/Jun/2021 07:45:24|basehttp|2447954|140145286452992|You're accessing the development server over HTTPS, but it only supports HTTP.

ERROR|01/Jun/2021 08:43:38|basehttp|2447954|140145262589696|"GET /get_dial_code/?dial_code= HTTP/1.1" 500 59
ERROR|01/Jun/2021 08:59:38|log|2447954|140145051301632|Internal Server Error: /get_perdiem/
Traceback (most recent call last):
  File "/var/www/html/mobilitysqr_api/mobilitysqr_preprod_virtualenv/lib64/python3.6/site-packages/django/utils/datastructures.py", line 77, in __getitem__
    list_ = super().__getitem__(key)
KeyError: 'home_country'

During handling of the above exception, another exception occurred:

Traceback (most recent call last):
  File "/var/www/html/mobilitysqr_api/mobilitysqr_preprod_virtualenv/lib64/python3.6/site-packages/django/core/handlers/exception.py", line 34, in inner
    response = get_response(request)
  File "/var/www/html/mobilitysqr_api/mobilitysqr_preprod_virtualenv/lib64/python3.6/site-packages/django/core/handlers/base.py", line 126, in _get_response
    response = self.process_exception_by_middleware(e, request)
  File "/var/www/html/mobilitysqr_api/mobilitysqr_preprod_virtualenv/lib64/python3.6/site-packages/django/core/handlers/base.py", line 124, in _get_response
    response = wrapped_callback(request, *callback_args, **callback_kwargs)
  File "/var/www/html/mobilitysqr_api/mobilitysqr_preprod_virtualenv/lib64/python3.6/site-packages/django/views/decorators/csrf.py", line 54, in wrapped_view
    return view_func(*args, **kwargs)
  File "/var/www/html/mobilitysqr_api/mobilitysqr_preprod_virtualenv/lib64/python3.6/site-packages/django/views/generic/base.py", line 68, in view
    return self.dispatch(request, *args, **kwargs)
  File "/var/www/html/mobilitysqr_api/mobilitysqr_preprod_virtualenv/lib64/python3.6/site-packages/rest_framework/views.py", line 495, in dispatch
    response = self.handle_exception(exc)
  File "/var/www/html/mobilitysqr_api/mobilitysqr_preprod_virtualenv/lib64/python3.6/site-packages/rest_framework/views.py", line 455, in handle_exception
    self.raise_uncaught_exception(exc)
  File "/var/www/html/mobilitysqr_api/mobilitysqr_preprod_virtualenv/lib64/python3.6/site-packages/rest_framework/views.py", line 492, in dispatch
    response = handler(request, *args, **kwargs)
  File "/var/www/html/mobilitysqr_api/mobilitysqr_preprod_virtualenv/mobilitysqr_staging/mobility_apps/master/views/country.py", line 320, in get
    per_diem= self.get_queryset(request.GET['country'],request.GET['home_country'],request.GET['organization'])
  File "/var/www/html/mobilitysqr_api/mobilitysqr_preprod_virtualenv/lib64/python3.6/site-packages/django/utils/datastructures.py", line 79, in __getitem__
    raise MultiValueDictKeyError(key)
django.utils.datastructures.MultiValueDictKeyError: 'home_country'
ERROR|01/Jun/2021 08:59:38|basehttp|2447954|140145051301632|"GET /get_perdiem/?country=United%20States HTTP/1.1" 500 19226
ERROR|01/Jun/2021 09:01:31|log|2447954|140145294845696|Internal Server Error: /get_add/travel_request/
Traceback (most recent call last):
  File "/var/www/html/mobilitysqr_api/mobilitysqr_preprod_virtualenv/lib64/python3.6/site-packages/django/core/handlers/exception.py", line 34, in inner
    response = get_response(request)
  File "/var/www/html/mobilitysqr_api/mobilitysqr_preprod_virtualenv/lib64/python3.6/site-packages/django/core/handlers/base.py", line 126, in _get_response
    response = self.process_exception_by_middleware(e, request)
  File "/var/www/html/mobilitysqr_api/mobilitysqr_preprod_virtualenv/lib64/python3.6/site-packages/django/core/handlers/base.py", line 124, in _get_response
    response = wrapped_callback(request, *callback_args, **callback_kwargs)
  File "/var/www/html/mobilitysqr_api/mobilitysqr_preprod_virtualenv/lib64/python3.6/site-packages/django/views/decorators/csrf.py", line 54, in wrapped_view
    return view_func(*args, **kwargs)
  File "/var/www/html/mobilitysqr_api/mobilitysqr_preprod_virtualenv/lib64/python3.6/site-packages/django/views/generic/base.py", line 68, in view
    return self.dispatch(request, *args, **kwargs)
  File "/var/www/html/mobilitysqr_api/mobilitysqr_preprod_virtualenv/lib64/python3.6/site-packages/rest_framework/views.py", line 495, in dispatch
    response = self.handle_exception(exc)
  File "/var/www/html/mobilitysqr_api/mobilitysqr_preprod_virtualenv/lib64/python3.6/site-packages/rest_framework/views.py", line 455, in handle_exception
    self.raise_uncaught_exception(exc)
  File "/var/www/html/mobilitysqr_api/mobilitysqr_preprod_virtualenv/lib64/python3.6/site-packages/rest_framework/views.py", line 492, in dispatch
    response = handler(request, *args, **kwargs)
  File "/var/www/html/mobilitysqr_api/mobilitysqr_preprod_virtualenv/mobilitysqr_staging/mobility_apps/travel/views.py", line 303, in post
    data["travel_req_id"] = travel_id
UnboundLocalError: local variable 'travel_id' referenced before assignment
ERROR|01/Jun/2021 09:01:31|basehttp|2447954|140145294845696|"POST /get_add/travel_request/ HTTP/1.1" 500 18741
ERROR|01/Jun/2021 09:19:02|log|2447954|140145262589696|Internal Server Error: /get_perdiem/
Traceback (most recent call last):
  File "/var/www/html/mobilitysqr_api/mobilitysqr_preprod_virtualenv/lib64/python3.6/site-packages/django/utils/datastructures.py", line 77, in __getitem__
    list_ = super().__getitem__(key)
KeyError: 'home_country'

During handling of the above exception, another exception occurred:

Traceback (most recent call last):
  File "/var/www/html/mobilitysqr_api/mobilitysqr_preprod_virtualenv/lib64/python3.6/site-packages/django/core/handlers/exception.py", line 34, in inner
    response = get_response(request)
  File "/var/www/html/mobilitysqr_api/mobilitysqr_preprod_virtualenv/lib64/python3.6/site-packages/django/core/handlers/base.py", line 126, in _get_response
    response = self.process_exception_by_middleware(e, request)
  File "/var/www/html/mobilitysqr_api/mobilitysqr_preprod_virtualenv/lib64/python3.6/site-packages/django/core/handlers/base.py", line 124, in _get_response
    response = wrapped_callback(request, *callback_args, **callback_kwargs)
  File "/var/www/html/mobilitysqr_api/mobilitysqr_preprod_virtualenv/lib64/python3.6/site-packages/django/views/decorators/csrf.py", line 54, in wrapped_view
    return view_func(*args, **kwargs)
  File "/var/www/html/mobilitysqr_api/mobilitysqr_preprod_virtualenv/lib64/python3.6/site-packages/django/views/generic/base.py", line 68, in view
    return self.dispatch(request, *args, **kwargs)
  File "/var/www/html/mobilitysqr_api/mobilitysqr_preprod_virtualenv/lib64/python3.6/site-packages/rest_framework/views.py", line 495, in dispatch
    response = self.handle_exception(exc)
  File "/var/www/html/mobilitysqr_api/mobilitysqr_preprod_virtualenv/lib64/python3.6/site-packages/rest_framework/views.py", line 455, in handle_exception
    self.raise_uncaught_exception(exc)
  File "/var/www/html/mobilitysqr_api/mobilitysqr_preprod_virtualenv/lib64/python3.6/site-packages/rest_framework/views.py", line 492, in dispatch
    response = handler(request, *args, **kwargs)
  File "/var/www/html/mobilitysqr_api/mobilitysqr_preprod_virtualenv/mobilitysqr_staging/mobility_apps/master/views/country.py", line 320, in get
    per_diem= self.get_queryset(request.GET['country'],request.GET['home_country'],request.GET['organization'])
  File "/var/www/html/mobilitysqr_api/mobilitysqr_preprod_virtualenv/lib64/python3.6/site-packages/django/utils/datastructures.py", line 79, in __getitem__
    raise MultiValueDictKeyError(key)
django.utils.datastructures.MultiValueDictKeyError: 'home_country'
ERROR|01/Jun/2021 09:19:02|basehttp|2447954|140145262589696|"GET /get_perdiem/?country=United%20States HTTP/1.1" 500 19226
ERROR|01/Jun/2021 09:19:36|log|2447954|140145262589696|Internal Server Error: /get_perdiem/
Traceback (most recent call last):
  File "/var/www/html/mobilitysqr_api/mobilitysqr_preprod_virtualenv/lib64/python3.6/site-packages/django/utils/datastructures.py", line 77, in __getitem__
    list_ = super().__getitem__(key)
KeyError: 'home_country'

During handling of the above exception, another exception occurred:

Traceback (most recent call last):
  File "/var/www/html/mobilitysqr_api/mobilitysqr_preprod_virtualenv/lib64/python3.6/site-packages/django/core/handlers/exception.py", line 34, in inner
    response = get_response(request)
  File "/var/www/html/mobilitysqr_api/mobilitysqr_preprod_virtualenv/lib64/python3.6/site-packages/django/core/handlers/base.py", line 126, in _get_response
    response = self.process_exception_by_middleware(e, request)
  File "/var/www/html/mobilitysqr_api/mobilitysqr_preprod_virtualenv/lib64/python3.6/site-packages/django/core/handlers/base.py", line 124, in _get_response
    response = wrapped_callback(request, *callback_args, **callback_kwargs)
  File "/var/www/html/mobilitysqr_api/mobilitysqr_preprod_virtualenv/lib64/python3.6/site-packages/django/views/decorators/csrf.py", line 54, in wrapped_view
    return view_func(*args, **kwargs)
  File "/var/www/html/mobilitysqr_api/mobilitysqr_preprod_virtualenv/lib64/python3.6/site-packages/django/views/generic/base.py", line 68, in view
    return self.dispatch(request, *args, **kwargs)
  File "/var/www/html/mobilitysqr_api/mobilitysqr_preprod_virtualenv/lib64/python3.6/site-packages/rest_framework/views.py", line 495, in dispatch
    response = self.handle_exception(exc)
  File "/var/www/html/mobilitysqr_api/mobilitysqr_preprod_virtualenv/lib64/python3.6/site-packages/rest_framework/views.py", line 455, in handle_exception
    self.raise_uncaught_exception(exc)
  File "/var/www/html/mobilitysqr_api/mobilitysqr_preprod_virtualenv/lib64/python3.6/site-packages/rest_framework/views.py", line 492, in dispatch
    response = handler(request, *args, **kwargs)
  File "/var/www/html/mobilitysqr_api/mobilitysqr_preprod_virtualenv/mobilitysqr_staging/mobility_apps/master/views/country.py", line 320, in get
    per_diem= self.get_queryset(request.GET['country'],request.GET['home_country'],request.GET['organization'])
  File "/var/www/html/mobilitysqr_api/mobilitysqr_preprod_virtualenv/lib64/python3.6/site-packages/django/utils/datastructures.py", line 79, in __getitem__
    raise MultiValueDictKeyError(key)
django.utils.datastructures.MultiValueDictKeyError: 'home_country'
ERROR|01/Jun/2021 09:19:36|basehttp|2447954|140145262589696|"GET /get_perdiem/?country=United%20States HTTP/1.1" 500 18732
ERROR|01/Jun/2021 13:59:43|log|2447954|140145006532352|Internal Server Error: /get_national_id/
Traceback (most recent call last):
  File "/var/www/html/mobilitysqr_api/mobilitysqr_preprod_virtualenv/lib64/python3.6/site-packages/django/utils/datastructures.py", line 77, in __getitem__
    list_ = super().__getitem__(key)
KeyError: 'country'

During handling of the above exception, another exception occurred:

Traceback (most recent call last):
  File "/var/www/html/mobilitysqr_api/mobilitysqr_preprod_virtualenv/lib64/python3.6/site-packages/django/core/handlers/exception.py", line 34, in inner
    response = get_response(request)
  File "/var/www/html/mobilitysqr_api/mobilitysqr_preprod_virtualenv/lib64/python3.6/site-packages/django/core/handlers/base.py", line 126, in _get_response
    response = self.process_exception_by_middleware(e, request)
  File "/var/www/html/mobilitysqr_api/mobilitysqr_preprod_virtualenv/lib64/python3.6/site-packages/django/core/handlers/base.py", line 124, in _get_response
    response = wrapped_callback(request, *callback_args, **callback_kwargs)
  File "/var/www/html/mobilitysqr_api/mobilitysqr_preprod_virtualenv/lib64/python3.6/site-packages/django/views/decorators/csrf.py", line 54, in wrapped_view
    return view_func(*args, **kwargs)
  File "/var/www/html/mobilitysqr_api/mobilitysqr_preprod_virtualenv/lib64/python3.6/site-packages/django/views/generic/base.py", line 68, in view
    return self.dispatch(request, *args, **kwargs)
  File "/var/www/html/mobilitysqr_api/mobilitysqr_preprod_virtualenv/lib64/python3.6/site-packages/rest_framework/views.py", line 495, in dispatch
    response = self.handle_exception(exc)
  File "/var/www/html/mobilitysqr_api/mobilitysqr_preprod_virtualenv/lib64/python3.6/site-packages/rest_framework/views.py", line 455, in handle_exception
    self.raise_uncaught_exception(exc)
  File "/var/www/html/mobilitysqr_api/mobilitysqr_preprod_virtualenv/lib64/python3.6/site-packages/rest_framework/views.py", line 492, in dispatch
    response = handler(request, *args, **kwargs)
  File "/var/www/html/mobilitysqr_api/mobilitysqr_preprod_virtualenv/mobilitysqr_staging/mobility_apps/master/views/country.py", line 639, in get
    taxgrid = self.get_queryset(request.GET['country'])
  File "/var/www/html/mobilitysqr_api/mobilitysqr_preprod_virtualenv/lib64/python3.6/site-packages/django/utils/datastructures.py", line 79, in __getitem__
    raise MultiValueDictKeyError(key)
django.utils.datastructures.MultiValueDictKeyError: 'country'
ERROR|01/Jun/2021 13:59:43|basehttp|2447954|140145006532352|"GET /get_national_id/ HTTP/1.1" 500 18616
ERROR|01/Jun/2021 16:35:20|log|2539953|139687335495424|Internal Server Error: /get_national_id/
Traceback (most recent call last):
  File "/var/www/html/mobilitysqr_api/mobilitysqr_preprod_virtualenv/lib64/python3.6/site-packages/django/core/handlers/exception.py", line 34, in inner
    response = get_response(request)
  File "/var/www/html/mobilitysqr_api/mobilitysqr_preprod_virtualenv/lib64/python3.6/site-packages/django/core/handlers/base.py", line 126, in _get_response
    response = self.process_exception_by_middleware(e, request)
  File "/var/www/html/mobilitysqr_api/mobilitysqr_preprod_virtualenv/lib64/python3.6/site-packages/django/core/handlers/base.py", line 124, in _get_response
    response = wrapped_callback(request, *callback_args, **callback_kwargs)
  File "/var/www/html/mobilitysqr_api/mobilitysqr_preprod_virtualenv/lib64/python3.6/site-packages/django/views/decorators/csrf.py", line 54, in wrapped_view
    return view_func(*args, **kwargs)
  File "/var/www/html/mobilitysqr_api/mobilitysqr_preprod_virtualenv/lib64/python3.6/site-packages/django/views/generic/base.py", line 68, in view
    return self.dispatch(request, *args, **kwargs)
  File "/var/www/html/mobilitysqr_api/mobilitysqr_preprod_virtualenv/lib64/python3.6/site-packages/rest_framework/views.py", line 495, in dispatch
    response = self.handle_exception(exc)
  File "/var/www/html/mobilitysqr_api/mobilitysqr_preprod_virtualenv/lib64/python3.6/site-packages/rest_framework/views.py", line 455, in handle_exception
    self.raise_uncaught_exception(exc)
  File "/var/www/html/mobilitysqr_api/mobilitysqr_preprod_virtualenv/lib64/python3.6/site-packages/rest_framework/views.py", line 492, in dispatch
    response = handler(request, *args, **kwargs)
  File "/var/www/html/mobilitysqr_api/mobilitysqr_preprod_virtualenv/mobilitysqr_staging/mobility_apps/master/views/country.py", line 650, in post
    national = National_Id.objects.filter(description=request.data['description']).first()
KeyError: 'description'
ERROR|01/Jun/2021 16:35:20|basehttp|2539953|139687335495424|"POST /get_national_id/ HTTP/1.1" 500 18661
ERROR|02/Jun/2021 07:15:40|basehttp|2541231|140094501541632|You're accessing the development server over HTTPS, but it only supports HTTP.

ERROR|02/Jun/2021 07:15:42|exception|2541231|140094501541632|Invalid HTTP_HOST header: ''. The domain name provided is not valid according to RFC 1034/1035.
ERROR|02/Jun/2021 12:30:49|basehttp|2541231|140094835513088|You're accessing the development server over HTTPS, but it only supports HTTP.

ERROR|02/Jun/2021 14:16:06|basehttp|2541231|140094476363520|"GET /get_dial_code/?dial_code= HTTP/1.1" 500 59
ERROR|02/Jun/2021 14:33:09|basehttp|2541231|140094493148928|"GET /get_post_notification/?email=div944&org_id=ORG150866 HTTP/1.1" 500 59
ERROR|02/Jun/2021 16:18:56|basehttp|2541231|140094493148928|"GET /media/Airfare.pdf HTTP/1.1" 500 59
ERROR|02/Jun/2021 17:25:57|basehttp|2541231|140094493148928|You're accessing the development server over HTTPS, but it only supports HTTP.

ERROR|02/Jun/2021 17:25:58|basehttp|2541231|140094493148928|You're accessing the development server over HTTPS, but it only supports HTTP.

ERROR|02/Jun/2021 17:25:58|basehttp|2541231|140094493148928|You're accessing the development server over HTTPS, but it only supports HTTP.

ERROR|02/Jun/2021 17:25:59|basehttp|2541231|140094493148928|You're accessing the development server over HTTPS, but it only supports HTTP.

ERROR|02/Jun/2021 19:39:58|log|2541231|140094835513088|Internal Server Error: /bulk_approve_travelvisa_request/
Traceback (most recent call last):
  File "/var/www/html/mobilitysqr_api/mobilitysqr_preprod_virtualenv/lib64/python3.6/site-packages/django/core/handlers/exception.py", line 34, in inner
    response = get_response(request)
  File "/var/www/html/mobilitysqr_api/mobilitysqr_preprod_virtualenv/lib64/python3.6/site-packages/django/core/handlers/base.py", line 126, in _get_response
    response = self.process_exception_by_middleware(e, request)
  File "/var/www/html/mobilitysqr_api/mobilitysqr_preprod_virtualenv/lib64/python3.6/site-packages/django/core/handlers/base.py", line 124, in _get_response
    response = wrapped_callback(request, *callback_args, **callback_kwargs)
  File "/var/www/html/mobilitysqr_api/mobilitysqr_preprod_virtualenv/lib64/python3.6/site-packages/django/views/decorators/csrf.py", line 54, in wrapped_view
    return view_func(*args, **kwargs)
  File "/var/www/html/mobilitysqr_api/mobilitysqr_preprod_virtualenv/lib64/python3.6/site-packages/django/views/generic/base.py", line 68, in view
    return self.dispatch(request, *args, **kwargs)
  File "/var/www/html/mobilitysqr_api/mobilitysqr_preprod_virtualenv/lib64/python3.6/site-packages/rest_framework/views.py", line 495, in dispatch
    response = self.handle_exception(exc)
  File "/var/www/html/mobilitysqr_api/mobilitysqr_preprod_virtualenv/lib64/python3.6/site-packages/rest_framework/views.py", line 455, in handle_exception
    self.raise_uncaught_exception(exc)
  File "/var/www/html/mobilitysqr_api/mobilitysqr_preprod_virtualenv/lib64/python3.6/site-packages/rest_framework/views.py", line 492, in dispatch
    response = handler(request, *args, **kwargs)
  File "/var/www/html/mobilitysqr_api/mobilitysqr_preprod_virtualenv/mobilitysqr_staging/mobility_apps/travel/views.py", line 3824, in post
    approvel_data['action'] = approvel_data['travel_req_status']
KeyError: 'travel_req_status'
ERROR|02/Jun/2021 19:39:58|basehttp|2541231|140094835513088|"POST /bulk_approve_travelvisa_request/ HTTP/1.1" 500 18459
ERROR|02/Jun/2021 19:43:03|log|2541231|140094835513088|Internal Server Error: /bulk_approve_travelvisa_request/
Traceback (most recent call last):
  File "/var/www/html/mobilitysqr_api/mobilitysqr_preprod_virtualenv/lib64/python3.6/site-packages/django/core/handlers/exception.py", line 34, in inner
    response = get_response(request)
  File "/var/www/html/mobilitysqr_api/mobilitysqr_preprod_virtualenv/lib64/python3.6/site-packages/django/core/handlers/base.py", line 126, in _get_response
    response = self.process_exception_by_middleware(e, request)
  File "/var/www/html/mobilitysqr_api/mobilitysqr_preprod_virtualenv/lib64/python3.6/site-packages/django/core/handlers/base.py", line 124, in _get_response
    response = wrapped_callback(request, *callback_args, **callback_kwargs)
  File "/var/www/html/mobilitysqr_api/mobilitysqr_preprod_virtualenv/lib64/python3.6/site-packages/django/views/decorators/csrf.py", line 54, in wrapped_view
    return view_func(*args, **kwargs)
  File "/var/www/html/mobilitysqr_api/mobilitysqr_preprod_virtualenv/lib64/python3.6/site-packages/django/views/generic/base.py", line 68, in view
    return self.dispatch(request, *args, **kwargs)
  File "/var/www/html/mobilitysqr_api/mobilitysqr_preprod_virtualenv/lib64/python3.6/site-packages/rest_framework/views.py", line 495, in dispatch
    response = self.handle_exception(exc)
  File "/var/www/html/mobilitysqr_api/mobilitysqr_preprod_virtualenv/lib64/python3.6/site-packages/rest_framework/views.py", line 455, in handle_exception
    self.raise_uncaught_exception(exc)
  File "/var/www/html/mobilitysqr_api/mobilitysqr_preprod_virtualenv/lib64/python3.6/site-packages/rest_framework/views.py", line 492, in dispatch
    response = handler(request, *args, **kwargs)
  File "/var/www/html/mobilitysqr_api/mobilitysqr_preprod_virtualenv/mobilitysqr_staging/mobility_apps/travel/views.py", line 3824, in post
    approvel_data['action'] = approvel_data['travel_req_status']
KeyError: 'travel_req_status'
ERROR|02/Jun/2021 19:43:03|basehttp|2541231|140094835513088|"POST /bulk_approve_travelvisa_request/ HTTP/1.1" 500 18459
ERROR|02/Jun/2021 20:29:15|log|2541231|140094501541632|Internal Server Error: /bulk_approve_travelvisa_request/
Traceback (most recent call last):
  File "/var/www/html/mobilitysqr_api/mobilitysqr_preprod_virtualenv/lib64/python3.6/site-packages/django/core/handlers/exception.py", line 34, in inner
    response = get_response(request)
  File "/var/www/html/mobilitysqr_api/mobilitysqr_preprod_virtualenv/lib64/python3.6/site-packages/django/core/handlers/base.py", line 126, in _get_response
    response = self.process_exception_by_middleware(e, request)
  File "/var/www/html/mobilitysqr_api/mobilitysqr_preprod_virtualenv/lib64/python3.6/site-packages/django/core/handlers/base.py", line 124, in _get_response
    response = wrapped_callback(request, *callback_args, **callback_kwargs)
  File "/var/www/html/mobilitysqr_api/mobilitysqr_preprod_virtualenv/lib64/python3.6/site-packages/django/views/decorators/csrf.py", line 54, in wrapped_view
    return view_func(*args, **kwargs)
  File "/var/www/html/mobilitysqr_api/mobilitysqr_preprod_virtualenv/lib64/python3.6/site-packages/django/views/generic/base.py", line 68, in view
    return self.dispatch(request, *args, **kwargs)
  File "/var/www/html/mobilitysqr_api/mobilitysqr_preprod_virtualenv/lib64/python3.6/site-packages/rest_framework/views.py", line 495, in dispatch
    response = self.handle_exception(exc)
  File "/var/www/html/mobilitysqr_api/mobilitysqr_preprod_virtualenv/lib64/python3.6/site-packages/rest_framework/views.py", line 455, in handle_exception
    self.raise_uncaught_exception(exc)
  File "/var/www/html/mobilitysqr_api/mobilitysqr_preprod_virtualenv/lib64/python3.6/site-packages/rest_framework/views.py", line 492, in dispatch
    response = handler(request, *args, **kwargs)
  File "/var/www/html/mobilitysqr_api/mobilitysqr_preprod_virtualenv/mobilitysqr_staging/mobility_apps/travel/views.py", line 3953, in post
    'to_country': country[0]['name'],
  File "/var/www/html/mobilitysqr_api/mobilitysqr_preprod_virtualenv/lib64/python3.6/site-packages/django/db/models/query.py", line 303, in __getitem__
    return qs._result_cache[0]
IndexError: list index out of range
ERROR|02/Jun/2021 20:29:15|basehttp|2541231|140094501541632|"POST /bulk_approve_travelvisa_request/ HTTP/1.1" 500 18638
ERROR|02/Jun/2021 20:29:16|log|2541231|140094509934336|Internal Server Error: /bulk_approve_travelvisa_request/
Traceback (most recent call last):
  File "/var/www/html/mobilitysqr_api/mobilitysqr_preprod_virtualenv/lib64/python3.6/site-packages/django/core/handlers/exception.py", line 34, in inner
    response = get_response(request)
  File "/var/www/html/mobilitysqr_api/mobilitysqr_preprod_virtualenv/lib64/python3.6/site-packages/django/core/handlers/base.py", line 126, in _get_response
    response = self.process_exception_by_middleware(e, request)
  File "/var/www/html/mobilitysqr_api/mobilitysqr_preprod_virtualenv/lib64/python3.6/site-packages/django/core/handlers/base.py", line 124, in _get_response
    response = wrapped_callback(request, *callback_args, **callback_kwargs)
  File "/var/www/html/mobilitysqr_api/mobilitysqr_preprod_virtualenv/lib64/python3.6/site-packages/django/views/decorators/csrf.py", line 54, in wrapped_view
    return view_func(*args, **kwargs)
  File "/var/www/html/mobilitysqr_api/mobilitysqr_preprod_virtualenv/lib64/python3.6/site-packages/django/views/generic/base.py", line 68, in view
    return self.dispatch(request, *args, **kwargs)
  File "/var/www/html/mobilitysqr_api/mobilitysqr_preprod_virtualenv/lib64/python3.6/site-packages/rest_framework/views.py", line 495, in dispatch
    response = self.handle_exception(exc)
  File "/var/www/html/mobilitysqr_api/mobilitysqr_preprod_virtualenv/lib64/python3.6/site-packages/rest_framework/views.py", line 455, in handle_exception
    self.raise_uncaught_exception(exc)
  File "/var/www/html/mobilitysqr_api/mobilitysqr_preprod_virtualenv/lib64/python3.6/site-packages/rest_framework/views.py", line 492, in dispatch
    response = handler(request, *args, **kwargs)
  File "/var/www/html/mobilitysqr_api/mobilitysqr_preprod_virtualenv/mobilitysqr_staging/mobility_apps/travel/views.py", line 3953, in post
    'to_country': country[0]['name'],
  File "/var/www/html/mobilitysqr_api/mobilitysqr_preprod_virtualenv/lib64/python3.6/site-packages/django/db/models/query.py", line 303, in __getitem__
    return qs._result_cache[0]
IndexError: list index out of range
ERROR|02/Jun/2021 20:29:16|basehttp|2541231|140094509934336|"POST /bulk_approve_travelvisa_request/ HTTP/1.1" 500 18639
ERROR|02/Jun/2021 23:18:09|log|2541231|140094509934336|Internal Server Error: /bulk_approve_travelvisa_request/
Traceback (most recent call last):
  File "/var/www/html/mobilitysqr_api/mobilitysqr_preprod_virtualenv/lib64/python3.6/site-packages/django/core/handlers/exception.py", line 34, in inner
    response = get_response(request)
  File "/var/www/html/mobilitysqr_api/mobilitysqr_preprod_virtualenv/lib64/python3.6/site-packages/django/core/handlers/base.py", line 126, in _get_response
    response = self.process_exception_by_middleware(e, request)
  File "/var/www/html/mobilitysqr_api/mobilitysqr_preprod_virtualenv/lib64/python3.6/site-packages/django/core/handlers/base.py", line 124, in _get_response
    response = wrapped_callback(request, *callback_args, **callback_kwargs)
  File "/var/www/html/mobilitysqr_api/mobilitysqr_preprod_virtualenv/lib64/python3.6/site-packages/django/views/decorators/csrf.py", line 54, in wrapped_view
    return view_func(*args, **kwargs)
  File "/var/www/html/mobilitysqr_api/mobilitysqr_preprod_virtualenv/lib64/python3.6/site-packages/django/views/generic/base.py", line 68, in view
    return self.dispatch(request, *args, **kwargs)
  File "/var/www/html/mobilitysqr_api/mobilitysqr_preprod_virtualenv/lib64/python3.6/site-packages/rest_framework/views.py", line 495, in dispatch
    response = self.handle_exception(exc)
  File "/var/www/html/mobilitysqr_api/mobilitysqr_preprod_virtualenv/lib64/python3.6/site-packages/rest_framework/views.py", line 455, in handle_exception
    self.raise_uncaught_exception(exc)
  File "/var/www/html/mobilitysqr_api/mobilitysqr_preprod_virtualenv/lib64/python3.6/site-packages/rest_framework/views.py", line 492, in dispatch
    response = handler(request, *args, **kwargs)
  File "/var/www/html/mobilitysqr_api/mobilitysqr_preprod_virtualenv/mobilitysqr_staging/mobility_apps/travel/views.py", line 3759, in post
    id=approvel_data['travel_req_id'])
  File "/var/www/html/mobilitysqr_api/mobilitysqr_preprod_virtualenv/mobilitysqr_staging/mobility_apps/travel/views.py", line 4092, in sendmails
    msg.send()
  File "/var/www/html/mobilitysqr_api/mobilitysqr_preprod_virtualenv/lib64/python3.6/site-packages/django/core/mail/message.py", line 291, in send
    return self.get_connection(fail_silently).send_messages([self])
  File "/var/www/html/mobilitysqr_api/mobilitysqr_preprod_virtualenv/lib64/python3.6/site-packages/django/core/mail/backends/smtp.py", line 110, in send_messages
    sent = self._send(message)
  File "/var/www/html/mobilitysqr_api/mobilitysqr_preprod_virtualenv/lib64/python3.6/site-packages/django/core/mail/backends/smtp.py", line 126, in _send
    self.connection.sendmail(from_email, recipients, message.as_bytes(linesep='\r\n'))
  File "/usr/lib64/python3.6/smtplib.py", line 882, in sendmail
    (code, resp) = self.data(msg)
  File "/usr/lib64/python3.6/smtplib.py", line 560, in data
    raise SMTPDataError(code, repl)
smtplib.SMTPDataError: (421, b'4.3.0 Temporary System Problem.  Try again later (10). o14sm245885pfu.89 - gsmtp')
ERROR|02/Jun/2021 23:18:09|basehttp|2541231|140094509934336|"POST /bulk_approve_travelvisa_request/ HTTP/1.1" 500 19622
ERROR|03/Jun/2021 07:23:42|basehttp|2541231|140094476363520|You're accessing the development server over HTTPS, but it only supports HTTP.

ERROR|03/Jun/2021 07:38:40|basehttp|2541231|140094476363520|You're accessing the development server over HTTPS, but it only supports HTTP.

ERROR|03/Jun/2021 11:43:15|log|2541231|140094835513088|Internal Server Error: /get_projects/
Traceback (most recent call last):
  File "/var/www/html/mobilitysqr_api/mobilitysqr_preprod_virtualenv/lib64/python3.6/site-packages/django/core/handlers/exception.py", line 34, in inner
    response = get_response(request)
  File "/var/www/html/mobilitysqr_api/mobilitysqr_preprod_virtualenv/lib64/python3.6/site-packages/django/core/handlers/base.py", line 126, in _get_response
    response = self.process_exception_by_middleware(e, request)
  File "/var/www/html/mobilitysqr_api/mobilitysqr_preprod_virtualenv/lib64/python3.6/site-packages/django/core/handlers/base.py", line 124, in _get_response
    response = wrapped_callback(request, *callback_args, **callback_kwargs)
  File "/var/www/html/mobilitysqr_api/mobilitysqr_preprod_virtualenv/lib64/python3.6/site-packages/django/views/decorators/csrf.py", line 54, in wrapped_view
    return view_func(*args, **kwargs)
  File "/var/www/html/mobilitysqr_api/mobilitysqr_preprod_virtualenv/lib64/python3.6/site-packages/django/views/generic/base.py", line 68, in view
    return self.dispatch(request, *args, **kwargs)
  File "/var/www/html/mobilitysqr_api/mobilitysqr_preprod_virtualenv/lib64/python3.6/site-packages/rest_framework/views.py", line 495, in dispatch
    response = self.handle_exception(exc)
  File "/var/www/html/mobilitysqr_api/mobilitysqr_preprod_virtualenv/lib64/python3.6/site-packages/rest_framework/views.py", line 455, in handle_exception
    self.raise_uncaught_exception(exc)
  File "/var/www/html/mobilitysqr_api/mobilitysqr_preprod_virtualenv/lib64/python3.6/site-packages/rest_framework/views.py", line 492, in dispatch
    response = handler(request, *args, **kwargs)
  File "/var/www/html/mobilitysqr_api/mobilitysqr_preprod_virtualenv/mobilitysqr_staging/mobility_apps/master/views/project.py", line 245, in get
    serializer.data[i]['client_executive_name']=self.employee_name(emp_code=data['client_executive_lead'])
  File "/var/www/html/mobilitysqr_api/mobilitysqr_preprod_virtualenv/mobilitysqr_staging/mobility_apps/master/views/project.py", line 268, in employee_name
    if emp_code[0]['first_name']:
  File "/var/www/html/mobilitysqr_api/mobilitysqr_preprod_virtualenv/lib64/python3.6/site-packages/django/db/models/query.py", line 303, in __getitem__
    return qs._result_cache[0]
IndexError: list index out of range
ERROR|03/Jun/2021 11:43:15|basehttp|2541231|140094835513088|"GET /get_projects/?page=305&search=&org=ORG150866 HTTP/1.1" 500 19173
ERROR|03/Jun/2021 11:43:30|log|2541231|140094835513088|Internal Server Error: /get_projects/
Traceback (most recent call last):
  File "/var/www/html/mobilitysqr_api/mobilitysqr_preprod_virtualenv/lib64/python3.6/site-packages/django/core/handlers/exception.py", line 34, in inner
    response = get_response(request)
  File "/var/www/html/mobilitysqr_api/mobilitysqr_preprod_virtualenv/lib64/python3.6/site-packages/django/core/handlers/base.py", line 126, in _get_response
    response = self.process_exception_by_middleware(e, request)
  File "/var/www/html/mobilitysqr_api/mobilitysqr_preprod_virtualenv/lib64/python3.6/site-packages/django/core/handlers/base.py", line 124, in _get_response
    response = wrapped_callback(request, *callback_args, **callback_kwargs)
  File "/var/www/html/mobilitysqr_api/mobilitysqr_preprod_virtualenv/lib64/python3.6/site-packages/django/views/decorators/csrf.py", line 54, in wrapped_view
    return view_func(*args, **kwargs)
  File "/var/www/html/mobilitysqr_api/mobilitysqr_preprod_virtualenv/lib64/python3.6/site-packages/django/views/generic/base.py", line 68, in view
    return self.dispatch(request, *args, **kwargs)
  File "/var/www/html/mobilitysqr_api/mobilitysqr_preprod_virtualenv/lib64/python3.6/site-packages/rest_framework/views.py", line 495, in dispatch
    response = self.handle_exception(exc)
  File "/var/www/html/mobilitysqr_api/mobilitysqr_preprod_virtualenv/lib64/python3.6/site-packages/rest_framework/views.py", line 455, in handle_exception
    self.raise_uncaught_exception(exc)
  File "/var/www/html/mobilitysqr_api/mobilitysqr_preprod_virtualenv/lib64/python3.6/site-packages/rest_framework/views.py", line 492, in dispatch
    response = handler(request, *args, **kwargs)
  File "/var/www/html/mobilitysqr_api/mobilitysqr_preprod_virtualenv/mobilitysqr_staging/mobility_apps/master/views/project.py", line 245, in get
    serializer.data[i]['client_executive_name']=self.employee_name(emp_code=data['client_executive_lead'])
  File "/var/www/html/mobilitysqr_api/mobilitysqr_preprod_virtualenv/mobilitysqr_staging/mobility_apps/master/views/project.py", line 268, in employee_name
    if emp_code[0]['first_name']:
  File "/var/www/html/mobilitysqr_api/mobilitysqr_preprod_virtualenv/lib64/python3.6/site-packages/django/db/models/query.py", line 303, in __getitem__
    return qs._result_cache[0]
IndexError: list index out of range
ERROR|03/Jun/2021 11:43:30|basehttp|2541231|140094835513088|"GET /get_projects/?page=305&search=&org=ORG150866 HTTP/1.1" 500 19173
ERROR|03/Jun/2021 11:43:53|log|2541231|140094835513088|Internal Server Error: /get_projects/
Traceback (most recent call last):
  File "/var/www/html/mobilitysqr_api/mobilitysqr_preprod_virtualenv/lib64/python3.6/site-packages/django/core/handlers/exception.py", line 34, in inner
    response = get_response(request)
  File "/var/www/html/mobilitysqr_api/mobilitysqr_preprod_virtualenv/lib64/python3.6/site-packages/django/core/handlers/base.py", line 126, in _get_response
    response = self.process_exception_by_middleware(e, request)
  File "/var/www/html/mobilitysqr_api/mobilitysqr_preprod_virtualenv/lib64/python3.6/site-packages/django/core/handlers/base.py", line 124, in _get_response
    response = wrapped_callback(request, *callback_args, **callback_kwargs)
  File "/var/www/html/mobilitysqr_api/mobilitysqr_preprod_virtualenv/lib64/python3.6/site-packages/django/views/decorators/csrf.py", line 54, in wrapped_view
    return view_func(*args, **kwargs)
  File "/var/www/html/mobilitysqr_api/mobilitysqr_preprod_virtualenv/lib64/python3.6/site-packages/django/views/generic/base.py", line 68, in view
    return self.dispatch(request, *args, **kwargs)
  File "/var/www/html/mobilitysqr_api/mobilitysqr_preprod_virtualenv/lib64/python3.6/site-packages/rest_framework/views.py", line 495, in dispatch
    response = self.handle_exception(exc)
  File "/var/www/html/mobilitysqr_api/mobilitysqr_preprod_virtualenv/lib64/python3.6/site-packages/rest_framework/views.py", line 455, in handle_exception
    self.raise_uncaught_exception(exc)
  File "/var/www/html/mobilitysqr_api/mobilitysqr_preprod_virtualenv/lib64/python3.6/site-packages/rest_framework/views.py", line 492, in dispatch
    response = handler(request, *args, **kwargs)
  File "/var/www/html/mobilitysqr_api/mobilitysqr_preprod_virtualenv/mobilitysqr_staging/mobility_apps/master/views/project.py", line 245, in get
    serializer.data[i]['client_executive_name']=self.employee_name(emp_code=data['client_executive_lead'])
  File "/var/www/html/mobilitysqr_api/mobilitysqr_preprod_virtualenv/mobilitysqr_staging/mobility_apps/master/views/project.py", line 268, in employee_name
    if emp_code[0]['first_name']:
  File "/var/www/html/mobilitysqr_api/mobilitysqr_preprod_virtualenv/lib64/python3.6/site-packages/django/db/models/query.py", line 303, in __getitem__
    return qs._result_cache[0]
IndexError: list index out of range
ERROR|03/Jun/2021 11:43:53|basehttp|2541231|140094835513088|"GET /get_projects/?page=305&search=&org=ORG150866 HTTP/1.1" 500 19173
ERROR|03/Jun/2021 11:44:13|log|2541231|140094835513088|Internal Server Error: /get_projects/
Traceback (most recent call last):
  File "/var/www/html/mobilitysqr_api/mobilitysqr_preprod_virtualenv/lib64/python3.6/site-packages/django/core/handlers/exception.py", line 34, in inner
    response = get_response(request)
  File "/var/www/html/mobilitysqr_api/mobilitysqr_preprod_virtualenv/lib64/python3.6/site-packages/django/core/handlers/base.py", line 126, in _get_response
    response = self.process_exception_by_middleware(e, request)
  File "/var/www/html/mobilitysqr_api/mobilitysqr_preprod_virtualenv/lib64/python3.6/site-packages/django/core/handlers/base.py", line 124, in _get_response
    response = wrapped_callback(request, *callback_args, **callback_kwargs)
  File "/var/www/html/mobilitysqr_api/mobilitysqr_preprod_virtualenv/lib64/python3.6/site-packages/django/views/decorators/csrf.py", line 54, in wrapped_view
    return view_func(*args, **kwargs)
  File "/var/www/html/mobilitysqr_api/mobilitysqr_preprod_virtualenv/lib64/python3.6/site-packages/django/views/generic/base.py", line 68, in view
    return self.dispatch(request, *args, **kwargs)
  File "/var/www/html/mobilitysqr_api/mobilitysqr_preprod_virtualenv/lib64/python3.6/site-packages/rest_framework/views.py", line 495, in dispatch
    response = self.handle_exception(exc)
  File "/var/www/html/mobilitysqr_api/mobilitysqr_preprod_virtualenv/lib64/python3.6/site-packages/rest_framework/views.py", line 455, in handle_exception
    self.raise_uncaught_exception(exc)
  File "/var/www/html/mobilitysqr_api/mobilitysqr_preprod_virtualenv/lib64/python3.6/site-packages/rest_framework/views.py", line 492, in dispatch
    response = handler(request, *args, **kwargs)
  File "/var/www/html/mobilitysqr_api/mobilitysqr_preprod_virtualenv/mobilitysqr_staging/mobility_apps/master/views/project.py", line 245, in get
    serializer.data[i]['client_executive_name']=self.employee_name(emp_code=data['client_executive_lead'])
  File "/var/www/html/mobilitysqr_api/mobilitysqr_preprod_virtualenv/mobilitysqr_staging/mobility_apps/master/views/project.py", line 268, in employee_name
    if emp_code[0]['first_name']:
  File "/var/www/html/mobilitysqr_api/mobilitysqr_preprod_virtualenv/lib64/python3.6/site-packages/django/db/models/query.py", line 303, in __getitem__
    return qs._result_cache[0]
IndexError: list index out of range
ERROR|03/Jun/2021 11:44:13|basehttp|2541231|140094835513088|"GET /get_projects/?page=1&search=30001&org=ORG150866 HTTP/1.1" 500 19182
ERROR|03/Jun/2021 11:44:22|log|2541231|140094835513088|Internal Server Error: /get_projects/
Traceback (most recent call last):
  File "/var/www/html/mobilitysqr_api/mobilitysqr_preprod_virtualenv/lib64/python3.6/site-packages/django/core/handlers/exception.py", line 34, in inner
    response = get_response(request)
  File "/var/www/html/mobilitysqr_api/mobilitysqr_preprod_virtualenv/lib64/python3.6/site-packages/django/core/handlers/base.py", line 126, in _get_response
    response = self.process_exception_by_middleware(e, request)
  File "/var/www/html/mobilitysqr_api/mobilitysqr_preprod_virtualenv/lib64/python3.6/site-packages/django/core/handlers/base.py", line 124, in _get_response
    response = wrapped_callback(request, *callback_args, **callback_kwargs)
  File "/var/www/html/mobilitysqr_api/mobilitysqr_preprod_virtualenv/lib64/python3.6/site-packages/django/views/decorators/csrf.py", line 54, in wrapped_view
    return view_func(*args, **kwargs)
  File "/var/www/html/mobilitysqr_api/mobilitysqr_preprod_virtualenv/lib64/python3.6/site-packages/django/views/generic/base.py", line 68, in view
    return self.dispatch(request, *args, **kwargs)
  File "/var/www/html/mobilitysqr_api/mobilitysqr_preprod_virtualenv/lib64/python3.6/site-packages/rest_framework/views.py", line 495, in dispatch
    response = self.handle_exception(exc)
  File "/var/www/html/mobilitysqr_api/mobilitysqr_preprod_virtualenv/lib64/python3.6/site-packages/rest_framework/views.py", line 455, in handle_exception
    self.raise_uncaught_exception(exc)
  File "/var/www/html/mobilitysqr_api/mobilitysqr_preprod_virtualenv/lib64/python3.6/site-packages/rest_framework/views.py", line 492, in dispatch
    response = handler(request, *args, **kwargs)
  File "/var/www/html/mobilitysqr_api/mobilitysqr_preprod_virtualenv/mobilitysqr_staging/mobility_apps/master/views/project.py", line 245, in get
    serializer.data[i]['client_executive_name']=self.employee_name(emp_code=data['client_executive_lead'])
  File "/var/www/html/mobilitysqr_api/mobilitysqr_preprod_virtualenv/mobilitysqr_staging/mobility_apps/master/views/project.py", line 268, in employee_name
    if emp_code[0]['first_name']:
  File "/var/www/html/mobilitysqr_api/mobilitysqr_preprod_virtualenv/lib64/python3.6/site-packages/django/db/models/query.py", line 303, in __getitem__
    return qs._result_cache[0]
IndexError: list index out of range
ERROR|03/Jun/2021 11:44:22|basehttp|2541231|140094835513088|"GET /get_projects/?page=1&search=30001&org=ORG150866 HTTP/1.1" 500 19182
ERROR|03/Jun/2021 11:44:55|log|2541231|140094835513088|Internal Server Error: /get_projects/
Traceback (most recent call last):
  File "/var/www/html/mobilitysqr_api/mobilitysqr_preprod_virtualenv/lib64/python3.6/site-packages/django/core/handlers/exception.py", line 34, in inner
    response = get_response(request)
  File "/var/www/html/mobilitysqr_api/mobilitysqr_preprod_virtualenv/lib64/python3.6/site-packages/django/core/handlers/base.py", line 126, in _get_response
    response = self.process_exception_by_middleware(e, request)
  File "/var/www/html/mobilitysqr_api/mobilitysqr_preprod_virtualenv/lib64/python3.6/site-packages/django/core/handlers/base.py", line 124, in _get_response
    response = wrapped_callback(request, *callback_args, **callback_kwargs)
  File "/var/www/html/mobilitysqr_api/mobilitysqr_preprod_virtualenv/lib64/python3.6/site-packages/django/views/decorators/csrf.py", line 54, in wrapped_view
    return view_func(*args, **kwargs)
  File "/var/www/html/mobilitysqr_api/mobilitysqr_preprod_virtualenv/lib64/python3.6/site-packages/django/views/generic/base.py", line 68, in view
    return self.dispatch(request, *args, **kwargs)
  File "/var/www/html/mobilitysqr_api/mobilitysqr_preprod_virtualenv/lib64/python3.6/site-packages/rest_framework/views.py", line 495, in dispatch
    response = self.handle_exception(exc)
  File "/var/www/html/mobilitysqr_api/mobilitysqr_preprod_virtualenv/lib64/python3.6/site-packages/rest_framework/views.py", line 455, in handle_exception
    self.raise_uncaught_exception(exc)
  File "/var/www/html/mobilitysqr_api/mobilitysqr_preprod_virtualenv/lib64/python3.6/site-packages/rest_framework/views.py", line 492, in dispatch
    response = handler(request, *args, **kwargs)
  File "/var/www/html/mobilitysqr_api/mobilitysqr_preprod_virtualenv/mobilitysqr_staging/mobility_apps/master/views/project.py", line 245, in get
    serializer.data[i]['client_executive_name']=self.employee_name(emp_code=data['client_executive_lead'])
  File "/var/www/html/mobilitysqr_api/mobilitysqr_preprod_virtualenv/mobilitysqr_staging/mobility_apps/master/views/project.py", line 268, in employee_name
    if emp_code[0]['first_name']:
  File "/var/www/html/mobilitysqr_api/mobilitysqr_preprod_virtualenv/lib64/python3.6/site-packages/django/db/models/query.py", line 303, in __getitem__
    return qs._result_cache[0]
IndexError: list index out of range
ERROR|03/Jun/2021 11:44:55|basehttp|2541231|140094835513088|"GET /get_projects/?page=305&search=&org=ORG150866 HTTP/1.1" 500 19172
ERROR|03/Jun/2021 11:46:12|log|2541231|140094476363520|Internal Server Error: /get_projects/
Traceback (most recent call last):
  File "/var/www/html/mobilitysqr_api/mobilitysqr_preprod_virtualenv/lib64/python3.6/site-packages/django/core/handlers/exception.py", line 34, in inner
    response = get_response(request)
  File "/var/www/html/mobilitysqr_api/mobilitysqr_preprod_virtualenv/lib64/python3.6/site-packages/django/core/handlers/base.py", line 126, in _get_response
    response = self.process_exception_by_middleware(e, request)
  File "/var/www/html/mobilitysqr_api/mobilitysqr_preprod_virtualenv/lib64/python3.6/site-packages/django/core/handlers/base.py", line 124, in _get_response
    response = wrapped_callback(request, *callback_args, **callback_kwargs)
  File "/var/www/html/mobilitysqr_api/mobilitysqr_preprod_virtualenv/lib64/python3.6/site-packages/django/views/decorators/csrf.py", line 54, in wrapped_view
    return view_func(*args, **kwargs)
  File "/var/www/html/mobilitysqr_api/mobilitysqr_preprod_virtualenv/lib64/python3.6/site-packages/django/views/generic/base.py", line 68, in view
    return self.dispatch(request, *args, **kwargs)
  File "/var/www/html/mobilitysqr_api/mobilitysqr_preprod_virtualenv/lib64/python3.6/site-packages/rest_framework/views.py", line 495, in dispatch
    response = self.handle_exception(exc)
  File "/var/www/html/mobilitysqr_api/mobilitysqr_preprod_virtualenv/lib64/python3.6/site-packages/rest_framework/views.py", line 455, in handle_exception
    self.raise_uncaught_exception(exc)
  File "/var/www/html/mobilitysqr_api/mobilitysqr_preprod_virtualenv/lib64/python3.6/site-packages/rest_framework/views.py", line 492, in dispatch
    response = handler(request, *args, **kwargs)
  File "/var/www/html/mobilitysqr_api/mobilitysqr_preprod_virtualenv/mobilitysqr_staging/mobility_apps/master/views/project.py", line 245, in get
    serializer.data[i]['client_executive_name']=self.employee_name(emp_code=data['client_executive_lead'])
  File "/var/www/html/mobilitysqr_api/mobilitysqr_preprod_virtualenv/mobilitysqr_staging/mobility_apps/master/views/project.py", line 268, in employee_name
    if emp_code[0]['first_name']:
  File "/var/www/html/mobilitysqr_api/mobilitysqr_preprod_virtualenv/lib64/python3.6/site-packages/django/db/models/query.py", line 303, in __getitem__
    return qs._result_cache[0]
IndexError: list index out of range
ERROR|03/Jun/2021 11:46:12|basehttp|2541231|140094476363520|"GET /get_projects/?page=305&search=&org=ORG150866 HTTP/1.1" 500 19160
ERROR|03/Jun/2021 11:47:47|log|2541231|140094467970816|Internal Server Error: /get_projects/
Traceback (most recent call last):
  File "/var/www/html/mobilitysqr_api/mobilitysqr_preprod_virtualenv/lib64/python3.6/site-packages/django/core/handlers/exception.py", line 34, in inner
    response = get_response(request)
  File "/var/www/html/mobilitysqr_api/mobilitysqr_preprod_virtualenv/lib64/python3.6/site-packages/django/core/handlers/base.py", line 126, in _get_response
    response = self.process_exception_by_middleware(e, request)
  File "/var/www/html/mobilitysqr_api/mobilitysqr_preprod_virtualenv/lib64/python3.6/site-packages/django/core/handlers/base.py", line 124, in _get_response
    response = wrapped_callback(request, *callback_args, **callback_kwargs)
  File "/var/www/html/mobilitysqr_api/mobilitysqr_preprod_virtualenv/lib64/python3.6/site-packages/django/views/decorators/csrf.py", line 54, in wrapped_view
    return view_func(*args, **kwargs)
  File "/var/www/html/mobilitysqr_api/mobilitysqr_preprod_virtualenv/lib64/python3.6/site-packages/django/views/generic/base.py", line 68, in view
    return self.dispatch(request, *args, **kwargs)
  File "/var/www/html/mobilitysqr_api/mobilitysqr_preprod_virtualenv/lib64/python3.6/site-packages/rest_framework/views.py", line 495, in dispatch
    response = self.handle_exception(exc)
  File "/var/www/html/mobilitysqr_api/mobilitysqr_preprod_virtualenv/lib64/python3.6/site-packages/rest_framework/views.py", line 455, in handle_exception
    self.raise_uncaught_exception(exc)
  File "/var/www/html/mobilitysqr_api/mobilitysqr_preprod_virtualenv/lib64/python3.6/site-packages/rest_framework/views.py", line 492, in dispatch
    response = handler(request, *args, **kwargs)
  File "/var/www/html/mobilitysqr_api/mobilitysqr_preprod_virtualenv/mobilitysqr_staging/mobility_apps/master/views/project.py", line 245, in get
    serializer.data[i]['client_executive_name']=self.employee_name(emp_code=data['client_executive_lead'])
  File "/var/www/html/mobilitysqr_api/mobilitysqr_preprod_virtualenv/mobilitysqr_staging/mobility_apps/master/views/project.py", line 268, in employee_name
    if emp_code[0]['first_name']:
  File "/var/www/html/mobilitysqr_api/mobilitysqr_preprod_virtualenv/lib64/python3.6/site-packages/django/db/models/query.py", line 303, in __getitem__
    return qs._result_cache[0]
IndexError: list index out of range
ERROR|03/Jun/2021 11:47:47|basehttp|2541231|140094467970816|"GET /get_projects/?page=305&search=&org=ORG150866 HTTP/1.1" 500 19160
ERROR|03/Jun/2021 11:52:52|log|2541231|140094835513088|Internal Server Error: /get_add/travel_request/
Traceback (most recent call last):
  File "/var/www/html/mobilitysqr_api/mobilitysqr_preprod_virtualenv/lib64/python3.6/site-packages/django/core/handlers/exception.py", line 34, in inner
    response = get_response(request)
  File "/var/www/html/mobilitysqr_api/mobilitysqr_preprod_virtualenv/lib64/python3.6/site-packages/django/core/handlers/base.py", line 126, in _get_response
    response = self.process_exception_by_middleware(e, request)
  File "/var/www/html/mobilitysqr_api/mobilitysqr_preprod_virtualenv/lib64/python3.6/site-packages/django/core/handlers/base.py", line 124, in _get_response
    response = wrapped_callback(request, *callback_args, **callback_kwargs)
  File "/var/www/html/mobilitysqr_api/mobilitysqr_preprod_virtualenv/lib64/python3.6/site-packages/django/views/decorators/csrf.py", line 54, in wrapped_view
    return view_func(*args, **kwargs)
  File "/var/www/html/mobilitysqr_api/mobilitysqr_preprod_virtualenv/lib64/python3.6/site-packages/django/views/generic/base.py", line 68, in view
    return self.dispatch(request, *args, **kwargs)
  File "/var/www/html/mobilitysqr_api/mobilitysqr_preprod_virtualenv/lib64/python3.6/site-packages/rest_framework/views.py", line 495, in dispatch
    response = self.handle_exception(exc)
  File "/var/www/html/mobilitysqr_api/mobilitysqr_preprod_virtualenv/lib64/python3.6/site-packages/rest_framework/views.py", line 455, in handle_exception
    self.raise_uncaught_exception(exc)
  File "/var/www/html/mobilitysqr_api/mobilitysqr_preprod_virtualenv/lib64/python3.6/site-packages/rest_framework/views.py", line 492, in dispatch
    response = handler(request, *args, **kwargs)
  File "/var/www/html/mobilitysqr_api/mobilitysqr_preprod_virtualenv/mobilitysqr_staging/mobility_apps/travel/views.py", line 273, in post
    'expense_approver':self.employee_name(emp_code=employee[0]['expense_approver']),
  File "/var/www/html/mobilitysqr_api/mobilitysqr_preprod_virtualenv/mobilitysqr_staging/mobility_apps/travel/views.py", line 445, in employee_name
    if emp_code[0]['first_name']:
  File "/var/www/html/mobilitysqr_api/mobilitysqr_preprod_virtualenv/lib64/python3.6/site-packages/django/db/models/query.py", line 303, in __getitem__
    return qs._result_cache[0]
IndexError: list index out of range
ERROR|03/Jun/2021 11:52:52|basehttp|2541231|140094835513088|"POST /get_add/travel_request/ HTTP/1.1" 500 19098
ERROR|03/Jun/2021 11:58:46|log|2541231|140094501541632|Internal Server Error: /get_add/travel_request/
Traceback (most recent call last):
  File "/var/www/html/mobilitysqr_api/mobilitysqr_preprod_virtualenv/lib64/python3.6/site-packages/django/core/handlers/exception.py", line 34, in inner
    response = get_response(request)
  File "/var/www/html/mobilitysqr_api/mobilitysqr_preprod_virtualenv/lib64/python3.6/site-packages/django/core/handlers/base.py", line 126, in _get_response
    response = self.process_exception_by_middleware(e, request)
  File "/var/www/html/mobilitysqr_api/mobilitysqr_preprod_virtualenv/lib64/python3.6/site-packages/django/core/handlers/base.py", line 124, in _get_response
    response = wrapped_callback(request, *callback_args, **callback_kwargs)
  File "/var/www/html/mobilitysqr_api/mobilitysqr_preprod_virtualenv/lib64/python3.6/site-packages/django/views/decorators/csrf.py", line 54, in wrapped_view
    return view_func(*args, **kwargs)
  File "/var/www/html/mobilitysqr_api/mobilitysqr_preprod_virtualenv/lib64/python3.6/site-packages/django/views/generic/base.py", line 68, in view
    return self.dispatch(request, *args, **kwargs)
  File "/var/www/html/mobilitysqr_api/mobilitysqr_preprod_virtualenv/lib64/python3.6/site-packages/rest_framework/views.py", line 495, in dispatch
    response = self.handle_exception(exc)
  File "/var/www/html/mobilitysqr_api/mobilitysqr_preprod_virtualenv/lib64/python3.6/site-packages/rest_framework/views.py", line 455, in handle_exception
    self.raise_uncaught_exception(exc)
  File "/var/www/html/mobilitysqr_api/mobilitysqr_preprod_virtualenv/lib64/python3.6/site-packages/rest_framework/views.py", line 492, in dispatch
    response = handler(request, *args, **kwargs)
  File "/var/www/html/mobilitysqr_api/mobilitysqr_preprod_virtualenv/mobilitysqr_staging/mobility_apps/travel/views.py", line 273, in post
    'expense_approver':self.employee_name(emp_code=employee[0]['expense_approver']),
  File "/var/www/html/mobilitysqr_api/mobilitysqr_preprod_virtualenv/mobilitysqr_staging/mobility_apps/travel/views.py", line 445, in employee_name
    if emp_code[0]['first_name']:
  File "/var/www/html/mobilitysqr_api/mobilitysqr_preprod_virtualenv/lib64/python3.6/site-packages/django/db/models/query.py", line 303, in __getitem__
    return qs._result_cache[0]
IndexError: list index out of range
ERROR|03/Jun/2021 11:58:46|basehttp|2541231|140094501541632|"POST /get_add/travel_request/ HTTP/1.1" 500 19099
ERROR|03/Jun/2021 11:59:22|log|2541231|140094493148928|Internal Server Error: /get_projects/
Traceback (most recent call last):
  File "/var/www/html/mobilitysqr_api/mobilitysqr_preprod_virtualenv/lib64/python3.6/site-packages/django/core/handlers/exception.py", line 34, in inner
    response = get_response(request)
  File "/var/www/html/mobilitysqr_api/mobilitysqr_preprod_virtualenv/lib64/python3.6/site-packages/django/core/handlers/base.py", line 126, in _get_response
    response = self.process_exception_by_middleware(e, request)
  File "/var/www/html/mobilitysqr_api/mobilitysqr_preprod_virtualenv/lib64/python3.6/site-packages/django/core/handlers/base.py", line 124, in _get_response
    response = wrapped_callback(request, *callback_args, **callback_kwargs)
  File "/var/www/html/mobilitysqr_api/mobilitysqr_preprod_virtualenv/lib64/python3.6/site-packages/django/views/decorators/csrf.py", line 54, in wrapped_view
    return view_func(*args, **kwargs)
  File "/var/www/html/mobilitysqr_api/mobilitysqr_preprod_virtualenv/lib64/python3.6/site-packages/django/views/generic/base.py", line 68, in view
    return self.dispatch(request, *args, **kwargs)
  File "/var/www/html/mobilitysqr_api/mobilitysqr_preprod_virtualenv/lib64/python3.6/site-packages/rest_framework/views.py", line 495, in dispatch
    response = self.handle_exception(exc)
  File "/var/www/html/mobilitysqr_api/mobilitysqr_preprod_virtualenv/lib64/python3.6/site-packages/rest_framework/views.py", line 455, in handle_exception
    self.raise_uncaught_exception(exc)
  File "/var/www/html/mobilitysqr_api/mobilitysqr_preprod_virtualenv/lib64/python3.6/site-packages/rest_framework/views.py", line 492, in dispatch
    response = handler(request, *args, **kwargs)
  File "/var/www/html/mobilitysqr_api/mobilitysqr_preprod_virtualenv/mobilitysqr_staging/mobility_apps/master/views/project.py", line 245, in get
    serializer.data[i]['client_executive_name']=self.employee_name(emp_code=data['client_executive_lead'])
  File "/var/www/html/mobilitysqr_api/mobilitysqr_preprod_virtualenv/mobilitysqr_staging/mobility_apps/master/views/project.py", line 268, in employee_name
    if emp_code[0]['first_name']:
  File "/var/www/html/mobilitysqr_api/mobilitysqr_preprod_virtualenv/lib64/python3.6/site-packages/django/db/models/query.py", line 303, in __getitem__
    return qs._result_cache[0]
IndexError: list index out of range
ERROR|03/Jun/2021 11:59:22|basehttp|2541231|140094493148928|"GET /get_projects/?page=305&search=&org=ORG150866 HTTP/1.1" 500 19161
ERROR|03/Jun/2021 12:00:32|log|2541231|140094493148928|Internal Server Error: /get_add/travel_request/
Traceback (most recent call last):
  File "/var/www/html/mobilitysqr_api/mobilitysqr_preprod_virtualenv/lib64/python3.6/site-packages/django/core/handlers/exception.py", line 34, in inner
    response = get_response(request)
  File "/var/www/html/mobilitysqr_api/mobilitysqr_preprod_virtualenv/lib64/python3.6/site-packages/django/core/handlers/base.py", line 126, in _get_response
    response = self.process_exception_by_middleware(e, request)
  File "/var/www/html/mobilitysqr_api/mobilitysqr_preprod_virtualenv/lib64/python3.6/site-packages/django/core/handlers/base.py", line 124, in _get_response
    response = wrapped_callback(request, *callback_args, **callback_kwargs)
  File "/var/www/html/mobilitysqr_api/mobilitysqr_preprod_virtualenv/lib64/python3.6/site-packages/django/views/decorators/csrf.py", line 54, in wrapped_view
    return view_func(*args, **kwargs)
  File "/var/www/html/mobilitysqr_api/mobilitysqr_preprod_virtualenv/lib64/python3.6/site-packages/django/views/generic/base.py", line 68, in view
    return self.dispatch(request, *args, **kwargs)
  File "/var/www/html/mobilitysqr_api/mobilitysqr_preprod_virtualenv/lib64/python3.6/site-packages/rest_framework/views.py", line 495, in dispatch
    response = self.handle_exception(exc)
  File "/var/www/html/mobilitysqr_api/mobilitysqr_preprod_virtualenv/lib64/python3.6/site-packages/rest_framework/views.py", line 455, in handle_exception
    self.raise_uncaught_exception(exc)
  File "/var/www/html/mobilitysqr_api/mobilitysqr_preprod_virtualenv/lib64/python3.6/site-packages/rest_framework/views.py", line 492, in dispatch
    response = handler(request, *args, **kwargs)
  File "/var/www/html/mobilitysqr_api/mobilitysqr_preprod_virtualenv/mobilitysqr_staging/mobility_apps/travel/views.py", line 273, in post
    'expense_approver':self.employee_name(emp_code=employee[0]['expense_approver']),
  File "/var/www/html/mobilitysqr_api/mobilitysqr_preprod_virtualenv/mobilitysqr_staging/mobility_apps/travel/views.py", line 445, in employee_name
    if emp_code[0]['first_name']:
  File "/var/www/html/mobilitysqr_api/mobilitysqr_preprod_virtualenv/lib64/python3.6/site-packages/django/db/models/query.py", line 303, in __getitem__
    return qs._result_cache[0]
IndexError: list index out of range
ERROR|03/Jun/2021 12:00:32|basehttp|2541231|140094493148928|"POST /get_add/travel_request/ HTTP/1.1" 500 19099
ERROR|03/Jun/2021 12:06:34|log|2541231|140094493148928|Internal Server Error: /get_projects/
Traceback (most recent call last):
  File "/var/www/html/mobilitysqr_api/mobilitysqr_preprod_virtualenv/lib64/python3.6/site-packages/django/core/handlers/exception.py", line 34, in inner
    response = get_response(request)
  File "/var/www/html/mobilitysqr_api/mobilitysqr_preprod_virtualenv/lib64/python3.6/site-packages/django/core/handlers/base.py", line 126, in _get_response
    response = self.process_exception_by_middleware(e, request)
  File "/var/www/html/mobilitysqr_api/mobilitysqr_preprod_virtualenv/lib64/python3.6/site-packages/django/core/handlers/base.py", line 124, in _get_response
    response = wrapped_callback(request, *callback_args, **callback_kwargs)
  File "/var/www/html/mobilitysqr_api/mobilitysqr_preprod_virtualenv/lib64/python3.6/site-packages/django/views/decorators/csrf.py", line 54, in wrapped_view
    return view_func(*args, **kwargs)
  File "/var/www/html/mobilitysqr_api/mobilitysqr_preprod_virtualenv/lib64/python3.6/site-packages/django/views/generic/base.py", line 68, in view
    return self.dispatch(request, *args, **kwargs)
  File "/var/www/html/mobilitysqr_api/mobilitysqr_preprod_virtualenv/lib64/python3.6/site-packages/rest_framework/views.py", line 495, in dispatch
    response = self.handle_exception(exc)
  File "/var/www/html/mobilitysqr_api/mobilitysqr_preprod_virtualenv/lib64/python3.6/site-packages/rest_framework/views.py", line 455, in handle_exception
    self.raise_uncaught_exception(exc)
  File "/var/www/html/mobilitysqr_api/mobilitysqr_preprod_virtualenv/lib64/python3.6/site-packages/rest_framework/views.py", line 492, in dispatch
    response = handler(request, *args, **kwargs)
  File "/var/www/html/mobilitysqr_api/mobilitysqr_preprod_virtualenv/mobilitysqr_staging/mobility_apps/master/views/project.py", line 245, in get
    serializer.data[i]['client_executive_name']=self.employee_name(emp_code=data['client_executive_lead'])
  File "/var/www/html/mobilitysqr_api/mobilitysqr_preprod_virtualenv/mobilitysqr_staging/mobility_apps/master/views/project.py", line 268, in employee_name
    if emp_code[0]['first_name']:
  File "/var/www/html/mobilitysqr_api/mobilitysqr_preprod_virtualenv/lib64/python3.6/site-packages/django/db/models/query.py", line 303, in __getitem__
    return qs._result_cache[0]
IndexError: list index out of range
ERROR|03/Jun/2021 12:06:34|basehttp|2541231|140094493148928|"GET /get_projects/?page=305&search=&org=ORG150866 HTTP/1.1" 500 19157
ERROR|03/Jun/2021 12:08:13|log|2541231|140094459578112|Internal Server Error: /get_projects/
Traceback (most recent call last):
  File "/var/www/html/mobilitysqr_api/mobilitysqr_preprod_virtualenv/lib64/python3.6/site-packages/django/core/handlers/exception.py", line 34, in inner
    response = get_response(request)
  File "/var/www/html/mobilitysqr_api/mobilitysqr_preprod_virtualenv/lib64/python3.6/site-packages/django/core/handlers/base.py", line 126, in _get_response
    response = self.process_exception_by_middleware(e, request)
  File "/var/www/html/mobilitysqr_api/mobilitysqr_preprod_virtualenv/lib64/python3.6/site-packages/django/core/handlers/base.py", line 124, in _get_response
    response = wrapped_callback(request, *callback_args, **callback_kwargs)
  File "/var/www/html/mobilitysqr_api/mobilitysqr_preprod_virtualenv/lib64/python3.6/site-packages/django/views/decorators/csrf.py", line 54, in wrapped_view
    return view_func(*args, **kwargs)
  File "/var/www/html/mobilitysqr_api/mobilitysqr_preprod_virtualenv/lib64/python3.6/site-packages/django/views/generic/base.py", line 68, in view
    return self.dispatch(request, *args, **kwargs)
  File "/var/www/html/mobilitysqr_api/mobilitysqr_preprod_virtualenv/lib64/python3.6/site-packages/rest_framework/views.py", line 495, in dispatch
    response = self.handle_exception(exc)
  File "/var/www/html/mobilitysqr_api/mobilitysqr_preprod_virtualenv/lib64/python3.6/site-packages/rest_framework/views.py", line 455, in handle_exception
    self.raise_uncaught_exception(exc)
  File "/var/www/html/mobilitysqr_api/mobilitysqr_preprod_virtualenv/lib64/python3.6/site-packages/rest_framework/views.py", line 492, in dispatch
    response = handler(request, *args, **kwargs)
  File "/var/www/html/mobilitysqr_api/mobilitysqr_preprod_virtualenv/mobilitysqr_staging/mobility_apps/master/views/project.py", line 245, in get
    serializer.data[i]['client_executive_name']=self.employee_name(emp_code=data['client_executive_lead'])
  File "/var/www/html/mobilitysqr_api/mobilitysqr_preprod_virtualenv/mobilitysqr_staging/mobility_apps/master/views/project.py", line 268, in employee_name
    if emp_code[0]['first_name']:
  File "/var/www/html/mobilitysqr_api/mobilitysqr_preprod_virtualenv/lib64/python3.6/site-packages/django/db/models/query.py", line 303, in __getitem__
    return qs._result_cache[0]
IndexError: list index out of range
ERROR|03/Jun/2021 12:08:13|basehttp|2541231|140094459578112|"GET /get_projects/?page=305&search=&org=ORG150866 HTTP/1.1" 500 19157
ERROR|03/Jun/2021 12:34:01|log|2541231|140094442792704|Internal Server Error: /get_projects/
Traceback (most recent call last):
  File "/var/www/html/mobilitysqr_api/mobilitysqr_preprod_virtualenv/lib64/python3.6/site-packages/django/core/handlers/exception.py", line 34, in inner
    response = get_response(request)
  File "/var/www/html/mobilitysqr_api/mobilitysqr_preprod_virtualenv/lib64/python3.6/site-packages/django/core/handlers/base.py", line 126, in _get_response
    response = self.process_exception_by_middleware(e, request)
  File "/var/www/html/mobilitysqr_api/mobilitysqr_preprod_virtualenv/lib64/python3.6/site-packages/django/core/handlers/base.py", line 124, in _get_response
    response = wrapped_callback(request, *callback_args, **callback_kwargs)
  File "/var/www/html/mobilitysqr_api/mobilitysqr_preprod_virtualenv/lib64/python3.6/site-packages/django/views/decorators/csrf.py", line 54, in wrapped_view
    return view_func(*args, **kwargs)
  File "/var/www/html/mobilitysqr_api/mobilitysqr_preprod_virtualenv/lib64/python3.6/site-packages/django/views/generic/base.py", line 68, in view
    return self.dispatch(request, *args, **kwargs)
  File "/var/www/html/mobilitysqr_api/mobilitysqr_preprod_virtualenv/lib64/python3.6/site-packages/rest_framework/views.py", line 495, in dispatch
    response = self.handle_exception(exc)
  File "/var/www/html/mobilitysqr_api/mobilitysqr_preprod_virtualenv/lib64/python3.6/site-packages/rest_framework/views.py", line 455, in handle_exception
    self.raise_uncaught_exception(exc)
  File "/var/www/html/mobilitysqr_api/mobilitysqr_preprod_virtualenv/lib64/python3.6/site-packages/rest_framework/views.py", line 492, in dispatch
    response = handler(request, *args, **kwargs)
  File "/var/www/html/mobilitysqr_api/mobilitysqr_preprod_virtualenv/mobilitysqr_staging/mobility_apps/master/views/project.py", line 245, in get
    serializer.data[i]['client_executive_name']=self.employee_name(emp_code=data['client_executive_lead'])
  File "/var/www/html/mobilitysqr_api/mobilitysqr_preprod_virtualenv/mobilitysqr_staging/mobility_apps/master/views/project.py", line 268, in employee_name
    if emp_code[0]['first_name']:
  File "/var/www/html/mobilitysqr_api/mobilitysqr_preprod_virtualenv/lib64/python3.6/site-packages/django/db/models/query.py", line 303, in __getitem__
    return qs._result_cache[0]
IndexError: list index out of range
ERROR|03/Jun/2021 12:34:01|basehttp|2541231|140094442792704|"GET /get_projects/?page=305&search=&org=ORG150866 HTTP/1.1" 500 19158
ERROR|03/Jun/2021 13:18:23|basehttp|2541231|140094501541632|You're accessing the development server over HTTPS, but it only supports HTTP.

ERROR|03/Jun/2021 13:22:05|basehttp|2541231|140094451185408|You're accessing the development server over HTTPS, but it only supports HTTP.

