ERROR|21/May/2021 14:14:52|basehttp|1070244|139825321670400|"GET /config/getuser?index=0 HTTP/1.1" 500 59
ERROR|21/May/2021 15:29:45|log|1070244|139825330063104|Internal Server Error: /get_add/travel_request/
Traceback (most recent call last):
  File "/var/www/html/mobilitysqr_api/mobilitysqr_staging_virtualenv/lib64/python3.6/site-packages/django/core/handlers/exception.py", line 34, in inner
    response = get_response(request)
  File "/var/www/html/mobilitysqr_api/mobilitysqr_staging_virtualenv/lib64/python3.6/site-packages/django/core/handlers/base.py", line 126, in _get_response
    response = self.process_exception_by_middleware(e, request)
  File "/var/www/html/mobilitysqr_api/mobilitysqr_staging_virtualenv/lib64/python3.6/site-packages/django/core/handlers/base.py", line 124, in _get_response
    response = wrapped_callback(request, *callback_args, **callback_kwargs)
  File "/var/www/html/mobilitysqr_api/mobilitysqr_staging_virtualenv/lib64/python3.6/site-packages/django/views/decorators/csrf.py", line 54, in wrapped_view
    return view_func(*args, **kwargs)
  File "/var/www/html/mobilitysqr_api/mobilitysqr_staging_virtualenv/lib64/python3.6/site-packages/django/views/generic/base.py", line 68, in view
    return self.dispatch(request, *args, **kwargs)
  File "/var/www/html/mobilitysqr_api/mobilitysqr_staging_virtualenv/lib64/python3.6/site-packages/rest_framework/views.py", line 495, in dispatch
    response = self.handle_exception(exc)
  File "/var/www/html/mobilitysqr_api/mobilitysqr_staging_virtualenv/lib64/python3.6/site-packages/rest_framework/views.py", line 455, in handle_exception
    self.raise_uncaught_exception(exc)
  File "/var/www/html/mobilitysqr_api/mobilitysqr_staging_virtualenv/lib64/python3.6/site-packages/rest_framework/views.py", line 492, in dispatch
    response = handler(request, *args, **kwargs)
  File "/var/www/html/mobilitysqr_api/mobilitysqr_staging_virtualenv/mobilitysqr_staging/mobility_apps/travel/views.py", line 301, in post
    for data in data['travel_city']:
UnboundLocalError: local variable 'data' referenced before assignment
ERROR|21/May/2021 15:29:45|basehttp|1070244|139825330063104|"POST /get_add/travel_request/ HTTP/1.1" 500 18725
ERROR|21/May/2021 15:42:21|log|1070244|139824980289280|Internal Server Error: /get_add/travel_request/
Traceback (most recent call last):
  File "/var/www/html/mobilitysqr_api/mobilitysqr_staging_virtualenv/lib64/python3.6/site-packages/django/core/handlers/exception.py", line 34, in inner
    response = get_response(request)
  File "/var/www/html/mobilitysqr_api/mobilitysqr_staging_virtualenv/lib64/python3.6/site-packages/django/core/handlers/base.py", line 126, in _get_response
    response = self.process_exception_by_middleware(e, request)
  File "/var/www/html/mobilitysqr_api/mobilitysqr_staging_virtualenv/lib64/python3.6/site-packages/django/core/handlers/base.py", line 124, in _get_response
    response = wrapped_callback(request, *callback_args, **callback_kwargs)
  File "/var/www/html/mobilitysqr_api/mobilitysqr_staging_virtualenv/lib64/python3.6/site-packages/django/views/decorators/csrf.py", line 54, in wrapped_view
    return view_func(*args, **kwargs)
  File "/var/www/html/mobilitysqr_api/mobilitysqr_staging_virtualenv/lib64/python3.6/site-packages/django/views/generic/base.py", line 68, in view
    return self.dispatch(request, *args, **kwargs)
  File "/var/www/html/mobilitysqr_api/mobilitysqr_staging_virtualenv/lib64/python3.6/site-packages/rest_framework/views.py", line 495, in dispatch
    response = self.handle_exception(exc)
  File "/var/www/html/mobilitysqr_api/mobilitysqr_staging_virtualenv/lib64/python3.6/site-packages/rest_framework/views.py", line 455, in handle_exception
    self.raise_uncaught_exception(exc)
  File "/var/www/html/mobilitysqr_api/mobilitysqr_staging_virtualenv/lib64/python3.6/site-packages/rest_framework/views.py", line 492, in dispatch
    response = handler(request, *args, **kwargs)
  File "/var/www/html/mobilitysqr_api/mobilitysqr_staging_virtualenv/mobilitysqr_staging/mobility_apps/travel/views.py", line 301, in post
    for data in data['travel_city']:
UnboundLocalError: local variable 'data' referenced before assignment
ERROR|21/May/2021 15:42:21|basehttp|1070244|139824980289280|"POST /get_add/travel_request/ HTTP/1.1" 500 18724
ERROR|21/May/2021 15:58:23|log|1070244|139825296492288|Internal Server Error: /get_add/travel_request/
Traceback (most recent call last):
  File "/var/www/html/mobilitysqr_api/mobilitysqr_staging_virtualenv/lib64/python3.6/site-packages/django/core/handlers/exception.py", line 34, in inner
    response = get_response(request)
  File "/var/www/html/mobilitysqr_api/mobilitysqr_staging_virtualenv/lib64/python3.6/site-packages/django/core/handlers/base.py", line 126, in _get_response
    response = self.process_exception_by_middleware(e, request)
  File "/var/www/html/mobilitysqr_api/mobilitysqr_staging_virtualenv/lib64/python3.6/site-packages/django/core/handlers/base.py", line 124, in _get_response
    response = wrapped_callback(request, *callback_args, **callback_kwargs)
  File "/var/www/html/mobilitysqr_api/mobilitysqr_staging_virtualenv/lib64/python3.6/site-packages/django/views/decorators/csrf.py", line 54, in wrapped_view
    return view_func(*args, **kwargs)
  File "/var/www/html/mobilitysqr_api/mobilitysqr_staging_virtualenv/lib64/python3.6/site-packages/django/views/generic/base.py", line 68, in view
    return self.dispatch(request, *args, **kwargs)
  File "/var/www/html/mobilitysqr_api/mobilitysqr_staging_virtualenv/lib64/python3.6/site-packages/rest_framework/views.py", line 495, in dispatch
    response = self.handle_exception(exc)
  File "/var/www/html/mobilitysqr_api/mobilitysqr_staging_virtualenv/lib64/python3.6/site-packages/rest_framework/views.py", line 455, in handle_exception
    self.raise_uncaught_exception(exc)
  File "/var/www/html/mobilitysqr_api/mobilitysqr_staging_virtualenv/lib64/python3.6/site-packages/rest_framework/views.py", line 492, in dispatch
    response = handler(request, *args, **kwargs)
  File "/var/www/html/mobilitysqr_api/mobilitysqr_staging_virtualenv/mobilitysqr_staging/mobility_apps/travel/views.py", line 301, in post
    for data in data['travel_city']:
UnboundLocalError: local variable 'data' referenced before assignment
ERROR|21/May/2021 15:58:23|basehttp|1070244|139825296492288|"POST /get_add/travel_request/ HTTP/1.1" 500 18722
ERROR|21/May/2021 15:58:48|log|1070244|139825296492288|Internal Server Error: /get_add/travel_request/
Traceback (most recent call last):
  File "/var/www/html/mobilitysqr_api/mobilitysqr_staging_virtualenv/lib64/python3.6/site-packages/django/core/handlers/exception.py", line 34, in inner
    response = get_response(request)
  File "/var/www/html/mobilitysqr_api/mobilitysqr_staging_virtualenv/lib64/python3.6/site-packages/django/core/handlers/base.py", line 126, in _get_response
    response = self.process_exception_by_middleware(e, request)
  File "/var/www/html/mobilitysqr_api/mobilitysqr_staging_virtualenv/lib64/python3.6/site-packages/django/core/handlers/base.py", line 124, in _get_response
    response = wrapped_callback(request, *callback_args, **callback_kwargs)
  File "/var/www/html/mobilitysqr_api/mobilitysqr_staging_virtualenv/lib64/python3.6/site-packages/django/views/decorators/csrf.py", line 54, in wrapped_view
    return view_func(*args, **kwargs)
  File "/var/www/html/mobilitysqr_api/mobilitysqr_staging_virtualenv/lib64/python3.6/site-packages/django/views/generic/base.py", line 68, in view
    return self.dispatch(request, *args, **kwargs)
  File "/var/www/html/mobilitysqr_api/mobilitysqr_staging_virtualenv/lib64/python3.6/site-packages/rest_framework/views.py", line 495, in dispatch
    response = self.handle_exception(exc)
  File "/var/www/html/mobilitysqr_api/mobilitysqr_staging_virtualenv/lib64/python3.6/site-packages/rest_framework/views.py", line 455, in handle_exception
    self.raise_uncaught_exception(exc)
  File "/var/www/html/mobilitysqr_api/mobilitysqr_staging_virtualenv/lib64/python3.6/site-packages/rest_framework/views.py", line 492, in dispatch
    response = handler(request, *args, **kwargs)
  File "/var/www/html/mobilitysqr_api/mobilitysqr_staging_virtualenv/mobilitysqr_staging/mobility_apps/travel/views.py", line 301, in post
    for data in data['travel_city']:
UnboundLocalError: local variable 'data' referenced before assignment
ERROR|21/May/2021 15:58:48|basehttp|1070244|139825296492288|"POST /get_add/travel_request/ HTTP/1.1" 500 18722
ERROR|21/May/2021 16:08:12|log|1070244|139825330063104|Internal Server Error: /get_add/travel_request/
Traceback (most recent call last):
  File "/var/www/html/mobilitysqr_api/mobilitysqr_staging_virtualenv/lib64/python3.6/site-packages/django/core/handlers/exception.py", line 34, in inner
    response = get_response(request)
  File "/var/www/html/mobilitysqr_api/mobilitysqr_staging_virtualenv/lib64/python3.6/site-packages/django/core/handlers/base.py", line 126, in _get_response
    response = self.process_exception_by_middleware(e, request)
  File "/var/www/html/mobilitysqr_api/mobilitysqr_staging_virtualenv/lib64/python3.6/site-packages/django/core/handlers/base.py", line 124, in _get_response
    response = wrapped_callback(request, *callback_args, **callback_kwargs)
  File "/var/www/html/mobilitysqr_api/mobilitysqr_staging_virtualenv/lib64/python3.6/site-packages/django/views/decorators/csrf.py", line 54, in wrapped_view
    return view_func(*args, **kwargs)
  File "/var/www/html/mobilitysqr_api/mobilitysqr_staging_virtualenv/lib64/python3.6/site-packages/django/views/generic/base.py", line 68, in view
    return self.dispatch(request, *args, **kwargs)
  File "/var/www/html/mobilitysqr_api/mobilitysqr_staging_virtualenv/lib64/python3.6/site-packages/rest_framework/views.py", line 495, in dispatch
    response = self.handle_exception(exc)
  File "/var/www/html/mobilitysqr_api/mobilitysqr_staging_virtualenv/lib64/python3.6/site-packages/rest_framework/views.py", line 455, in handle_exception
    self.raise_uncaught_exception(exc)
  File "/var/www/html/mobilitysqr_api/mobilitysqr_staging_virtualenv/lib64/python3.6/site-packages/rest_framework/views.py", line 492, in dispatch
    response = handler(request, *args, **kwargs)
  File "/var/www/html/mobilitysqr_api/mobilitysqr_staging_virtualenv/mobilitysqr_staging/mobility_apps/travel/views.py", line 301, in post
    for data in data['travel_city']:
UnboundLocalError: local variable 'data' referenced before assignment
ERROR|21/May/2021 16:08:12|basehttp|1070244|139825330063104|"POST /get_add/travel_request/ HTTP/1.1" 500 18739
ERROR|21/May/2021 16:46:30|log|1070244|139825330063104|Internal Server Error: /get_add/travel_request/
Traceback (most recent call last):
  File "/var/www/html/mobilitysqr_api/mobilitysqr_staging_virtualenv/lib64/python3.6/site-packages/django/core/handlers/exception.py", line 34, in inner
    response = get_response(request)
  File "/var/www/html/mobilitysqr_api/mobilitysqr_staging_virtualenv/lib64/python3.6/site-packages/django/core/handlers/base.py", line 126, in _get_response
    response = self.process_exception_by_middleware(e, request)
  File "/var/www/html/mobilitysqr_api/mobilitysqr_staging_virtualenv/lib64/python3.6/site-packages/django/core/handlers/base.py", line 124, in _get_response
    response = wrapped_callback(request, *callback_args, **callback_kwargs)
  File "/var/www/html/mobilitysqr_api/mobilitysqr_staging_virtualenv/lib64/python3.6/site-packages/django/views/decorators/csrf.py", line 54, in wrapped_view
    return view_func(*args, **kwargs)
  File "/var/www/html/mobilitysqr_api/mobilitysqr_staging_virtualenv/lib64/python3.6/site-packages/django/views/generic/base.py", line 68, in view
    return self.dispatch(request, *args, **kwargs)
  File "/var/www/html/mobilitysqr_api/mobilitysqr_staging_virtualenv/lib64/python3.6/site-packages/rest_framework/views.py", line 495, in dispatch
    response = self.handle_exception(exc)
  File "/var/www/html/mobilitysqr_api/mobilitysqr_staging_virtualenv/lib64/python3.6/site-packages/rest_framework/views.py", line 455, in handle_exception
    self.raise_uncaught_exception(exc)
  File "/var/www/html/mobilitysqr_api/mobilitysqr_staging_virtualenv/lib64/python3.6/site-packages/rest_framework/views.py", line 492, in dispatch
    response = handler(request, *args, **kwargs)
  File "/var/www/html/mobilitysqr_api/mobilitysqr_staging_virtualenv/mobilitysqr_staging/mobility_apps/travel/views.py", line 301, in post
    for data in data['travel_city']:
UnboundLocalError: local variable 'data' referenced before assignment
ERROR|21/May/2021 16:46:30|basehttp|1070244|139825330063104|"POST /get_add/travel_request/ HTTP/1.1" 500 18742
ERROR|21/May/2021 23:45:55|basehttp|1095947|140544587585280|"GET /config/getuser?index=0 HTTP/1.1" 500 59
ERROR|22/May/2021 05:07:02|basehttp|1095947|140544587585280|You're accessing the development server over HTTPS, but it only supports HTTP.

ERROR|22/May/2021 06:15:10|basehttp|1095947|140544587585280|"GET /config/getuser?index=0 HTTP/1.1" 500 59
ERROR|22/May/2021 13:30:04|basehttp|1095947|140544587585280|"GET /config/getuser?index=0 HTTP/1.1" 500 59
ERROR|22/May/2021 23:33:37|basehttp|1095947|140544587585280|"GET /admin-scripts.asp HTTP/1.1" 500 59
ERROR|23/May/2021 03:14:56|basehttp|1095947|140544587585280|"POST /GponForm/diag_Form?images/ HTTP/1.1" 500 59
ERROR|23/May/2021 09:10:23|log|1095947|140544595977984|Internal Server Error: /assignment_post_approve_travelvisa_request/
Traceback (most recent call last):
  File "/var/www/html/mobilitysqr_api/mobilitysqr_staging_virtualenv/lib64/python3.6/site-packages/django/core/handlers/exception.py", line 34, in inner
    response = get_response(request)
  File "/var/www/html/mobilitysqr_api/mobilitysqr_staging_virtualenv/lib64/python3.6/site-packages/django/core/handlers/base.py", line 126, in _get_response
    response = self.process_exception_by_middleware(e, request)
  File "/var/www/html/mobilitysqr_api/mobilitysqr_staging_virtualenv/lib64/python3.6/site-packages/django/core/handlers/base.py", line 124, in _get_response
    response = wrapped_callback(request, *callback_args, **callback_kwargs)
  File "/var/www/html/mobilitysqr_api/mobilitysqr_staging_virtualenv/lib64/python3.6/site-packages/django/views/decorators/csrf.py", line 54, in wrapped_view
    return view_func(*args, **kwargs)
  File "/var/www/html/mobilitysqr_api/mobilitysqr_staging_virtualenv/lib64/python3.6/site-packages/django/views/generic/base.py", line 68, in view
    return self.dispatch(request, *args, **kwargs)
  File "/var/www/html/mobilitysqr_api/mobilitysqr_staging_virtualenv/lib64/python3.6/site-packages/rest_framework/views.py", line 495, in dispatch
    response = self.handle_exception(exc)
  File "/var/www/html/mobilitysqr_api/mobilitysqr_staging_virtualenv/lib64/python3.6/site-packages/rest_framework/views.py", line 455, in handle_exception
    self.raise_uncaught_exception(exc)
  File "/var/www/html/mobilitysqr_api/mobilitysqr_staging_virtualenv/lib64/python3.6/site-packages/rest_framework/views.py", line 492, in dispatch
    response = handler(request, *args, **kwargs)
  File "/var/www/html/mobilitysqr_api/mobilitysqr_staging_virtualenv/mobilitysqr_staging/mobility_apps/travel/views.py", line 2566, in post
    request.data['action_notes']=request.data['request_notes']
KeyError: 'request_notes'
ERROR|23/May/2021 09:10:23|basehttp|1095947|140544595977984|"POST /assignment_post_approve_travelvisa_request/ HTTP/1.1" 500 18739
ERROR|23/May/2021 09:11:56|log|1095947|140544579192576|Internal Server Error: /assignment_post_approve_travelvisa_request/
Traceback (most recent call last):
  File "/var/www/html/mobilitysqr_api/mobilitysqr_staging_virtualenv/lib64/python3.6/site-packages/django/core/handlers/exception.py", line 34, in inner
    response = get_response(request)
  File "/var/www/html/mobilitysqr_api/mobilitysqr_staging_virtualenv/lib64/python3.6/site-packages/django/core/handlers/base.py", line 126, in _get_response
    response = self.process_exception_by_middleware(e, request)
  File "/var/www/html/mobilitysqr_api/mobilitysqr_staging_virtualenv/lib64/python3.6/site-packages/django/core/handlers/base.py", line 124, in _get_response
    response = wrapped_callback(request, *callback_args, **callback_kwargs)
  File "/var/www/html/mobilitysqr_api/mobilitysqr_staging_virtualenv/lib64/python3.6/site-packages/django/views/decorators/csrf.py", line 54, in wrapped_view
    return view_func(*args, **kwargs)
  File "/var/www/html/mobilitysqr_api/mobilitysqr_staging_virtualenv/lib64/python3.6/site-packages/django/views/generic/base.py", line 68, in view
    return self.dispatch(request, *args, **kwargs)
  File "/var/www/html/mobilitysqr_api/mobilitysqr_staging_virtualenv/lib64/python3.6/site-packages/rest_framework/views.py", line 495, in dispatch
    response = self.handle_exception(exc)
  File "/var/www/html/mobilitysqr_api/mobilitysqr_staging_virtualenv/lib64/python3.6/site-packages/rest_framework/views.py", line 455, in handle_exception
    self.raise_uncaught_exception(exc)
  File "/var/www/html/mobilitysqr_api/mobilitysqr_staging_virtualenv/lib64/python3.6/site-packages/rest_framework/views.py", line 492, in dispatch
    response = handler(request, *args, **kwargs)
  File "/var/www/html/mobilitysqr_api/mobilitysqr_staging_virtualenv/mobilitysqr_staging/mobility_apps/travel/views.py", line 2566, in post
    request.data['action_notes']=request.data['request_notes']
KeyError: 'request_notes'
ERROR|23/May/2021 09:11:56|basehttp|1095947|140544579192576|"POST /assignment_post_approve_travelvisa_request/ HTTP/1.1" 500 18739
ERROR|23/May/2021 09:16:56|log|1095947|140544568702720|Internal Server Error: /assignment_post_approve_travelvisa_request/
Traceback (most recent call last):
  File "/var/www/html/mobilitysqr_api/mobilitysqr_staging_virtualenv/lib64/python3.6/site-packages/django/core/handlers/exception.py", line 34, in inner
    response = get_response(request)
  File "/var/www/html/mobilitysqr_api/mobilitysqr_staging_virtualenv/lib64/python3.6/site-packages/django/core/handlers/base.py", line 126, in _get_response
    response = self.process_exception_by_middleware(e, request)
  File "/var/www/html/mobilitysqr_api/mobilitysqr_staging_virtualenv/lib64/python3.6/site-packages/django/core/handlers/base.py", line 124, in _get_response
    response = wrapped_callback(request, *callback_args, **callback_kwargs)
  File "/var/www/html/mobilitysqr_api/mobilitysqr_staging_virtualenv/lib64/python3.6/site-packages/django/views/decorators/csrf.py", line 54, in wrapped_view
    return view_func(*args, **kwargs)
  File "/var/www/html/mobilitysqr_api/mobilitysqr_staging_virtualenv/lib64/python3.6/site-packages/django/views/generic/base.py", line 68, in view
    return self.dispatch(request, *args, **kwargs)
  File "/var/www/html/mobilitysqr_api/mobilitysqr_staging_virtualenv/lib64/python3.6/site-packages/rest_framework/views.py", line 495, in dispatch
    response = self.handle_exception(exc)
  File "/var/www/html/mobilitysqr_api/mobilitysqr_staging_virtualenv/lib64/python3.6/site-packages/rest_framework/views.py", line 455, in handle_exception
    self.raise_uncaught_exception(exc)
  File "/var/www/html/mobilitysqr_api/mobilitysqr_staging_virtualenv/lib64/python3.6/site-packages/rest_framework/views.py", line 492, in dispatch
    response = handler(request, *args, **kwargs)
  File "/var/www/html/mobilitysqr_api/mobilitysqr_staging_virtualenv/mobilitysqr_staging/mobility_apps/travel/views.py", line 2566, in post
    request.data['action_notes']=request.data['request_notes']
KeyError: 'request_notes'
ERROR|23/May/2021 09:16:56|basehttp|1095947|140544568702720|"POST /assignment_post_approve_travelvisa_request/ HTTP/1.1" 500 18739
ERROR|23/May/2021 09:19:43|log|1095947|140544595977984|Internal Server Error: /assignment_post_approve_travelvisa_request/
Traceback (most recent call last):
  File "/var/www/html/mobilitysqr_api/mobilitysqr_staging_virtualenv/lib64/python3.6/site-packages/django/core/handlers/exception.py", line 34, in inner
    response = get_response(request)
  File "/var/www/html/mobilitysqr_api/mobilitysqr_staging_virtualenv/lib64/python3.6/site-packages/django/core/handlers/base.py", line 126, in _get_response
    response = self.process_exception_by_middleware(e, request)
  File "/var/www/html/mobilitysqr_api/mobilitysqr_staging_virtualenv/lib64/python3.6/site-packages/django/core/handlers/base.py", line 124, in _get_response
    response = wrapped_callback(request, *callback_args, **callback_kwargs)
  File "/var/www/html/mobilitysqr_api/mobilitysqr_staging_virtualenv/lib64/python3.6/site-packages/django/views/decorators/csrf.py", line 54, in wrapped_view
    return view_func(*args, **kwargs)
  File "/var/www/html/mobilitysqr_api/mobilitysqr_staging_virtualenv/lib64/python3.6/site-packages/django/views/generic/base.py", line 68, in view
    return self.dispatch(request, *args, **kwargs)
  File "/var/www/html/mobilitysqr_api/mobilitysqr_staging_virtualenv/lib64/python3.6/site-packages/rest_framework/views.py", line 495, in dispatch
    response = self.handle_exception(exc)
  File "/var/www/html/mobilitysqr_api/mobilitysqr_staging_virtualenv/lib64/python3.6/site-packages/rest_framework/views.py", line 455, in handle_exception
    self.raise_uncaught_exception(exc)
  File "/var/www/html/mobilitysqr_api/mobilitysqr_staging_virtualenv/lib64/python3.6/site-packages/rest_framework/views.py", line 492, in dispatch
    response = handler(request, *args, **kwargs)
  File "/var/www/html/mobilitysqr_api/mobilitysqr_staging_virtualenv/mobilitysqr_staging/mobility_apps/travel/views.py", line 2566, in post
    request.data['action_notes']=request.data['request_notes']
KeyError: 'request_notes'
ERROR|23/May/2021 09:19:43|basehttp|1095947|140544595977984|"POST /assignment_post_approve_travelvisa_request/ HTTP/1.1" 500 18741
