ERROR|24/Nov/2020 13:04:43|log|99897|139878052730624|Internal Server Error: /getassignmentletter/
Traceback (most recent call last):
  File "/home/mobilitysqr/.local/lib/python3.6/site-packages/django/core/handlers/exception.py", line 34, in inner
    response = get_response(request)
  File "/home/mobilitysqr/.local/lib/python3.6/site-packages/django/core/handlers/base.py", line 126, in _get_response
    response = self.process_exception_by_middleware(e, request)
  File "/home/mobilitysqr/.local/lib/python3.6/site-packages/django/core/handlers/base.py", line 124, in _get_response
    response = wrapped_callback(request, *callback_args, **callback_kwargs)
  File "/home/mobilitysqr/.local/lib/python3.6/site-packages/django/views/decorators/csrf.py", line 54, in wrapped_view
    return view_func(*args, **kwargs)
  File "/home/mobilitysqr/.local/lib/python3.6/site-packages/django/views/generic/base.py", line 68, in view
    return self.dispatch(request, *args, **kwargs)
  File "/home/mobilitysqr/.local/lib/python3.6/site-packages/rest_framework/views.py", line 495, in dispatch
    response = self.handle_exception(exc)
  File "/home/mobilitysqr/.local/lib/python3.6/site-packages/rest_framework/views.py", line 455, in handle_exception
    self.raise_uncaught_exception(exc)
  File "/home/mobilitysqr/.local/lib/python3.6/site-packages/rest_framework/views.py", line 492, in dispatch
    response = handler(request, *args, **kwargs)
  File "/var/www/html/mobilitysqrapi/mobility_apps/letter/views.py", line 108, in get
    datas['AssignmentStartDate']=self.date_format(date=data['Actual_Start_Date'])
  File "/var/www/html/mobilitysqrapi/mobility_apps/letter/views.py", line 516, in date_format
    date=date.timestamp()
AttributeError: 'str' object has no attribute 'timestamp'
ERROR|24/Nov/2020 13:04:43|basehttp|99897|139878052730624|"GET /getassignmentletter/?travel_req_id=TR185141 HTTP/1.1" 500 17537
ERROR|24/Nov/2020 13:06:55|log|100149|140565853103872|Internal Server Error: /getassignmentletter/
Traceback (most recent call last):
  File "/home/mobilitysqr/.local/lib/python3.6/site-packages/django/core/handlers/exception.py", line 34, in inner
    response = get_response(request)
  File "/home/mobilitysqr/.local/lib/python3.6/site-packages/django/core/handlers/base.py", line 126, in _get_response
    response = self.process_exception_by_middleware(e, request)
  File "/home/mobilitysqr/.local/lib/python3.6/site-packages/django/core/handlers/base.py", line 124, in _get_response
    response = wrapped_callback(request, *callback_args, **callback_kwargs)
  File "/home/mobilitysqr/.local/lib/python3.6/site-packages/django/views/decorators/csrf.py", line 54, in wrapped_view
    return view_func(*args, **kwargs)
  File "/home/mobilitysqr/.local/lib/python3.6/site-packages/django/views/generic/base.py", line 68, in view
    return self.dispatch(request, *args, **kwargs)
  File "/home/mobilitysqr/.local/lib/python3.6/site-packages/rest_framework/views.py", line 495, in dispatch
    response = self.handle_exception(exc)
  File "/home/mobilitysqr/.local/lib/python3.6/site-packages/rest_framework/views.py", line 455, in handle_exception
    self.raise_uncaught_exception(exc)
  File "/home/mobilitysqr/.local/lib/python3.6/site-packages/rest_framework/views.py", line 492, in dispatch
    response = handler(request, *args, **kwargs)
  File "/var/www/html/mobilitysqrapi/mobility_apps/letter/views.py", line 108, in get
    datas['AssignmentStartDate']=self.date_format(date=data['Actual_Start_Date'])
  File "/var/www/html/mobilitysqrapi/mobility_apps/letter/views.py", line 516, in date_format
    date=timestamp(date)
NameError: name 'timestamp' is not defined
ERROR|24/Nov/2020 13:06:55|basehttp|100149|140565853103872|"GET /getassignmentletter/?travel_req_id=TR185141 HTTP/1.1" 500 17506
ERROR|24/Nov/2020 14:52:05|log|103857|140104194041600|Internal Server Error: /getassignmentletter/
Traceback (most recent call last):
  File "/home/mobilitysqr/.local/lib/python3.6/site-packages/django/core/handlers/exception.py", line 34, in inner
    response = get_response(request)
  File "/home/mobilitysqr/.local/lib/python3.6/site-packages/django/core/handlers/base.py", line 126, in _get_response
    response = self.process_exception_by_middleware(e, request)
  File "/home/mobilitysqr/.local/lib/python3.6/site-packages/django/core/handlers/base.py", line 124, in _get_response
    response = wrapped_callback(request, *callback_args, **callback_kwargs)
  File "/home/mobilitysqr/.local/lib/python3.6/site-packages/django/views/decorators/csrf.py", line 54, in wrapped_view
    return view_func(*args, **kwargs)
  File "/home/mobilitysqr/.local/lib/python3.6/site-packages/django/views/generic/base.py", line 68, in view
    return self.dispatch(request, *args, **kwargs)
  File "/home/mobilitysqr/.local/lib/python3.6/site-packages/rest_framework/views.py", line 495, in dispatch
    response = self.handle_exception(exc)
  File "/home/mobilitysqr/.local/lib/python3.6/site-packages/rest_framework/views.py", line 455, in handle_exception
    self.raise_uncaught_exception(exc)
  File "/home/mobilitysqr/.local/lib/python3.6/site-packages/rest_framework/views.py", line 492, in dispatch
    response = handler(request, *args, **kwargs)
  File "/var/www/html/mobilitysqrapi/mobility_apps/letter/views.py", line 108, in get
    datas['AssignmentStartDate']=self.date_format(date=data['Actual_Start_Date'])
  File "/var/www/html/mobilitysqrapi/mobility_apps/letter/views.py", line 516, in date_format
    date=datetime.timestamp(date)
TypeError: descriptor 'timestamp' requires a 'datetime.datetime' object but received a 'str'
ERROR|24/Nov/2020 14:52:05|basehttp|103857|140104194041600|"GET /getassignmentletter/?travel_req_id=TR185141 HTTP/1.1" 500 17615
ERROR|24/Nov/2020 15:21:38|log|104858|139928366294784|Internal Server Error: /getassignmentletter/
Traceback (most recent call last):
  File "/home/mobilitysqr/.local/lib/python3.6/site-packages/django/core/handlers/exception.py", line 34, in inner
    response = get_response(request)
  File "/home/mobilitysqr/.local/lib/python3.6/site-packages/django/core/handlers/base.py", line 126, in _get_response
    response = self.process_exception_by_middleware(e, request)
  File "/home/mobilitysqr/.local/lib/python3.6/site-packages/django/core/handlers/base.py", line 124, in _get_response
    response = wrapped_callback(request, *callback_args, **callback_kwargs)
  File "/home/mobilitysqr/.local/lib/python3.6/site-packages/django/views/decorators/csrf.py", line 54, in wrapped_view
    return view_func(*args, **kwargs)
  File "/home/mobilitysqr/.local/lib/python3.6/site-packages/django/views/generic/base.py", line 68, in view
    return self.dispatch(request, *args, **kwargs)
  File "/home/mobilitysqr/.local/lib/python3.6/site-packages/rest_framework/views.py", line 495, in dispatch
    response = self.handle_exception(exc)
  File "/home/mobilitysqr/.local/lib/python3.6/site-packages/rest_framework/views.py", line 455, in handle_exception
    self.raise_uncaught_exception(exc)
  File "/home/mobilitysqr/.local/lib/python3.6/site-packages/rest_framework/views.py", line 492, in dispatch
    response = handler(request, *args, **kwargs)
  File "/var/www/html/mobilitysqrapi/mobility_apps/letter/views.py", line 108, in get
    datas['AssignmentStartDate']=self.date_format(date=data['Actual_Start_Date'])
  File "/var/www/html/mobilitysqrapi/mobility_apps/letter/views.py", line 516, in date_format
    date=datetime.timestamp(date1)
TypeError: descriptor 'timestamp' requires a 'datetime.datetime' object but received a 'str'
ERROR|24/Nov/2020 15:21:38|basehttp|104858|139928366294784|"GET /getassignmentletter/?travel_req_id=TR185141 HTTP/1.1" 500 17617
ERROR|24/Nov/2020 15:22:16|log|104886|139743504189184|Internal Server Error: /getassignmentletter/
Traceback (most recent call last):
  File "/home/mobilitysqr/.local/lib/python3.6/site-packages/django/core/handlers/exception.py", line 34, in inner
    response = get_response(request)
  File "/home/mobilitysqr/.local/lib/python3.6/site-packages/django/core/handlers/base.py", line 126, in _get_response
    response = self.process_exception_by_middleware(e, request)
  File "/home/mobilitysqr/.local/lib/python3.6/site-packages/django/core/handlers/base.py", line 124, in _get_response
    response = wrapped_callback(request, *callback_args, **callback_kwargs)
  File "/home/mobilitysqr/.local/lib/python3.6/site-packages/django/views/decorators/csrf.py", line 54, in wrapped_view
    return view_func(*args, **kwargs)
  File "/home/mobilitysqr/.local/lib/python3.6/site-packages/django/views/generic/base.py", line 68, in view
    return self.dispatch(request, *args, **kwargs)
  File "/home/mobilitysqr/.local/lib/python3.6/site-packages/rest_framework/views.py", line 495, in dispatch
    response = self.handle_exception(exc)
  File "/home/mobilitysqr/.local/lib/python3.6/site-packages/rest_framework/views.py", line 455, in handle_exception
    self.raise_uncaught_exception(exc)
  File "/home/mobilitysqr/.local/lib/python3.6/site-packages/rest_framework/views.py", line 492, in dispatch
    response = handler(request, *args, **kwargs)
  File "/var/www/html/mobilitysqrapi/mobility_apps/letter/views.py", line 108, in get
    datas['AssignmentStartDate']=self.date_format(date=data['Actual_Start_Date'])
  File "/var/www/html/mobilitysqrapi/mobility_apps/letter/views.py", line 516, in date_format
    date=datetime.datetime.timestamp(date1)
AttributeError: type object 'datetime.datetime' has no attribute 'datetime'
ERROR|24/Nov/2020 15:22:16|basehttp|104886|139743504189184|"GET /getassignmentletter/?travel_req_id=TR185141 HTTP/1.1" 500 17591
ERROR|24/Nov/2020 15:23:00|log|104909|140510182209280|Internal Server Error: /getassignmentletter/
Traceback (most recent call last):
  File "/home/mobilitysqr/.local/lib/python3.6/site-packages/django/core/handlers/exception.py", line 34, in inner
    response = get_response(request)
  File "/home/mobilitysqr/.local/lib/python3.6/site-packages/django/core/handlers/base.py", line 126, in _get_response
    response = self.process_exception_by_middleware(e, request)
  File "/home/mobilitysqr/.local/lib/python3.6/site-packages/django/core/handlers/base.py", line 124, in _get_response
    response = wrapped_callback(request, *callback_args, **callback_kwargs)
  File "/home/mobilitysqr/.local/lib/python3.6/site-packages/django/views/decorators/csrf.py", line 54, in wrapped_view
    return view_func(*args, **kwargs)
  File "/home/mobilitysqr/.local/lib/python3.6/site-packages/django/views/generic/base.py", line 68, in view
    return self.dispatch(request, *args, **kwargs)
  File "/home/mobilitysqr/.local/lib/python3.6/site-packages/rest_framework/views.py", line 495, in dispatch
    response = self.handle_exception(exc)
  File "/home/mobilitysqr/.local/lib/python3.6/site-packages/rest_framework/views.py", line 455, in handle_exception
    self.raise_uncaught_exception(exc)
  File "/home/mobilitysqr/.local/lib/python3.6/site-packages/rest_framework/views.py", line 492, in dispatch
    response = handler(request, *args, **kwargs)
  File "/var/www/html/mobilitysqrapi/mobility_apps/letter/views.py", line 108, in get
    datas['AssignmentStartDate']=self.date_format(date=data['Actual_Start_Date'])
  File "/var/www/html/mobilitysqrapi/mobility_apps/letter/views.py", line 516, in date_format
    date2=datetime.datetime.timestamp(date1)
AttributeError: type object 'datetime.datetime' has no attribute 'datetime'
ERROR|24/Nov/2020 15:23:00|basehttp|104909|140510182209280|"GET /getassignmentletter/?travel_req_id=TR185141 HTTP/1.1" 500 17592
ERROR|24/Nov/2020 15:27:56|log|105107|140540255401728|Internal Server Error: /getassignmentletter/
Traceback (most recent call last):
  File "/home/mobilitysqr/.local/lib/python3.6/site-packages/django/core/handlers/exception.py", line 34, in inner
    response = get_response(request)
  File "/home/mobilitysqr/.local/lib/python3.6/site-packages/django/core/handlers/base.py", line 126, in _get_response
    response = self.process_exception_by_middleware(e, request)
  File "/home/mobilitysqr/.local/lib/python3.6/site-packages/django/core/handlers/base.py", line 124, in _get_response
    response = wrapped_callback(request, *callback_args, **callback_kwargs)
  File "/home/mobilitysqr/.local/lib/python3.6/site-packages/django/views/decorators/csrf.py", line 54, in wrapped_view
    return view_func(*args, **kwargs)
  File "/home/mobilitysqr/.local/lib/python3.6/site-packages/django/views/generic/base.py", line 68, in view
    return self.dispatch(request, *args, **kwargs)
  File "/home/mobilitysqr/.local/lib/python3.6/site-packages/rest_framework/views.py", line 495, in dispatch
    response = self.handle_exception(exc)
  File "/home/mobilitysqr/.local/lib/python3.6/site-packages/rest_framework/views.py", line 455, in handle_exception
    self.raise_uncaught_exception(exc)
  File "/home/mobilitysqr/.local/lib/python3.6/site-packages/rest_framework/views.py", line 492, in dispatch
    response = handler(request, *args, **kwargs)
  File "/var/www/html/mobilitysqrapi/mobility_apps/letter/views.py", line 108, in get
    datas['AssignmentStartDate']=self.date_format(date=data['Actual_Start_Date'])
  File "/var/www/html/mobilitysqrapi/mobility_apps/letter/views.py", line 516, in date_format
    date2=datetime.timestamp(date1)
TypeError: descriptor 'timestamp' requires a 'datetime.datetime' object but received a 'method_descriptor'
ERROR|24/Nov/2020 15:27:56|basehttp|105107|140540255401728|"GET /getassignmentletter/?travel_req_id=TR185141 HTTP/1.1" 500 17646
ERROR|24/Nov/2020 15:29:59|log|105139|140705440093952|Internal Server Error: /getassignmentletter/
Traceback (most recent call last):
  File "/home/mobilitysqr/.local/lib/python3.6/site-packages/django/core/handlers/exception.py", line 34, in inner
    response = get_response(request)
  File "/home/mobilitysqr/.local/lib/python3.6/site-packages/django/core/handlers/base.py", line 126, in _get_response
    response = self.process_exception_by_middleware(e, request)
  File "/home/mobilitysqr/.local/lib/python3.6/site-packages/django/core/handlers/base.py", line 124, in _get_response
    response = wrapped_callback(request, *callback_args, **callback_kwargs)
  File "/home/mobilitysqr/.local/lib/python3.6/site-packages/django/views/decorators/csrf.py", line 54, in wrapped_view
    return view_func(*args, **kwargs)
  File "/home/mobilitysqr/.local/lib/python3.6/site-packages/django/views/generic/base.py", line 68, in view
    return self.dispatch(request, *args, **kwargs)
  File "/home/mobilitysqr/.local/lib/python3.6/site-packages/rest_framework/views.py", line 495, in dispatch
    response = self.handle_exception(exc)
  File "/home/mobilitysqr/.local/lib/python3.6/site-packages/rest_framework/views.py", line 455, in handle_exception
    self.raise_uncaught_exception(exc)
  File "/home/mobilitysqr/.local/lib/python3.6/site-packages/rest_framework/views.py", line 492, in dispatch
    response = handler(request, *args, **kwargs)
  File "/var/www/html/mobilitysqrapi/mobility_apps/letter/views.py", line 108, in get
    datas['AssignmentStartDate']=self.date_format(date=data['Actual_Start_Date'])
  File "/var/www/html/mobilitysqrapi/mobility_apps/letter/views.py", line 513, in date_format
    date1=datetime(date)
TypeError: an integer is required (got type str)
ERROR|24/Nov/2020 15:29:59|basehttp|105139|140705440093952|"GET /getassignmentletter/?travel_req_id=TR185141 HTTP/1.1" 500 17518
ERROR|24/Nov/2020 15:31:01|log|105279|140014913025792|Internal Server Error: /getassignmentletter/
Traceback (most recent call last):
  File "/home/mobilitysqr/.local/lib/python3.6/site-packages/django/core/handlers/exception.py", line 34, in inner
    response = get_response(request)
  File "/home/mobilitysqr/.local/lib/python3.6/site-packages/django/core/handlers/base.py", line 126, in _get_response
    response = self.process_exception_by_middleware(e, request)
  File "/home/mobilitysqr/.local/lib/python3.6/site-packages/django/core/handlers/base.py", line 124, in _get_response
    response = wrapped_callback(request, *callback_args, **callback_kwargs)
  File "/home/mobilitysqr/.local/lib/python3.6/site-packages/django/views/decorators/csrf.py", line 54, in wrapped_view
    return view_func(*args, **kwargs)
  File "/home/mobilitysqr/.local/lib/python3.6/site-packages/django/views/generic/base.py", line 68, in view
    return self.dispatch(request, *args, **kwargs)
  File "/home/mobilitysqr/.local/lib/python3.6/site-packages/rest_framework/views.py", line 495, in dispatch
    response = self.handle_exception(exc)
  File "/home/mobilitysqr/.local/lib/python3.6/site-packages/rest_framework/views.py", line 455, in handle_exception
    self.raise_uncaught_exception(exc)
  File "/home/mobilitysqr/.local/lib/python3.6/site-packages/rest_framework/views.py", line 492, in dispatch
    response = handler(request, *args, **kwargs)
  File "/var/www/html/mobilitysqrapi/mobility_apps/letter/views.py", line 108, in get
    datas['AssignmentStartDate']=self.date_format(date=data['Actual_Start_Date'])
  File "/var/www/html/mobilitysqrapi/mobility_apps/letter/views.py", line 513, in date_format
    date1=datetime(int(date))
ValueError: invalid literal for int() with base 10: '2020-11-26T18:30:00.000Z'
ERROR|24/Nov/2020 15:31:01|basehttp|105279|140014913025792|"GET /getassignmentletter/?travel_req_id=TR185141 HTTP/1.1" 500 17583
ERROR|24/Nov/2020 15:31:49|log|105310|140220557764352|Internal Server Error: /getassignmentletter/
Traceback (most recent call last):
  File "/home/mobilitysqr/.local/lib/python3.6/site-packages/django/core/handlers/exception.py", line 34, in inner
    response = get_response(request)
  File "/home/mobilitysqr/.local/lib/python3.6/site-packages/django/core/handlers/base.py", line 126, in _get_response
    response = self.process_exception_by_middleware(e, request)
  File "/home/mobilitysqr/.local/lib/python3.6/site-packages/django/core/handlers/base.py", line 124, in _get_response
    response = wrapped_callback(request, *callback_args, **callback_kwargs)
  File "/home/mobilitysqr/.local/lib/python3.6/site-packages/django/views/decorators/csrf.py", line 54, in wrapped_view
    return view_func(*args, **kwargs)
  File "/home/mobilitysqr/.local/lib/python3.6/site-packages/django/views/generic/base.py", line 68, in view
    return self.dispatch(request, *args, **kwargs)
  File "/home/mobilitysqr/.local/lib/python3.6/site-packages/rest_framework/views.py", line 495, in dispatch
    response = self.handle_exception(exc)
  File "/home/mobilitysqr/.local/lib/python3.6/site-packages/rest_framework/views.py", line 455, in handle_exception
    self.raise_uncaught_exception(exc)
  File "/home/mobilitysqr/.local/lib/python3.6/site-packages/rest_framework/views.py", line 492, in dispatch
    response = handler(request, *args, **kwargs)
  File "/var/www/html/mobilitysqrapi/mobility_apps/letter/views.py", line 108, in get
    datas['AssignmentStartDate']=self.date_format(date=data['Actual_Start_Date'])
  File "/var/www/html/mobilitysqrapi/mobility_apps/letter/views.py", line 516, in date_format
    date2=date.timestamp()
AttributeError: 'str' object has no attribute 'timestamp'
ERROR|24/Nov/2020 15:31:49|basehttp|105310|140220557764352|"GET /getassignmentletter/?travel_req_id=TR185141 HTTP/1.1" 500 17538
ERROR|24/Nov/2020 15:31:53|log|105310|140220557764352|Internal Server Error: /getassignmentletter/
Traceback (most recent call last):
  File "/home/mobilitysqr/.local/lib/python3.6/site-packages/django/core/handlers/exception.py", line 34, in inner
    response = get_response(request)
  File "/home/mobilitysqr/.local/lib/python3.6/site-packages/django/core/handlers/base.py", line 126, in _get_response
    response = self.process_exception_by_middleware(e, request)
  File "/home/mobilitysqr/.local/lib/python3.6/site-packages/django/core/handlers/base.py", line 124, in _get_response
    response = wrapped_callback(request, *callback_args, **callback_kwargs)
  File "/home/mobilitysqr/.local/lib/python3.6/site-packages/django/views/decorators/csrf.py", line 54, in wrapped_view
    return view_func(*args, **kwargs)
  File "/home/mobilitysqr/.local/lib/python3.6/site-packages/django/views/generic/base.py", line 68, in view
    return self.dispatch(request, *args, **kwargs)
  File "/home/mobilitysqr/.local/lib/python3.6/site-packages/rest_framework/views.py", line 495, in dispatch
    response = self.handle_exception(exc)
  File "/home/mobilitysqr/.local/lib/python3.6/site-packages/rest_framework/views.py", line 455, in handle_exception
    self.raise_uncaught_exception(exc)
  File "/home/mobilitysqr/.local/lib/python3.6/site-packages/rest_framework/views.py", line 492, in dispatch
    response = handler(request, *args, **kwargs)
  File "/var/www/html/mobilitysqrapi/mobility_apps/letter/views.py", line 108, in get
    datas['AssignmentStartDate']=self.date_format(date=data['Actual_Start_Date'])
  File "/var/www/html/mobilitysqrapi/mobility_apps/letter/views.py", line 516, in date_format
    date2=date.timestamp()
AttributeError: 'str' object has no attribute 'timestamp'
ERROR|24/Nov/2020 15:31:53|basehttp|105310|140220557764352|"GET /getassignmentletter/?travel_req_id=TR185141 HTTP/1.1" 500 17538
ERROR|24/Nov/2020 16:55:26|log|107632|139824307447552|Internal Server Error: /getassignmentletter/
Traceback (most recent call last):
  File "/home/mobilitysqr/.local/lib/python3.6/site-packages/django/core/handlers/exception.py", line 34, in inner
    response = get_response(request)
  File "/home/mobilitysqr/.local/lib/python3.6/site-packages/django/core/handlers/base.py", line 126, in _get_response
    response = self.process_exception_by_middleware(e, request)
  File "/home/mobilitysqr/.local/lib/python3.6/site-packages/django/core/handlers/base.py", line 124, in _get_response
    response = wrapped_callback(request, *callback_args, **callback_kwargs)
  File "/home/mobilitysqr/.local/lib/python3.6/site-packages/django/views/decorators/csrf.py", line 54, in wrapped_view
    return view_func(*args, **kwargs)
  File "/home/mobilitysqr/.local/lib/python3.6/site-packages/django/views/generic/base.py", line 68, in view
    return self.dispatch(request, *args, **kwargs)
  File "/home/mobilitysqr/.local/lib/python3.6/site-packages/rest_framework/views.py", line 495, in dispatch
    response = self.handle_exception(exc)
  File "/home/mobilitysqr/.local/lib/python3.6/site-packages/rest_framework/views.py", line 455, in handle_exception
    self.raise_uncaught_exception(exc)
  File "/home/mobilitysqr/.local/lib/python3.6/site-packages/rest_framework/views.py", line 492, in dispatch
    response = handler(request, *args, **kwargs)
  File "/var/www/html/mobilitysqrapi/mobility_apps/letter/views.py", line 108, in get
    datas['AssignmentStartDate']=self.date_format(date=data['Actual_Start_Date'])
  File "/var/www/html/mobilitysqrapi/mobility_apps/letter/views.py", line 516, in date_format
    date2=date.timestamp()
AttributeError: 'str' object has no attribute 'timestamp'
ERROR|24/Nov/2020 16:55:26|basehttp|107632|139824307447552|"GET /getassignmentletter/?travel_req_id=TR185141 HTTP/1.1" 500 17540
ERROR|24/Nov/2020 17:07:52|log|108093|140355491153664|Internal Server Error: /getassignmentletter/
Traceback (most recent call last):
  File "/home/mobilitysqr/.local/lib/python3.6/site-packages/django/core/handlers/exception.py", line 34, in inner
    response = get_response(request)
  File "/home/mobilitysqr/.local/lib/python3.6/site-packages/django/core/handlers/base.py", line 126, in _get_response
    response = self.process_exception_by_middleware(e, request)
  File "/home/mobilitysqr/.local/lib/python3.6/site-packages/django/core/handlers/base.py", line 124, in _get_response
    response = wrapped_callback(request, *callback_args, **callback_kwargs)
  File "/home/mobilitysqr/.local/lib/python3.6/site-packages/django/views/decorators/csrf.py", line 54, in wrapped_view
    return view_func(*args, **kwargs)
  File "/home/mobilitysqr/.local/lib/python3.6/site-packages/django/views/generic/base.py", line 68, in view
    return self.dispatch(request, *args, **kwargs)
  File "/home/mobilitysqr/.local/lib/python3.6/site-packages/rest_framework/views.py", line 495, in dispatch
    response = self.handle_exception(exc)
  File "/home/mobilitysqr/.local/lib/python3.6/site-packages/rest_framework/views.py", line 455, in handle_exception
    self.raise_uncaught_exception(exc)
  File "/home/mobilitysqr/.local/lib/python3.6/site-packages/rest_framework/views.py", line 492, in dispatch
    response = handler(request, *args, **kwargs)
  File "/var/www/html/mobilitysqrapi/mobility_apps/letter/views.py", line 108, in get
    datas['AssignmentStartDate']=self.date_format(date=data['Actual_Start_Date'])
  File "/var/www/html/mobilitysqrapi/mobility_apps/letter/views.py", line 516, in date_format
    dt = datetime(date)
TypeError: an integer is required (got type str)
ERROR|24/Nov/2020 17:07:52|basehttp|108093|140355491153664|"GET /getassignmentletter/?travel_req_id=TR185141 HTTP/1.1" 500 17520
ERROR|24/Nov/2020 17:10:49|log|108267|139854139455232|Internal Server Error: /getassignmentletter/
Traceback (most recent call last):
  File "/home/mobilitysqr/.local/lib/python3.6/site-packages/django/core/handlers/exception.py", line 34, in inner
    response = get_response(request)
  File "/home/mobilitysqr/.local/lib/python3.6/site-packages/django/core/handlers/base.py", line 126, in _get_response
    response = self.process_exception_by_middleware(e, request)
  File "/home/mobilitysqr/.local/lib/python3.6/site-packages/django/core/handlers/base.py", line 124, in _get_response
    response = wrapped_callback(request, *callback_args, **callback_kwargs)
  File "/home/mobilitysqr/.local/lib/python3.6/site-packages/django/views/decorators/csrf.py", line 54, in wrapped_view
    return view_func(*args, **kwargs)
  File "/home/mobilitysqr/.local/lib/python3.6/site-packages/django/views/generic/base.py", line 68, in view
    return self.dispatch(request, *args, **kwargs)
  File "/home/mobilitysqr/.local/lib/python3.6/site-packages/rest_framework/views.py", line 495, in dispatch
    response = self.handle_exception(exc)
  File "/home/mobilitysqr/.local/lib/python3.6/site-packages/rest_framework/views.py", line 455, in handle_exception
    self.raise_uncaught_exception(exc)
  File "/home/mobilitysqr/.local/lib/python3.6/site-packages/rest_framework/views.py", line 492, in dispatch
    response = handler(request, *args, **kwargs)
  File "/var/www/html/mobilitysqrapi/mobility_apps/letter/views.py", line 108, in get
    datas['AssignmentStartDate']=self.date_format(date=data['Actual_Start_Date'])
  File "/var/www/html/mobilitysqrapi/mobility_apps/letter/views.py", line 516, in date_format
    dt = datetime(str(date))
TypeError: an integer is required (got type str)
ERROR|24/Nov/2020 17:10:49|basehttp|108267|139854139455232|"GET /getassignmentletter/?travel_req_id=TR185141 HTTP/1.1" 500 17524
