ERROR|19/Mar/2021 19:52:34|exception|24610|140171533199104|Invalid HTTP_HOST header: ''. The domain name provided is not valid according to RFC 1034/1035.
ERROR|19/Mar/2021 22:07:28|exception|24610|140171542116096|Invalid HTTP_HOST header: ''. The domain name provided is not valid according to RFC 1034/1035.
ERROR|19/Mar/2021 23:36:49|exception|24610|140171533199104|Invalid HTTP_HOST header: ''. The domain name provided is not valid according to RFC 1034/1035.
ERROR|19/Mar/2021 23:36:49|basehttp|24610|140171533199104|"GET /manager/html HTTP/1.1" 500 59
ERROR|19/Mar/2021 23:51:07|basehttp|24610|140171533199104|"GET /config/getuser?index=0 HTTP/1.1" 500 59
ERROR|20/Mar/2021 01:45:08|exception|24610|140171533199104|Invalid HTTP_HOST header: ''. The domain name provided is not valid according to RFC 1034/1035.
ERROR|20/Mar/2021 01:57:48|basehttp|24610|140171533199104|"GET /config/getuser?index=0 HTTP/1.1" 500 59
ERROR|20/Mar/2021 02:32:49|exception|24610|140171533199104|Invalid HTTP_HOST header: ''. The domain name provided is not valid according to RFC 1034/1035.
ERROR|20/Mar/2021 04:42:26|basehttp|24610|140171533199104|You're accessing the development server over HTTPS, but it only supports HTTP.

ERROR|20/Mar/2021 07:18:20|exception|24610|140171533199104|Invalid HTTP_HOST header: ''. The domain name provided is not valid according to RFC 1034/1035.
ERROR|20/Mar/2021 08:58:46|exception|24610|140171533199104|Invalid HTTP_HOST header: ''. The domain name provided is not valid according to RFC 1034/1035.
ERROR|20/Mar/2021 08:58:46|basehttp|24610|140171533199104|"GET /manager/html HTTP/1.1" 500 59
ERROR|20/Mar/2021 10:06:45|basehttp|24610|140171533199104|"GET /config/getuser?index=0 HTTP/1.1" 500 59
ERROR|20/Mar/2021 11:04:45|exception|24610|140171524806400|Invalid HTTP_HOST header: ''. The domain name provided is not valid according to RFC 1034/1035.
ERROR|20/Mar/2021 11:48:41|exception|24610|140171524806400|Invalid HTTP_HOST header: ''. The domain name provided is not valid according to RFC 1034/1035.
ERROR|20/Mar/2021 13:11:05|exception|24610|140171524806400|Invalid HTTP_HOST header: ''. The domain name provided is not valid according to RFC 1034/1035.
ERROR|20/Mar/2021 14:58:44|exception|24610|140171533199104|Invalid HTTP_HOST header: ''. The domain name provided is not valid according to RFC 1034/1035.
ERROR|20/Mar/2021 15:29:40|exception|24610|140171148257024|Invalid HTTP_HOST header: ''. The domain name provided is not valid according to RFC 1034/1035.
ERROR|20/Mar/2021 16:48:07|basehttp|24610|140171148257024|You're accessing the development server over HTTPS, but it only supports HTTP.

ERROR|20/Mar/2021 17:39:53|exception|24610|140171148257024|Invalid HTTP_HOST header: ''. The domain name provided is not valid according to RFC 1034/1035.
ERROR|20/Mar/2021 18:47:37|exception|24610|140171148257024|Invalid HTTP_HOST header: ''. The domain name provided is not valid according to RFC 1034/1035.
ERROR|20/Mar/2021 19:33:23|exception|24610|140171148257024|Invalid HTTP_HOST header: ''. The domain name provided is not valid according to RFC 1034/1035.
ERROR|20/Mar/2021 21:08:09|exception|24610|140171148257024|Invalid HTTP_HOST header: ''. The domain name provided is not valid according to RFC 1034/1035.
ERROR|20/Mar/2021 22:43:59|exception|24610|140171148257024|Invalid HTTP_HOST header: ''. The domain name provided is not valid according to RFC 1034/1035.
ERROR|20/Mar/2021 23:25:09|exception|24610|140171524806400|Invalid HTTP_HOST header: ''. The domain name provided is not valid according to RFC 1034/1035.
ERROR|21/Mar/2021 00:54:28|exception|24610|140171524806400|Invalid HTTP_HOST header: ''. The domain name provided is not valid according to RFC 1034/1035.
ERROR|21/Mar/2021 02:33:48|exception|24610|140171524806400|Invalid HTTP_HOST header: ''. The domain name provided is not valid according to RFC 1034/1035.
ERROR|21/Mar/2021 04:39:07|exception|24610|140171524806400|Invalid HTTP_HOST header: ''. The domain name provided is not valid according to RFC 1034/1035.
ERROR|21/Mar/2021 06:19:27|exception|24610|140171524806400|Invalid HTTP_HOST header: ''. The domain name provided is not valid according to RFC 1034/1035.
ERROR|21/Mar/2021 06:36:11|exception|24610|140171524806400|Invalid HTTP_HOST header: ''. The domain name provided is not valid according to RFC 1034/1035.
ERROR|21/Mar/2021 08:05:50|exception|24610|140171148257024|Invalid HTTP_HOST header: ''. The domain name provided is not valid according to RFC 1034/1035.
ERROR|21/Mar/2021 08:05:50|basehttp|24610|140171148257024|"GET /manager/html HTTP/1.1" 500 59
ERROR|21/Mar/2021 09:31:43|exception|24610|140171148257024|Invalid HTTP_HOST header: ''. The domain name provided is not valid according to RFC 1034/1035.
ERROR|21/Mar/2021 10:10:22|exception|24610|140171148257024|Invalid HTTP_HOST header: ''. The domain name provided is not valid according to RFC 1034/1035.
ERROR|21/Mar/2021 10:57:46|exception|24610|140171148257024|Invalid HTTP_HOST header: ''. The domain name provided is not valid according to RFC 1034/1035.
ERROR|21/Mar/2021 13:59:41|exception|24610|140171148257024|Invalid HTTP_HOST header: ''. The domain name provided is not valid according to RFC 1034/1035.
ERROR|21/Mar/2021 14:46:47|exception|24610|140171148257024|Invalid HTTP_HOST header: ''. The domain name provided is not valid according to RFC 1034/1035.
ERROR|21/Mar/2021 16:41:35|exception|24610|140171533199104|Invalid HTTP_HOST header: ''. The domain name provided is not valid according to RFC 1034/1035.
ERROR|21/Mar/2021 17:51:08|exception|24610|140171533199104|Invalid HTTP_HOST header: ''. The domain name provided is not valid according to RFC 1034/1035.
ERROR|21/Mar/2021 18:18:51|exception|24610|140171533199104|Invalid HTTP_HOST header: ''. The domain name provided is not valid according to RFC 1034/1035.
ERROR|21/Mar/2021 18:29:47|basehttp|24610|140171533199104|You're accessing the development server over HTTPS, but it only supports HTTP.

ERROR|21/Mar/2021 19:41:33|exception|24610|140171533199104|Invalid HTTP_HOST header: ''. The domain name provided is not valid according to RFC 1034/1035.
ERROR|21/Mar/2021 21:05:25|exception|24610|140171533199104|Invalid HTTP_HOST header: ''. The domain name provided is not valid according to RFC 1034/1035.
ERROR|21/Mar/2021 21:41:18|exception|24610|140171533199104|Invalid HTTP_HOST header: ''. The domain name provided is not valid according to RFC 1034/1035.
ERROR|22/Mar/2021 00:34:29|exception|24610|140171524806400|Invalid HTTP_HOST header: ''. The domain name provided is not valid according to RFC 1034/1035.
ERROR|22/Mar/2021 01:33:08|exception|24610|140171524806400|Invalid HTTP_HOST header: ''. The domain name provided is not valid according to RFC 1034/1035.
ERROR|22/Mar/2021 01:53:48|basehttp|24610|140171524806400|You're accessing the development server over HTTPS, but it only supports HTTP.

ERROR|22/Mar/2021 02:40:32|exception|24610|140171524806400|Invalid HTTP_HOST header: ''. The domain name provided is not valid according to RFC 1034/1035.
ERROR|22/Mar/2021 02:40:32|basehttp|24610|140171524806400|"GET /manager/html HTTP/1.1" 500 59
ERROR|22/Mar/2021 03:22:05|basehttp|24610|140171524806400|"GET /config/getuser?index=0 HTTP/1.1" 500 59
ERROR|22/Mar/2021 04:18:14|exception|24610|140171524806400|Invalid HTTP_HOST header: ''. The domain name provided is not valid according to RFC 1034/1035.
ERROR|22/Mar/2021 05:25:20|exception|24610|140171524806400|Invalid HTTP_HOST header: ''. The domain name provided is not valid according to RFC 1034/1035.
ERROR|22/Mar/2021 05:32:01|exception|24610|140171524806400|Invalid HTTP_HOST header: ''. The domain name provided is not valid according to RFC 1034/1035.
ERROR|22/Mar/2021 06:54:34|exception|24610|140171524806400|Invalid HTTP_HOST header: ''. The domain name provided is not valid according to RFC 1034/1035.
ERROR|22/Mar/2021 09:10:17|exception|24610|140171156649728|Invalid HTTP_HOST header: ''. The domain name provided is not valid according to RFC 1034/1035.
ERROR|22/Mar/2021 10:38:46|exception|24610|140171148257024|Invalid HTTP_HOST header: ''. The domain name provided is not valid according to RFC 1034/1035.
ERROR|22/Mar/2021 13:00:04|exception|24610|140171148257024|Invalid HTTP_HOST header: ''. The domain name provided is not valid according to RFC 1034/1035.
ERROR|22/Mar/2021 14:06:27|exception|24610|140171156649728|Invalid HTTP_HOST header: ''. The domain name provided is not valid according to RFC 1034/1035.
ERROR|22/Mar/2021 14:06:27|basehttp|24610|140171156649728|"GET /manager/html HTTP/1.1" 500 59
ERROR|22/Mar/2021 15:41:46|exception|24610|140171139864320|Invalid HTTP_HOST header: ''. The domain name provided is not valid according to RFC 1034/1035.
ERROR|22/Mar/2021 16:25:14|basehttp|24610|140171148257024|"GET /media/image_cropper_7600F46C-B265-4EF8-B4FC-6E804DC32699-677-0000002B6D5FBE0F.png HTTP/1.1" 500 59
ERROR|22/Mar/2021 16:49:57|exception|24610|140171139864320|Invalid HTTP_HOST header: ''. The domain name provided is not valid according to RFC 1034/1035.
