ERROR|07/May/2021 09:17:07|exception|10360|139982577407744|Invalid HTTP_HOST header: ''. The domain name provided is not valid according to RFC 1034/1035.
ERROR|07/May/2021 10:19:01|log|10360|139982569015040|Internal Server Error: /getassignmentletter/
Traceback (most recent call last):
  File "/var/www/hellotax/mobilitysqr_staging_virtualenv/lib/python3.6/site-packages/django/core/handlers/exception.py", line 34, in inner
    response = get_response(request)
  File "/var/www/hellotax/mobilitysqr_staging_virtualenv/lib/python3.6/site-packages/django/core/handlers/base.py", line 126, in _get_response
    response = self.process_exception_by_middleware(e, request)
  File "/var/www/hellotax/mobilitysqr_staging_virtualenv/lib/python3.6/site-packages/django/core/handlers/base.py", line 124, in _get_response
    response = wrapped_callback(request, *callback_args, **callback_kwargs)
  File "/var/www/hellotax/mobilitysqr_staging_virtualenv/lib/python3.6/site-packages/django/views/decorators/csrf.py", line 54, in wrapped_view
    return view_func(*args, **kwargs)
  File "/var/www/hellotax/mobilitysqr_staging_virtualenv/lib/python3.6/site-packages/django/views/generic/base.py", line 68, in view
    return self.dispatch(request, *args, **kwargs)
  File "/var/www/hellotax/mobilitysqr_staging_virtualenv/lib/python3.6/site-packages/rest_framework/views.py", line 495, in dispatch
    response = self.handle_exception(exc)
  File "/var/www/hellotax/mobilitysqr_staging_virtualenv/lib/python3.6/site-packages/rest_framework/views.py", line 455, in handle_exception
    self.raise_uncaught_exception(exc)
  File "/var/www/hellotax/mobilitysqr_staging_virtualenv/lib/python3.6/site-packages/rest_framework/views.py", line 492, in dispatch
    response = handler(request, *args, **kwargs)
  File "/var/www/hellotax/mobilitysqr_staging_virtualenv/mobilitysqr_staging/mobility_apps/letter/views.py", line 577, in get
    pisaStatus = pisa.CreatePDF(html.encode('utf-8'), dest=filess, encoding='utf-8')
  File "/var/www/hellotax/mobilitysqr_staging_virtualenv/lib/python3.6/site-packages/xhtml2pdf/document.py", line 105, in pisaDocument
    encoding, context=context, xml_output=xml_output)
  File "/var/www/hellotax/mobilitysqr_staging_virtualenv/lib/python3.6/site-packages/xhtml2pdf/document.py", line 67, in pisaStory
    pisaParser(src, context, default_css, xhtml, encoding, xml_output)
  File "/var/www/hellotax/mobilitysqr_staging_virtualenv/lib/python3.6/site-packages/xhtml2pdf/parser.py", line 761, in pisaParser
    pisaLoop(document, context)
  File "/var/www/hellotax/mobilitysqr_staging_virtualenv/lib/python3.6/site-packages/xhtml2pdf/parser.py", line 699, in pisaLoop
    pisaLoop(node, context, path, **kw)
  File "/var/www/hellotax/mobilitysqr_staging_virtualenv/lib/python3.6/site-packages/xhtml2pdf/parser.py", line 643, in pisaLoop
    pisaLoop(nnode, context, path, **kw)
  File "/var/www/hellotax/mobilitysqr_staging_virtualenv/lib/python3.6/site-packages/xhtml2pdf/parser.py", line 643, in pisaLoop
    pisaLoop(nnode, context, path, **kw)
  File "/var/www/hellotax/mobilitysqr_staging_virtualenv/lib/python3.6/site-packages/xhtml2pdf/parser.py", line 643, in pisaLoop
    pisaLoop(nnode, context, path, **kw)
  File "/var/www/hellotax/mobilitysqr_staging_virtualenv/lib/python3.6/site-packages/xhtml2pdf/parser.py", line 513, in pisaLoop
    attr = pisaGetAttributes(context, node.tagName, node.attributes)
  File "/var/www/hellotax/mobilitysqr_staging_virtualenv/lib/python3.6/site-packages/xhtml2pdf/parser.py", line 125, in pisaGetAttributes
    nv = c.getFile(nv)
  File "/var/www/hellotax/mobilitysqr_staging_virtualenv/lib/python3.6/site-packages/xhtml2pdf/context.py", line 795, in getFile
    return getFile(name, relative or self.pathDirectory)
  File "/var/www/hellotax/mobilitysqr_staging_virtualenv/lib/python3.6/site-packages/xhtml2pdf/util.py", line 762, in getFile
    file = pisaFileObject(*a, **kw)
  File "/var/www/hellotax/mobilitysqr_staging_virtualenv/lib/python3.6/site-packages/xhtml2pdf/util.py", line 665, in __init__
    conn.request("GET", path)
  File "/usr/lib/python3.6/http/client.py", line 1264, in request
    self._send_request(method, url, body, headers, encode_chunked)
  File "/usr/lib/python3.6/http/client.py", line 1310, in _send_request
    self.endheaders(body, encode_chunked=encode_chunked)
  File "/usr/lib/python3.6/http/client.py", line 1259, in endheaders
    self._send_output(message_body, encode_chunked=encode_chunked)
  File "/usr/lib/python3.6/http/client.py", line 1038, in _send_output
    self.send(msg)
  File "/usr/lib/python3.6/http/client.py", line 976, in send
    self.connect()
  File "/usr/lib/python3.6/http/client.py", line 948, in connect
    (self.host,self.port), self.timeout, self.source_address)
  File "/usr/lib/python3.6/socket.py", line 704, in create_connection
    for res in getaddrinfo(host, port, 0, SOCK_STREAM):
  File "/usr/lib/python3.6/socket.py", line 745, in getaddrinfo
    for res in _socket.getaddrinfo(host, port, family, type, proto, flags):
socket.gaierror: [Errno -2] Name or service not known
ERROR|07/May/2021 10:19:01|basehttp|10360|139982569015040|"GET /getassignmentletter/?travel_req_id=TR314432 HTTP/1.1" 500 21142
ERROR|07/May/2021 10:20:30|log|10360|139982569015040|Internal Server Error: /getassignmentletter/
Traceback (most recent call last):
  File "/var/www/hellotax/mobilitysqr_staging_virtualenv/lib/python3.6/site-packages/django/core/handlers/exception.py", line 34, in inner
    response = get_response(request)
  File "/var/www/hellotax/mobilitysqr_staging_virtualenv/lib/python3.6/site-packages/django/core/handlers/base.py", line 126, in _get_response
    response = self.process_exception_by_middleware(e, request)
  File "/var/www/hellotax/mobilitysqr_staging_virtualenv/lib/python3.6/site-packages/django/core/handlers/base.py", line 124, in _get_response
    response = wrapped_callback(request, *callback_args, **callback_kwargs)
  File "/var/www/hellotax/mobilitysqr_staging_virtualenv/lib/python3.6/site-packages/django/views/decorators/csrf.py", line 54, in wrapped_view
    return view_func(*args, **kwargs)
  File "/var/www/hellotax/mobilitysqr_staging_virtualenv/lib/python3.6/site-packages/django/views/generic/base.py", line 68, in view
    return self.dispatch(request, *args, **kwargs)
  File "/var/www/hellotax/mobilitysqr_staging_virtualenv/lib/python3.6/site-packages/rest_framework/views.py", line 495, in dispatch
    response = self.handle_exception(exc)
  File "/var/www/hellotax/mobilitysqr_staging_virtualenv/lib/python3.6/site-packages/rest_framework/views.py", line 455, in handle_exception
    self.raise_uncaught_exception(exc)
  File "/var/www/hellotax/mobilitysqr_staging_virtualenv/lib/python3.6/site-packages/rest_framework/views.py", line 492, in dispatch
    response = handler(request, *args, **kwargs)
  File "/var/www/hellotax/mobilitysqr_staging_virtualenv/mobilitysqr_staging/mobility_apps/letter/views.py", line 577, in get
    pisaStatus = pisa.CreatePDF(html.encode('utf-8'), dest=filess, encoding='utf-8')
  File "/var/www/hellotax/mobilitysqr_staging_virtualenv/lib/python3.6/site-packages/xhtml2pdf/document.py", line 105, in pisaDocument
    encoding, context=context, xml_output=xml_output)
  File "/var/www/hellotax/mobilitysqr_staging_virtualenv/lib/python3.6/site-packages/xhtml2pdf/document.py", line 67, in pisaStory
    pisaParser(src, context, default_css, xhtml, encoding, xml_output)
  File "/var/www/hellotax/mobilitysqr_staging_virtualenv/lib/python3.6/site-packages/xhtml2pdf/parser.py", line 761, in pisaParser
    pisaLoop(document, context)
  File "/var/www/hellotax/mobilitysqr_staging_virtualenv/lib/python3.6/site-packages/xhtml2pdf/parser.py", line 699, in pisaLoop
    pisaLoop(node, context, path, **kw)
  File "/var/www/hellotax/mobilitysqr_staging_virtualenv/lib/python3.6/site-packages/xhtml2pdf/parser.py", line 643, in pisaLoop
    pisaLoop(nnode, context, path, **kw)
  File "/var/www/hellotax/mobilitysqr_staging_virtualenv/lib/python3.6/site-packages/xhtml2pdf/parser.py", line 643, in pisaLoop
    pisaLoop(nnode, context, path, **kw)
  File "/var/www/hellotax/mobilitysqr_staging_virtualenv/lib/python3.6/site-packages/xhtml2pdf/parser.py", line 643, in pisaLoop
    pisaLoop(nnode, context, path, **kw)
  File "/var/www/hellotax/mobilitysqr_staging_virtualenv/lib/python3.6/site-packages/xhtml2pdf/parser.py", line 513, in pisaLoop
    attr = pisaGetAttributes(context, node.tagName, node.attributes)
  File "/var/www/hellotax/mobilitysqr_staging_virtualenv/lib/python3.6/site-packages/xhtml2pdf/parser.py", line 125, in pisaGetAttributes
    nv = c.getFile(nv)
  File "/var/www/hellotax/mobilitysqr_staging_virtualenv/lib/python3.6/site-packages/xhtml2pdf/context.py", line 795, in getFile
    return getFile(name, relative or self.pathDirectory)
  File "/var/www/hellotax/mobilitysqr_staging_virtualenv/lib/python3.6/site-packages/xhtml2pdf/util.py", line 762, in getFile
    file = pisaFileObject(*a, **kw)
  File "/var/www/hellotax/mobilitysqr_staging_virtualenv/lib/python3.6/site-packages/xhtml2pdf/util.py", line 665, in __init__
    conn.request("GET", path)
  File "/usr/lib/python3.6/http/client.py", line 1264, in request
    self._send_request(method, url, body, headers, encode_chunked)
  File "/usr/lib/python3.6/http/client.py", line 1310, in _send_request
    self.endheaders(body, encode_chunked=encode_chunked)
  File "/usr/lib/python3.6/http/client.py", line 1259, in endheaders
    self._send_output(message_body, encode_chunked=encode_chunked)
  File "/usr/lib/python3.6/http/client.py", line 1038, in _send_output
    self.send(msg)
  File "/usr/lib/python3.6/http/client.py", line 976, in send
    self.connect()
  File "/usr/lib/python3.6/http/client.py", line 948, in connect
    (self.host,self.port), self.timeout, self.source_address)
  File "/usr/lib/python3.6/socket.py", line 704, in create_connection
    for res in getaddrinfo(host, port, 0, SOCK_STREAM):
  File "/usr/lib/python3.6/socket.py", line 745, in getaddrinfo
    for res in _socket.getaddrinfo(host, port, family, type, proto, flags):
socket.gaierror: [Errno -2] Name or service not known
ERROR|07/May/2021 10:20:30|basehttp|10360|139982569015040|"GET /getassignmentletter/?travel_req_id=TR314432 HTTP/1.1" 500 260687
ERROR|07/May/2021 10:22:22|log|10360|139982569015040|Internal Server Error: /getassignmentletter/
Traceback (most recent call last):
  File "/var/www/hellotax/mobilitysqr_staging_virtualenv/lib/python3.6/site-packages/django/core/handlers/exception.py", line 34, in inner
    response = get_response(request)
  File "/var/www/hellotax/mobilitysqr_staging_virtualenv/lib/python3.6/site-packages/django/core/handlers/base.py", line 126, in _get_response
    response = self.process_exception_by_middleware(e, request)
  File "/var/www/hellotax/mobilitysqr_staging_virtualenv/lib/python3.6/site-packages/django/core/handlers/base.py", line 124, in _get_response
    response = wrapped_callback(request, *callback_args, **callback_kwargs)
  File "/var/www/hellotax/mobilitysqr_staging_virtualenv/lib/python3.6/site-packages/django/views/decorators/csrf.py", line 54, in wrapped_view
    return view_func(*args, **kwargs)
  File "/var/www/hellotax/mobilitysqr_staging_virtualenv/lib/python3.6/site-packages/django/views/generic/base.py", line 68, in view
    return self.dispatch(request, *args, **kwargs)
  File "/var/www/hellotax/mobilitysqr_staging_virtualenv/lib/python3.6/site-packages/rest_framework/views.py", line 495, in dispatch
    response = self.handle_exception(exc)
  File "/var/www/hellotax/mobilitysqr_staging_virtualenv/lib/python3.6/site-packages/rest_framework/views.py", line 455, in handle_exception
    self.raise_uncaught_exception(exc)
  File "/var/www/hellotax/mobilitysqr_staging_virtualenv/lib/python3.6/site-packages/rest_framework/views.py", line 492, in dispatch
    response = handler(request, *args, **kwargs)
  File "/var/www/hellotax/mobilitysqr_staging_virtualenv/mobilitysqr_staging/mobility_apps/letter/views.py", line 325, in get
    pisaStatus = pisa.CreatePDF(html.encode('utf-8'), dest=file, encoding='utf-8')
  File "/var/www/hellotax/mobilitysqr_staging_virtualenv/lib/python3.6/site-packages/xhtml2pdf/document.py", line 105, in pisaDocument
    encoding, context=context, xml_output=xml_output)
  File "/var/www/hellotax/mobilitysqr_staging_virtualenv/lib/python3.6/site-packages/xhtml2pdf/document.py", line 67, in pisaStory
    pisaParser(src, context, default_css, xhtml, encoding, xml_output)
  File "/var/www/hellotax/mobilitysqr_staging_virtualenv/lib/python3.6/site-packages/xhtml2pdf/parser.py", line 761, in pisaParser
    pisaLoop(document, context)
  File "/var/www/hellotax/mobilitysqr_staging_virtualenv/lib/python3.6/site-packages/xhtml2pdf/parser.py", line 699, in pisaLoop
    pisaLoop(node, context, path, **kw)
  File "/var/www/hellotax/mobilitysqr_staging_virtualenv/lib/python3.6/site-packages/xhtml2pdf/parser.py", line 643, in pisaLoop
    pisaLoop(nnode, context, path, **kw)
  File "/var/www/hellotax/mobilitysqr_staging_virtualenv/lib/python3.6/site-packages/xhtml2pdf/parser.py", line 643, in pisaLoop
    pisaLoop(nnode, context, path, **kw)
  File "/var/www/hellotax/mobilitysqr_staging_virtualenv/lib/python3.6/site-packages/xhtml2pdf/parser.py", line 643, in pisaLoop
    pisaLoop(nnode, context, path, **kw)
  File "/var/www/hellotax/mobilitysqr_staging_virtualenv/lib/python3.6/site-packages/xhtml2pdf/parser.py", line 513, in pisaLoop
    attr = pisaGetAttributes(context, node.tagName, node.attributes)
  File "/var/www/hellotax/mobilitysqr_staging_virtualenv/lib/python3.6/site-packages/xhtml2pdf/parser.py", line 125, in pisaGetAttributes
    nv = c.getFile(nv)
  File "/var/www/hellotax/mobilitysqr_staging_virtualenv/lib/python3.6/site-packages/xhtml2pdf/context.py", line 795, in getFile
    return getFile(name, relative or self.pathDirectory)
  File "/var/www/hellotax/mobilitysqr_staging_virtualenv/lib/python3.6/site-packages/xhtml2pdf/util.py", line 762, in getFile
    file = pisaFileObject(*a, **kw)
  File "/var/www/hellotax/mobilitysqr_staging_virtualenv/lib/python3.6/site-packages/xhtml2pdf/util.py", line 665, in __init__
    conn.request("GET", path)
  File "/usr/lib/python3.6/http/client.py", line 1264, in request
    self._send_request(method, url, body, headers, encode_chunked)
  File "/usr/lib/python3.6/http/client.py", line 1310, in _send_request
    self.endheaders(body, encode_chunked=encode_chunked)
  File "/usr/lib/python3.6/http/client.py", line 1259, in endheaders
    self._send_output(message_body, encode_chunked=encode_chunked)
  File "/usr/lib/python3.6/http/client.py", line 1038, in _send_output
    self.send(msg)
  File "/usr/lib/python3.6/http/client.py", line 976, in send
    self.connect()
  File "/usr/lib/python3.6/http/client.py", line 948, in connect
    (self.host,self.port), self.timeout, self.source_address)
  File "/usr/lib/python3.6/socket.py", line 704, in create_connection
    for res in getaddrinfo(host, port, 0, SOCK_STREAM):
  File "/usr/lib/python3.6/socket.py", line 745, in getaddrinfo
    for res in _socket.getaddrinfo(host, port, family, type, proto, flags):
socket.gaierror: [Errno -2] Name or service not known
ERROR|07/May/2021 10:22:22|basehttp|10360|139982569015040|"GET /getassignmentletter/?travel_req_id=TR181025 HTTP/1.1" 500 21143
ERROR|07/May/2021 10:28:35|log|10360|139982571378432|Internal Server Error: /getassignmentletter/
Traceback (most recent call last):
  File "/var/www/hellotax/mobilitysqr_staging_virtualenv/lib/python3.6/site-packages/django/core/handlers/exception.py", line 34, in inner
    response = get_response(request)
  File "/var/www/hellotax/mobilitysqr_staging_virtualenv/lib/python3.6/site-packages/django/core/handlers/base.py", line 126, in _get_response
    response = self.process_exception_by_middleware(e, request)
  File "/var/www/hellotax/mobilitysqr_staging_virtualenv/lib/python3.6/site-packages/django/core/handlers/base.py", line 124, in _get_response
    response = wrapped_callback(request, *callback_args, **callback_kwargs)
  File "/var/www/hellotax/mobilitysqr_staging_virtualenv/lib/python3.6/site-packages/django/views/decorators/csrf.py", line 54, in wrapped_view
    return view_func(*args, **kwargs)
  File "/var/www/hellotax/mobilitysqr_staging_virtualenv/lib/python3.6/site-packages/django/views/generic/base.py", line 68, in view
    return self.dispatch(request, *args, **kwargs)
  File "/var/www/hellotax/mobilitysqr_staging_virtualenv/lib/python3.6/site-packages/rest_framework/views.py", line 495, in dispatch
    response = self.handle_exception(exc)
  File "/var/www/hellotax/mobilitysqr_staging_virtualenv/lib/python3.6/site-packages/rest_framework/views.py", line 455, in handle_exception
    self.raise_uncaught_exception(exc)
  File "/var/www/hellotax/mobilitysqr_staging_virtualenv/lib/python3.6/site-packages/rest_framework/views.py", line 492, in dispatch
    response = handler(request, *args, **kwargs)
  File "/var/www/hellotax/mobilitysqr_staging_virtualenv/mobilitysqr_staging/mobility_apps/letter/views.py", line 577, in get
    pisaStatus = pisa.CreatePDF(html.encode('utf-8'), dest=filess, encoding='utf-8')
  File "/var/www/hellotax/mobilitysqr_staging_virtualenv/lib/python3.6/site-packages/xhtml2pdf/document.py", line 105, in pisaDocument
    encoding, context=context, xml_output=xml_output)
  File "/var/www/hellotax/mobilitysqr_staging_virtualenv/lib/python3.6/site-packages/xhtml2pdf/document.py", line 67, in pisaStory
    pisaParser(src, context, default_css, xhtml, encoding, xml_output)
  File "/var/www/hellotax/mobilitysqr_staging_virtualenv/lib/python3.6/site-packages/xhtml2pdf/parser.py", line 761, in pisaParser
    pisaLoop(document, context)
  File "/var/www/hellotax/mobilitysqr_staging_virtualenv/lib/python3.6/site-packages/xhtml2pdf/parser.py", line 699, in pisaLoop
    pisaLoop(node, context, path, **kw)
  File "/var/www/hellotax/mobilitysqr_staging_virtualenv/lib/python3.6/site-packages/xhtml2pdf/parser.py", line 643, in pisaLoop
    pisaLoop(nnode, context, path, **kw)
  File "/var/www/hellotax/mobilitysqr_staging_virtualenv/lib/python3.6/site-packages/xhtml2pdf/parser.py", line 643, in pisaLoop
    pisaLoop(nnode, context, path, **kw)
  File "/var/www/hellotax/mobilitysqr_staging_virtualenv/lib/python3.6/site-packages/xhtml2pdf/parser.py", line 643, in pisaLoop
    pisaLoop(nnode, context, path, **kw)
  File "/var/www/hellotax/mobilitysqr_staging_virtualenv/lib/python3.6/site-packages/xhtml2pdf/parser.py", line 513, in pisaLoop
    attr = pisaGetAttributes(context, node.tagName, node.attributes)
  File "/var/www/hellotax/mobilitysqr_staging_virtualenv/lib/python3.6/site-packages/xhtml2pdf/parser.py", line 125, in pisaGetAttributes
    nv = c.getFile(nv)
  File "/var/www/hellotax/mobilitysqr_staging_virtualenv/lib/python3.6/site-packages/xhtml2pdf/context.py", line 795, in getFile
    return getFile(name, relative or self.pathDirectory)
  File "/var/www/hellotax/mobilitysqr_staging_virtualenv/lib/python3.6/site-packages/xhtml2pdf/util.py", line 762, in getFile
    file = pisaFileObject(*a, **kw)
  File "/var/www/hellotax/mobilitysqr_staging_virtualenv/lib/python3.6/site-packages/xhtml2pdf/util.py", line 665, in __init__
    conn.request("GET", path)
  File "/usr/lib/python3.6/http/client.py", line 1264, in request
    self._send_request(method, url, body, headers, encode_chunked)
  File "/usr/lib/python3.6/http/client.py", line 1310, in _send_request
    self.endheaders(body, encode_chunked=encode_chunked)
  File "/usr/lib/python3.6/http/client.py", line 1259, in endheaders
    self._send_output(message_body, encode_chunked=encode_chunked)
  File "/usr/lib/python3.6/http/client.py", line 1038, in _send_output
    self.send(msg)
  File "/usr/lib/python3.6/http/client.py", line 976, in send
    self.connect()
  File "/usr/lib/python3.6/http/client.py", line 948, in connect
    (self.host,self.port), self.timeout, self.source_address)
  File "/usr/lib/python3.6/socket.py", line 704, in create_connection
    for res in getaddrinfo(host, port, 0, SOCK_STREAM):
  File "/usr/lib/python3.6/socket.py", line 745, in getaddrinfo
    for res in _socket.getaddrinfo(host, port, family, type, proto, flags):
socket.gaierror: [Errno -2] Name or service not known
ERROR|07/May/2021 10:28:35|basehttp|10360|139982571378432|"GET /getassignmentletter/?travel_req_id=TR623418 HTTP/1.1" 500 21142
ERROR|07/May/2021 10:28:56|log|10360|139982542788352|Internal Server Error: /getassignmentletter/
Traceback (most recent call last):
  File "/var/www/hellotax/mobilitysqr_staging_virtualenv/lib/python3.6/site-packages/django/core/handlers/exception.py", line 34, in inner
    response = get_response(request)
  File "/var/www/hellotax/mobilitysqr_staging_virtualenv/lib/python3.6/site-packages/django/core/handlers/base.py", line 126, in _get_response
    response = self.process_exception_by_middleware(e, request)
  File "/var/www/hellotax/mobilitysqr_staging_virtualenv/lib/python3.6/site-packages/django/core/handlers/base.py", line 124, in _get_response
    response = wrapped_callback(request, *callback_args, **callback_kwargs)
  File "/var/www/hellotax/mobilitysqr_staging_virtualenv/lib/python3.6/site-packages/django/views/decorators/csrf.py", line 54, in wrapped_view
    return view_func(*args, **kwargs)
  File "/var/www/hellotax/mobilitysqr_staging_virtualenv/lib/python3.6/site-packages/django/views/generic/base.py", line 68, in view
    return self.dispatch(request, *args, **kwargs)
  File "/var/www/hellotax/mobilitysqr_staging_virtualenv/lib/python3.6/site-packages/rest_framework/views.py", line 495, in dispatch
    response = self.handle_exception(exc)
  File "/var/www/hellotax/mobilitysqr_staging_virtualenv/lib/python3.6/site-packages/rest_framework/views.py", line 455, in handle_exception
    self.raise_uncaught_exception(exc)
  File "/var/www/hellotax/mobilitysqr_staging_virtualenv/lib/python3.6/site-packages/rest_framework/views.py", line 492, in dispatch
    response = handler(request, *args, **kwargs)
  File "/var/www/hellotax/mobilitysqr_staging_virtualenv/mobilitysqr_staging/mobility_apps/letter/views.py", line 577, in get
    pisaStatus = pisa.CreatePDF(html.encode('utf-8'), dest=filess, encoding='utf-8')
  File "/var/www/hellotax/mobilitysqr_staging_virtualenv/lib/python3.6/site-packages/xhtml2pdf/document.py", line 105, in pisaDocument
    encoding, context=context, xml_output=xml_output)
  File "/var/www/hellotax/mobilitysqr_staging_virtualenv/lib/python3.6/site-packages/xhtml2pdf/document.py", line 67, in pisaStory
    pisaParser(src, context, default_css, xhtml, encoding, xml_output)
  File "/var/www/hellotax/mobilitysqr_staging_virtualenv/lib/python3.6/site-packages/xhtml2pdf/parser.py", line 761, in pisaParser
    pisaLoop(document, context)
  File "/var/www/hellotax/mobilitysqr_staging_virtualenv/lib/python3.6/site-packages/xhtml2pdf/parser.py", line 699, in pisaLoop
    pisaLoop(node, context, path, **kw)
  File "/var/www/hellotax/mobilitysqr_staging_virtualenv/lib/python3.6/site-packages/xhtml2pdf/parser.py", line 643, in pisaLoop
    pisaLoop(nnode, context, path, **kw)
  File "/var/www/hellotax/mobilitysqr_staging_virtualenv/lib/python3.6/site-packages/xhtml2pdf/parser.py", line 643, in pisaLoop
    pisaLoop(nnode, context, path, **kw)
  File "/var/www/hellotax/mobilitysqr_staging_virtualenv/lib/python3.6/site-packages/xhtml2pdf/parser.py", line 643, in pisaLoop
    pisaLoop(nnode, context, path, **kw)
  File "/var/www/hellotax/mobilitysqr_staging_virtualenv/lib/python3.6/site-packages/xhtml2pdf/parser.py", line 513, in pisaLoop
    attr = pisaGetAttributes(context, node.tagName, node.attributes)
  File "/var/www/hellotax/mobilitysqr_staging_virtualenv/lib/python3.6/site-packages/xhtml2pdf/parser.py", line 125, in pisaGetAttributes
    nv = c.getFile(nv)
  File "/var/www/hellotax/mobilitysqr_staging_virtualenv/lib/python3.6/site-packages/xhtml2pdf/context.py", line 795, in getFile
    return getFile(name, relative or self.pathDirectory)
  File "/var/www/hellotax/mobilitysqr_staging_virtualenv/lib/python3.6/site-packages/xhtml2pdf/util.py", line 762, in getFile
    file = pisaFileObject(*a, **kw)
  File "/var/www/hellotax/mobilitysqr_staging_virtualenv/lib/python3.6/site-packages/xhtml2pdf/util.py", line 665, in __init__
    conn.request("GET", path)
  File "/usr/lib/python3.6/http/client.py", line 1264, in request
    self._send_request(method, url, body, headers, encode_chunked)
  File "/usr/lib/python3.6/http/client.py", line 1310, in _send_request
    self.endheaders(body, encode_chunked=encode_chunked)
  File "/usr/lib/python3.6/http/client.py", line 1259, in endheaders
    self._send_output(message_body, encode_chunked=encode_chunked)
  File "/usr/lib/python3.6/http/client.py", line 1038, in _send_output
    self.send(msg)
  File "/usr/lib/python3.6/http/client.py", line 976, in send
    self.connect()
  File "/usr/lib/python3.6/http/client.py", line 948, in connect
    (self.host,self.port), self.timeout, self.source_address)
  File "/usr/lib/python3.6/socket.py", line 704, in create_connection
    for res in getaddrinfo(host, port, 0, SOCK_STREAM):
  File "/usr/lib/python3.6/socket.py", line 745, in getaddrinfo
    for res in _socket.getaddrinfo(host, port, family, type, proto, flags):
socket.gaierror: [Errno -2] Name or service not known
ERROR|07/May/2021 10:28:56|basehttp|10360|139982542788352|"GET /getassignmentletter/?travel_req_id=TR272802 HTTP/1.1" 500 21142
ERROR|07/May/2021 10:28:59|log|10360|139982542788352|Internal Server Error: /getassignmentletter/
Traceback (most recent call last):
  File "/var/www/hellotax/mobilitysqr_staging_virtualenv/lib/python3.6/site-packages/django/core/handlers/exception.py", line 34, in inner
    response = get_response(request)
  File "/var/www/hellotax/mobilitysqr_staging_virtualenv/lib/python3.6/site-packages/django/core/handlers/base.py", line 126, in _get_response
    response = self.process_exception_by_middleware(e, request)
  File "/var/www/hellotax/mobilitysqr_staging_virtualenv/lib/python3.6/site-packages/django/core/handlers/base.py", line 124, in _get_response
    response = wrapped_callback(request, *callback_args, **callback_kwargs)
  File "/var/www/hellotax/mobilitysqr_staging_virtualenv/lib/python3.6/site-packages/django/views/decorators/csrf.py", line 54, in wrapped_view
    return view_func(*args, **kwargs)
  File "/var/www/hellotax/mobilitysqr_staging_virtualenv/lib/python3.6/site-packages/django/views/generic/base.py", line 68, in view
    return self.dispatch(request, *args, **kwargs)
  File "/var/www/hellotax/mobilitysqr_staging_virtualenv/lib/python3.6/site-packages/rest_framework/views.py", line 495, in dispatch
    response = self.handle_exception(exc)
  File "/var/www/hellotax/mobilitysqr_staging_virtualenv/lib/python3.6/site-packages/rest_framework/views.py", line 455, in handle_exception
    self.raise_uncaught_exception(exc)
  File "/var/www/hellotax/mobilitysqr_staging_virtualenv/lib/python3.6/site-packages/rest_framework/views.py", line 492, in dispatch
    response = handler(request, *args, **kwargs)
  File "/var/www/hellotax/mobilitysqr_staging_virtualenv/mobilitysqr_staging/mobility_apps/letter/views.py", line 577, in get
    pisaStatus = pisa.CreatePDF(html.encode('utf-8'), dest=filess, encoding='utf-8')
  File "/var/www/hellotax/mobilitysqr_staging_virtualenv/lib/python3.6/site-packages/xhtml2pdf/document.py", line 105, in pisaDocument
    encoding, context=context, xml_output=xml_output)
  File "/var/www/hellotax/mobilitysqr_staging_virtualenv/lib/python3.6/site-packages/xhtml2pdf/document.py", line 67, in pisaStory
    pisaParser(src, context, default_css, xhtml, encoding, xml_output)
  File "/var/www/hellotax/mobilitysqr_staging_virtualenv/lib/python3.6/site-packages/xhtml2pdf/parser.py", line 761, in pisaParser
    pisaLoop(document, context)
  File "/var/www/hellotax/mobilitysqr_staging_virtualenv/lib/python3.6/site-packages/xhtml2pdf/parser.py", line 699, in pisaLoop
    pisaLoop(node, context, path, **kw)
  File "/var/www/hellotax/mobilitysqr_staging_virtualenv/lib/python3.6/site-packages/xhtml2pdf/parser.py", line 643, in pisaLoop
    pisaLoop(nnode, context, path, **kw)
  File "/var/www/hellotax/mobilitysqr_staging_virtualenv/lib/python3.6/site-packages/xhtml2pdf/parser.py", line 643, in pisaLoop
    pisaLoop(nnode, context, path, **kw)
  File "/var/www/hellotax/mobilitysqr_staging_virtualenv/lib/python3.6/site-packages/xhtml2pdf/parser.py", line 643, in pisaLoop
    pisaLoop(nnode, context, path, **kw)
  File "/var/www/hellotax/mobilitysqr_staging_virtualenv/lib/python3.6/site-packages/xhtml2pdf/parser.py", line 513, in pisaLoop
    attr = pisaGetAttributes(context, node.tagName, node.attributes)
  File "/var/www/hellotax/mobilitysqr_staging_virtualenv/lib/python3.6/site-packages/xhtml2pdf/parser.py", line 125, in pisaGetAttributes
    nv = c.getFile(nv)
  File "/var/www/hellotax/mobilitysqr_staging_virtualenv/lib/python3.6/site-packages/xhtml2pdf/context.py", line 795, in getFile
    return getFile(name, relative or self.pathDirectory)
  File "/var/www/hellotax/mobilitysqr_staging_virtualenv/lib/python3.6/site-packages/xhtml2pdf/util.py", line 762, in getFile
    file = pisaFileObject(*a, **kw)
  File "/var/www/hellotax/mobilitysqr_staging_virtualenv/lib/python3.6/site-packages/xhtml2pdf/util.py", line 665, in __init__
    conn.request("GET", path)
  File "/usr/lib/python3.6/http/client.py", line 1264, in request
    self._send_request(method, url, body, headers, encode_chunked)
  File "/usr/lib/python3.6/http/client.py", line 1310, in _send_request
    self.endheaders(body, encode_chunked=encode_chunked)
  File "/usr/lib/python3.6/http/client.py", line 1259, in endheaders
    self._send_output(message_body, encode_chunked=encode_chunked)
  File "/usr/lib/python3.6/http/client.py", line 1038, in _send_output
    self.send(msg)
  File "/usr/lib/python3.6/http/client.py", line 976, in send
    self.connect()
  File "/usr/lib/python3.6/http/client.py", line 948, in connect
    (self.host,self.port), self.timeout, self.source_address)
  File "/usr/lib/python3.6/socket.py", line 704, in create_connection
    for res in getaddrinfo(host, port, 0, SOCK_STREAM):
  File "/usr/lib/python3.6/socket.py", line 745, in getaddrinfo
    for res in _socket.getaddrinfo(host, port, family, type, proto, flags):
socket.gaierror: [Errno -2] Name or service not known
ERROR|07/May/2021 10:28:59|basehttp|10360|139982542788352|"GET /getassignmentletter/?travel_req_id=TR174259 HTTP/1.1" 500 21142
ERROR|07/May/2021 10:29:02|log|10360|139982542788352|Internal Server Error: /getassignmentletter/
Traceback (most recent call last):
  File "/var/www/hellotax/mobilitysqr_staging_virtualenv/lib/python3.6/site-packages/django/core/handlers/exception.py", line 34, in inner
    response = get_response(request)
  File "/var/www/hellotax/mobilitysqr_staging_virtualenv/lib/python3.6/site-packages/django/core/handlers/base.py", line 126, in _get_response
    response = self.process_exception_by_middleware(e, request)
  File "/var/www/hellotax/mobilitysqr_staging_virtualenv/lib/python3.6/site-packages/django/core/handlers/base.py", line 124, in _get_response
    response = wrapped_callback(request, *callback_args, **callback_kwargs)
  File "/var/www/hellotax/mobilitysqr_staging_virtualenv/lib/python3.6/site-packages/django/views/decorators/csrf.py", line 54, in wrapped_view
    return view_func(*args, **kwargs)
  File "/var/www/hellotax/mobilitysqr_staging_virtualenv/lib/python3.6/site-packages/django/views/generic/base.py", line 68, in view
    return self.dispatch(request, *args, **kwargs)
  File "/var/www/hellotax/mobilitysqr_staging_virtualenv/lib/python3.6/site-packages/rest_framework/views.py", line 495, in dispatch
    response = self.handle_exception(exc)
  File "/var/www/hellotax/mobilitysqr_staging_virtualenv/lib/python3.6/site-packages/rest_framework/views.py", line 455, in handle_exception
    self.raise_uncaught_exception(exc)
  File "/var/www/hellotax/mobilitysqr_staging_virtualenv/lib/python3.6/site-packages/rest_framework/views.py", line 492, in dispatch
    response = handler(request, *args, **kwargs)
  File "/var/www/hellotax/mobilitysqr_staging_virtualenv/mobilitysqr_staging/mobility_apps/letter/views.py", line 65, in get
    emp_code=travel_request_serializer.data[0]['Employee_ID']
IndexError: list index out of range
ERROR|07/May/2021 10:29:02|basehttp|10360|139982542788352|"GET /getassignmentletter/?travel_req_id=TR298741 HTTP/1.1" 500 18007
ERROR|07/May/2021 10:29:04|log|10360|139982542788352|Internal Server Error: /getassignmentletter/
Traceback (most recent call last):
  File "/var/www/hellotax/mobilitysqr_staging_virtualenv/lib/python3.6/site-packages/django/core/handlers/exception.py", line 34, in inner
    response = get_response(request)
  File "/var/www/hellotax/mobilitysqr_staging_virtualenv/lib/python3.6/site-packages/django/core/handlers/base.py", line 126, in _get_response
    response = self.process_exception_by_middleware(e, request)
  File "/var/www/hellotax/mobilitysqr_staging_virtualenv/lib/python3.6/site-packages/django/core/handlers/base.py", line 124, in _get_response
    response = wrapped_callback(request, *callback_args, **callback_kwargs)
  File "/var/www/hellotax/mobilitysqr_staging_virtualenv/lib/python3.6/site-packages/django/views/decorators/csrf.py", line 54, in wrapped_view
    return view_func(*args, **kwargs)
  File "/var/www/hellotax/mobilitysqr_staging_virtualenv/lib/python3.6/site-packages/django/views/generic/base.py", line 68, in view
    return self.dispatch(request, *args, **kwargs)
  File "/var/www/hellotax/mobilitysqr_staging_virtualenv/lib/python3.6/site-packages/rest_framework/views.py", line 495, in dispatch
    response = self.handle_exception(exc)
  File "/var/www/hellotax/mobilitysqr_staging_virtualenv/lib/python3.6/site-packages/rest_framework/views.py", line 455, in handle_exception
    self.raise_uncaught_exception(exc)
  File "/var/www/hellotax/mobilitysqr_staging_virtualenv/lib/python3.6/site-packages/rest_framework/views.py", line 492, in dispatch
    response = handler(request, *args, **kwargs)
  File "/var/www/hellotax/mobilitysqr_staging_virtualenv/mobilitysqr_staging/mobility_apps/letter/views.py", line 577, in get
    pisaStatus = pisa.CreatePDF(html.encode('utf-8'), dest=filess, encoding='utf-8')
  File "/var/www/hellotax/mobilitysqr_staging_virtualenv/lib/python3.6/site-packages/xhtml2pdf/document.py", line 105, in pisaDocument
    encoding, context=context, xml_output=xml_output)
  File "/var/www/hellotax/mobilitysqr_staging_virtualenv/lib/python3.6/site-packages/xhtml2pdf/document.py", line 67, in pisaStory
    pisaParser(src, context, default_css, xhtml, encoding, xml_output)
  File "/var/www/hellotax/mobilitysqr_staging_virtualenv/lib/python3.6/site-packages/xhtml2pdf/parser.py", line 761, in pisaParser
    pisaLoop(document, context)
  File "/var/www/hellotax/mobilitysqr_staging_virtualenv/lib/python3.6/site-packages/xhtml2pdf/parser.py", line 699, in pisaLoop
    pisaLoop(node, context, path, **kw)
  File "/var/www/hellotax/mobilitysqr_staging_virtualenv/lib/python3.6/site-packages/xhtml2pdf/parser.py", line 643, in pisaLoop
    pisaLoop(nnode, context, path, **kw)
  File "/var/www/hellotax/mobilitysqr_staging_virtualenv/lib/python3.6/site-packages/xhtml2pdf/parser.py", line 643, in pisaLoop
    pisaLoop(nnode, context, path, **kw)
  File "/var/www/hellotax/mobilitysqr_staging_virtualenv/lib/python3.6/site-packages/xhtml2pdf/parser.py", line 643, in pisaLoop
    pisaLoop(nnode, context, path, **kw)
  File "/var/www/hellotax/mobilitysqr_staging_virtualenv/lib/python3.6/site-packages/xhtml2pdf/parser.py", line 513, in pisaLoop
    attr = pisaGetAttributes(context, node.tagName, node.attributes)
  File "/var/www/hellotax/mobilitysqr_staging_virtualenv/lib/python3.6/site-packages/xhtml2pdf/parser.py", line 125, in pisaGetAttributes
    nv = c.getFile(nv)
  File "/var/www/hellotax/mobilitysqr_staging_virtualenv/lib/python3.6/site-packages/xhtml2pdf/context.py", line 795, in getFile
    return getFile(name, relative or self.pathDirectory)
  File "/var/www/hellotax/mobilitysqr_staging_virtualenv/lib/python3.6/site-packages/xhtml2pdf/util.py", line 762, in getFile
    file = pisaFileObject(*a, **kw)
  File "/var/www/hellotax/mobilitysqr_staging_virtualenv/lib/python3.6/site-packages/xhtml2pdf/util.py", line 665, in __init__
    conn.request("GET", path)
  File "/usr/lib/python3.6/http/client.py", line 1264, in request
    self._send_request(method, url, body, headers, encode_chunked)
  File "/usr/lib/python3.6/http/client.py", line 1310, in _send_request
    self.endheaders(body, encode_chunked=encode_chunked)
  File "/usr/lib/python3.6/http/client.py", line 1259, in endheaders
    self._send_output(message_body, encode_chunked=encode_chunked)
  File "/usr/lib/python3.6/http/client.py", line 1038, in _send_output
    self.send(msg)
  File "/usr/lib/python3.6/http/client.py", line 976, in send
    self.connect()
  File "/usr/lib/python3.6/http/client.py", line 948, in connect
    (self.host,self.port), self.timeout, self.source_address)
  File "/usr/lib/python3.6/socket.py", line 704, in create_connection
    for res in getaddrinfo(host, port, 0, SOCK_STREAM):
  File "/usr/lib/python3.6/socket.py", line 745, in getaddrinfo
    for res in _socket.getaddrinfo(host, port, family, type, proto, flags):
socket.gaierror: [Errno -2] Name or service not known
ERROR|07/May/2021 10:29:04|basehttp|10360|139982542788352|"GET /getassignmentletter/?travel_req_id=TR308068 HTTP/1.1" 500 21142
ERROR|07/May/2021 10:29:07|log|10360|139982542788352|Internal Server Error: /getassignmentletter/
Traceback (most recent call last):
  File "/var/www/hellotax/mobilitysqr_staging_virtualenv/lib/python3.6/site-packages/django/core/handlers/exception.py", line 34, in inner
    response = get_response(request)
  File "/var/www/hellotax/mobilitysqr_staging_virtualenv/lib/python3.6/site-packages/django/core/handlers/base.py", line 126, in _get_response
    response = self.process_exception_by_middleware(e, request)
  File "/var/www/hellotax/mobilitysqr_staging_virtualenv/lib/python3.6/site-packages/django/core/handlers/base.py", line 124, in _get_response
    response = wrapped_callback(request, *callback_args, **callback_kwargs)
  File "/var/www/hellotax/mobilitysqr_staging_virtualenv/lib/python3.6/site-packages/django/views/decorators/csrf.py", line 54, in wrapped_view
    return view_func(*args, **kwargs)
  File "/var/www/hellotax/mobilitysqr_staging_virtualenv/lib/python3.6/site-packages/django/views/generic/base.py", line 68, in view
    return self.dispatch(request, *args, **kwargs)
  File "/var/www/hellotax/mobilitysqr_staging_virtualenv/lib/python3.6/site-packages/rest_framework/views.py", line 495, in dispatch
    response = self.handle_exception(exc)
  File "/var/www/hellotax/mobilitysqr_staging_virtualenv/lib/python3.6/site-packages/rest_framework/views.py", line 455, in handle_exception
    self.raise_uncaught_exception(exc)
  File "/var/www/hellotax/mobilitysqr_staging_virtualenv/lib/python3.6/site-packages/rest_framework/views.py", line 492, in dispatch
    response = handler(request, *args, **kwargs)
  File "/var/www/hellotax/mobilitysqr_staging_virtualenv/mobilitysqr_staging/mobility_apps/letter/views.py", line 346, in get
    pisaStatus = pisa.CreatePDF(html.encode('utf-8'), dest=filess, encoding='utf-8')
  File "/var/www/hellotax/mobilitysqr_staging_virtualenv/lib/python3.6/site-packages/xhtml2pdf/document.py", line 105, in pisaDocument
    encoding, context=context, xml_output=xml_output)
  File "/var/www/hellotax/mobilitysqr_staging_virtualenv/lib/python3.6/site-packages/xhtml2pdf/document.py", line 67, in pisaStory
    pisaParser(src, context, default_css, xhtml, encoding, xml_output)
  File "/var/www/hellotax/mobilitysqr_staging_virtualenv/lib/python3.6/site-packages/xhtml2pdf/parser.py", line 761, in pisaParser
    pisaLoop(document, context)
  File "/var/www/hellotax/mobilitysqr_staging_virtualenv/lib/python3.6/site-packages/xhtml2pdf/parser.py", line 699, in pisaLoop
    pisaLoop(node, context, path, **kw)
  File "/var/www/hellotax/mobilitysqr_staging_virtualenv/lib/python3.6/site-packages/xhtml2pdf/parser.py", line 643, in pisaLoop
    pisaLoop(nnode, context, path, **kw)
  File "/var/www/hellotax/mobilitysqr_staging_virtualenv/lib/python3.6/site-packages/xhtml2pdf/parser.py", line 643, in pisaLoop
    pisaLoop(nnode, context, path, **kw)
  File "/var/www/hellotax/mobilitysqr_staging_virtualenv/lib/python3.6/site-packages/xhtml2pdf/parser.py", line 643, in pisaLoop
    pisaLoop(nnode, context, path, **kw)
  File "/var/www/hellotax/mobilitysqr_staging_virtualenv/lib/python3.6/site-packages/xhtml2pdf/parser.py", line 513, in pisaLoop
    attr = pisaGetAttributes(context, node.tagName, node.attributes)
  File "/var/www/hellotax/mobilitysqr_staging_virtualenv/lib/python3.6/site-packages/xhtml2pdf/parser.py", line 125, in pisaGetAttributes
    nv = c.getFile(nv)
  File "/var/www/hellotax/mobilitysqr_staging_virtualenv/lib/python3.6/site-packages/xhtml2pdf/context.py", line 795, in getFile
    return getFile(name, relative or self.pathDirectory)
  File "/var/www/hellotax/mobilitysqr_staging_virtualenv/lib/python3.6/site-packages/xhtml2pdf/util.py", line 762, in getFile
    file = pisaFileObject(*a, **kw)
  File "/var/www/hellotax/mobilitysqr_staging_virtualenv/lib/python3.6/site-packages/xhtml2pdf/util.py", line 665, in __init__
    conn.request("GET", path)
  File "/usr/lib/python3.6/http/client.py", line 1264, in request
    self._send_request(method, url, body, headers, encode_chunked)
  File "/usr/lib/python3.6/http/client.py", line 1310, in _send_request
    self.endheaders(body, encode_chunked=encode_chunked)
  File "/usr/lib/python3.6/http/client.py", line 1259, in endheaders
    self._send_output(message_body, encode_chunked=encode_chunked)
  File "/usr/lib/python3.6/http/client.py", line 1038, in _send_output
    self.send(msg)
  File "/usr/lib/python3.6/http/client.py", line 976, in send
    self.connect()
  File "/usr/lib/python3.6/http/client.py", line 948, in connect
    (self.host,self.port), self.timeout, self.source_address)
  File "/usr/lib/python3.6/socket.py", line 704, in create_connection
    for res in getaddrinfo(host, port, 0, SOCK_STREAM):
  File "/usr/lib/python3.6/socket.py", line 745, in getaddrinfo
    for res in _socket.getaddrinfo(host, port, family, type, proto, flags):
socket.gaierror: [Errno -2] Name or service not known
ERROR|07/May/2021 10:29:07|basehttp|10360|139982542788352|"GET /getassignmentletter/?travel_req_id=TR439684 HTTP/1.1" 500 21142
ERROR|07/May/2021 10:30:28|log|10360|139982571378432|Internal Server Error: /getassignmentletter/
Traceback (most recent call last):
  File "/var/www/hellotax/mobilitysqr_staging_virtualenv/lib/python3.6/site-packages/django/core/handlers/exception.py", line 34, in inner
    response = get_response(request)
  File "/var/www/hellotax/mobilitysqr_staging_virtualenv/lib/python3.6/site-packages/django/core/handlers/base.py", line 126, in _get_response
    response = self.process_exception_by_middleware(e, request)
  File "/var/www/hellotax/mobilitysqr_staging_virtualenv/lib/python3.6/site-packages/django/core/handlers/base.py", line 124, in _get_response
    response = wrapped_callback(request, *callback_args, **callback_kwargs)
  File "/var/www/hellotax/mobilitysqr_staging_virtualenv/lib/python3.6/site-packages/django/views/decorators/csrf.py", line 54, in wrapped_view
    return view_func(*args, **kwargs)
  File "/var/www/hellotax/mobilitysqr_staging_virtualenv/lib/python3.6/site-packages/django/views/generic/base.py", line 68, in view
    return self.dispatch(request, *args, **kwargs)
  File "/var/www/hellotax/mobilitysqr_staging_virtualenv/lib/python3.6/site-packages/rest_framework/views.py", line 495, in dispatch
    response = self.handle_exception(exc)
  File "/var/www/hellotax/mobilitysqr_staging_virtualenv/lib/python3.6/site-packages/rest_framework/views.py", line 455, in handle_exception
    self.raise_uncaught_exception(exc)
  File "/var/www/hellotax/mobilitysqr_staging_virtualenv/lib/python3.6/site-packages/rest_framework/views.py", line 492, in dispatch
    response = handler(request, *args, **kwargs)
  File "/var/www/hellotax/mobilitysqr_staging_virtualenv/mobilitysqr_staging/mobility_apps/letter/views.py", line 325, in get
    pisaStatus = pisa.CreatePDF(html.encode('utf-8'), dest=file, encoding='utf-8')
  File "/var/www/hellotax/mobilitysqr_staging_virtualenv/lib/python3.6/site-packages/xhtml2pdf/document.py", line 105, in pisaDocument
    encoding, context=context, xml_output=xml_output)
  File "/var/www/hellotax/mobilitysqr_staging_virtualenv/lib/python3.6/site-packages/xhtml2pdf/document.py", line 67, in pisaStory
    pisaParser(src, context, default_css, xhtml, encoding, xml_output)
  File "/var/www/hellotax/mobilitysqr_staging_virtualenv/lib/python3.6/site-packages/xhtml2pdf/parser.py", line 761, in pisaParser
    pisaLoop(document, context)
  File "/var/www/hellotax/mobilitysqr_staging_virtualenv/lib/python3.6/site-packages/xhtml2pdf/parser.py", line 699, in pisaLoop
    pisaLoop(node, context, path, **kw)
  File "/var/www/hellotax/mobilitysqr_staging_virtualenv/lib/python3.6/site-packages/xhtml2pdf/parser.py", line 643, in pisaLoop
    pisaLoop(nnode, context, path, **kw)
  File "/var/www/hellotax/mobilitysqr_staging_virtualenv/lib/python3.6/site-packages/xhtml2pdf/parser.py", line 643, in pisaLoop
    pisaLoop(nnode, context, path, **kw)
  File "/var/www/hellotax/mobilitysqr_staging_virtualenv/lib/python3.6/site-packages/xhtml2pdf/parser.py", line 643, in pisaLoop
    pisaLoop(nnode, context, path, **kw)
  File "/var/www/hellotax/mobilitysqr_staging_virtualenv/lib/python3.6/site-packages/xhtml2pdf/parser.py", line 513, in pisaLoop
    attr = pisaGetAttributes(context, node.tagName, node.attributes)
  File "/var/www/hellotax/mobilitysqr_staging_virtualenv/lib/python3.6/site-packages/xhtml2pdf/parser.py", line 125, in pisaGetAttributes
    nv = c.getFile(nv)
  File "/var/www/hellotax/mobilitysqr_staging_virtualenv/lib/python3.6/site-packages/xhtml2pdf/context.py", line 795, in getFile
    return getFile(name, relative or self.pathDirectory)
  File "/var/www/hellotax/mobilitysqr_staging_virtualenv/lib/python3.6/site-packages/xhtml2pdf/util.py", line 762, in getFile
    file = pisaFileObject(*a, **kw)
  File "/var/www/hellotax/mobilitysqr_staging_virtualenv/lib/python3.6/site-packages/xhtml2pdf/util.py", line 665, in __init__
    conn.request("GET", path)
  File "/usr/lib/python3.6/http/client.py", line 1264, in request
    self._send_request(method, url, body, headers, encode_chunked)
  File "/usr/lib/python3.6/http/client.py", line 1310, in _send_request
    self.endheaders(body, encode_chunked=encode_chunked)
  File "/usr/lib/python3.6/http/client.py", line 1259, in endheaders
    self._send_output(message_body, encode_chunked=encode_chunked)
  File "/usr/lib/python3.6/http/client.py", line 1038, in _send_output
    self.send(msg)
  File "/usr/lib/python3.6/http/client.py", line 976, in send
    self.connect()
  File "/usr/lib/python3.6/http/client.py", line 948, in connect
    (self.host,self.port), self.timeout, self.source_address)
  File "/usr/lib/python3.6/socket.py", line 704, in create_connection
    for res in getaddrinfo(host, port, 0, SOCK_STREAM):
  File "/usr/lib/python3.6/socket.py", line 745, in getaddrinfo
    for res in _socket.getaddrinfo(host, port, family, type, proto, flags):
socket.gaierror: [Errno -2] Name or service not known
ERROR|07/May/2021 10:30:28|basehttp|10360|139982571378432|"GET /getassignmentletter/?travel_req_id=TR182975 HTTP/1.1" 500 21140
ERROR|07/May/2021 10:32:12|log|10360|139982571378432|Internal Server Error: /getassignmentletter/
Traceback (most recent call last):
  File "/var/www/hellotax/mobilitysqr_staging_virtualenv/lib/python3.6/site-packages/django/core/handlers/exception.py", line 34, in inner
    response = get_response(request)
  File "/var/www/hellotax/mobilitysqr_staging_virtualenv/lib/python3.6/site-packages/django/core/handlers/base.py", line 126, in _get_response
    response = self.process_exception_by_middleware(e, request)
  File "/var/www/hellotax/mobilitysqr_staging_virtualenv/lib/python3.6/site-packages/django/core/handlers/base.py", line 124, in _get_response
    response = wrapped_callback(request, *callback_args, **callback_kwargs)
  File "/var/www/hellotax/mobilitysqr_staging_virtualenv/lib/python3.6/site-packages/django/views/decorators/csrf.py", line 54, in wrapped_view
    return view_func(*args, **kwargs)
  File "/var/www/hellotax/mobilitysqr_staging_virtualenv/lib/python3.6/site-packages/django/views/generic/base.py", line 68, in view
    return self.dispatch(request, *args, **kwargs)
  File "/var/www/hellotax/mobilitysqr_staging_virtualenv/lib/python3.6/site-packages/rest_framework/views.py", line 495, in dispatch
    response = self.handle_exception(exc)
  File "/var/www/hellotax/mobilitysqr_staging_virtualenv/lib/python3.6/site-packages/rest_framework/views.py", line 455, in handle_exception
    self.raise_uncaught_exception(exc)
  File "/var/www/hellotax/mobilitysqr_staging_virtualenv/lib/python3.6/site-packages/rest_framework/views.py", line 492, in dispatch
    response = handler(request, *args, **kwargs)
  File "/var/www/hellotax/mobilitysqr_staging_virtualenv/mobilitysqr_staging/mobility_apps/letter/views.py", line 325, in get
    pisaStatus = pisa.CreatePDF(html.encode('utf-8'), dest=file, encoding='utf-8')
  File "/var/www/hellotax/mobilitysqr_staging_virtualenv/lib/python3.6/site-packages/xhtml2pdf/document.py", line 105, in pisaDocument
    encoding, context=context, xml_output=xml_output)
  File "/var/www/hellotax/mobilitysqr_staging_virtualenv/lib/python3.6/site-packages/xhtml2pdf/document.py", line 67, in pisaStory
    pisaParser(src, context, default_css, xhtml, encoding, xml_output)
  File "/var/www/hellotax/mobilitysqr_staging_virtualenv/lib/python3.6/site-packages/xhtml2pdf/parser.py", line 761, in pisaParser
    pisaLoop(document, context)
  File "/var/www/hellotax/mobilitysqr_staging_virtualenv/lib/python3.6/site-packages/xhtml2pdf/parser.py", line 699, in pisaLoop
    pisaLoop(node, context, path, **kw)
  File "/var/www/hellotax/mobilitysqr_staging_virtualenv/lib/python3.6/site-packages/xhtml2pdf/parser.py", line 643, in pisaLoop
    pisaLoop(nnode, context, path, **kw)
  File "/var/www/hellotax/mobilitysqr_staging_virtualenv/lib/python3.6/site-packages/xhtml2pdf/parser.py", line 643, in pisaLoop
    pisaLoop(nnode, context, path, **kw)
  File "/var/www/hellotax/mobilitysqr_staging_virtualenv/lib/python3.6/site-packages/xhtml2pdf/parser.py", line 643, in pisaLoop
    pisaLoop(nnode, context, path, **kw)
  File "/var/www/hellotax/mobilitysqr_staging_virtualenv/lib/python3.6/site-packages/xhtml2pdf/parser.py", line 513, in pisaLoop
    attr = pisaGetAttributes(context, node.tagName, node.attributes)
  File "/var/www/hellotax/mobilitysqr_staging_virtualenv/lib/python3.6/site-packages/xhtml2pdf/parser.py", line 125, in pisaGetAttributes
    nv = c.getFile(nv)
  File "/var/www/hellotax/mobilitysqr_staging_virtualenv/lib/python3.6/site-packages/xhtml2pdf/context.py", line 795, in getFile
    return getFile(name, relative or self.pathDirectory)
  File "/var/www/hellotax/mobilitysqr_staging_virtualenv/lib/python3.6/site-packages/xhtml2pdf/util.py", line 762, in getFile
    file = pisaFileObject(*a, **kw)
  File "/var/www/hellotax/mobilitysqr_staging_virtualenv/lib/python3.6/site-packages/xhtml2pdf/util.py", line 665, in __init__
    conn.request("GET", path)
  File "/usr/lib/python3.6/http/client.py", line 1264, in request
    self._send_request(method, url, body, headers, encode_chunked)
  File "/usr/lib/python3.6/http/client.py", line 1310, in _send_request
    self.endheaders(body, encode_chunked=encode_chunked)
  File "/usr/lib/python3.6/http/client.py", line 1259, in endheaders
    self._send_output(message_body, encode_chunked=encode_chunked)
  File "/usr/lib/python3.6/http/client.py", line 1038, in _send_output
    self.send(msg)
  File "/usr/lib/python3.6/http/client.py", line 976, in send
    self.connect()
  File "/usr/lib/python3.6/http/client.py", line 948, in connect
    (self.host,self.port), self.timeout, self.source_address)
  File "/usr/lib/python3.6/socket.py", line 704, in create_connection
    for res in getaddrinfo(host, port, 0, SOCK_STREAM):
  File "/usr/lib/python3.6/socket.py", line 745, in getaddrinfo
    for res in _socket.getaddrinfo(host, port, family, type, proto, flags):
socket.gaierror: [Errno -2] Name or service not known
ERROR|07/May/2021 10:32:12|basehttp|10360|139982571378432|"GET /getassignmentletter/?travel_req_id=TR182975 HTTP/1.1" 500 253217
ERROR|07/May/2021 10:33:45|log|10360|139982571378432|Internal Server Error: /getassignmentletter/
Traceback (most recent call last):
  File "/var/www/hellotax/mobilitysqr_staging_virtualenv/lib/python3.6/site-packages/django/core/handlers/exception.py", line 34, in inner
    response = get_response(request)
  File "/var/www/hellotax/mobilitysqr_staging_virtualenv/lib/python3.6/site-packages/django/core/handlers/base.py", line 126, in _get_response
    response = self.process_exception_by_middleware(e, request)
  File "/var/www/hellotax/mobilitysqr_staging_virtualenv/lib/python3.6/site-packages/django/core/handlers/base.py", line 124, in _get_response
    response = wrapped_callback(request, *callback_args, **callback_kwargs)
  File "/var/www/hellotax/mobilitysqr_staging_virtualenv/lib/python3.6/site-packages/django/views/decorators/csrf.py", line 54, in wrapped_view
    return view_func(*args, **kwargs)
  File "/var/www/hellotax/mobilitysqr_staging_virtualenv/lib/python3.6/site-packages/django/views/generic/base.py", line 68, in view
    return self.dispatch(request, *args, **kwargs)
  File "/var/www/hellotax/mobilitysqr_staging_virtualenv/lib/python3.6/site-packages/rest_framework/views.py", line 495, in dispatch
    response = self.handle_exception(exc)
  File "/var/www/hellotax/mobilitysqr_staging_virtualenv/lib/python3.6/site-packages/rest_framework/views.py", line 455, in handle_exception
    self.raise_uncaught_exception(exc)
  File "/var/www/hellotax/mobilitysqr_staging_virtualenv/lib/python3.6/site-packages/rest_framework/views.py", line 492, in dispatch
    response = handler(request, *args, **kwargs)
  File "/var/www/hellotax/mobilitysqr_staging_virtualenv/mobilitysqr_staging/mobility_apps/letter/views.py", line 325, in get
    pisaStatus = pisa.CreatePDF(html.encode('utf-8'), dest=file, encoding='utf-8')
  File "/var/www/hellotax/mobilitysqr_staging_virtualenv/lib/python3.6/site-packages/xhtml2pdf/document.py", line 105, in pisaDocument
    encoding, context=context, xml_output=xml_output)
  File "/var/www/hellotax/mobilitysqr_staging_virtualenv/lib/python3.6/site-packages/xhtml2pdf/document.py", line 67, in pisaStory
    pisaParser(src, context, default_css, xhtml, encoding, xml_output)
  File "/var/www/hellotax/mobilitysqr_staging_virtualenv/lib/python3.6/site-packages/xhtml2pdf/parser.py", line 761, in pisaParser
    pisaLoop(document, context)
  File "/var/www/hellotax/mobilitysqr_staging_virtualenv/lib/python3.6/site-packages/xhtml2pdf/parser.py", line 699, in pisaLoop
    pisaLoop(node, context, path, **kw)
  File "/var/www/hellotax/mobilitysqr_staging_virtualenv/lib/python3.6/site-packages/xhtml2pdf/parser.py", line 643, in pisaLoop
    pisaLoop(nnode, context, path, **kw)
  File "/var/www/hellotax/mobilitysqr_staging_virtualenv/lib/python3.6/site-packages/xhtml2pdf/parser.py", line 643, in pisaLoop
    pisaLoop(nnode, context, path, **kw)
  File "/var/www/hellotax/mobilitysqr_staging_virtualenv/lib/python3.6/site-packages/xhtml2pdf/parser.py", line 643, in pisaLoop
    pisaLoop(nnode, context, path, **kw)
  File "/var/www/hellotax/mobilitysqr_staging_virtualenv/lib/python3.6/site-packages/xhtml2pdf/parser.py", line 513, in pisaLoop
    attr = pisaGetAttributes(context, node.tagName, node.attributes)
  File "/var/www/hellotax/mobilitysqr_staging_virtualenv/lib/python3.6/site-packages/xhtml2pdf/parser.py", line 125, in pisaGetAttributes
    nv = c.getFile(nv)
  File "/var/www/hellotax/mobilitysqr_staging_virtualenv/lib/python3.6/site-packages/xhtml2pdf/context.py", line 795, in getFile
    return getFile(name, relative or self.pathDirectory)
  File "/var/www/hellotax/mobilitysqr_staging_virtualenv/lib/python3.6/site-packages/xhtml2pdf/util.py", line 762, in getFile
    file = pisaFileObject(*a, **kw)
  File "/var/www/hellotax/mobilitysqr_staging_virtualenv/lib/python3.6/site-packages/xhtml2pdf/util.py", line 665, in __init__
    conn.request("GET", path)
  File "/usr/lib/python3.6/http/client.py", line 1264, in request
    self._send_request(method, url, body, headers, encode_chunked)
  File "/usr/lib/python3.6/http/client.py", line 1310, in _send_request
    self.endheaders(body, encode_chunked=encode_chunked)
  File "/usr/lib/python3.6/http/client.py", line 1259, in endheaders
    self._send_output(message_body, encode_chunked=encode_chunked)
  File "/usr/lib/python3.6/http/client.py", line 1038, in _send_output
    self.send(msg)
  File "/usr/lib/python3.6/http/client.py", line 976, in send
    self.connect()
  File "/usr/lib/python3.6/http/client.py", line 948, in connect
    (self.host,self.port), self.timeout, self.source_address)
  File "/usr/lib/python3.6/socket.py", line 704, in create_connection
    for res in getaddrinfo(host, port, 0, SOCK_STREAM):
  File "/usr/lib/python3.6/socket.py", line 745, in getaddrinfo
    for res in _socket.getaddrinfo(host, port, family, type, proto, flags):
socket.gaierror: [Errno -2] Name or service not known
ERROR|07/May/2021 10:33:45|basehttp|10360|139982571378432|"GET /getassignmentletter/?travel_req_id=TR182975 HTTP/1.1" 500 20715
