ERROR|27/Feb/2021 12:14:37|exception|20454|140573988665088|Invalid HTTP_HOST header: ''. The domain name provided is not valid according to RFC 1034/1035.
ERROR|27/Feb/2021 12:21:07|exception|20454|140573988665088|Invalid HTTP_HOST header: ''. The domain name provided is not valid according to RFC 1034/1035.
ERROR|27/Feb/2021 15:06:19|exception|20454|140573988665088|Invalid HTTP_HOST header: ''. The domain name provided is not valid according to RFC 1034/1035.
ERROR|27/Feb/2021 15:36:17|exception|20454|140573988665088|Invalid HTTP_HOST header: ''. The domain name provided is not valid according to RFC 1034/1035.
ERROR|27/Feb/2021 15:48:03|exception|20454|140573988665088|Invalid HTTP_HOST header: ''. The domain name provided is not valid according to RFC 1034/1035.
ERROR|27/Feb/2021 16:35:56|exception|20454|140573988665088|Invalid HTTP_HOST header: ''. The domain name provided is not valid according to RFC 1034/1035.
ERROR|27/Feb/2021 17:48:21|exception|20454|140573988665088|Invalid HTTP_HOST header: ''. The domain name provided is not valid according to RFC 1034/1035.
ERROR|27/Feb/2021 18:22:23|exception|20454|140573988665088|Invalid HTTP_HOST header: ''. The domain name provided is not valid according to RFC 1034/1035.
ERROR|27/Feb/2021 19:03:06|exception|20454|140573988665088|Invalid HTTP_HOST header: ''. The domain name provided is not valid according to RFC 1034/1035.
ERROR|27/Feb/2021 19:21:47|basehttp|20454|140573988665088|"GET /config/getuser?index=0 HTTP/1.1" 500 59
ERROR|27/Feb/2021 20:27:21|exception|20454|140573988665088|Invalid HTTP_HOST header: ''. The domain name provided is not valid according to RFC 1034/1035.
ERROR|27/Feb/2021 20:50:16|exception|20454|140573988665088|Invalid HTTP_HOST header: ''. The domain name provided is not valid according to RFC 1034/1035.
ERROR|27/Feb/2021 21:29:02|exception|20454|140573988665088|Invalid HTTP_HOST header: ''. The domain name provided is not valid according to RFC 1034/1035.
ERROR|27/Feb/2021 22:02:48|exception|20454|140573988665088|Invalid HTTP_HOST header: ''. The domain name provided is not valid according to RFC 1034/1035.
ERROR|27/Feb/2021 22:26:00|basehttp|20454|140573988665088|You're accessing the development server over HTTPS, but it only supports HTTP.

ERROR|27/Feb/2021 22:26:01|basehttp|20454|140573988665088|You're accessing the development server over HTTPS, but it only supports HTTP.

ERROR|28/Feb/2021 00:21:15|exception|20454|140573988665088|Invalid HTTP_HOST header: ''. The domain name provided is not valid according to RFC 1034/1035.
ERROR|28/Feb/2021 01:54:25|exception|20454|140573988665088|Invalid HTTP_HOST header: ''. The domain name provided is not valid according to RFC 1034/1035.
ERROR|28/Feb/2021 03:16:03|exception|20454|140573988665088|Invalid HTTP_HOST header: ''. The domain name provided is not valid according to RFC 1034/1035.
ERROR|28/Feb/2021 03:16:25|basehttp|20454|140573988665088|You're accessing the development server over HTTPS, but it only supports HTTP.

ERROR|28/Feb/2021 03:53:50|exception|20454|140573988665088|Invalid HTTP_HOST header: ''. The domain name provided is not valid according to RFC 1034/1035.
ERROR|28/Feb/2021 04:41:43|exception|20454|140573980010240|Invalid HTTP_HOST header: ''. The domain name provided is not valid according to RFC 1034/1035.
ERROR|28/Feb/2021 05:36:34|exception|20454|140573980010240|Invalid HTTP_HOST header: ''. The domain name provided is not valid according to RFC 1034/1035.
ERROR|28/Feb/2021 05:54:24|exception|20454|140573980010240|Invalid HTTP_HOST header: ''. The domain name provided is not valid according to RFC 1034/1035.
ERROR|28/Feb/2021 05:54:25|basehttp|20454|140573980010240|"GET /manager/html HTTP/1.1" 500 59
ERROR|28/Feb/2021 06:59:43|exception|20454|140573980010240|Invalid HTTP_HOST header: ''. The domain name provided is not valid according to RFC 1034/1035.
ERROR|28/Feb/2021 07:35:45|exception|20454|140573980010240|Invalid HTTP_HOST header: ''. The domain name provided is not valid according to RFC 1034/1035.
ERROR|28/Feb/2021 08:05:56|basehttp|20454|140573980010240|"GET /config/getuser?index=0 HTTP/1.1" 500 59
ERROR|28/Feb/2021 08:57:14|exception|20454|140573980010240|Invalid HTTP_HOST header: ''. The domain name provided is not valid according to RFC 1034/1035.
ERROR|28/Feb/2021 09:06:05|exception|20454|140573980010240|Invalid HTTP_HOST header: ''. The domain name provided is not valid according to RFC 1034/1035.
ERROR|28/Feb/2021 10:23:12|exception|20454|140573980010240|Invalid HTTP_HOST header: ''. The domain name provided is not valid according to RFC 1034/1035.
ERROR|28/Feb/2021 10:37:48|exception|20454|140573980010240|Invalid HTTP_HOST header: ''. The domain name provided is not valid according to RFC 1034/1035.
ERROR|28/Feb/2021 11:05:38|exception|20454|140573980010240|Invalid HTTP_HOST header: ''. The domain name provided is not valid according to RFC 1034/1035.
ERROR|28/Feb/2021 11:42:27|exception|20454|140573980010240|Invalid HTTP_HOST header: ''. The domain name provided is not valid according to RFC 1034/1035.
ERROR|28/Feb/2021 11:59:41|basehttp|20454|140573980010240|You're accessing the development server over HTTPS, but it only supports HTTP.

ERROR|28/Feb/2021 11:59:42|basehttp|20454|140573980010240|You're accessing the development server over HTTPS, but it only supports HTTP.

ERROR|28/Feb/2021 12:05:31|exception|20454|140573980010240|Invalid HTTP_HOST header: ''. The domain name provided is not valid according to RFC 1034/1035.
ERROR|28/Feb/2021 12:45:08|exception|20454|140573980010240|Invalid HTTP_HOST header: ''. The domain name provided is not valid according to RFC 1034/1035.
ERROR|28/Feb/2021 13:06:21|basehttp|20454|140573980010240|You're accessing the development server over HTTPS, but it only supports HTTP.

ERROR|28/Feb/2021 13:06:22|basehttp|20454|140573980010240|You're accessing the development server over HTTPS, but it only supports HTTP.

ERROR|28/Feb/2021 14:08:24|exception|20454|140573988665088|Invalid HTTP_HOST header: ''. The domain name provided is not valid according to RFC 1034/1035.
ERROR|28/Feb/2021 14:23:17|exception|20454|140573988665088|Invalid HTTP_HOST header: ''. The domain name provided is not valid according to RFC 1034/1035.
ERROR|28/Feb/2021 14:23:17|basehttp|20454|140573988665088|"GET /manager/html HTTP/1.1" 500 59
ERROR|28/Feb/2021 15:05:09|exception|20454|140573988665088|Invalid HTTP_HOST header: ''. The domain name provided is not valid according to RFC 1034/1035.
ERROR|28/Feb/2021 15:38:27|exception|20454|140573988665088|Invalid HTTP_HOST header: ''. The domain name provided is not valid according to RFC 1034/1035.
ERROR|28/Feb/2021 15:38:27|basehttp|20454|140573988665088|"GET /manager/html HTTP/1.1" 500 59
ERROR|28/Feb/2021 16:10:53|exception|20454|140573966374656|Invalid HTTP_HOST header: ''. The domain name provided is not valid according to RFC 1034/1035.
ERROR|28/Feb/2021 17:18:25|exception|20454|140573966374656|Invalid HTTP_HOST header: ''. The domain name provided is not valid according to RFC 1034/1035.
ERROR|28/Feb/2021 17:51:35|exception|20454|140573988665088|Invalid HTTP_HOST header: ''. The domain name provided is not valid according to RFC 1034/1035.
ERROR|28/Feb/2021 19:06:33|exception|20454|140573988665088|Invalid HTTP_HOST header: ''. The domain name provided is not valid according to RFC 1034/1035.
ERROR|28/Feb/2021 19:23:55|exception|20454|140573988665088|Invalid HTTP_HOST header: ''. The domain name provided is not valid according to RFC 1034/1035.
ERROR|28/Feb/2021 19:28:49|basehttp|20454|140573988665088|"GET /config/getuser?index=0 HTTP/1.1" 500 59
ERROR|28/Feb/2021 19:34:15|exception|20454|140573988665088|Invalid HTTP_HOST header: ''. The domain name provided is not valid according to RFC 1034/1035.
ERROR|28/Feb/2021 20:52:39|exception|20454|140573988665088|Invalid HTTP_HOST header: ''. The domain name provided is not valid according to RFC 1034/1035.
ERROR|28/Feb/2021 20:53:13|exception|20454|140573988665088|Invalid HTTP_HOST header: ''. The domain name provided is not valid according to RFC 1034/1035.
ERROR|28/Feb/2021 20:55:33|exception|20454|140573988665088|Invalid HTTP_HOST header: ''. The domain name provided is not valid according to RFC 1034/1035.
ERROR|28/Feb/2021 21:23:15|exception|20454|140573988665088|Invalid HTTP_HOST header: ''. The domain name provided is not valid according to RFC 1034/1035.
ERROR|28/Feb/2021 21:28:37|exception|20454|140573988665088|Invalid HTTP_HOST header: ''. The domain name provided is not valid according to RFC 1034/1035.
ERROR|28/Feb/2021 22:26:44|exception|20454|140573988665088|Invalid HTTP_HOST header: ''. The domain name provided is not valid according to RFC 1034/1035.
ERROR|28/Feb/2021 22:35:11|exception|20454|140573988665088|Invalid HTTP_HOST header: ''. The domain name provided is not valid according to RFC 1034/1035.
ERROR|28/Feb/2021 22:48:39|exception|20454|140573988665088|Invalid HTTP_HOST header: ''. The domain name provided is not valid according to RFC 1034/1035.
ERROR|28/Feb/2021 23:00:00|exception|20454|140573988665088|Invalid HTTP_HOST header: ''. The domain name provided is not valid according to RFC 1034/1035.
ERROR|28/Feb/2021 23:02:41|exception|20454|140573988665088|Invalid HTTP_HOST header: ''. The domain name provided is not valid according to RFC 1034/1035.
ERROR|28/Feb/2021 23:07:00|exception|20454|140573988665088|Invalid HTTP_HOST header: ''. The domain name provided is not valid according to RFC 1034/1035.
ERROR|28/Feb/2021 23:46:56|exception|20454|140573988665088|Invalid HTTP_HOST header: ''. The domain name provided is not valid according to RFC 1034/1035.
ERROR|28/Feb/2021 23:46:56|basehttp|20454|140573988665088|"GET /jmx-console/ HTTP/1.1" 500 59
ERROR|28/Feb/2021 23:54:49|exception|20454|140573988665088|Invalid HTTP_HOST header: ''. The domain name provided is not valid according to RFC 1034/1035.
ERROR|28/Feb/2021 23:56:01|exception|20454|140573988665088|Invalid HTTP_HOST header: ''. The domain name provided is not valid according to RFC 1034/1035.
ERROR|01/Mar/2021 00:18:17|exception|20454|140573988665088|Invalid HTTP_HOST header: ''. The domain name provided is not valid according to RFC 1034/1035.
ERROR|01/Mar/2021 00:25:31|exception|20454|140573988665088|Invalid HTTP_HOST header: ''. The domain name provided is not valid according to RFC 1034/1035.
ERROR|01/Mar/2021 00:27:08|exception|20454|140573988665088|Invalid HTTP_HOST header: ''. The domain name provided is not valid according to RFC 1034/1035.
ERROR|01/Mar/2021 00:56:47|exception|20454|140573988665088|Invalid HTTP_HOST header: ''. The domain name provided is not valid according to RFC 1034/1035.
ERROR|01/Mar/2021 00:59:57|exception|20454|140573988665088|Invalid HTTP_HOST header: ''. The domain name provided is not valid according to RFC 1034/1035.
ERROR|01/Mar/2021 01:48:52|exception|20454|140573988665088|Invalid HTTP_HOST header: ''. The domain name provided is not valid according to RFC 1034/1035.
ERROR|01/Mar/2021 01:48:52|basehttp|20454|140573988665088|"GET /script HTTP/1.1" 500 59
ERROR|01/Mar/2021 01:58:00|exception|20454|140573988665088|Invalid HTTP_HOST header: ''. The domain name provided is not valid according to RFC 1034/1035.
ERROR|01/Mar/2021 02:25:33|exception|20454|140573988665088|Invalid HTTP_HOST header: ''. The domain name provided is not valid according to RFC 1034/1035.
ERROR|01/Mar/2021 02:26:32|exception|20454|140573988665088|Invalid HTTP_HOST header: ''. The domain name provided is not valid according to RFC 1034/1035.
ERROR|01/Mar/2021 02:49:46|exception|20454|140573988665088|Invalid HTTP_HOST header: ''. The domain name provided is not valid according to RFC 1034/1035.
ERROR|01/Mar/2021 03:36:02|exception|20454|140573988665088|Invalid HTTP_HOST header: ''. The domain name provided is not valid according to RFC 1034/1035.
ERROR|01/Mar/2021 03:40:26|exception|20454|140573988665088|Invalid HTTP_HOST header: ''. The domain name provided is not valid according to RFC 1034/1035.
ERROR|01/Mar/2021 03:45:11|exception|20454|140573988665088|Invalid HTTP_HOST header: ''. The domain name provided is not valid according to RFC 1034/1035.
ERROR|01/Mar/2021 03:59:27|exception|20454|140573988665088|Invalid HTTP_HOST header: ''. The domain name provided is not valid according to RFC 1034/1035.
ERROR|01/Mar/2021 04:19:19|basehttp|20454|140573988665088|"GET /config/getuser?index=0 HTTP/1.1" 500 59
ERROR|01/Mar/2021 04:45:00|exception|20454|140573988665088|Invalid HTTP_HOST header: ''. The domain name provided is not valid according to RFC 1034/1035.
ERROR|01/Mar/2021 04:45:25|exception|20454|140573988665088|Invalid HTTP_HOST header: ''. The domain name provided is not valid according to RFC 1034/1035.
ERROR|01/Mar/2021 05:22:39|exception|20454|140573742724864|Invalid HTTP_HOST header: ''. The domain name provided is not valid according to RFC 1034/1035.
ERROR|01/Mar/2021 06:23:38|exception|20454|140573742724864|Invalid HTTP_HOST header: ''. The domain name provided is not valid according to RFC 1034/1035.
ERROR|01/Mar/2021 06:26:44|exception|20454|140573742724864|Invalid HTTP_HOST header: ''. The domain name provided is not valid according to RFC 1034/1035.
ERROR|01/Mar/2021 06:28:17|exception|20454|140573742724864|Invalid HTTP_HOST header: ''. The domain name provided is not valid according to RFC 1034/1035.
ERROR|01/Mar/2021 08:48:45|exception|20454|140573742724864|Invalid HTTP_HOST header: ''. The domain name provided is not valid according to RFC 1034/1035.
ERROR|01/Mar/2021 11:24:55|basehttp|20454|140573742724864|"GET /config/getuser?index=0 HTTP/1.1" 500 59
ERROR|01/Mar/2021 11:29:46|exception|20454|140573742724864|Invalid HTTP_HOST header: ''. The domain name provided is not valid according to RFC 1034/1035.
ERROR|01/Mar/2021 12:58:01|exception|20454|140573957981952|Invalid HTTP_HOST header: ''. The domain name provided is not valid according to RFC 1034/1035.
ERROR|01/Mar/2021 13:58:13|exception|20454|140573957981952|Invalid HTTP_HOST header: ''. The domain name provided is not valid according to RFC 1034/1035.
ERROR|01/Mar/2021 19:06:01|exception|20454|140573709948672|Invalid HTTP_HOST header: ''. The domain name provided is not valid according to RFC 1034/1035.
ERROR|01/Mar/2021 19:28:42|exception|20454|140573709948672|Invalid HTTP_HOST header: ''. The domain name provided is not valid according to RFC 1034/1035.
ERROR|01/Mar/2021 19:32:27|exception|20454|140573709948672|Invalid HTTP_HOST header: ''. The domain name provided is not valid according to RFC 1034/1035.
ERROR|01/Mar/2021 19:43:00|basehttp|20454|140573709948672|You're accessing the development server over HTTPS, but it only supports HTTP.

ERROR|01/Mar/2021 20:47:14|exception|20454|140573709948672|Invalid HTTP_HOST header: ''. The domain name provided is not valid according to RFC 1034/1035.
ERROR|01/Mar/2021 22:13:54|exception|20454|140573709948672|Invalid HTTP_HOST header: ''. The domain name provided is not valid according to RFC 1034/1035.
ERROR|01/Mar/2021 23:22:35|exception|20454|140573709948672|Invalid HTTP_HOST header: ''. The domain name provided is not valid according to RFC 1034/1035.
ERROR|02/Mar/2021 00:26:15|exception|20454|140573709948672|Invalid HTTP_HOST header: ''. The domain name provided is not valid according to RFC 1034/1035.
ERROR|02/Mar/2021 01:07:17|exception|20454|140573709948672|Invalid HTTP_HOST header: ''. The domain name provided is not valid according to RFC 1034/1035.
ERROR|02/Mar/2021 02:30:22|exception|20454|140573709948672|Invalid HTTP_HOST header: ''. The domain name provided is not valid according to RFC 1034/1035.
ERROR|02/Mar/2021 03:54:02|exception|20454|140573957981952|Invalid HTTP_HOST header: ''. The domain name provided is not valid according to RFC 1034/1035.
ERROR|02/Mar/2021 04:23:20|exception|20454|140573957981952|Invalid HTTP_HOST header: ''. The domain name provided is not valid according to RFC 1034/1035.
ERROR|02/Mar/2021 05:20:42|exception|20454|140573957981952|Invalid HTTP_HOST header: ''. The domain name provided is not valid according to RFC 1034/1035.
ERROR|02/Mar/2021 05:42:02|exception|20454|140573957981952|Invalid HTTP_HOST header: ''. The domain name provided is not valid according to RFC 1034/1035.
ERROR|02/Mar/2021 05:47:12|exception|20454|140573957981952|Invalid HTTP_HOST header: ''. The domain name provided is not valid according to RFC 1034/1035.
ERROR|02/Mar/2021 06:30:50|exception|20454|140573957981952|Invalid HTTP_HOST header: ''. The domain name provided is not valid according to RFC 1034/1035.
ERROR|02/Mar/2021 06:59:26|exception|20454|140573957981952|Invalid HTTP_HOST header: ''. The domain name provided is not valid according to RFC 1034/1035.
ERROR|02/Mar/2021 06:59:26|basehttp|20454|140573957981952|"GET /script HTTP/1.1" 500 59
ERROR|02/Mar/2021 08:56:45|exception|20454|140573709948672|Invalid HTTP_HOST header: ''. The domain name provided is not valid according to RFC 1034/1035.
ERROR|02/Mar/2021 09:10:17|basehttp|20454|140573709948672|You're accessing the development server over HTTPS, but it only supports HTTP.

ERROR|02/Mar/2021 09:58:14|exception|20454|140573709948672|Invalid HTTP_HOST header: ''. The domain name provided is not valid according to RFC 1034/1035.
