ERROR|12/May/2021 21:07:58|exception|7786|139701229356800|Invalid HTTP_HOST header: ''. The domain name provided is not valid according to RFC 1034/1035.
ERROR|12/May/2021 21:07:58|basehttp|7786|139701229356800|"GET /manager/html HTTP/1.1" 500 59
ERROR|13/May/2021 00:56:25|exception|8893|140072670447360|Invalid HTTP_HOST header: ''. The domain name provided is not valid according to RFC 1034/1035.
ERROR|13/May/2021 02:05:25|basehttp|8893|140072670447360|"GET /config/getuser?index=0 HTTP/1.1" 500 59
ERROR|13/May/2021 04:34:53|exception|8893|140072670447360|Invalid HTTP_HOST header: ''. The domain name provided is not valid according to RFC 1034/1035.
ERROR|13/May/2021 07:21:32|basehttp|8893|140072670447360|"GET /config/getuser?index=0 HTTP/1.1" 500 59
ERROR|13/May/2021 08:01:03|exception|8893|140072670447360|Invalid HTTP_HOST header: ''. The domain name provided is not valid according to RFC 1034/1035.
ERROR|13/May/2021 11:31:01|exception|8893|140072439510784|Invalid HTTP_HOST header: ''. The domain name provided is not valid according to RFC 1034/1035.
ERROR|13/May/2021 12:23:33|log|8893|140072386008832|Internal Server Error: /employee_chat/
Traceback (most recent call last):
  File "/var/www/hellotax/mobilitysqr_staging_virtualenv/lib/python3.6/site-packages/django/core/handlers/exception.py", line 34, in inner
    response = get_response(request)
  File "/var/www/hellotax/mobilitysqr_staging_virtualenv/lib/python3.6/site-packages/django/core/handlers/base.py", line 126, in _get_response
    response = self.process_exception_by_middleware(e, request)
  File "/var/www/hellotax/mobilitysqr_staging_virtualenv/lib/python3.6/site-packages/django/core/handlers/base.py", line 124, in _get_response
    response = wrapped_callback(request, *callback_args, **callback_kwargs)
  File "/var/www/hellotax/mobilitysqr_staging_virtualenv/lib/python3.6/site-packages/django/views/decorators/csrf.py", line 54, in wrapped_view
    return view_func(*args, **kwargs)
  File "/var/www/hellotax/mobilitysqr_staging_virtualenv/lib/python3.6/site-packages/django/views/generic/base.py", line 68, in view
    return self.dispatch(request, *args, **kwargs)
  File "/var/www/hellotax/mobilitysqr_staging_virtualenv/lib/python3.6/site-packages/rest_framework/views.py", line 495, in dispatch
    response = self.handle_exception(exc)
  File "/var/www/hellotax/mobilitysqr_staging_virtualenv/lib/python3.6/site-packages/rest_framework/views.py", line 455, in handle_exception
    self.raise_uncaught_exception(exc)
  File "/var/www/hellotax/mobilitysqr_staging_virtualenv/lib/python3.6/site-packages/rest_framework/views.py", line 492, in dispatch
    response = handler(request, *args, **kwargs)
  File "/var/www/hellotax/mobilitysqr_staging_virtualenv/mobilitysqr_staging/mobility_apps/employee/views.py", line 2767, in post
    thread_data = sender_emp_code + receiver_emp_code
TypeError: must be str, not NoneType
ERROR|13/May/2021 12:23:33|basehttp|8893|140072386008832|"POST /employee_chat/ HTTP/1.1" 500 17875
ERROR|13/May/2021 13:02:14|log|8893|140072386008832|Internal Server Error: /getassignmentletter/
Traceback (most recent call last):
  File "/var/www/hellotax/mobilitysqr_staging_virtualenv/lib/python3.6/site-packages/django/core/handlers/exception.py", line 34, in inner
    response = get_response(request)
  File "/var/www/hellotax/mobilitysqr_staging_virtualenv/lib/python3.6/site-packages/django/core/handlers/base.py", line 126, in _get_response
    response = self.process_exception_by_middleware(e, request)
  File "/var/www/hellotax/mobilitysqr_staging_virtualenv/lib/python3.6/site-packages/django/core/handlers/base.py", line 124, in _get_response
    response = wrapped_callback(request, *callback_args, **callback_kwargs)
  File "/var/www/hellotax/mobilitysqr_staging_virtualenv/lib/python3.6/site-packages/django/views/decorators/csrf.py", line 54, in wrapped_view
    return view_func(*args, **kwargs)
  File "/var/www/hellotax/mobilitysqr_staging_virtualenv/lib/python3.6/site-packages/django/views/generic/base.py", line 68, in view
    return self.dispatch(request, *args, **kwargs)
  File "/var/www/hellotax/mobilitysqr_staging_virtualenv/lib/python3.6/site-packages/rest_framework/views.py", line 495, in dispatch
    response = self.handle_exception(exc)
  File "/var/www/hellotax/mobilitysqr_staging_virtualenv/lib/python3.6/site-packages/rest_framework/views.py", line 455, in handle_exception
    self.raise_uncaught_exception(exc)
  File "/var/www/hellotax/mobilitysqr_staging_virtualenv/lib/python3.6/site-packages/rest_framework/views.py", line 492, in dispatch
    response = handler(request, *args, **kwargs)
  File "/var/www/hellotax/mobilitysqr_staging_virtualenv/mobilitysqr_staging/mobility_apps/letter/views.py", line 334, in get
    pisaStatus = pisa.CreatePDF(html.encode('utf-8'), dest=file, encoding='utf-8')
  File "/var/www/hellotax/mobilitysqr_staging_virtualenv/lib/python3.6/site-packages/xhtml2pdf/document.py", line 105, in pisaDocument
    encoding, context=context, xml_output=xml_output)
  File "/var/www/hellotax/mobilitysqr_staging_virtualenv/lib/python3.6/site-packages/xhtml2pdf/document.py", line 67, in pisaStory
    pisaParser(src, context, default_css, xhtml, encoding, xml_output)
  File "/var/www/hellotax/mobilitysqr_staging_virtualenv/lib/python3.6/site-packages/xhtml2pdf/parser.py", line 761, in pisaParser
    pisaLoop(document, context)
  File "/var/www/hellotax/mobilitysqr_staging_virtualenv/lib/python3.6/site-packages/xhtml2pdf/parser.py", line 699, in pisaLoop
    pisaLoop(node, context, path, **kw)
  File "/var/www/hellotax/mobilitysqr_staging_virtualenv/lib/python3.6/site-packages/xhtml2pdf/parser.py", line 643, in pisaLoop
    pisaLoop(nnode, context, path, **kw)
  File "/var/www/hellotax/mobilitysqr_staging_virtualenv/lib/python3.6/site-packages/xhtml2pdf/parser.py", line 643, in pisaLoop
    pisaLoop(nnode, context, path, **kw)
  File "/var/www/hellotax/mobilitysqr_staging_virtualenv/lib/python3.6/site-packages/xhtml2pdf/parser.py", line 643, in pisaLoop
    pisaLoop(nnode, context, path, **kw)
  File "/var/www/hellotax/mobilitysqr_staging_virtualenv/lib/python3.6/site-packages/xhtml2pdf/parser.py", line 513, in pisaLoop
    attr = pisaGetAttributes(context, node.tagName, node.attributes)
  File "/var/www/hellotax/mobilitysqr_staging_virtualenv/lib/python3.6/site-packages/xhtml2pdf/parser.py", line 125, in pisaGetAttributes
    nv = c.getFile(nv)
  File "/var/www/hellotax/mobilitysqr_staging_virtualenv/lib/python3.6/site-packages/xhtml2pdf/context.py", line 795, in getFile
    return getFile(name, relative or self.pathDirectory)
  File "/var/www/hellotax/mobilitysqr_staging_virtualenv/lib/python3.6/site-packages/xhtml2pdf/util.py", line 762, in getFile
    file = pisaFileObject(*a, **kw)
  File "/var/www/hellotax/mobilitysqr_staging_virtualenv/lib/python3.6/site-packages/xhtml2pdf/util.py", line 665, in __init__
    conn.request("GET", path)
  File "/usr/lib/python3.6/http/client.py", line 1264, in request
    self._send_request(method, url, body, headers, encode_chunked)
  File "/usr/lib/python3.6/http/client.py", line 1310, in _send_request
    self.endheaders(body, encode_chunked=encode_chunked)
  File "/usr/lib/python3.6/http/client.py", line 1259, in endheaders
    self._send_output(message_body, encode_chunked=encode_chunked)
  File "/usr/lib/python3.6/http/client.py", line 1038, in _send_output
    self.send(msg)
  File "/usr/lib/python3.6/http/client.py", line 976, in send
    self.connect()
  File "/usr/lib/python3.6/http/client.py", line 948, in connect
    (self.host,self.port), self.timeout, self.source_address)
  File "/usr/lib/python3.6/socket.py", line 704, in create_connection
    for res in getaddrinfo(host, port, 0, SOCK_STREAM):
  File "/usr/lib/python3.6/socket.py", line 745, in getaddrinfo
    for res in _socket.getaddrinfo(host, port, family, type, proto, flags):
socket.gaierror: [Errno -2] Name or service not known
ERROR|13/May/2021 13:02:14|basehttp|8893|140072386008832|"GET /getassignmentletter/?travel_req_id=TR763901 HTTP/1.1" 500 21108
ERROR|13/May/2021 13:11:02|log|8893|140072402794240|Internal Server Error: /getassignmentletter/
Traceback (most recent call last):
  File "/var/www/hellotax/mobilitysqr_staging_virtualenv/lib/python3.6/site-packages/django/core/handlers/exception.py", line 34, in inner
    response = get_response(request)
  File "/var/www/hellotax/mobilitysqr_staging_virtualenv/lib/python3.6/site-packages/django/core/handlers/base.py", line 126, in _get_response
    response = self.process_exception_by_middleware(e, request)
  File "/var/www/hellotax/mobilitysqr_staging_virtualenv/lib/python3.6/site-packages/django/core/handlers/base.py", line 124, in _get_response
    response = wrapped_callback(request, *callback_args, **callback_kwargs)
  File "/var/www/hellotax/mobilitysqr_staging_virtualenv/lib/python3.6/site-packages/django/views/decorators/csrf.py", line 54, in wrapped_view
    return view_func(*args, **kwargs)
  File "/var/www/hellotax/mobilitysqr_staging_virtualenv/lib/python3.6/site-packages/django/views/generic/base.py", line 68, in view
    return self.dispatch(request, *args, **kwargs)
  File "/var/www/hellotax/mobilitysqr_staging_virtualenv/lib/python3.6/site-packages/rest_framework/views.py", line 495, in dispatch
    response = self.handle_exception(exc)
  File "/var/www/hellotax/mobilitysqr_staging_virtualenv/lib/python3.6/site-packages/rest_framework/views.py", line 455, in handle_exception
    self.raise_uncaught_exception(exc)
  File "/var/www/hellotax/mobilitysqr_staging_virtualenv/lib/python3.6/site-packages/rest_framework/views.py", line 492, in dispatch
    response = handler(request, *args, **kwargs)
  File "/var/www/hellotax/mobilitysqr_staging_virtualenv/mobilitysqr_staging/mobility_apps/letter/views.py", line 334, in get
    pisaStatus = pisa.CreatePDF(html.encode('utf-8'), dest=file, encoding='utf-8')
  File "/var/www/hellotax/mobilitysqr_staging_virtualenv/lib/python3.6/site-packages/xhtml2pdf/document.py", line 105, in pisaDocument
    encoding, context=context, xml_output=xml_output)
  File "/var/www/hellotax/mobilitysqr_staging_virtualenv/lib/python3.6/site-packages/xhtml2pdf/document.py", line 67, in pisaStory
    pisaParser(src, context, default_css, xhtml, encoding, xml_output)
  File "/var/www/hellotax/mobilitysqr_staging_virtualenv/lib/python3.6/site-packages/xhtml2pdf/parser.py", line 761, in pisaParser
    pisaLoop(document, context)
  File "/var/www/hellotax/mobilitysqr_staging_virtualenv/lib/python3.6/site-packages/xhtml2pdf/parser.py", line 699, in pisaLoop
    pisaLoop(node, context, path, **kw)
  File "/var/www/hellotax/mobilitysqr_staging_virtualenv/lib/python3.6/site-packages/xhtml2pdf/parser.py", line 643, in pisaLoop
    pisaLoop(nnode, context, path, **kw)
  File "/var/www/hellotax/mobilitysqr_staging_virtualenv/lib/python3.6/site-packages/xhtml2pdf/parser.py", line 643, in pisaLoop
    pisaLoop(nnode, context, path, **kw)
  File "/var/www/hellotax/mobilitysqr_staging_virtualenv/lib/python3.6/site-packages/xhtml2pdf/parser.py", line 643, in pisaLoop
    pisaLoop(nnode, context, path, **kw)
  File "/var/www/hellotax/mobilitysqr_staging_virtualenv/lib/python3.6/site-packages/xhtml2pdf/parser.py", line 513, in pisaLoop
    attr = pisaGetAttributes(context, node.tagName, node.attributes)
  File "/var/www/hellotax/mobilitysqr_staging_virtualenv/lib/python3.6/site-packages/xhtml2pdf/parser.py", line 125, in pisaGetAttributes
    nv = c.getFile(nv)
  File "/var/www/hellotax/mobilitysqr_staging_virtualenv/lib/python3.6/site-packages/xhtml2pdf/context.py", line 795, in getFile
    return getFile(name, relative or self.pathDirectory)
  File "/var/www/hellotax/mobilitysqr_staging_virtualenv/lib/python3.6/site-packages/xhtml2pdf/util.py", line 762, in getFile
    file = pisaFileObject(*a, **kw)
  File "/var/www/hellotax/mobilitysqr_staging_virtualenv/lib/python3.6/site-packages/xhtml2pdf/util.py", line 665, in __init__
    conn.request("GET", path)
  File "/usr/lib/python3.6/http/client.py", line 1264, in request
    self._send_request(method, url, body, headers, encode_chunked)
  File "/usr/lib/python3.6/http/client.py", line 1310, in _send_request
    self.endheaders(body, encode_chunked=encode_chunked)
  File "/usr/lib/python3.6/http/client.py", line 1259, in endheaders
    self._send_output(message_body, encode_chunked=encode_chunked)
  File "/usr/lib/python3.6/http/client.py", line 1038, in _send_output
    self.send(msg)
  File "/usr/lib/python3.6/http/client.py", line 976, in send
    self.connect()
  File "/usr/lib/python3.6/http/client.py", line 948, in connect
    (self.host,self.port), self.timeout, self.source_address)
  File "/usr/lib/python3.6/socket.py", line 704, in create_connection
    for res in getaddrinfo(host, port, 0, SOCK_STREAM):
  File "/usr/lib/python3.6/socket.py", line 745, in getaddrinfo
    for res in _socket.getaddrinfo(host, port, family, type, proto, flags):
socket.gaierror: [Errno -2] Name or service not known
ERROR|13/May/2021 13:11:02|basehttp|8893|140072402794240|"GET /getassignmentletter/?travel_req_id=TR166926 HTTP/1.1" 500 21108
ERROR|13/May/2021 13:13:58|log|8893|140072402794240|Internal Server Error: /getassignmentletter/
Traceback (most recent call last):
  File "/var/www/hellotax/mobilitysqr_staging_virtualenv/lib/python3.6/site-packages/django/core/handlers/exception.py", line 34, in inner
    response = get_response(request)
  File "/var/www/hellotax/mobilitysqr_staging_virtualenv/lib/python3.6/site-packages/django/core/handlers/base.py", line 126, in _get_response
    response = self.process_exception_by_middleware(e, request)
  File "/var/www/hellotax/mobilitysqr_staging_virtualenv/lib/python3.6/site-packages/django/core/handlers/base.py", line 124, in _get_response
    response = wrapped_callback(request, *callback_args, **callback_kwargs)
  File "/var/www/hellotax/mobilitysqr_staging_virtualenv/lib/python3.6/site-packages/django/views/decorators/csrf.py", line 54, in wrapped_view
    return view_func(*args, **kwargs)
  File "/var/www/hellotax/mobilitysqr_staging_virtualenv/lib/python3.6/site-packages/django/views/generic/base.py", line 68, in view
    return self.dispatch(request, *args, **kwargs)
  File "/var/www/hellotax/mobilitysqr_staging_virtualenv/lib/python3.6/site-packages/rest_framework/views.py", line 495, in dispatch
    response = self.handle_exception(exc)
  File "/var/www/hellotax/mobilitysqr_staging_virtualenv/lib/python3.6/site-packages/rest_framework/views.py", line 455, in handle_exception
    self.raise_uncaught_exception(exc)
  File "/var/www/hellotax/mobilitysqr_staging_virtualenv/lib/python3.6/site-packages/rest_framework/views.py", line 492, in dispatch
    response = handler(request, *args, **kwargs)
  File "/var/www/hellotax/mobilitysqr_staging_virtualenv/mobilitysqr_staging/mobility_apps/letter/views.py", line 334, in get
    pisaStatus = pisa.CreatePDF(html.encode('utf-8'), dest=file, encoding='utf-8')
  File "/var/www/hellotax/mobilitysqr_staging_virtualenv/lib/python3.6/site-packages/xhtml2pdf/document.py", line 105, in pisaDocument
    encoding, context=context, xml_output=xml_output)
  File "/var/www/hellotax/mobilitysqr_staging_virtualenv/lib/python3.6/site-packages/xhtml2pdf/document.py", line 67, in pisaStory
    pisaParser(src, context, default_css, xhtml, encoding, xml_output)
  File "/var/www/hellotax/mobilitysqr_staging_virtualenv/lib/python3.6/site-packages/xhtml2pdf/parser.py", line 761, in pisaParser
    pisaLoop(document, context)
  File "/var/www/hellotax/mobilitysqr_staging_virtualenv/lib/python3.6/site-packages/xhtml2pdf/parser.py", line 699, in pisaLoop
    pisaLoop(node, context, path, **kw)
  File "/var/www/hellotax/mobilitysqr_staging_virtualenv/lib/python3.6/site-packages/xhtml2pdf/parser.py", line 643, in pisaLoop
    pisaLoop(nnode, context, path, **kw)
  File "/var/www/hellotax/mobilitysqr_staging_virtualenv/lib/python3.6/site-packages/xhtml2pdf/parser.py", line 643, in pisaLoop
    pisaLoop(nnode, context, path, **kw)
  File "/var/www/hellotax/mobilitysqr_staging_virtualenv/lib/python3.6/site-packages/xhtml2pdf/parser.py", line 643, in pisaLoop
    pisaLoop(nnode, context, path, **kw)
  File "/var/www/hellotax/mobilitysqr_staging_virtualenv/lib/python3.6/site-packages/xhtml2pdf/parser.py", line 513, in pisaLoop
    attr = pisaGetAttributes(context, node.tagName, node.attributes)
  File "/var/www/hellotax/mobilitysqr_staging_virtualenv/lib/python3.6/site-packages/xhtml2pdf/parser.py", line 125, in pisaGetAttributes
    nv = c.getFile(nv)
  File "/var/www/hellotax/mobilitysqr_staging_virtualenv/lib/python3.6/site-packages/xhtml2pdf/context.py", line 795, in getFile
    return getFile(name, relative or self.pathDirectory)
  File "/var/www/hellotax/mobilitysqr_staging_virtualenv/lib/python3.6/site-packages/xhtml2pdf/util.py", line 762, in getFile
    file = pisaFileObject(*a, **kw)
  File "/var/www/hellotax/mobilitysqr_staging_virtualenv/lib/python3.6/site-packages/xhtml2pdf/util.py", line 665, in __init__
    conn.request("GET", path)
  File "/usr/lib/python3.6/http/client.py", line 1264, in request
    self._send_request(method, url, body, headers, encode_chunked)
  File "/usr/lib/python3.6/http/client.py", line 1310, in _send_request
    self.endheaders(body, encode_chunked=encode_chunked)
  File "/usr/lib/python3.6/http/client.py", line 1259, in endheaders
    self._send_output(message_body, encode_chunked=encode_chunked)
  File "/usr/lib/python3.6/http/client.py", line 1038, in _send_output
    self.send(msg)
  File "/usr/lib/python3.6/http/client.py", line 976, in send
    self.connect()
  File "/usr/lib/python3.6/http/client.py", line 948, in connect
    (self.host,self.port), self.timeout, self.source_address)
  File "/usr/lib/python3.6/socket.py", line 704, in create_connection
    for res in getaddrinfo(host, port, 0, SOCK_STREAM):
  File "/usr/lib/python3.6/socket.py", line 745, in getaddrinfo
    for res in _socket.getaddrinfo(host, port, family, type, proto, flags):
socket.gaierror: [Errno -2] Name or service not known
ERROR|13/May/2021 13:13:58|basehttp|8893|140072402794240|"GET /getassignmentletter/?travel_req_id=TR166926 HTTP/1.1" 500 21108
ERROR|13/May/2021 13:14:31|log|8893|140072402794240|Internal Server Error: /getassignmentletter/
Traceback (most recent call last):
  File "/var/www/hellotax/mobilitysqr_staging_virtualenv/lib/python3.6/site-packages/django/core/handlers/exception.py", line 34, in inner
    response = get_response(request)
  File "/var/www/hellotax/mobilitysqr_staging_virtualenv/lib/python3.6/site-packages/django/core/handlers/base.py", line 126, in _get_response
    response = self.process_exception_by_middleware(e, request)
  File "/var/www/hellotax/mobilitysqr_staging_virtualenv/lib/python3.6/site-packages/django/core/handlers/base.py", line 124, in _get_response
    response = wrapped_callback(request, *callback_args, **callback_kwargs)
  File "/var/www/hellotax/mobilitysqr_staging_virtualenv/lib/python3.6/site-packages/django/views/decorators/csrf.py", line 54, in wrapped_view
    return view_func(*args, **kwargs)
  File "/var/www/hellotax/mobilitysqr_staging_virtualenv/lib/python3.6/site-packages/django/views/generic/base.py", line 68, in view
    return self.dispatch(request, *args, **kwargs)
  File "/var/www/hellotax/mobilitysqr_staging_virtualenv/lib/python3.6/site-packages/rest_framework/views.py", line 495, in dispatch
    response = self.handle_exception(exc)
  File "/var/www/hellotax/mobilitysqr_staging_virtualenv/lib/python3.6/site-packages/rest_framework/views.py", line 455, in handle_exception
    self.raise_uncaught_exception(exc)
  File "/var/www/hellotax/mobilitysqr_staging_virtualenv/lib/python3.6/site-packages/rest_framework/views.py", line 492, in dispatch
    response = handler(request, *args, **kwargs)
  File "/var/www/hellotax/mobilitysqr_staging_virtualenv/mobilitysqr_staging/mobility_apps/letter/views.py", line 334, in get
    pisaStatus = pisa.CreatePDF(html.encode('utf-8'), dest=file, encoding='utf-8')
  File "/var/www/hellotax/mobilitysqr_staging_virtualenv/lib/python3.6/site-packages/xhtml2pdf/document.py", line 105, in pisaDocument
    encoding, context=context, xml_output=xml_output)
  File "/var/www/hellotax/mobilitysqr_staging_virtualenv/lib/python3.6/site-packages/xhtml2pdf/document.py", line 67, in pisaStory
    pisaParser(src, context, default_css, xhtml, encoding, xml_output)
  File "/var/www/hellotax/mobilitysqr_staging_virtualenv/lib/python3.6/site-packages/xhtml2pdf/parser.py", line 761, in pisaParser
    pisaLoop(document, context)
  File "/var/www/hellotax/mobilitysqr_staging_virtualenv/lib/python3.6/site-packages/xhtml2pdf/parser.py", line 699, in pisaLoop
    pisaLoop(node, context, path, **kw)
  File "/var/www/hellotax/mobilitysqr_staging_virtualenv/lib/python3.6/site-packages/xhtml2pdf/parser.py", line 643, in pisaLoop
    pisaLoop(nnode, context, path, **kw)
  File "/var/www/hellotax/mobilitysqr_staging_virtualenv/lib/python3.6/site-packages/xhtml2pdf/parser.py", line 643, in pisaLoop
    pisaLoop(nnode, context, path, **kw)
  File "/var/www/hellotax/mobilitysqr_staging_virtualenv/lib/python3.6/site-packages/xhtml2pdf/parser.py", line 643, in pisaLoop
    pisaLoop(nnode, context, path, **kw)
  File "/var/www/hellotax/mobilitysqr_staging_virtualenv/lib/python3.6/site-packages/xhtml2pdf/parser.py", line 513, in pisaLoop
    attr = pisaGetAttributes(context, node.tagName, node.attributes)
  File "/var/www/hellotax/mobilitysqr_staging_virtualenv/lib/python3.6/site-packages/xhtml2pdf/parser.py", line 125, in pisaGetAttributes
    nv = c.getFile(nv)
  File "/var/www/hellotax/mobilitysqr_staging_virtualenv/lib/python3.6/site-packages/xhtml2pdf/context.py", line 795, in getFile
    return getFile(name, relative or self.pathDirectory)
  File "/var/www/hellotax/mobilitysqr_staging_virtualenv/lib/python3.6/site-packages/xhtml2pdf/util.py", line 762, in getFile
    file = pisaFileObject(*a, **kw)
  File "/var/www/hellotax/mobilitysqr_staging_virtualenv/lib/python3.6/site-packages/xhtml2pdf/util.py", line 665, in __init__
    conn.request("GET", path)
  File "/usr/lib/python3.6/http/client.py", line 1264, in request
    self._send_request(method, url, body, headers, encode_chunked)
  File "/usr/lib/python3.6/http/client.py", line 1310, in _send_request
    self.endheaders(body, encode_chunked=encode_chunked)
  File "/usr/lib/python3.6/http/client.py", line 1259, in endheaders
    self._send_output(message_body, encode_chunked=encode_chunked)
  File "/usr/lib/python3.6/http/client.py", line 1038, in _send_output
    self.send(msg)
  File "/usr/lib/python3.6/http/client.py", line 976, in send
    self.connect()
  File "/usr/lib/python3.6/http/client.py", line 948, in connect
    (self.host,self.port), self.timeout, self.source_address)
  File "/usr/lib/python3.6/socket.py", line 704, in create_connection
    for res in getaddrinfo(host, port, 0, SOCK_STREAM):
  File "/usr/lib/python3.6/socket.py", line 745, in getaddrinfo
    for res in _socket.getaddrinfo(host, port, family, type, proto, flags):
socket.gaierror: [Errno -2] Name or service not known
ERROR|13/May/2021 13:14:31|basehttp|8893|140072402794240|"GET /getassignmentletter/?travel_req_id=TR166926 HTTP/1.1" 500 21108
ERROR|13/May/2021 13:21:55|log|8893|140072411186944|Internal Server Error: /getassignmentletter/
Traceback (most recent call last):
  File "/var/www/hellotax/mobilitysqr_staging_virtualenv/lib/python3.6/site-packages/django/core/handlers/exception.py", line 34, in inner
    response = get_response(request)
  File "/var/www/hellotax/mobilitysqr_staging_virtualenv/lib/python3.6/site-packages/django/core/handlers/base.py", line 126, in _get_response
    response = self.process_exception_by_middleware(e, request)
  File "/var/www/hellotax/mobilitysqr_staging_virtualenv/lib/python3.6/site-packages/django/core/handlers/base.py", line 124, in _get_response
    response = wrapped_callback(request, *callback_args, **callback_kwargs)
  File "/var/www/hellotax/mobilitysqr_staging_virtualenv/lib/python3.6/site-packages/django/views/decorators/csrf.py", line 54, in wrapped_view
    return view_func(*args, **kwargs)
  File "/var/www/hellotax/mobilitysqr_staging_virtualenv/lib/python3.6/site-packages/django/views/generic/base.py", line 68, in view
    return self.dispatch(request, *args, **kwargs)
  File "/var/www/hellotax/mobilitysqr_staging_virtualenv/lib/python3.6/site-packages/rest_framework/views.py", line 495, in dispatch
    response = self.handle_exception(exc)
  File "/var/www/hellotax/mobilitysqr_staging_virtualenv/lib/python3.6/site-packages/rest_framework/views.py", line 455, in handle_exception
    self.raise_uncaught_exception(exc)
  File "/var/www/hellotax/mobilitysqr_staging_virtualenv/lib/python3.6/site-packages/rest_framework/views.py", line 492, in dispatch
    response = handler(request, *args, **kwargs)
  File "/var/www/hellotax/mobilitysqr_staging_virtualenv/mobilitysqr_staging/mobility_apps/letter/views.py", line 101, in get
    if data['emp_info']:
KeyError: 'emp_info'
ERROR|13/May/2021 13:21:55|basehttp|8893|140072411186944|"GET /getassignmentletter/?travel_req_id=TR258473 HTTP/1.1" 500 17912
ERROR|13/May/2021 13:22:00|log|8893|140072411186944|Internal Server Error: /getassignmentletter/
Traceback (most recent call last):
  File "/var/www/hellotax/mobilitysqr_staging_virtualenv/lib/python3.6/site-packages/django/core/handlers/exception.py", line 34, in inner
    response = get_response(request)
  File "/var/www/hellotax/mobilitysqr_staging_virtualenv/lib/python3.6/site-packages/django/core/handlers/base.py", line 126, in _get_response
    response = self.process_exception_by_middleware(e, request)
  File "/var/www/hellotax/mobilitysqr_staging_virtualenv/lib/python3.6/site-packages/django/core/handlers/base.py", line 124, in _get_response
    response = wrapped_callback(request, *callback_args, **callback_kwargs)
  File "/var/www/hellotax/mobilitysqr_staging_virtualenv/lib/python3.6/site-packages/django/views/decorators/csrf.py", line 54, in wrapped_view
    return view_func(*args, **kwargs)
  File "/var/www/hellotax/mobilitysqr_staging_virtualenv/lib/python3.6/site-packages/django/views/generic/base.py", line 68, in view
    return self.dispatch(request, *args, **kwargs)
  File "/var/www/hellotax/mobilitysqr_staging_virtualenv/lib/python3.6/site-packages/rest_framework/views.py", line 495, in dispatch
    response = self.handle_exception(exc)
  File "/var/www/hellotax/mobilitysqr_staging_virtualenv/lib/python3.6/site-packages/rest_framework/views.py", line 455, in handle_exception
    self.raise_uncaught_exception(exc)
  File "/var/www/hellotax/mobilitysqr_staging_virtualenv/lib/python3.6/site-packages/rest_framework/views.py", line 492, in dispatch
    response = handler(request, *args, **kwargs)
  File "/var/www/hellotax/mobilitysqr_staging_virtualenv/mobilitysqr_staging/mobility_apps/letter/views.py", line 334, in get
    pisaStatus = pisa.CreatePDF(html.encode('utf-8'), dest=file, encoding='utf-8')
  File "/var/www/hellotax/mobilitysqr_staging_virtualenv/lib/python3.6/site-packages/xhtml2pdf/document.py", line 105, in pisaDocument
    encoding, context=context, xml_output=xml_output)
  File "/var/www/hellotax/mobilitysqr_staging_virtualenv/lib/python3.6/site-packages/xhtml2pdf/document.py", line 67, in pisaStory
    pisaParser(src, context, default_css, xhtml, encoding, xml_output)
  File "/var/www/hellotax/mobilitysqr_staging_virtualenv/lib/python3.6/site-packages/xhtml2pdf/parser.py", line 761, in pisaParser
    pisaLoop(document, context)
  File "/var/www/hellotax/mobilitysqr_staging_virtualenv/lib/python3.6/site-packages/xhtml2pdf/parser.py", line 699, in pisaLoop
    pisaLoop(node, context, path, **kw)
  File "/var/www/hellotax/mobilitysqr_staging_virtualenv/lib/python3.6/site-packages/xhtml2pdf/parser.py", line 643, in pisaLoop
    pisaLoop(nnode, context, path, **kw)
  File "/var/www/hellotax/mobilitysqr_staging_virtualenv/lib/python3.6/site-packages/xhtml2pdf/parser.py", line 643, in pisaLoop
    pisaLoop(nnode, context, path, **kw)
  File "/var/www/hellotax/mobilitysqr_staging_virtualenv/lib/python3.6/site-packages/xhtml2pdf/parser.py", line 643, in pisaLoop
    pisaLoop(nnode, context, path, **kw)
  File "/var/www/hellotax/mobilitysqr_staging_virtualenv/lib/python3.6/site-packages/xhtml2pdf/parser.py", line 513, in pisaLoop
    attr = pisaGetAttributes(context, node.tagName, node.attributes)
  File "/var/www/hellotax/mobilitysqr_staging_virtualenv/lib/python3.6/site-packages/xhtml2pdf/parser.py", line 125, in pisaGetAttributes
    nv = c.getFile(nv)
  File "/var/www/hellotax/mobilitysqr_staging_virtualenv/lib/python3.6/site-packages/xhtml2pdf/context.py", line 795, in getFile
    return getFile(name, relative or self.pathDirectory)
  File "/var/www/hellotax/mobilitysqr_staging_virtualenv/lib/python3.6/site-packages/xhtml2pdf/util.py", line 762, in getFile
    file = pisaFileObject(*a, **kw)
  File "/var/www/hellotax/mobilitysqr_staging_virtualenv/lib/python3.6/site-packages/xhtml2pdf/util.py", line 665, in __init__
    conn.request("GET", path)
  File "/usr/lib/python3.6/http/client.py", line 1264, in request
    self._send_request(method, url, body, headers, encode_chunked)
  File "/usr/lib/python3.6/http/client.py", line 1310, in _send_request
    self.endheaders(body, encode_chunked=encode_chunked)
  File "/usr/lib/python3.6/http/client.py", line 1259, in endheaders
    self._send_output(message_body, encode_chunked=encode_chunked)
  File "/usr/lib/python3.6/http/client.py", line 1038, in _send_output
    self.send(msg)
  File "/usr/lib/python3.6/http/client.py", line 976, in send
    self.connect()
  File "/usr/lib/python3.6/http/client.py", line 948, in connect
    (self.host,self.port), self.timeout, self.source_address)
  File "/usr/lib/python3.6/socket.py", line 704, in create_connection
    for res in getaddrinfo(host, port, 0, SOCK_STREAM):
  File "/usr/lib/python3.6/socket.py", line 745, in getaddrinfo
    for res in _socket.getaddrinfo(host, port, family, type, proto, flags):
socket.gaierror: [Errno -2] Name or service not known
ERROR|13/May/2021 13:22:00|basehttp|8893|140072411186944|"GET /getassignmentletter/?travel_req_id=TR713536 HTTP/1.1" 500 21108
ERROR|13/May/2021 13:22:04|log|8893|140072402794240|Internal Server Error: /getassignmentletter/
Traceback (most recent call last):
  File "/var/www/hellotax/mobilitysqr_staging_virtualenv/lib/python3.6/site-packages/django/core/handlers/exception.py", line 34, in inner
    response = get_response(request)
  File "/var/www/hellotax/mobilitysqr_staging_virtualenv/lib/python3.6/site-packages/django/core/handlers/base.py", line 126, in _get_response
    response = self.process_exception_by_middleware(e, request)
  File "/var/www/hellotax/mobilitysqr_staging_virtualenv/lib/python3.6/site-packages/django/core/handlers/base.py", line 124, in _get_response
    response = wrapped_callback(request, *callback_args, **callback_kwargs)
  File "/var/www/hellotax/mobilitysqr_staging_virtualenv/lib/python3.6/site-packages/django/views/decorators/csrf.py", line 54, in wrapped_view
    return view_func(*args, **kwargs)
  File "/var/www/hellotax/mobilitysqr_staging_virtualenv/lib/python3.6/site-packages/django/views/generic/base.py", line 68, in view
    return self.dispatch(request, *args, **kwargs)
  File "/var/www/hellotax/mobilitysqr_staging_virtualenv/lib/python3.6/site-packages/rest_framework/views.py", line 495, in dispatch
    response = self.handle_exception(exc)
  File "/var/www/hellotax/mobilitysqr_staging_virtualenv/lib/python3.6/site-packages/rest_framework/views.py", line 455, in handle_exception
    self.raise_uncaught_exception(exc)
  File "/var/www/hellotax/mobilitysqr_staging_virtualenv/lib/python3.6/site-packages/rest_framework/views.py", line 492, in dispatch
    response = handler(request, *args, **kwargs)
  File "/var/www/hellotax/mobilitysqr_staging_virtualenv/mobilitysqr_staging/mobility_apps/letter/views.py", line 334, in get
    pisaStatus = pisa.CreatePDF(html.encode('utf-8'), dest=file, encoding='utf-8')
  File "/var/www/hellotax/mobilitysqr_staging_virtualenv/lib/python3.6/site-packages/xhtml2pdf/document.py", line 105, in pisaDocument
    encoding, context=context, xml_output=xml_output)
  File "/var/www/hellotax/mobilitysqr_staging_virtualenv/lib/python3.6/site-packages/xhtml2pdf/document.py", line 67, in pisaStory
    pisaParser(src, context, default_css, xhtml, encoding, xml_output)
  File "/var/www/hellotax/mobilitysqr_staging_virtualenv/lib/python3.6/site-packages/xhtml2pdf/parser.py", line 761, in pisaParser
    pisaLoop(document, context)
  File "/var/www/hellotax/mobilitysqr_staging_virtualenv/lib/python3.6/site-packages/xhtml2pdf/parser.py", line 699, in pisaLoop
    pisaLoop(node, context, path, **kw)
  File "/var/www/hellotax/mobilitysqr_staging_virtualenv/lib/python3.6/site-packages/xhtml2pdf/parser.py", line 643, in pisaLoop
    pisaLoop(nnode, context, path, **kw)
  File "/var/www/hellotax/mobilitysqr_staging_virtualenv/lib/python3.6/site-packages/xhtml2pdf/parser.py", line 643, in pisaLoop
    pisaLoop(nnode, context, path, **kw)
  File "/var/www/hellotax/mobilitysqr_staging_virtualenv/lib/python3.6/site-packages/xhtml2pdf/parser.py", line 643, in pisaLoop
    pisaLoop(nnode, context, path, **kw)
  File "/var/www/hellotax/mobilitysqr_staging_virtualenv/lib/python3.6/site-packages/xhtml2pdf/parser.py", line 513, in pisaLoop
    attr = pisaGetAttributes(context, node.tagName, node.attributes)
  File "/var/www/hellotax/mobilitysqr_staging_virtualenv/lib/python3.6/site-packages/xhtml2pdf/parser.py", line 125, in pisaGetAttributes
    nv = c.getFile(nv)
  File "/var/www/hellotax/mobilitysqr_staging_virtualenv/lib/python3.6/site-packages/xhtml2pdf/context.py", line 795, in getFile
    return getFile(name, relative or self.pathDirectory)
  File "/var/www/hellotax/mobilitysqr_staging_virtualenv/lib/python3.6/site-packages/xhtml2pdf/util.py", line 762, in getFile
    file = pisaFileObject(*a, **kw)
  File "/var/www/hellotax/mobilitysqr_staging_virtualenv/lib/python3.6/site-packages/xhtml2pdf/util.py", line 665, in __init__
    conn.request("GET", path)
  File "/usr/lib/python3.6/http/client.py", line 1264, in request
    self._send_request(method, url, body, headers, encode_chunked)
  File "/usr/lib/python3.6/http/client.py", line 1310, in _send_request
    self.endheaders(body, encode_chunked=encode_chunked)
  File "/usr/lib/python3.6/http/client.py", line 1259, in endheaders
    self._send_output(message_body, encode_chunked=encode_chunked)
  File "/usr/lib/python3.6/http/client.py", line 1038, in _send_output
    self.send(msg)
  File "/usr/lib/python3.6/http/client.py", line 976, in send
    self.connect()
  File "/usr/lib/python3.6/http/client.py", line 948, in connect
    (self.host,self.port), self.timeout, self.source_address)
  File "/usr/lib/python3.6/socket.py", line 704, in create_connection
    for res in getaddrinfo(host, port, 0, SOCK_STREAM):
  File "/usr/lib/python3.6/socket.py", line 745, in getaddrinfo
    for res in _socket.getaddrinfo(host, port, family, type, proto, flags):
socket.gaierror: [Errno -2] Name or service not known
ERROR|13/May/2021 13:22:04|basehttp|8893|140072402794240|"GET /getassignmentletter/?travel_req_id=TR763901 HTTP/1.1" 500 21108
ERROR|13/May/2021 13:22:11|log|8893|140072402794240|Internal Server Error: /getassignmentletter/
Traceback (most recent call last):
  File "/var/www/hellotax/mobilitysqr_staging_virtualenv/lib/python3.6/site-packages/django/core/handlers/exception.py", line 34, in inner
    response = get_response(request)
  File "/var/www/hellotax/mobilitysqr_staging_virtualenv/lib/python3.6/site-packages/django/core/handlers/base.py", line 126, in _get_response
    response = self.process_exception_by_middleware(e, request)
  File "/var/www/hellotax/mobilitysqr_staging_virtualenv/lib/python3.6/site-packages/django/core/handlers/base.py", line 124, in _get_response
    response = wrapped_callback(request, *callback_args, **callback_kwargs)
  File "/var/www/hellotax/mobilitysqr_staging_virtualenv/lib/python3.6/site-packages/django/views/decorators/csrf.py", line 54, in wrapped_view
    return view_func(*args, **kwargs)
  File "/var/www/hellotax/mobilitysqr_staging_virtualenv/lib/python3.6/site-packages/django/views/generic/base.py", line 68, in view
    return self.dispatch(request, *args, **kwargs)
  File "/var/www/hellotax/mobilitysqr_staging_virtualenv/lib/python3.6/site-packages/rest_framework/views.py", line 495, in dispatch
    response = self.handle_exception(exc)
  File "/var/www/hellotax/mobilitysqr_staging_virtualenv/lib/python3.6/site-packages/rest_framework/views.py", line 455, in handle_exception
    self.raise_uncaught_exception(exc)
  File "/var/www/hellotax/mobilitysqr_staging_virtualenv/lib/python3.6/site-packages/rest_framework/views.py", line 492, in dispatch
    response = handler(request, *args, **kwargs)
  File "/var/www/hellotax/mobilitysqr_staging_virtualenv/mobilitysqr_staging/mobility_apps/letter/views.py", line 334, in get
    pisaStatus = pisa.CreatePDF(html.encode('utf-8'), dest=file, encoding='utf-8')
  File "/var/www/hellotax/mobilitysqr_staging_virtualenv/lib/python3.6/site-packages/xhtml2pdf/document.py", line 105, in pisaDocument
    encoding, context=context, xml_output=xml_output)
  File "/var/www/hellotax/mobilitysqr_staging_virtualenv/lib/python3.6/site-packages/xhtml2pdf/document.py", line 67, in pisaStory
    pisaParser(src, context, default_css, xhtml, encoding, xml_output)
  File "/var/www/hellotax/mobilitysqr_staging_virtualenv/lib/python3.6/site-packages/xhtml2pdf/parser.py", line 761, in pisaParser
    pisaLoop(document, context)
  File "/var/www/hellotax/mobilitysqr_staging_virtualenv/lib/python3.6/site-packages/xhtml2pdf/parser.py", line 699, in pisaLoop
    pisaLoop(node, context, path, **kw)
  File "/var/www/hellotax/mobilitysqr_staging_virtualenv/lib/python3.6/site-packages/xhtml2pdf/parser.py", line 643, in pisaLoop
    pisaLoop(nnode, context, path, **kw)
  File "/var/www/hellotax/mobilitysqr_staging_virtualenv/lib/python3.6/site-packages/xhtml2pdf/parser.py", line 643, in pisaLoop
    pisaLoop(nnode, context, path, **kw)
  File "/var/www/hellotax/mobilitysqr_staging_virtualenv/lib/python3.6/site-packages/xhtml2pdf/parser.py", line 643, in pisaLoop
    pisaLoop(nnode, context, path, **kw)
  File "/var/www/hellotax/mobilitysqr_staging_virtualenv/lib/python3.6/site-packages/xhtml2pdf/parser.py", line 513, in pisaLoop
    attr = pisaGetAttributes(context, node.tagName, node.attributes)
  File "/var/www/hellotax/mobilitysqr_staging_virtualenv/lib/python3.6/site-packages/xhtml2pdf/parser.py", line 125, in pisaGetAttributes
    nv = c.getFile(nv)
  File "/var/www/hellotax/mobilitysqr_staging_virtualenv/lib/python3.6/site-packages/xhtml2pdf/context.py", line 795, in getFile
    return getFile(name, relative or self.pathDirectory)
  File "/var/www/hellotax/mobilitysqr_staging_virtualenv/lib/python3.6/site-packages/xhtml2pdf/util.py", line 762, in getFile
    file = pisaFileObject(*a, **kw)
  File "/var/www/hellotax/mobilitysqr_staging_virtualenv/lib/python3.6/site-packages/xhtml2pdf/util.py", line 665, in __init__
    conn.request("GET", path)
  File "/usr/lib/python3.6/http/client.py", line 1264, in request
    self._send_request(method, url, body, headers, encode_chunked)
  File "/usr/lib/python3.6/http/client.py", line 1310, in _send_request
    self.endheaders(body, encode_chunked=encode_chunked)
  File "/usr/lib/python3.6/http/client.py", line 1259, in endheaders
    self._send_output(message_body, encode_chunked=encode_chunked)
  File "/usr/lib/python3.6/http/client.py", line 1038, in _send_output
    self.send(msg)
  File "/usr/lib/python3.6/http/client.py", line 976, in send
    self.connect()
  File "/usr/lib/python3.6/http/client.py", line 948, in connect
    (self.host,self.port), self.timeout, self.source_address)
  File "/usr/lib/python3.6/socket.py", line 704, in create_connection
    for res in getaddrinfo(host, port, 0, SOCK_STREAM):
  File "/usr/lib/python3.6/socket.py", line 745, in getaddrinfo
    for res in _socket.getaddrinfo(host, port, family, type, proto, flags):
socket.gaierror: [Errno -2] Name or service not known
ERROR|13/May/2021 13:22:11|basehttp|8893|140072402794240|"GET /getassignmentletter/?travel_req_id=TR325676 HTTP/1.1" 500 21108
ERROR|13/May/2021 13:41:47|log|8893|140072394401536|Internal Server Error: /uploadDoc/
Traceback (most recent call last):
  File "/var/www/hellotax/mobilitysqr_staging_virtualenv/lib/python3.6/site-packages/django/http/request.py", line 342, in read
    return self._stream.read(*args, **kwargs)
  File "/var/www/hellotax/mobilitysqr_staging_virtualenv/lib/python3.6/site-packages/django/core/handlers/wsgi.py", line 42, in read
    result = self.buffer + self._read_limited(size - len(self.buffer))
  File "/var/www/hellotax/mobilitysqr_staging_virtualenv/lib/python3.6/site-packages/django/core/handlers/wsgi.py", line 30, in _read_limited
    result = self.stream.read(size)
  File "/usr/lib/python3.6/socket.py", line 586, in readinto
    return self._sock.recv_into(b)
ConnectionResetError: [Errno 104] Connection reset by peer

The above exception was the direct cause of the following exception:

Traceback (most recent call last):
  File "/var/www/hellotax/mobilitysqr_staging_virtualenv/lib/python3.6/site-packages/django/core/handlers/exception.py", line 34, in inner
    response = get_response(request)
  File "/var/www/hellotax/mobilitysqr_staging_virtualenv/lib/python3.6/site-packages/django/core/handlers/base.py", line 126, in _get_response
    response = self.process_exception_by_middleware(e, request)
  File "/var/www/hellotax/mobilitysqr_staging_virtualenv/lib/python3.6/site-packages/django/core/handlers/base.py", line 124, in _get_response
    response = wrapped_callback(request, *callback_args, **callback_kwargs)
  File "/var/www/hellotax/mobilitysqr_staging_virtualenv/lib/python3.6/site-packages/django/views/decorators/csrf.py", line 54, in wrapped_view
    return view_func(*args, **kwargs)
  File "/var/www/hellotax/mobilitysqr_staging_virtualenv/lib/python3.6/site-packages/django/views/generic/base.py", line 68, in view
    return self.dispatch(request, *args, **kwargs)
  File "/var/www/hellotax/mobilitysqr_staging_virtualenv/lib/python3.6/site-packages/rest_framework/views.py", line 495, in dispatch
    response = self.handle_exception(exc)
  File "/var/www/hellotax/mobilitysqr_staging_virtualenv/lib/python3.6/site-packages/rest_framework/views.py", line 455, in handle_exception
    self.raise_uncaught_exception(exc)
  File "/var/www/hellotax/mobilitysqr_staging_virtualenv/lib/python3.6/site-packages/rest_framework/views.py", line 492, in dispatch
    response = handler(request, *args, **kwargs)
  File "/var/www/hellotax/mobilitysqr_staging_virtualenv/mobilitysqr_staging/mobility_apps/employee/views.py", line 1321, in post
    file = request.FILES['file']
  File "/var/www/hellotax/mobilitysqr_staging_virtualenv/lib/python3.6/site-packages/rest_framework/request.py", line 438, in FILES
    self._load_data_and_files()
  File "/var/www/hellotax/mobilitysqr_staging_virtualenv/lib/python3.6/site-packages/rest_framework/request.py", line 275, in _load_data_and_files
    self._data, self._files = self._parse()
  File "/var/www/hellotax/mobilitysqr_staging_virtualenv/lib/python3.6/site-packages/rest_framework/request.py", line 350, in _parse
    parsed = parser.parse(stream, media_type, self.parser_context)
  File "/var/www/hellotax/mobilitysqr_staging_virtualenv/lib/python3.6/site-packages/rest_framework/parsers.py", line 113, in parse
    data, files = parser.parse()
  File "/var/www/hellotax/mobilitysqr_staging_virtualenv/lib/python3.6/site-packages/django/http/multipartparser.py", line 150, in parse
    for item_type, meta_data, field_stream in Parser(stream, self._boundary):
  File "/var/www/hellotax/mobilitysqr_staging_virtualenv/lib/python3.6/site-packages/django/http/multipartparser.py", line 639, in __iter__
    for sub_stream in boundarystream:
  File "/var/www/hellotax/mobilitysqr_staging_virtualenv/lib/python3.6/site-packages/django/http/multipartparser.py", line 461, in __next__
    return LazyStream(BoundaryIter(self._stream, self._boundary))
  File "/var/www/hellotax/mobilitysqr_staging_virtualenv/lib/python3.6/site-packages/django/http/multipartparser.py", line 488, in __init__
    unused_char = self._stream.read(1)
  File "/var/www/hellotax/mobilitysqr_staging_virtualenv/lib/python3.6/site-packages/django/http/multipartparser.py", line 359, in read
    out = b''.join(parts())
  File "/var/www/hellotax/mobilitysqr_staging_virtualenv/lib/python3.6/site-packages/django/http/multipartparser.py", line 350, in parts
    chunk = next(self)
  File "/var/www/hellotax/mobilitysqr_staging_virtualenv/lib/python3.6/site-packages/django/http/multipartparser.py", line 373, in __next__
    output = next(self._producer)
  File "/var/www/hellotax/mobilitysqr_staging_virtualenv/lib/python3.6/site-packages/django/http/multipartparser.py", line 436, in __next__
    data = self.flo.read(self.chunk_size)
  File "/var/www/hellotax/mobilitysqr_staging_virtualenv/lib/python3.6/site-packages/django/http/request.py", line 344, in read
    raise UnreadablePostError(*e.args) from e
django.http.request.UnreadablePostError: [Errno 104] Connection reset by peer
ERROR|13/May/2021 13:41:47|basehttp|8893|140072394401536|"POST /uploadDoc/ HTTP/1.1" 500 21112
ERROR|13/May/2021 14:11:25|log|8893|140072402794240|Internal Server Error: /getassignmentletter/
Traceback (most recent call last):
  File "/var/www/hellotax/mobilitysqr_staging_virtualenv/lib/python3.6/site-packages/django/core/handlers/exception.py", line 34, in inner
    response = get_response(request)
  File "/var/www/hellotax/mobilitysqr_staging_virtualenv/lib/python3.6/site-packages/django/core/handlers/base.py", line 126, in _get_response
    response = self.process_exception_by_middleware(e, request)
  File "/var/www/hellotax/mobilitysqr_staging_virtualenv/lib/python3.6/site-packages/django/core/handlers/base.py", line 124, in _get_response
    response = wrapped_callback(request, *callback_args, **callback_kwargs)
  File "/var/www/hellotax/mobilitysqr_staging_virtualenv/lib/python3.6/site-packages/django/views/decorators/csrf.py", line 54, in wrapped_view
    return view_func(*args, **kwargs)
  File "/var/www/hellotax/mobilitysqr_staging_virtualenv/lib/python3.6/site-packages/django/views/generic/base.py", line 68, in view
    return self.dispatch(request, *args, **kwargs)
  File "/var/www/hellotax/mobilitysqr_staging_virtualenv/lib/python3.6/site-packages/rest_framework/views.py", line 495, in dispatch
    response = self.handle_exception(exc)
  File "/var/www/hellotax/mobilitysqr_staging_virtualenv/lib/python3.6/site-packages/rest_framework/views.py", line 455, in handle_exception
    self.raise_uncaught_exception(exc)
  File "/var/www/hellotax/mobilitysqr_staging_virtualenv/lib/python3.6/site-packages/rest_framework/views.py", line 492, in dispatch
    response = handler(request, *args, **kwargs)
  File "/var/www/hellotax/mobilitysqr_staging_virtualenv/mobilitysqr_staging/mobility_apps/letter/views.py", line 101, in get
    if data['emp_info']:
KeyError: 'emp_info'
ERROR|13/May/2021 14:11:25|basehttp|8893|140072402794240|"GET /getassignmentletter/?travel_req_id=TR258473 HTTP/1.1" 500 17912
ERROR|13/May/2021 14:13:18|log|8893|140072402794240|Internal Server Error: /getassignmentletter/
Traceback (most recent call last):
  File "/var/www/hellotax/mobilitysqr_staging_virtualenv/lib/python3.6/site-packages/django/core/handlers/exception.py", line 34, in inner
    response = get_response(request)
  File "/var/www/hellotax/mobilitysqr_staging_virtualenv/lib/python3.6/site-packages/django/core/handlers/base.py", line 126, in _get_response
    response = self.process_exception_by_middleware(e, request)
  File "/var/www/hellotax/mobilitysqr_staging_virtualenv/lib/python3.6/site-packages/django/core/handlers/base.py", line 124, in _get_response
    response = wrapped_callback(request, *callback_args, **callback_kwargs)
  File "/var/www/hellotax/mobilitysqr_staging_virtualenv/lib/python3.6/site-packages/django/views/decorators/csrf.py", line 54, in wrapped_view
    return view_func(*args, **kwargs)
  File "/var/www/hellotax/mobilitysqr_staging_virtualenv/lib/python3.6/site-packages/django/views/generic/base.py", line 68, in view
    return self.dispatch(request, *args, **kwargs)
  File "/var/www/hellotax/mobilitysqr_staging_virtualenv/lib/python3.6/site-packages/rest_framework/views.py", line 495, in dispatch
    response = self.handle_exception(exc)
  File "/var/www/hellotax/mobilitysqr_staging_virtualenv/lib/python3.6/site-packages/rest_framework/views.py", line 455, in handle_exception
    self.raise_uncaught_exception(exc)
  File "/var/www/hellotax/mobilitysqr_staging_virtualenv/lib/python3.6/site-packages/rest_framework/views.py", line 492, in dispatch
    response = handler(request, *args, **kwargs)
  File "/var/www/hellotax/mobilitysqr_staging_virtualenv/mobilitysqr_staging/mobility_apps/letter/views.py", line 101, in get
    if data['emp_info']:
KeyError: 'emp_info'
ERROR|13/May/2021 14:13:18|basehttp|8893|140072402794240|"GET /getassignmentletter/?travel_req_id=TR258473 HTTP/1.1" 500 17912
ERROR|13/May/2021 15:04:38|exception|8893|140072439510784|Invalid HTTP_HOST header: ''. The domain name provided is not valid according to RFC 1034/1035.
ERROR|13/May/2021 16:20:05|log|8893|140072386008832|Internal Server Error: /employee_chat/
Traceback (most recent call last):
  File "/var/www/hellotax/mobilitysqr_staging_virtualenv/lib/python3.6/site-packages/django/core/handlers/exception.py", line 34, in inner
    response = get_response(request)
  File "/var/www/hellotax/mobilitysqr_staging_virtualenv/lib/python3.6/site-packages/django/core/handlers/base.py", line 126, in _get_response
    response = self.process_exception_by_middleware(e, request)
  File "/var/www/hellotax/mobilitysqr_staging_virtualenv/lib/python3.6/site-packages/django/core/handlers/base.py", line 124, in _get_response
    response = wrapped_callback(request, *callback_args, **callback_kwargs)
  File "/var/www/hellotax/mobilitysqr_staging_virtualenv/lib/python3.6/site-packages/django/views/decorators/csrf.py", line 54, in wrapped_view
    return view_func(*args, **kwargs)
  File "/var/www/hellotax/mobilitysqr_staging_virtualenv/lib/python3.6/site-packages/django/views/generic/base.py", line 68, in view
    return self.dispatch(request, *args, **kwargs)
  File "/var/www/hellotax/mobilitysqr_staging_virtualenv/lib/python3.6/site-packages/rest_framework/views.py", line 495, in dispatch
    response = self.handle_exception(exc)
  File "/var/www/hellotax/mobilitysqr_staging_virtualenv/lib/python3.6/site-packages/rest_framework/views.py", line 455, in handle_exception
    self.raise_uncaught_exception(exc)
  File "/var/www/hellotax/mobilitysqr_staging_virtualenv/lib/python3.6/site-packages/rest_framework/views.py", line 492, in dispatch
    response = handler(request, *args, **kwargs)
  File "/var/www/hellotax/mobilitysqr_staging_virtualenv/mobilitysqr_staging/mobility_apps/employee/views.py", line 2767, in post
    thread_data = sender_emp_code + receiver_emp_code
TypeError: must be str, not NoneType
ERROR|13/May/2021 16:20:05|basehttp|8893|140072386008832|"POST /employee_chat/ HTTP/1.1" 500 17890
