ERROR|10/Mar/2021 11:09:03|basehttp|20587|140219758085888|You're accessing the development server over HTTPS, but it only supports HTTP.

ERROR|10/Mar/2021 12:08:18|exception|20587|140219640432384|Invalid HTTP_HOST header: ''. The domain name provided is not valid according to RFC 1034/1035.
ERROR|10/Mar/2021 12:39:41|exception|20587|140219676358400|Invalid HTTP_HOST header: ''. The domain name provided is not valid according to RFC 1034/1035.
ERROR|10/Mar/2021 13:46:04|exception|20587|140219640432384|Invalid HTTP_HOST header: ''. The domain name provided is not valid according to RFC 1034/1035.
ERROR|10/Mar/2021 14:32:09|basehttp|20587|140219758085888|You're accessing the development server over HTTPS, but it only supports HTTP.

ERROR|10/Mar/2021 15:20:40|exception|20587|140219640432384|Invalid HTTP_HOST header: ''. The domain name provided is not valid according to RFC 1034/1035.
ERROR|10/Mar/2021 17:36:26|basehttp|20587|140219631253248|"GET /admin-scripts.asp HTTP/1.1" 500 59
ERROR|10/Mar/2021 17:36:27|basehttp|20587|140219631253248|"GET /admin-scripts.asp HTTP/1.1" 500 59
ERROR|10/Mar/2021 19:26:14|exception|20587|140219650397952|Invalid HTTP_HOST header: ''. The domain name provided is not valid according to RFC 1034/1035.
ERROR|10/Mar/2021 20:55:18|exception|20587|140219650397952|Invalid HTTP_HOST header: ''. The domain name provided is not valid according to RFC 1034/1035.
ERROR|10/Mar/2021 20:55:18|basehttp|20587|140219650397952|"GET /manager/html HTTP/1.1" 500 59
ERROR|10/Mar/2021 21:02:51|exception|20587|140219650397952|Invalid HTTP_HOST header: ''. The domain name provided is not valid according to RFC 1034/1035.
ERROR|10/Mar/2021 21:18:50|basehttp|20587|140219650397952|You're accessing the development server over HTTPS, but it only supports HTTP.

ERROR|11/Mar/2021 00:50:21|exception|20587|140219631253248|Invalid HTTP_HOST header: ''. The domain name provided is not valid according to RFC 1034/1035.
ERROR|11/Mar/2021 03:08:17|exception|20587|140219631253248|Invalid HTTP_HOST header: ''. The domain name provided is not valid according to RFC 1034/1035.
ERROR|11/Mar/2021 03:29:40|exception|20587|140219631253248|Invalid HTTP_HOST header: ''. The domain name provided is not valid according to RFC 1034/1035.
ERROR|11/Mar/2021 04:38:09|exception|20587|140219631253248|Invalid HTTP_HOST header: ''. The domain name provided is not valid according to RFC 1034/1035.
ERROR|11/Mar/2021 06:13:21|exception|20587|140219631253248|Invalid HTTP_HOST header: ''. The domain name provided is not valid according to RFC 1034/1035.
ERROR|11/Mar/2021 10:02:45|exception|20587|140219631253248|Invalid HTTP_HOST header: ''. The domain name provided is not valid according to RFC 1034/1035.
ERROR|11/Mar/2021 10:12:40|exception|20587|140219631253248|Invalid HTTP_HOST header: ''. The domain name provided is not valid according to RFC 1034/1035.
ERROR|11/Mar/2021 12:05:10|basehttp|20587|140219622860544|You're accessing the development server over HTTPS, but it only supports HTTP.

ERROR|11/Mar/2021 12:14:36|exception|20587|140219622860544|Invalid HTTP_HOST header: ''. The domain name provided is not valid according to RFC 1034/1035.
ERROR|11/Mar/2021 13:54:32|exception|20587|140219631253248|Invalid HTTP_HOST header: ''. The domain name provided is not valid according to RFC 1034/1035.
ERROR|11/Mar/2021 15:36:38|exception|20587|140219631253248|Invalid HTTP_HOST header: ''. The domain name provided is not valid according to RFC 1034/1035.
ERROR|11/Mar/2021 15:41:51|exception|20587|140219631253248|Invalid HTTP_HOST header: ''. The domain name provided is not valid according to RFC 1034/1035.
ERROR|11/Mar/2021 16:16:16|exception|20587|140219631253248|Invalid HTTP_HOST header: ''. The domain name provided is not valid according to RFC 1034/1035.
ERROR|11/Mar/2021 17:44:20|exception|20587|140219631253248|Invalid HTTP_HOST header: ''. The domain name provided is not valid according to RFC 1034/1035.
ERROR|11/Mar/2021 22:31:03|exception|20587|140219631253248|Invalid HTTP_HOST header: ''. The domain name provided is not valid according to RFC 1034/1035.
ERROR|11/Mar/2021 22:32:13|exception|20587|140219631253248|Invalid HTTP_HOST header: ''. The domain name provided is not valid according to RFC 1034/1035.
ERROR|12/Mar/2021 00:28:49|exception|20587|140219650397952|Invalid HTTP_HOST header: ''. The domain name provided is not valid according to RFC 1034/1035.
ERROR|12/Mar/2021 03:08:27|exception|20587|140219650397952|Invalid HTTP_HOST header: ''. The domain name provided is not valid according to RFC 1034/1035.
ERROR|12/Mar/2021 03:46:03|basehttp|20587|140219650397952|"GET /admin-scripts.asp HTTP/1.1" 500 59
ERROR|12/Mar/2021 04:44:08|exception|20587|140219650397952|Invalid HTTP_HOST header: ''. The domain name provided is not valid according to RFC 1034/1035.
ERROR|12/Mar/2021 05:21:50|exception|20587|140219650397952|Invalid HTTP_HOST header: ''. The domain name provided is not valid according to RFC 1034/1035.
ERROR|12/Mar/2021 06:53:39|exception|20587|140219650397952|Invalid HTTP_HOST header: ''. The domain name provided is not valid according to RFC 1034/1035.
ERROR|12/Mar/2021 08:16:08|log|20587|140219631253248|Internal Server Error: /users
Traceback (most recent call last):
  File "/home/mobilitysqr/.local/lib/python3.6/site-packages/django/core/handlers/exception.py", line 34, in inner
    response = get_response(request)
  File "/home/mobilitysqr/.local/lib/python3.6/site-packages/django/utils/deprecation.py", line 90, in __call__
    response = self.process_request(request)
  File "/home/mobilitysqr/.local/lib/python3.6/site-packages/django/middleware/common.py", line 53, in process_request
    path = self.get_full_path_with_slash(request)
  File "/home/mobilitysqr/.local/lib/python3.6/site-packages/django/middleware/common.py", line 93, in get_full_path_with_slash
    'url': request.get_host() + new_path,
RuntimeError: You called this URL via POST, but the URL doesn't end in a slash and you have APPEND_SLASH set. Django can't redirect to the slash URL while maintaining POST data. Change your form to point to 52.165.220.40:8080/users/?page=&size=5 (note the trailing slash), or set APPEND_SLASH=False in your Django settings.
ERROR|12/Mar/2021 08:16:08|basehttp|20587|140219631253248|"POST /users?page=&size=5 HTTP/1.1" 500 65324
ERROR|12/Mar/2021 10:34:55|exception|20587|140219650397952|Invalid HTTP_HOST header: ''. The domain name provided is not valid according to RFC 1034/1035.
ERROR|12/Mar/2021 10:54:01|exception|20587|140219273705216|Invalid HTTP_HOST header: ''. The domain name provided is not valid according to RFC 1034/1035.
