INFO|26/Feb/2021 10:19:30|basehttp|4827|140511248332544|"POST /api/login/ HTTP/1.1" 200 441
INFO|26/Feb/2021 12:47:55|basehttp|16865|140326866728704|"GET / HTTP/1.1" 200 5259
INFO|26/Feb/2021 12:47:55|basehttp|16865|140326866728704|"GET /static/rest_framework/css/bootstrap.min.css HTTP/1.1" 304 0
INFO|26/Feb/2021 12:47:55|basehttp|16865|140326504457984|"GET /static/rest_framework/js/jquery-3.5.1.min.js HTTP/1.1" 304 0
INFO|26/Feb/2021 12:47:55|basehttp|16865|140326883514112|"GET /static/rest_framework/css/prettify.css HTTP/1.1" 304 0
INFO|26/Feb/2021 12:47:55|basehttp|16865|140326875121408|"GET /static/rest_framework/css/bootstrap-tweaks.css HTTP/1.1" 304 0
INFO|26/Feb/2021 12:47:55|basehttp|16865|140326496065280|"GET /static/rest_framework/css/default.css HTTP/1.1" 304 0
INFO|26/Feb/2021 12:47:55|basehttp|16865|140326496065280|"GET /static/rest_framework/js/bootstrap.min.js HTTP/1.1" 304 0
INFO|26/Feb/2021 12:47:55|basehttp|16865|140326875121408|"GET /static/rest_framework/js/ajax-form.js HTTP/1.1" 304 0
INFO|26/Feb/2021 12:47:55|basehttp|16865|140326883514112|"GET /static/rest_framework/js/prettify-min.js HTTP/1.1" 304 0
INFO|26/Feb/2021 12:47:55|basehttp|16865|140326504457984|"GET /static/rest_framework/js/csrf.js HTTP/1.1" 304 0
INFO|26/Feb/2021 12:47:55|basehttp|16865|140326487672576|"GET /static/rest_framework/js/default.js HTTP/1.1" 304 0
INFO|26/Feb/2021 12:47:56|basehttp|16865|140326504457984|"GET /static/rest_framework/img/grid.png HTTP/1.1" 304 0
WARNING|26/Feb/2021 12:47:56|log|16865|140326504457984|Not Found: /favicon.ico
WARNING|26/Feb/2021 12:47:56|basehttp|16865|140326504457984|"GET /favicon.ico HTTP/1.1" 404 45670
INFO|26/Feb/2021 12:53:24|basehttp|17421|140461571004160|"GET / HTTP/1.1" 200 5259
INFO|26/Feb/2021 13:20:28|basehttp|17421|140461571004160|"OPTIONS /api/login/ HTTP/1.1" 200 0
WARNING|26/Feb/2021 13:20:32|log|17421|140461571004160|Unauthorized: /api/login/
WARNING|26/Feb/2021 13:20:32|basehttp|17421|140461571004160|"POST /api/login/ HTTP/1.1" 401 63
INFO|26/Feb/2021 13:30:37|basehttp|17421|140461571004160|"POST /api/login/ HTTP/1.1" 200 438
INFO|26/Feb/2021 13:30:37|basehttp|17421|140461571004160|"OPTIONS /emoloyeeinfo/ HTTP/1.1" 200 0
ERROR|26/Feb/2021 13:30:44|log|17421|140461571004160|Internal Server Error: /emoloyeeinfo/
Traceback (most recent call last):
  File "/media/tspl26/D/raju_python/mobility_env/lib/python3.7/site-packages/django/core/handlers/exception.py", line 34, in inner
    response = get_response(request)
  File "/media/tspl26/D/raju_python/mobility_env/lib/python3.7/site-packages/django/core/handlers/base.py", line 126, in _get_response
    response = self.process_exception_by_middleware(e, request)
  File "/media/tspl26/D/raju_python/mobility_env/lib/python3.7/site-packages/django/core/handlers/base.py", line 124, in _get_response
    response = wrapped_callback(request, *callback_args, **callback_kwargs)
  File "/media/tspl26/D/raju_python/mobility_env/lib/python3.7/site-packages/django/views/decorators/csrf.py", line 54, in wrapped_view
    return view_func(*args, **kwargs)
  File "/media/tspl26/D/raju_python/mobility_env/lib/python3.7/site-packages/django/views/generic/base.py", line 68, in view
    return self.dispatch(request, *args, **kwargs)
  File "/media/tspl26/D/raju_python/mobility_env/lib/python3.7/site-packages/rest_framework/views.py", line 509, in dispatch
    response = self.handle_exception(exc)
  File "/media/tspl26/D/raju_python/mobility_env/lib/python3.7/site-packages/rest_framework/views.py", line 469, in handle_exception
    self.raise_uncaught_exception(exc)
  File "/media/tspl26/D/raju_python/mobility_env/lib/python3.7/site-packages/rest_framework/views.py", line 480, in raise_uncaught_exception
    raise exc
  File "/media/tspl26/D/raju_python/mobility_env/lib/python3.7/site-packages/rest_framework/views.py", line 506, in dispatch
    response = handler(request, *args, **kwargs)
  File "/media/tspl26/D/raju_python/mobility_env/mobilitysqr_live/mobility_apps/employee/views.py", line 84, in post
    if not employees_recent[0]['last_login']:
  File "/media/tspl26/D/raju_python/mobility_env/lib/python3.7/site-packages/django/db/models/query.py", line 303, in __getitem__
    return qs._result_cache[0]
IndexError: list index out of range
ERROR|26/Feb/2021 13:30:44|basehttp|17421|140461571004160|"POST /emoloyeeinfo/ HTTP/1.1" 500 19753
INFO|26/Feb/2021 14:11:39|basehttp|17421|140461571004160|"POST /api/login/ HTTP/1.1" 200 438
INFO|26/Feb/2021 14:11:49|basehttp|17421|140461571004160|"POST /emoloyeeinfo/ HTTP/1.1" 200 1222
INFO|26/Feb/2021 14:11:49|basehttp|17421|140461571004160|"OPTIONS /get_post_notification/?email=super001&org_id=ORG150866 HTTP/1.1" 200 0
INFO|26/Feb/2021 14:11:49|basehttp|17421|140461748156160|"OPTIONS /orgcount/ HTTP/1.1" 200 0
INFO|26/Feb/2021 14:11:53|basehttp|17421|140461571004160|"GET /get_post_notification/?email=super001&org_id=ORG150866 HTTP/1.1" 200 63
INFO|26/Feb/2021 14:11:54|basehttp|17421|140461748156160|"GET /orgcount/ HTTP/1.1" 200 79
INFO|26/Feb/2021 14:12:04|basehttp|17421|140461748156160|"OPTIONS /organisations-list/ HTTP/1.1" 200 0
WARNING|26/Feb/2021 14:12:08|log|17421|140461748156160|Not Found: /organisations-list/
WARNING|26/Feb/2021 14:12:08|basehttp|17421|140461748156160|"GET /organisations-list/ HTTP/1.1" 404 53
INFO|26/Feb/2021 14:12:43|basehttp|17421|140461748156160|"OPTIONS /addorganisation/ HTTP/1.1" 200 0
INFO|26/Feb/2021 14:12:50|basehttp|17421|140461748156160|"POST /addorganisation/ HTTP/1.1" 201 799
INFO|26/Feb/2021 14:12:59|basehttp|17421|140461748156160|"GET /organisations-list/ HTTP/1.1" 200 780
INFO|26/Feb/2021 14:13:03|basehttp|17421|140461748156160|"OPTIONS /userlist/ HTTP/1.1" 200 0
WARNING|26/Feb/2021 14:13:08|log|17421|140461748156160|Not Found: /userlist/
WARNING|26/Feb/2021 14:13:08|basehttp|17421|140461748156160|"GET /userlist/ HTTP/1.1" 404 53
INFO|26/Feb/2021 14:13:15|basehttp|17421|140461748156160|"GET /organisations-list/ HTTP/1.1" 200 780
INFO|26/Feb/2021 14:13:49|basehttp|17421|140461748156160|"OPTIONS /addOrgUser/ HTTP/1.1" 200 0
INFO|26/Feb/2021 14:14:08|basehttp|17421|140461748156160|"POST /addOrgUser/ HTTP/1.1" 201 1309
INFO|26/Feb/2021 14:14:37|basehttp|17421|140461748156160|"POST /api/login/ HTTP/1.1" 200 438
INFO|26/Feb/2021 14:14:47|basehttp|17421|140461748156160|"POST /emoloyeeinfo/ HTTP/1.1" 200 1334
INFO|26/Feb/2021 14:14:50|basehttp|17421|140461748156160|"OPTIONS /is_termandcondtion/ HTTP/1.1" 200 0
INFO|26/Feb/2021 14:14:54|basehttp|17421|140461748156160|"POST /is_termandcondtion/ HTTP/1.1" 200 35
INFO|26/Feb/2021 14:14:54|basehttp|17421|140461748156160|"OPTIONS /get_post_notification/?email=tspl111&org_id=ORG304071 HTTP/1.1" 200 0
INFO|26/Feb/2021 14:14:54|basehttp|17421|140461571004160|"OPTIONS /get_add/travel_request/?travel_req_status=2&org_id=ORG304071&emp_email=tspl111 HTTP/1.1" 200 0
INFO|26/Feb/2021 14:14:54|basehttp|17421|140461756548864|"OPTIONS /get_action_status/?module=T, HTTP/1.1" 200 0
INFO|26/Feb/2021 14:14:59|basehttp|17421|140461748156160|"GET /get_post_notification/?email=tspl111&org_id=ORG304071 HTTP/1.1" 200 63
INFO|26/Feb/2021 14:14:59|basehttp|17421|140461756548864|"GET /get_action_status/?module=T, HTTP/1.1" 200 2
INFO|26/Feb/2021 14:14:59|basehttp|17421|140461571004160|"GET /get_add/travel_request/?travel_req_status=2&org_id=ORG304071&emp_email=tspl111 HTTP/1.1" 200 48
INFO|26/Feb/2021 14:15:00|basehttp|17421|140461571004160|"OPTIONS /get_org_count_visa_requests/?org_id=ORG304071 HTTP/1.1" 200 0
INFO|26/Feb/2021 14:15:00|basehttp|17421|140461748156160|"OPTIONS /get_org_count_travel_requests/?org_id=ORG304071 HTTP/1.1" 200 0
INFO|26/Feb/2021 14:15:06|basehttp|17421|140461748156160|"GET /get_org_count_visa_requests/?org_id=ORG304071 HTTP/1.1" 200 77
INFO|26/Feb/2021 14:15:06|basehttp|17421|140461571004160|"GET /get_org_count_travel_requests/?org_id=ORG304071 HTTP/1.1" 200 77
INFO|26/Feb/2021 14:15:09|basehttp|17421|140461756548864|"OPTIONS /get_post_gender/ HTTP/1.1" 200 0
INFO|26/Feb/2021 14:15:09|basehttp|17421|140461571004160|"OPTIONS /get_post_suffix/ HTTP/1.1" 200 0
INFO|26/Feb/2021 14:15:09|basehttp|17421|140461748156160|"OPTIONS /get_post_salutation/ HTTP/1.1" 200 0
INFO|26/Feb/2021 14:15:09|basehttp|17421|140461748156160|"OPTIONS /get_post_email/ HTTP/1.1" 200 0
INFO|26/Feb/2021 14:15:09|basehttp|17421|140461756548864|"OPTIONS /get_post_marital_status/ HTTP/1.1" 200 0
INFO|26/Feb/2021 14:15:09|basehttp|17421|140461198534400|"OPTIONS /get_post_address/ HTTP/1.1" 200 0
INFO|26/Feb/2021 14:15:09|basehttp|17421|140461190141696|"OPTIONS /get_post_phone/ HTTP/1.1" 200 0
INFO|26/Feb/2021 14:15:09|basehttp|17421|140461181748992|"OPTIONS /get_post_relation/ HTTP/1.1" 200 0
INFO|26/Feb/2021 14:15:09|basehttp|17421|140461571004160|"OPTIONS /get_country_master/?country= HTTP/1.1" 200 0
INFO|26/Feb/2021 14:15:09|basehttp|17421|140461198534400|"OPTIONS /get_dial_code/?dial_code= HTTP/1.1" 200 0
INFO|26/Feb/2021 14:15:13|basehttp|17421|140461181748992|"GET /get_post_suffix/ HTTP/1.1" 200 63
INFO|26/Feb/2021 14:15:13|basehttp|17421|140461571004160|"GET /get_post_phone/ HTTP/1.1" 200 63
INFO|26/Feb/2021 14:15:13|basehttp|17421|140461190141696|"GET /get_post_gender/ HTTP/1.1" 200 63
INFO|26/Feb/2021 14:15:13|basehttp|17421|140461756548864|"GET /get_post_address/ HTTP/1.1" 200 63
INFO|26/Feb/2021 14:15:13|basehttp|17421|140461748156160|"GET /get_post_salutation/ HTTP/1.1" 200 63
INFO|26/Feb/2021 14:15:13|basehttp|17421|140461198534400|"GET /get_post_relation/ HTTP/1.1" 200 63
INFO|26/Feb/2021 14:15:17|basehttp|17421|140461181748992|"GET /get_post_email/ HTTP/1.1" 200 63
INFO|26/Feb/2021 14:15:17|basehttp|17421|140461571004160|"GET /get_post_marital_status/ HTTP/1.1" 200 63
INFO|26/Feb/2021 14:15:17|basehttp|17421|140461190141696|"GET /get_dial_code/?dial_code= HTTP/1.1" 200 35
INFO|26/Feb/2021 14:15:17|basehttp|17421|140461756548864|"GET /get_country_master/?country= HTTP/1.1" 200 35
INFO|26/Feb/2021 14:15:27|basehttp|17421|140461756548864|"OPTIONS /get_country_master/?country=fd HTTP/1.1" 200 0
INFO|26/Feb/2021 14:15:27|basehttp|17421|140461190141696|"OPTIONS /get_country_master/?country=fdf HTTP/1.1" 200 0
INFO|26/Feb/2021 14:15:31|basehttp|17421|140461756548864|"GET /get_country_master/?country=fd HTTP/1.1" 200 35
INFO|26/Feb/2021 14:15:31|basehttp|17421|140461190141696|"GET /get_country_master/?country=fdf HTTP/1.1" 200 35
INFO|26/Feb/2021 14:15:38|basehttp|17421|140461756548864|"GET /get_country_master/?country=fdf HTTP/1.1" 200 35
INFO|26/Feb/2021 14:15:40|basehttp|17421|140461190141696|"OPTIONS /get_post_visa_master/ HTTP/1.1" 200 0
INFO|26/Feb/2021 14:15:45|basehttp|17421|140461190141696|"GET /get_post_visa_master/ HTTP/1.1" 200 63
INFO|26/Feb/2021 14:15:45|basehttp|17421|140461756548864|"GET /get_country_master/?country= HTTP/1.1" 200 35
INFO|26/Feb/2021 14:15:49|basehttp|17421|140461756548864|"GET /get_post_salutation/ HTTP/1.1" 200 63
INFO|26/Feb/2021 14:15:49|basehttp|17421|140461571004160|"GET /get_post_gender/ HTTP/1.1" 200 63
INFO|26/Feb/2021 14:15:49|basehttp|17421|140461190141696|"GET /get_post_suffix/ HTTP/1.1" 200 63
INFO|26/Feb/2021 14:15:49|basehttp|17421|140461181748992|"GET /get_post_marital_status/ HTTP/1.1" 200 63
INFO|26/Feb/2021 14:15:49|basehttp|17421|140461198534400|"GET /get_post_address/ HTTP/1.1" 200 63
INFO|26/Feb/2021 14:15:50|basehttp|17421|140461748156160|"GET /get_country_master/?country= HTTP/1.1" 200 35
INFO|26/Feb/2021 14:15:54|basehttp|17421|140461756548864|"GET /get_post_email/ HTTP/1.1" 200 63
INFO|26/Feb/2021 14:15:54|basehttp|17421|140461190141696|"GET /get_post_relation/ HTTP/1.1" 200 63
INFO|26/Feb/2021 14:15:54|basehttp|17421|140461181748992|"GET /get_dial_code/?dial_code= HTTP/1.1" 200 35
INFO|26/Feb/2021 14:15:54|basehttp|17421|140461571004160|"GET /get_post_phone/ HTTP/1.1" 200 63
WARNING|26/Feb/2021 14:32:53|log|17421|140461190141696|Unauthorized: /api/login/
WARNING|26/Feb/2021 14:32:53|basehttp|17421|140461190141696|"POST /api/login/ HTTP/1.1" 401 63
INFO|26/Feb/2021 14:35:22|basehttp|17421|140461190141696|"POST /api/login/ HTTP/1.1" 200 438
INFO|26/Feb/2021 14:42:13|basehttp|17421|140461190141696|"POST /api/login/ HTTP/1.1" 200 438
WARNING|26/Feb/2021 14:42:38|log|17421|140461190141696|Not Found: /post_calender_event/
WARNING|26/Feb/2021 14:42:38|basehttp|17421|140461190141696|"POST /post_calender_event/ HTTP/1.1" 404 45698
WARNING|26/Feb/2021 14:43:56|log|17421|140461190141696|Not Found: /post_calender_event/
WARNING|26/Feb/2021 14:43:56|basehttp|17421|140461190141696|"POST /post_calender_event/ HTTP/1.1" 404 45698
WARNING|26/Feb/2021 14:44:22|log|17421|140461190141696|Not Found: /post_calender_event/
WARNING|26/Feb/2021 14:44:22|basehttp|17421|140461190141696|"POST /post_calender_event/ HTTP/1.1" 404 45698
WARNING|26/Feb/2021 14:44:24|log|17421|140461190141696|Not Found: /post_calender_event/
WARNING|26/Feb/2021 14:44:24|basehttp|17421|140461190141696|"POST /post_calender_event/ HTTP/1.1" 404 45698
WARNING|26/Feb/2021 14:45:31|log|22086|140001168889600|Bad Request: /post_calender_event/
WARNING|26/Feb/2021 14:45:31|basehttp|22086|140001168889600|"POST /post_calender_event/ HTTP/1.1" 400 85
WARNING|26/Feb/2021 14:51:07|log|22086|140001168889600|Unauthorized: /post_calender_event/
WARNING|26/Feb/2021 14:51:07|basehttp|22086|140001168889600|"POST /post_calender_event/ HTTP/1.1" 401 183
INFO|26/Feb/2021 14:51:17|basehttp|22086|140001168889600|"POST /api/login/ HTTP/1.1" 200 438
WARNING|26/Feb/2021 14:51:47|log|22086|140001168889600|Bad Request: /post_calender_event/
WARNING|26/Feb/2021 14:51:47|basehttp|22086|140001168889600|"POST /post_calender_event/ HTTP/1.1" 400 60
WARNING|26/Feb/2021 14:52:19|log|22086|140001168889600|Bad Request: /post_calender_event/
WARNING|26/Feb/2021 14:52:19|basehttp|22086|140001168889600|"POST /post_calender_event/ HTTP/1.1" 400 44
INFO|26/Feb/2021 15:02:13|basehttp|22086|140001168889600|"POST /api/login/ HTTP/1.1" 200 438
INFO|26/Feb/2021 15:02:35|basehttp|22086|140001168889600|"POST /post_calender_event/ HTTP/1.1" 201 516
INFO|26/Feb/2021 15:05:38|basehttp|22086|140001168889600|"POST /post_calender_event/ HTTP/1.1" 201 516
INFO|26/Feb/2021 15:05:48|basehttp|22086|140001168889600|"POST /post_calender_event/ HTTP/1.1" 201 516
INFO|26/Feb/2021 15:05:58|basehttp|22086|140001168889600|"POST /post_calender_event/ HTTP/1.1" 201 516
INFO|26/Feb/2021 15:06:10|basehttp|22086|140001168889600|"POST /post_calender_event/ HTTP/1.1" 201 516
INFO|26/Feb/2021 15:24:15|basehttp|23670|140030304339712|"GET /post_calender_event/ HTTP/1.1" 200 2632
INFO|26/Feb/2021 15:24:37|basehttp|23670|140030304339712|"GET /post_calender_event/ HTTP/1.1" 200 48
INFO|26/Feb/2021 15:25:50|basehttp|23788|139644511446784|"GET /post_calender_event/ HTTP/1.1" 200 48
INFO|26/Feb/2021 15:26:45|basehttp|23844|140028685276928|"GET /post_calender_event/ HTTP/1.1" 200 48
INFO|26/Feb/2021 15:27:23|basehttp|23883|140202468648704|"GET /post_calender_event/ HTTP/1.1" 200 67
INFO|26/Feb/2021 15:28:22|basehttp|23926|140635989649152|"GET /post_calender_event/ HTTP/1.1" 200 48
INFO|26/Feb/2021 15:45:23|basehttp|23926|140635989649152|"GET /post_calender_event/ HTTP/1.1" 200 48
ERROR|26/Feb/2021 16:08:06|log|27247|139894836647680|Internal Server Error: /post_calender_event/
Traceback (most recent call last):
  File "/media/tspl26/D/raju_python/mobility_env/lib/python3.7/site-packages/django/core/handlers/exception.py", line 34, in inner
    response = get_response(request)
  File "/media/tspl26/D/raju_python/mobility_env/lib/python3.7/site-packages/django/core/handlers/base.py", line 126, in _get_response
    response = self.process_exception_by_middleware(e, request)
  File "/media/tspl26/D/raju_python/mobility_env/lib/python3.7/site-packages/django/core/handlers/base.py", line 124, in _get_response
    response = wrapped_callback(request, *callback_args, **callback_kwargs)
  File "/media/tspl26/D/raju_python/mobility_env/lib/python3.7/site-packages/django/views/decorators/csrf.py", line 54, in wrapped_view
    return view_func(*args, **kwargs)
  File "/media/tspl26/D/raju_python/mobility_env/lib/python3.7/site-packages/django/views/generic/base.py", line 68, in view
    return self.dispatch(request, *args, **kwargs)
  File "/media/tspl26/D/raju_python/mobility_env/lib/python3.7/site-packages/rest_framework/views.py", line 509, in dispatch
    response = self.handle_exception(exc)
  File "/media/tspl26/D/raju_python/mobility_env/lib/python3.7/site-packages/rest_framework/views.py", line 469, in handle_exception
    self.raise_uncaught_exception(exc)
  File "/media/tspl26/D/raju_python/mobility_env/lib/python3.7/site-packages/rest_framework/views.py", line 480, in raise_uncaught_exception
    raise exc
  File "/media/tspl26/D/raju_python/mobility_env/lib/python3.7/site-packages/rest_framework/views.py", line 506, in dispatch
    response = handler(request, *args, **kwargs)
  File "/media/tspl26/D/raju_python/mobility_env/mobilitysqr_live/mobility_apps/employee/views.py", line 1978, in delete
    calender_event_data = Calender_Events.objects.get(PK=_id)
  File "/media/tspl26/D/raju_python/mobility_env/lib/python3.7/site-packages/django/db/models/manager.py", line 82, in manager_method
    return getattr(self.get_queryset(), name)(*args, **kwargs)
  File "/media/tspl26/D/raju_python/mobility_env/lib/python3.7/site-packages/django/db/models/query.py", line 390, in get
    clone = self.filter(*args, **kwargs)
  File "/media/tspl26/D/raju_python/mobility_env/lib/python3.7/site-packages/django/db/models/query.py", line 844, in filter
    return self._filter_or_exclude(False, *args, **kwargs)
  File "/media/tspl26/D/raju_python/mobility_env/lib/python3.7/site-packages/django/db/models/query.py", line 862, in _filter_or_exclude
    clone.query.add_q(Q(*args, **kwargs))
  File "/media/tspl26/D/raju_python/mobility_env/lib/python3.7/site-packages/django/db/models/sql/query.py", line 1263, in add_q
    clause, _ = self._add_q(q_object, self.used_aliases)
  File "/media/tspl26/D/raju_python/mobility_env/lib/python3.7/site-packages/django/db/models/sql/query.py", line 1287, in _add_q
    split_subq=split_subq,
  File "/media/tspl26/D/raju_python/mobility_env/lib/python3.7/site-packages/django/db/models/sql/query.py", line 1164, in build_filter
    lookups, parts, reffed_expression = self.solve_lookup_type(arg)
  File "/media/tspl26/D/raju_python/mobility_env/lib/python3.7/site-packages/django/db/models/sql/query.py", line 1028, in solve_lookup_type
    _, field, _, lookup_parts = self.names_to_path(lookup_splitted, self.get_meta())
  File "/media/tspl26/D/raju_python/mobility_env/lib/python3.7/site-packages/django/db/models/sql/query.py", line 1389, in names_to_path
    "Choices are: %s" % (name, ", ".join(available)))
django.core.exceptions.FieldError: Cannot resolve keyword 'PK' into field. Choices are: activity, city_code, city_name, column1, column10, column11, column12, column2, column3, column4, column5, column6, column7, column8, column9, country_code, country_name, created_by, date_created, date_modified, emp_code, emp_code_id, from_date, id, modified_by, status, to_date
ERROR|26/Feb/2021 16:08:06|basehttp|27247|139894836647680|"DELETE /post_calender_event/ HTTP/1.1" 500 21469
ERROR|26/Feb/2021 17:06:45|log|30115|140497037502208|Internal Server Error: /post_calender_event/
Traceback (most recent call last):
  File "/media/tspl26/D/raju_python/mobility_env/lib/python3.7/site-packages/django/core/handlers/exception.py", line 34, in inner
    response = get_response(request)
  File "/media/tspl26/D/raju_python/mobility_env/lib/python3.7/site-packages/django/core/handlers/base.py", line 126, in _get_response
    response = self.process_exception_by_middleware(e, request)
  File "/media/tspl26/D/raju_python/mobility_env/lib/python3.7/site-packages/django/core/handlers/base.py", line 124, in _get_response
    response = wrapped_callback(request, *callback_args, **callback_kwargs)
  File "/media/tspl26/D/raju_python/mobility_env/lib/python3.7/site-packages/django/views/decorators/csrf.py", line 54, in wrapped_view
    return view_func(*args, **kwargs)
  File "/media/tspl26/D/raju_python/mobility_env/lib/python3.7/site-packages/django/views/generic/base.py", line 68, in view
    return self.dispatch(request, *args, **kwargs)
  File "/media/tspl26/D/raju_python/mobility_env/lib/python3.7/site-packages/rest_framework/views.py", line 509, in dispatch
    response = self.handle_exception(exc)
  File "/media/tspl26/D/raju_python/mobility_env/lib/python3.7/site-packages/rest_framework/views.py", line 469, in handle_exception
    self.raise_uncaught_exception(exc)
  File "/media/tspl26/D/raju_python/mobility_env/lib/python3.7/site-packages/rest_framework/views.py", line 480, in raise_uncaught_exception
    raise exc
  File "/media/tspl26/D/raju_python/mobility_env/lib/python3.7/site-packages/rest_framework/views.py", line 506, in dispatch
    response = handler(request, *args, **kwargs)
  File "/media/tspl26/D/raju_python/mobility_env/mobilitysqr_live/mobility_apps/employee/views.py", line 1973, in delete
    emp_code = request.data['emp_code']
KeyError: 'emp_code'
ERROR|26/Feb/2021 17:06:45|basehttp|30115|140497037502208|"DELETE /post_calender_event/ HTTP/1.1" 500 19066
ERROR|26/Feb/2021 17:06:49|log|30115|140497037502208|Internal Server Error: /post_calender_event/
Traceback (most recent call last):
  File "/media/tspl26/D/raju_python/mobility_env/lib/python3.7/site-packages/django/core/handlers/exception.py", line 34, in inner
    response = get_response(request)
  File "/media/tspl26/D/raju_python/mobility_env/lib/python3.7/site-packages/django/core/handlers/base.py", line 126, in _get_response
    response = self.process_exception_by_middleware(e, request)
  File "/media/tspl26/D/raju_python/mobility_env/lib/python3.7/site-packages/django/core/handlers/base.py", line 124, in _get_response
    response = wrapped_callback(request, *callback_args, **callback_kwargs)
  File "/media/tspl26/D/raju_python/mobility_env/lib/python3.7/site-packages/django/views/decorators/csrf.py", line 54, in wrapped_view
    return view_func(*args, **kwargs)
  File "/media/tspl26/D/raju_python/mobility_env/lib/python3.7/site-packages/django/views/generic/base.py", line 68, in view
    return self.dispatch(request, *args, **kwargs)
  File "/media/tspl26/D/raju_python/mobility_env/lib/python3.7/site-packages/rest_framework/views.py", line 509, in dispatch
    response = self.handle_exception(exc)
  File "/media/tspl26/D/raju_python/mobility_env/lib/python3.7/site-packages/rest_framework/views.py", line 469, in handle_exception
    self.raise_uncaught_exception(exc)
  File "/media/tspl26/D/raju_python/mobility_env/lib/python3.7/site-packages/rest_framework/views.py", line 480, in raise_uncaught_exception
    raise exc
  File "/media/tspl26/D/raju_python/mobility_env/lib/python3.7/site-packages/rest_framework/views.py", line 506, in dispatch
    response = handler(request, *args, **kwargs)
  File "/media/tspl26/D/raju_python/mobility_env/mobilitysqr_live/mobility_apps/employee/views.py", line 1973, in delete
    emp_code = request.data['emp_code']
KeyError: 'emp_code'
ERROR|26/Feb/2021 17:06:49|basehttp|30115|140497037502208|"DELETE /post_calender_event/ HTTP/1.1" 500 19066
WARNING|26/Feb/2021 17:20:50|log|30795|140671252649728|Unauthorized: /post_calender_event/
WARNING|26/Feb/2021 17:20:50|basehttp|30795|140671252649728|"POST /post_calender_event/ HTTP/1.1" 401 183
INFO|26/Feb/2021 17:20:59|basehttp|30795|140671252649728|"POST /api/login/ HTTP/1.1" 200 438
INFO|26/Feb/2021 17:21:19|basehttp|30795|140671252649728|"POST /post_calender_event/ HTTP/1.1" 201 557
ERROR|26/Feb/2021 17:21:55|log|30795|140671252649728|Internal Server Error: /post_calender_event/
Traceback (most recent call last):
  File "/media/tspl26/D/raju_python/mobility_env/lib/python3.7/site-packages/django/core/handlers/exception.py", line 34, in inner
    response = get_response(request)
  File "/media/tspl26/D/raju_python/mobility_env/lib/python3.7/site-packages/django/core/handlers/base.py", line 126, in _get_response
    response = self.process_exception_by_middleware(e, request)
  File "/media/tspl26/D/raju_python/mobility_env/lib/python3.7/site-packages/django/core/handlers/base.py", line 124, in _get_response
    response = wrapped_callback(request, *callback_args, **callback_kwargs)
  File "/media/tspl26/D/raju_python/mobility_env/lib/python3.7/site-packages/django/views/decorators/csrf.py", line 54, in wrapped_view
    return view_func(*args, **kwargs)
  File "/media/tspl26/D/raju_python/mobility_env/lib/python3.7/site-packages/django/views/generic/base.py", line 68, in view
    return self.dispatch(request, *args, **kwargs)
  File "/media/tspl26/D/raju_python/mobility_env/lib/python3.7/site-packages/rest_framework/views.py", line 509, in dispatch
    response = self.handle_exception(exc)
  File "/media/tspl26/D/raju_python/mobility_env/lib/python3.7/site-packages/rest_framework/views.py", line 469, in handle_exception
    self.raise_uncaught_exception(exc)
  File "/media/tspl26/D/raju_python/mobility_env/lib/python3.7/site-packages/rest_framework/views.py", line 480, in raise_uncaught_exception
    raise exc
  File "/media/tspl26/D/raju_python/mobility_env/lib/python3.7/site-packages/rest_framework/views.py", line 506, in dispatch
    response = handler(request, *args, **kwargs)
  File "/media/tspl26/D/raju_python/mobility_env/mobilitysqr_live/mobility_apps/employee/views.py", line 1973, in delete
    emp_code_ = request.data['emp_code']
KeyError: 'emp_code'
ERROR|26/Feb/2021 17:21:55|basehttp|30795|140671252649728|"DELETE /post_calender_event/ HTTP/1.1" 500 19067
WARNING|26/Feb/2021 17:23:31|log|30795|140671252649728|Method Not Allowed: /post_calender_event/
WARNING|26/Feb/2021 17:23:31|basehttp|30795|140671252649728|"UPDATE /post_calender_event/ HTTP/1.1" 405 43
WARNING|26/Feb/2021 17:30:52|log|31260|140445447345920|Method Not Allowed: /post_calender_event/
WARNING|26/Feb/2021 17:30:52|basehttp|31260|140445447345920|"UPDATE /post_calender_event/ HTTP/1.1" 405 43
WARNING|26/Feb/2021 17:33:45|log|31402|140474875328256|Unauthorized: /post_calender_event/
WARNING|26/Feb/2021 17:33:45|basehttp|31402|140474875328256|"POST /post_calender_event/ HTTP/1.1" 401 183
INFO|26/Feb/2021 17:33:54|basehttp|31402|140474875328256|"POST /api/login/ HTTP/1.1" 200 438
INFO|26/Feb/2021 17:34:13|basehttp|31402|140474875328256|"POST /post_calender_event/ HTTP/1.1" 201 557
WARNING|26/Feb/2021 17:34:21|log|31402|140474875328256|Method Not Allowed: /post_calender_event/
WARNING|26/Feb/2021 17:34:21|basehttp|31402|140474875328256|"UPDATE /post_calender_event/ HTTP/1.1" 405 43
INFO|26/Feb/2021 18:08:37|basehttp|32473|139962247501568|"POST /api/login/ HTTP/1.1" 200 438
WARNING|26/Feb/2021 18:08:45|log|32473|139962247501568|Unauthorized: /post_get_calender_event/
WARNING|26/Feb/2021 18:08:45|basehttp|32473|139962247501568|"POST /post_get_calender_event/ HTTP/1.1" 401 183
INFO|26/Feb/2021 18:09:06|basehttp|32473|139962247501568|"POST /post_get_calender_event/ HTTP/1.1" 201 557
INFO|26/Feb/2021 18:09:26|basehttp|32473|139962247501568|"GET /post_get_calender_event/ HTTP/1.1" 200 4511
WARNING|26/Feb/2021 18:12:24|log|32675|140616273704704|Method Not Allowed: /delete_update_calender_event/
WARNING|26/Feb/2021 18:12:24|basehttp|32675|140616273704704|"UPDATE /delete_update_calender_event/ HTTP/1.1" 405 43
ERROR|26/Feb/2021 18:12:30|log|32675|140616273704704|Internal Server Error: /delete_update_calender_event/
Traceback (most recent call last):
  File "/media/tspl26/D/raju_python/mobility_env/lib/python3.7/site-packages/django/core/handlers/exception.py", line 34, in inner
    response = get_response(request)
  File "/media/tspl26/D/raju_python/mobility_env/lib/python3.7/site-packages/django/core/handlers/base.py", line 126, in _get_response
    response = self.process_exception_by_middleware(e, request)
  File "/media/tspl26/D/raju_python/mobility_env/lib/python3.7/site-packages/django/core/handlers/base.py", line 124, in _get_response
    response = wrapped_callback(request, *callback_args, **callback_kwargs)
  File "/media/tspl26/D/raju_python/mobility_env/lib/python3.7/site-packages/django/views/decorators/csrf.py", line 54, in wrapped_view
    return view_func(*args, **kwargs)
  File "/media/tspl26/D/raju_python/mobility_env/lib/python3.7/site-packages/django/views/generic/base.py", line 68, in view
    return self.dispatch(request, *args, **kwargs)
  File "/media/tspl26/D/raju_python/mobility_env/lib/python3.7/site-packages/rest_framework/views.py", line 509, in dispatch
    response = self.handle_exception(exc)
  File "/media/tspl26/D/raju_python/mobility_env/lib/python3.7/site-packages/rest_framework/views.py", line 469, in handle_exception
    self.raise_uncaught_exception(exc)
  File "/media/tspl26/D/raju_python/mobility_env/lib/python3.7/site-packages/rest_framework/views.py", line 480, in raise_uncaught_exception
    raise exc
  File "/media/tspl26/D/raju_python/mobility_env/lib/python3.7/site-packages/rest_framework/views.py", line 506, in dispatch
    response = handler(request, *args, **kwargs)
  File "/media/tspl26/D/raju_python/mobility_env/mobilitysqr_live/mobility_apps/employee/views.py", line 1978, in delete
    emp_code_ = request.data['emp_code']
KeyError: 'emp_code'
ERROR|26/Feb/2021 18:12:30|basehttp|32675|140616273704704|"DELETE /delete_update_calender_event/ HTTP/1.1" 500 19103
WARNING|26/Feb/2021 18:27:23|log|929|140469293491968|Not Found: /delete_update_calender_event/1
WARNING|26/Feb/2021 18:27:23|basehttp|929|140469293491968|"PATCH /delete_update_calender_event/1 HTTP/1.1" 404 45951
WARNING|26/Feb/2021 18:29:53|log|1048|140340883572480|Not Found: /delete_update_calender_event/1
WARNING|26/Feb/2021 18:29:53|basehttp|1048|140340883572480|"PATCH /delete_update_calender_event/1 HTTP/1.1" 404 45970
WARNING|26/Feb/2021 18:34:29|log|1375|140306808825600|Not Found: /delete_update_calender_event/1
WARNING|26/Feb/2021 18:34:29|basehttp|1375|140306808825600|"PATCH /delete_update_calender_event/1 HTTP/1.1" 404 45957
WARNING|26/Feb/2021 18:34:42|log|1375|140306808825600|Not Found: /delete_update_calender_event/1/
WARNING|26/Feb/2021 18:34:42|basehttp|1375|140306808825600|"PATCH /delete_update_calender_event/1/ HTTP/1.1" 404 45960
WARNING|26/Feb/2021 18:35:07|log|1450|139776749463296|Not Found: /delete_update_calender_event/1
WARNING|26/Feb/2021 18:35:07|basehttp|1450|139776749463296|"PATCH /delete_update_calender_event/1 HTTP/1.1" 404 45956
ERROR|26/Feb/2021 18:37:10|log|1531|140458256230144|Internal Server Error: /delete_update_calender_event/1
Traceback (most recent call last):
  File "/media/tspl26/D/raju_python/mobility_env/lib/python3.7/site-packages/django/core/handlers/exception.py", line 34, in inner
    response = get_response(request)
  File "/media/tspl26/D/raju_python/mobility_env/lib/python3.7/site-packages/django/utils/deprecation.py", line 90, in __call__
    response = self.process_request(request)
  File "/media/tspl26/D/raju_python/mobility_env/lib/python3.7/site-packages/django/middleware/common.py", line 53, in process_request
    path = self.get_full_path_with_slash(request)
  File "/media/tspl26/D/raju_python/mobility_env/lib/python3.7/site-packages/django/middleware/common.py", line 93, in get_full_path_with_slash
    'url': request.get_host() + new_path,
RuntimeError: You called this URL via PATCH, but the URL doesn't end in a slash and you have APPEND_SLASH set. Django can't redirect to the slash URL while maintaining PATCH data. Change your form to point to 127.0.0.1:8000/delete_update_calender_event/1/ (note the trailing slash), or set APPEND_SLASH=False in your Django settings.
ERROR|26/Feb/2021 18:37:10|basehttp|1531|140458256230144|"PATCH /delete_update_calender_event/1 HTTP/1.1" 500 71190
ERROR|26/Feb/2021 18:38:31|log|1621|140475765827328|Internal Server Error: /delete_update_calender_event/1
Traceback (most recent call last):
  File "/media/tspl26/D/raju_python/mobility_env/lib/python3.7/site-packages/django/core/handlers/exception.py", line 34, in inner
    response = get_response(request)
  File "/media/tspl26/D/raju_python/mobility_env/lib/python3.7/site-packages/django/utils/deprecation.py", line 90, in __call__
    response = self.process_request(request)
  File "/media/tspl26/D/raju_python/mobility_env/lib/python3.7/site-packages/django/middleware/common.py", line 53, in process_request
    path = self.get_full_path_with_slash(request)
  File "/media/tspl26/D/raju_python/mobility_env/lib/python3.7/site-packages/django/middleware/common.py", line 93, in get_full_path_with_slash
    'url': request.get_host() + new_path,
RuntimeError: You called this URL via PATCH, but the URL doesn't end in a slash and you have APPEND_SLASH set. Django can't redirect to the slash URL while maintaining PATCH data. Change your form to point to 127.0.0.1:8000/delete_update_calender_event/1/ (note the trailing slash), or set APPEND_SLASH=False in your Django settings.
ERROR|26/Feb/2021 18:38:31|basehttp|1621|140475765827328|"PATCH /delete_update_calender_event/1 HTTP/1.1" 500 71190
INFO|26/Feb/2021 18:39:48|basehttp|1801|140113488799488|"PATCH /delete_update_calender_event/1/ HTTP/1.1" 200 618
INFO|26/Feb/2021 18:40:39|basehttp|1801|140113488799488|"PATCH /delete_update_calender_event/1/ HTTP/1.1" 200 622
WARNING|26/Feb/2021 18:43:44|log|1938|140039973398272|Bad Request: /delete_update_calender_event/1/
WARNING|26/Feb/2021 18:43:44|basehttp|1938|140039973398272|"PATCH /delete_update_calender_event/1/ HTTP/1.1" 400 85
INFO|26/Feb/2021 18:43:56|basehttp|1938|140039973398272|"PATCH /delete_update_calender_event/1/ HTTP/1.1" 200 621
WARNING|26/Feb/2021 18:44:22|log|1938|140039973398272|Unauthorized: /post_get_calender_event/
WARNING|26/Feb/2021 18:44:22|basehttp|1938|140039973398272|"GET /post_get_calender_event/ HTTP/1.1" 401 183
WARNING|26/Feb/2021 18:44:24|log|1938|140039973398272|Unauthorized: /post_get_calender_event/
WARNING|26/Feb/2021 18:44:24|basehttp|1938|140039973398272|"GET /post_get_calender_event/ HTTP/1.1" 401 183
WARNING|26/Feb/2021 18:44:31|log|1938|140039973398272|Unauthorized: /post_get_calender_event/
WARNING|26/Feb/2021 18:44:31|basehttp|1938|140039973398272|"GET /post_get_calender_event/ HTTP/1.1" 401 183
INFO|26/Feb/2021 18:44:40|basehttp|1938|140039973398272|"POST /api/login/ HTTP/1.1" 200 438
INFO|26/Feb/2021 18:45:00|basehttp|1938|140039973398272|"GET /post_get_calender_event/ HTTP/1.1" 200 3953
