INFO|20/Nov/2020 13:54:05|basehttp|39044|140055159326464|"POST /api/login/ HTTP/1.1" 200 441
WARNING|20/Nov/2020 13:55:05|log|39044|140055159326464|Not Acceptable: /bulkupload/project/
WARNING|20/Nov/2020 13:55:05|basehttp|39044|140055159326464|"POST /bulkupload/project/ HTTP/1.1" 406 73
WARNING|20/Nov/2020 13:56:46|log|39288|140039986210560|Not Acceptable: /bulkupload/project/
WARNING|20/Nov/2020 13:56:46|basehttp|39288|140039986210560|"POST /bulkupload/project/ HTTP/1.1" 406 73
INFO|20/Nov/2020 13:59:36|basehttp|39288|140039986210560|"OPTIONS /api/login/ HTTP/1.1" 200 0
WARNING|20/Nov/2020 13:59:37|log|39288|140039986210560|Unauthorized: /api/login/
WARNING|20/Nov/2020 13:59:37|basehttp|39288|140039986210560|"POST /api/login/ HTTP/1.1" 401 63
WARNING|20/Nov/2020 13:59:40|log|39288|140039986210560|Unauthorized: /api/login/
WARNING|20/Nov/2020 13:59:40|basehttp|39288|140039986210560|"POST /api/login/ HTTP/1.1" 401 63
WARNING|20/Nov/2020 13:59:48|log|39288|140039986210560|Unauthorized: /api/login/
WARNING|20/Nov/2020 13:59:48|basehttp|39288|140039986210560|"POST /api/login/ HTTP/1.1" 401 63
WARNING|20/Nov/2020 13:59:52|log|39288|140039986210560|Unauthorized: /api/login/
WARNING|20/Nov/2020 13:59:52|basehttp|39288|140039986210560|"POST /api/login/ HTTP/1.1" 401 63
INFO|20/Nov/2020 14:00:13|basehttp|39288|140039986210560|"POST /api/login/ HTTP/1.1" 200 438
INFO|20/Nov/2020 14:00:13|basehttp|39288|140039986210560|"OPTIONS /emoloyeeinfo/ HTTP/1.1" 200 0
INFO|20/Nov/2020 14:00:13|basehttp|39288|140039986210560|"POST /emoloyeeinfo/ HTTP/1.1" 200 1259
INFO|20/Nov/2020 14:00:14|basehttp|39288|140039986210560|"OPTIONS /get_post_notification/?email=mobilitysqradmin@gmail.com&org_id=ORG150866 HTTP/1.1" 200 0
INFO|20/Nov/2020 14:00:14|basehttp|39288|140039986210560|"OPTIONS /orgcount/ HTTP/1.1" 200 0
INFO|20/Nov/2020 14:00:15|basehttp|39288|140039986210560|"GET /get_post_notification/?email=mobilitysqradmin@gmail.com&org_id=ORG150866 HTTP/1.1" 200 63
INFO|20/Nov/2020 14:00:15|basehttp|39288|140039986210560|"GET /orgcount/ HTTP/1.1" 200 83
INFO|20/Nov/2020 14:00:16|basehttp|39288|140039986210560|"OPTIONS /organisations-list/ HTTP/1.1" 200 0
INFO|20/Nov/2020 14:00:17|basehttp|39288|140039986210560|"GET /organisations-list/ HTTP/1.1" 200 4693
WARNING|20/Nov/2020 14:10:43|log|39288|140039986210560|Unauthorized: /bulkupload/project/
WARNING|20/Nov/2020 14:10:43|basehttp|39288|140039986210560|"POST /bulkupload/project/ HTTP/1.1" 401 183
INFO|20/Nov/2020 14:10:51|basehttp|39288|140039986210560|"POST /api/login/ HTTP/1.1" 200 441
WARNING|20/Nov/2020 14:11:46|log|39288|140039986210560|Not Acceptable: /bulkupload/project/
WARNING|20/Nov/2020 14:11:46|basehttp|39288|140039986210560|"POST /bulkupload/project/ HTTP/1.1" 406 73
WARNING|20/Nov/2020 14:13:52|log|39925|140676359091968|Not Acceptable: /bulkupload/project/
WARNING|20/Nov/2020 14:13:52|basehttp|39925|140676359091968|"POST /bulkupload/project/ HTTP/1.1" 406 73
INFO|20/Nov/2020 14:23:07|basehttp|39925|140676359091968|"POST /api/login/ HTTP/1.1" 200 441
INFO|20/Nov/2020 14:26:18|basehttp|39925|140676359091968|"POST /bulkupload/project/ HTTP/1.1" 201 109
