INFO|17/Jun/2021 14:46:46|autoreload|1048|12352|Watching for file changes with StatReloader
INFO|17/Jun/2021 14:47:57|autoreload|3920|15860|Watching for file changes with StatReloader
INFO|17/Jun/2021 18:13:41|autoreload|3920|15860|C:\Users\younity-2\Desktop\mobilitysqr_staging\mobility_apps\master\views\dropdown.py changed, reloading.
INFO|17/Jun/2021 18:13:42|autoreload|296|23460|Watching for file changes with StatReloader
INFO|17/Jun/2021 18:17:41|autoreload|296|23460|C:\Users\younity-2\Desktop\mobilitysqr_staging\mobility_apps\master\views\dropdown.py changed, reloading.
INFO|17/Jun/2021 18:17:42|autoreload|7956|15884|Watching for file changes with StatReloader
INFO|17/Jun/2021 18:29:33|autoreload|7956|15884|C:\Users\younity-2\Desktop\mobilitysqr_staging\mobility_apps\master\views\visa.py changed, reloading.
INFO|17/Jun/2021 18:29:34|autoreload|22404|17296|Watching for file changes with StatReloader
INFO|17/Jun/2021 18:30:03|autoreload|22404|17296|C:\Users\younity-2\Desktop\mobilitysqr_staging\mobility_apps\master\views\visa.py changed, reloading.
INFO|17/Jun/2021 18:30:04|autoreload|11388|17756|Watching for file changes with StatReloader
INFO|17/Jun/2021 19:02:24|autoreload|11388|17756|C:\Users\younity-2\Desktop\mobilitysqr_staging\mobility_apps\master\views\country.py changed, reloading.
INFO|17/Jun/2021 19:02:25|autoreload|8640|14912|Watching for file changes with StatReloader
INFO|17/Jun/2021 19:04:29|autoreload|8640|14912|C:\Users\younity-2\Desktop\mobilitysqr_staging\mobility_apps\master\views\country.py changed, reloading.
INFO|17/Jun/2021 19:04:30|autoreload|9352|20972|Watching for file changes with StatReloader
INFO|17/Jun/2021 19:08:42|autoreload|21728|20100|Watching for file changes with StatReloader
INFO|17/Jun/2021 19:18:32|autoreload|21728|20100|C:\Users\younity-2\Desktop\mobilitysqr_staging\mobility_apps\master\views\country.py changed, reloading.
INFO|17/Jun/2021 19:18:33|autoreload|6060|16312|Watching for file changes with StatReloader
INFO|17/Jun/2021 19:23:48|autoreload|6060|16312|C:\Users\younity-2\Desktop\mobilitysqr_staging\mobility_apps\master\views\country.py changed, reloading.
INFO|17/Jun/2021 19:23:49|autoreload|10800|19980|Watching for file changes with StatReloader
INFO|17/Jun/2021 19:39:39|autoreload|10800|19980|C:\Users\younity-2\Desktop\mobilitysqr_staging\mobility_apps\master\views\dropdown.py changed, reloading.
INFO|17/Jun/2021 19:39:40|autoreload|9704|19756|Watching for file changes with StatReloader
INFO|17/Jun/2021 19:40:13|autoreload|9704|19756|C:\Users\younity-2\Desktop\mobilitysqr_staging\mobility_apps\master\views\dropdown.py changed, reloading.
INFO|17/Jun/2021 19:40:14|autoreload|13932|19288|Watching for file changes with StatReloader
INFO|17/Jun/2021 20:00:18|autoreload|13932|19288|C:\Users\younity-2\Desktop\mobilitysqr_staging\mobility_apps\vault\models.py changed, reloading.
INFO|17/Jun/2021 20:00:19|autoreload|20516|22092|Watching for file changes with StatReloader
INFO|17/Jun/2021 20:06:12|autoreload|20516|22092|C:\Users\younity-2\Desktop\mobilitysqr_staging\mobility_apps\vault\models.py changed, reloading.
INFO|17/Jun/2021 20:06:13|autoreload|8524|6044|Watching for file changes with StatReloader
INFO|17/Jun/2021 20:07:46|autoreload|8524|6044|C:\Users\younity-2\Desktop\mobilitysqr_staging\mobility_apps\vault\models.py changed, reloading.
INFO|17/Jun/2021 20:07:47|autoreload|23172|15028|Watching for file changes with StatReloader
INFO|17/Jun/2021 20:11:00|autoreload|23172|15028|C:\Users\younity-2\Desktop\mobilitysqr_staging\mobility_apps\vault\models.py changed, reloading.
INFO|17/Jun/2021 20:11:02|autoreload|14676|15868|Watching for file changes with StatReloader
INFO|17/Jun/2021 20:13:27|autoreload|14676|15868|C:\Users\younity-2\Desktop\mobilitysqr_staging\mobility_apps\vault\models.py changed, reloading.
INFO|17/Jun/2021 20:13:28|autoreload|5612|18772|Watching for file changes with StatReloader
INFO|17/Jun/2021 20:14:56|autoreload|5612|18772|C:\Users\younity-2\Desktop\mobilitysqr_staging\mobility_apps\vault\models.py changed, reloading.
INFO|17/Jun/2021 20:14:58|autoreload|18316|16796|Watching for file changes with StatReloader
INFO|17/Jun/2021 20:17:31|autoreload|18316|16796|C:\Users\younity-2\Desktop\mobilitysqr_staging\mobility_apps\vault\models.py changed, reloading.
INFO|17/Jun/2021 20:17:32|autoreload|13068|13828|Watching for file changes with StatReloader
INFO|17/Jun/2021 20:18:47|autoreload|13068|13828|C:\Users\younity-2\Desktop\mobilitysqr_staging\mobility_apps\vault\models.py changed, reloading.
INFO|17/Jun/2021 20:18:48|autoreload|21340|17788|Watching for file changes with StatReloader
INFO|17/Jun/2021 20:20:27|autoreload|21340|17788|C:\Users\younity-2\Desktop\mobilitysqr_staging\mobility_apps\vault\serializer.py changed, reloading.
INFO|17/Jun/2021 20:20:29|autoreload|1700|21532|Watching for file changes with StatReloader
