INFO|09/Mar/2021 11:51:34|basehttp|7561|140154136160000|"POST /api/custom/login/ HTTP/1.1" 200 452
WARNING|09/Mar/2021 11:52:37|log|7561|140154136160000|Bad Request: /json_upload/department/
WARNING|09/Mar/2021 11:52:37|basehttp|7561|140154136160000|"POST /json_upload/department/ HTTP/1.1" 400 121
WARNING|09/Mar/2021 12:08:05|log|8196|140493497292544|Bad Request: /json_upload/department/
WARNING|09/Mar/2021 12:08:05|basehttp|8196|140493497292544|"POST /json_upload/department/ HTTP/1.1" 400 121
WARNING|09/Mar/2021 12:09:00|log|8249|140254020056832|Bad Request: /json_upload/department/
WARNING|09/Mar/2021 12:09:00|basehttp|8249|140254020056832|"POST /json_upload/department/ HTTP/1.1" 400 121
WARNING|09/Mar/2021 12:19:05|log|8520|140417514034944|Unauthorized: /json_upload/organization_location/
WARNING|09/Mar/2021 12:19:05|basehttp|8520|140417514034944|"POST /json_upload/organization_location/ HTTP/1.1" 401 58
INFO|09/Mar/2021 12:19:16|basehttp|8520|140417514034944|"POST /api/custom/login/ HTTP/1.1" 200 452
WARNING|09/Mar/2021 12:19:36|log|8520|140417514034944|Bad Request: /json_upload/organization_location/
WARNING|09/Mar/2021 12:19:36|basehttp|8520|140417514034944|"POST /json_upload/organization_location/ HTTP/1.1" 400 141
WARNING|09/Mar/2021 12:20:27|log|8872|139924950996736|Bad Request: /json_upload/organization_location/
WARNING|09/Mar/2021 12:20:27|basehttp|8872|139924950996736|"POST /json_upload/organization_location/ HTTP/1.1" 400 127
INFO|09/Mar/2021 12:42:30|basehttp|9486|140206976743168|"POST /api/custom/login/ HTTP/1.1" 200 452
ERROR|09/Mar/2021 12:42:52|log|9486|140206976743168|Internal Server Error: /json_upload/role/
Traceback (most recent call last):
  File "/media/tspl26/D/raju_python/mobility_env/lib/python3.7/site-packages/django/core/handlers/exception.py", line 34, in inner
    response = get_response(request)
  File "/media/tspl26/D/raju_python/mobility_env/lib/python3.7/site-packages/django/core/handlers/base.py", line 126, in _get_response
    response = self.process_exception_by_middleware(e, request)
  File "/media/tspl26/D/raju_python/mobility_env/lib/python3.7/site-packages/django/core/handlers/base.py", line 124, in _get_response
    response = wrapped_callback(request, *callback_args, **callback_kwargs)
  File "/media/tspl26/D/raju_python/mobility_env/lib/python3.7/site-packages/django/views/decorators/csrf.py", line 54, in wrapped_view
    return view_func(*args, **kwargs)
  File "/media/tspl26/D/raju_python/mobility_env/lib/python3.7/site-packages/django/views/generic/base.py", line 68, in view
    return self.dispatch(request, *args, **kwargs)
  File "/media/tspl26/D/raju_python/mobility_env/lib/python3.7/site-packages/rest_framework/views.py", line 509, in dispatch
    response = self.handle_exception(exc)
  File "/media/tspl26/D/raju_python/mobility_env/lib/python3.7/site-packages/rest_framework/views.py", line 469, in handle_exception
    self.raise_uncaught_exception(exc)
  File "/media/tspl26/D/raju_python/mobility_env/lib/python3.7/site-packages/rest_framework/views.py", line 480, in raise_uncaught_exception
    raise exc
  File "/media/tspl26/D/raju_python/mobility_env/lib/python3.7/site-packages/rest_framework/views.py", line 506, in dispatch
    response = handler(request, *args, **kwargs)
  File "/media/tspl26/D/raju_python/mobility_env/lib/python3.7/site-packages/rest_framework/generics.py", line 239, in get
    return self.list(request, *args, **kwargs)
  File "/media/tspl26/D/raju_python/mobility_env/lib/python3.7/site-packages/rest_framework/mixins.py", line 38, in list
    queryset = self.filter_queryset(self.get_queryset())
  File "/media/tspl26/D/raju_python/mobility_env/lib/python3.7/site-packages/rest_framework/generics.py", line 66, in get_queryset
    % self.__class__.__name__
AssertionError: 'json_upload_role' should either include a `queryset` attribute, or override the `get_queryset()` method.
ERROR|09/Mar/2021 12:42:52|basehttp|9486|140206976743168|"GET /json_upload/role/ HTTP/1.1" 500 19862
WARNING|09/Mar/2021 12:44:42|log|9795|140396876044032|Method Not Allowed: /json_upload/role/
WARNING|09/Mar/2021 12:44:42|basehttp|9795|140396876044032|"GET /json_upload/role/ HTTP/1.1" 405 40
WARNING|09/Mar/2021 12:44:55|log|9795|140396876044032|Bad Request: /json_upload/role/
WARNING|09/Mar/2021 12:44:55|basehttp|9795|140396876044032|"POST /json_upload/role/ HTTP/1.1" 400 125
