INFO|04/Jun/2021 15:24:35|basehttp|8270|140328909977344|"POST /api/custom/login/ HTTP/1.1" 200 455
ERROR|04/Jun/2021 17:08:04|log|11751|139644735371008|Internal Server Error: /get_national_id/
Traceback (most recent call last):
  File "/media/tspl26/D/raju_python/mobility_env/lib/python3.7/site-packages/django/core/handlers/exception.py", line 34, in inner
    response = get_response(request)
  File "/media/tspl26/D/raju_python/mobility_env/lib/python3.7/site-packages/django/core/handlers/base.py", line 126, in _get_response
    response = self.process_exception_by_middleware(e, request)
  File "/media/tspl26/D/raju_python/mobility_env/lib/python3.7/site-packages/django/core/handlers/base.py", line 124, in _get_response
    response = wrapped_callback(request, *callback_args, **callback_kwargs)
  File "/media/tspl26/D/raju_python/mobility_env/lib/python3.7/site-packages/django/views/decorators/csrf.py", line 54, in wrapped_view
    return view_func(*args, **kwargs)
  File "/media/tspl26/D/raju_python/mobility_env/lib/python3.7/site-packages/django/views/generic/base.py", line 68, in view
    return self.dispatch(request, *args, **kwargs)
  File "/media/tspl26/D/raju_python/mobility_env/lib/python3.7/site-packages/rest_framework/views.py", line 495, in dispatch
    response = self.handle_exception(exc)
  File "/media/tspl26/D/raju_python/mobility_env/lib/python3.7/site-packages/rest_framework/views.py", line 455, in handle_exception
    self.raise_uncaught_exception(exc)
  File "/media/tspl26/D/raju_python/mobility_env/lib/python3.7/site-packages/rest_framework/views.py", line 492, in dispatch
    response = handler(request, *args, **kwargs)
  File "/media/tspl26/D/raju_python/mobility_env/mobilitysqr_live/mobility_apps/master/views/country.py", line 639, in get
    taxgrid = self.get_queryset(request.GET['country'])
  File "/media/tspl26/D/raju_python/mobility_env/mobilitysqr_live/mobility_apps/master/views/country.py", line 634, in get_queryset
    country = National_Id.objects.filter(country=country).orger_by('id')
AttributeError: 'QuerySet' object has no attribute 'orger_by'
ERROR|04/Jun/2021 17:08:04|basehttp|11751|139644735371008|"GET /get_national_id/?organization=ORG150866&country=India HTTP/1.1" 500 19532
ERROR|04/Jun/2021 17:09:29|log|11982|140409200977664|Internal Server Error: /get_national_id/
Traceback (most recent call last):
  File "/media/tspl26/D/raju_python/mobility_env/lib/python3.7/site-packages/django/core/handlers/exception.py", line 34, in inner
    response = get_response(request)
  File "/media/tspl26/D/raju_python/mobility_env/lib/python3.7/site-packages/django/core/handlers/base.py", line 126, in _get_response
    response = self.process_exception_by_middleware(e, request)
  File "/media/tspl26/D/raju_python/mobility_env/lib/python3.7/site-packages/django/core/handlers/base.py", line 124, in _get_response
    response = wrapped_callback(request, *callback_args, **callback_kwargs)
  File "/media/tspl26/D/raju_python/mobility_env/lib/python3.7/site-packages/django/views/decorators/csrf.py", line 54, in wrapped_view
    return view_func(*args, **kwargs)
  File "/media/tspl26/D/raju_python/mobility_env/lib/python3.7/site-packages/django/views/generic/base.py", line 68, in view
    return self.dispatch(request, *args, **kwargs)
  File "/media/tspl26/D/raju_python/mobility_env/lib/python3.7/site-packages/rest_framework/views.py", line 495, in dispatch
    response = self.handle_exception(exc)
  File "/media/tspl26/D/raju_python/mobility_env/lib/python3.7/site-packages/rest_framework/views.py", line 455, in handle_exception
    self.raise_uncaught_exception(exc)
  File "/media/tspl26/D/raju_python/mobility_env/lib/python3.7/site-packages/rest_framework/views.py", line 492, in dispatch
    response = handler(request, *args, **kwargs)
  File "/media/tspl26/D/raju_python/mobility_env/mobilitysqr_live/mobility_apps/master/views/country.py", line 638, in get
    taxgrid = National_Id.objects.filter(country=country_id).orger_by('id')
AttributeError: 'QuerySet' object has no attribute 'orger_by'
ERROR|04/Jun/2021 17:09:29|basehttp|11982|140409200977664|"GET /get_national_id/?organization=ORG150866&country=India HTTP/1.1" 500 19348
ERROR|04/Jun/2021 17:09:31|log|11982|140409200977664|Internal Server Error: /get_national_id/
Traceback (most recent call last):
  File "/media/tspl26/D/raju_python/mobility_env/lib/python3.7/site-packages/django/core/handlers/exception.py", line 34, in inner
    response = get_response(request)
  File "/media/tspl26/D/raju_python/mobility_env/lib/python3.7/site-packages/django/core/handlers/base.py", line 126, in _get_response
    response = self.process_exception_by_middleware(e, request)
  File "/media/tspl26/D/raju_python/mobility_env/lib/python3.7/site-packages/django/core/handlers/base.py", line 124, in _get_response
    response = wrapped_callback(request, *callback_args, **callback_kwargs)
  File "/media/tspl26/D/raju_python/mobility_env/lib/python3.7/site-packages/django/views/decorators/csrf.py", line 54, in wrapped_view
    return view_func(*args, **kwargs)
  File "/media/tspl26/D/raju_python/mobility_env/lib/python3.7/site-packages/django/views/generic/base.py", line 68, in view
    return self.dispatch(request, *args, **kwargs)
  File "/media/tspl26/D/raju_python/mobility_env/lib/python3.7/site-packages/rest_framework/views.py", line 495, in dispatch
    response = self.handle_exception(exc)
  File "/media/tspl26/D/raju_python/mobility_env/lib/python3.7/site-packages/rest_framework/views.py", line 455, in handle_exception
    self.raise_uncaught_exception(exc)
  File "/media/tspl26/D/raju_python/mobility_env/lib/python3.7/site-packages/rest_framework/views.py", line 492, in dispatch
    response = handler(request, *args, **kwargs)
  File "/media/tspl26/D/raju_python/mobility_env/mobilitysqr_live/mobility_apps/master/views/country.py", line 638, in get
    taxgrid = National_Id.objects.filter(country=country_id).orger_by('id')
AttributeError: 'QuerySet' object has no attribute 'orger_by'
ERROR|04/Jun/2021 17:09:31|basehttp|11982|140409200977664|"GET /get_national_id/?organization=ORG150866&country=India HTTP/1.1" 500 19348
INFO|04/Jun/2021 17:10:02|basehttp|12045|140549745628928|"GET /get_national_id/?organization=ORG150866&country=India HTTP/1.1" 200 63
WARNING|04/Jun/2021 19:36:15|log|12859|139797603514112|Unauthorized: /get_action_status/
WARNING|04/Jun/2021 19:36:15|basehttp|12859|139797603514112|"GET /get_action_status/?module=T, HTTP/1.1" 401 58
INFO|04/Jun/2021 19:36:18|basehttp|12859|139797603514112|"POST /api/custom/login/ HTTP/1.1" 200 455
INFO|04/Jun/2021 19:36:33|basehttp|12859|139797603514112|"GET /get_action_status/?module=T, HTTP/1.1" 200 2108
INFO|04/Jun/2021 19:37:30|basehttp|16927|140555173840640|"GET /get_action_status/?module=T, HTTP/1.1" 200 2112
