WARNING|20/Jul/2021 00:45:18|log|21640|140205667374848|Unauthorized: /get_travel_request_vaccine_check/
WARNING|20/Jul/2021 00:45:18|basehttp|21640|140205667374848|"GET /get_travel_request_vaccine_check/?emp_code=Emp112&country_id=231 HTTP/1.1" 401 58
ERROR|20/Jul/2021 00:45:39|log|21697|140654792853248|Internal Server Error: /get_travel_request_vaccine_check/
Traceback (most recent call last):
  File "/media/tspl26/D/raju_python/mobility_env/lib/python3.7/site-packages/django/core/handlers/exception.py", line 34, in inner
    response = get_response(request)
  File "/media/tspl26/D/raju_python/mobility_env/lib/python3.7/site-packages/django/core/handlers/base.py", line 126, in _get_response
    response = self.process_exception_by_middleware(e, request)
  File "/media/tspl26/D/raju_python/mobility_env/lib/python3.7/site-packages/django/core/handlers/base.py", line 124, in _get_response
    response = wrapped_callback(request, *callback_args, **callback_kwargs)
  File "/media/tspl26/D/raju_python/mobility_env/lib/python3.7/site-packages/django/views/decorators/csrf.py", line 54, in wrapped_view
    return view_func(*args, **kwargs)
  File "/media/tspl26/D/raju_python/mobility_env/lib/python3.7/site-packages/django/views/generic/base.py", line 68, in view
    return self.dispatch(request, *args, **kwargs)
  File "/media/tspl26/D/raju_python/mobility_env/lib/python3.7/site-packages/rest_framework/views.py", line 495, in dispatch
    response = self.handle_exception(exc)
  File "/media/tspl26/D/raju_python/mobility_env/lib/python3.7/site-packages/rest_framework/views.py", line 455, in handle_exception
    self.raise_uncaught_exception(exc)
  File "/media/tspl26/D/raju_python/mobility_env/lib/python3.7/site-packages/rest_framework/views.py", line 492, in dispatch
    response = handler(request, *args, **kwargs)
  File "/media/tspl26/D/raju_python/mobility_env/mobilitysqr_live/mobility_apps/master/views/vendor.py", line 974, in get
    Vaccine_Autho_Obj = Vaccine_Autho_Country.objects.filter(vaccine_master_id=vaccine_master_id,country_id=country_id,authorization_type=True)
  File "/media/tspl26/D/raju_python/mobility_env/lib/python3.7/site-packages/django/db/models/manager.py", line 82, in manager_method
    return getattr(self.get_queryset(), name)(*args, **kwargs)
  File "/media/tspl26/D/raju_python/mobility_env/lib/python3.7/site-packages/django/db/models/query.py", line 841, in filter
    return self._filter_or_exclude(False, *args, **kwargs)
  File "/media/tspl26/D/raju_python/mobility_env/lib/python3.7/site-packages/django/db/models/query.py", line 859, in _filter_or_exclude
    clone.query.add_q(Q(*args, **kwargs))
  File "/media/tspl26/D/raju_python/mobility_env/lib/python3.7/site-packages/django/db/models/sql/query.py", line 1263, in add_q
    clause, _ = self._add_q(q_object, self.used_aliases)
  File "/media/tspl26/D/raju_python/mobility_env/lib/python3.7/site-packages/django/db/models/sql/query.py", line 1287, in _add_q
    split_subq=split_subq,
  File "/media/tspl26/D/raju_python/mobility_env/lib/python3.7/site-packages/django/db/models/sql/query.py", line 1225, in build_filter
    condition = self.build_lookup(lookups, col, value)
  File "/media/tspl26/D/raju_python/mobility_env/lib/python3.7/site-packages/django/db/models/sql/query.py", line 1096, in build_lookup
    lookup = lookup_class(lhs, rhs)
  File "/media/tspl26/D/raju_python/mobility_env/lib/python3.7/site-packages/django/db/models/lookups.py", line 20, in __init__
    self.rhs = self.get_prep_lookup()
  File "/media/tspl26/D/raju_python/mobility_env/lib/python3.7/site-packages/django/db/models/fields/related_lookups.py", line 115, in get_prep_lookup
    self.rhs = target_field.get_prep_value(self.rhs)
  File "/media/tspl26/D/raju_python/mobility_env/lib/python3.7/site-packages/django/db/models/fields/__init__.py", line 965, in get_prep_value
    return int(value)
ValueError: invalid literal for int() with base 10: ''
ERROR|20/Jul/2021 00:45:39|basehttp|21697|140654792853248|"GET /get_travel_request_vaccine_check/?emp_code=Emp112&country_id=231 HTTP/1.1" 500 21209
ERROR|20/Jul/2021 00:46:44|log|21743|140149251225344|Internal Server Error: /get_travel_request_vaccine_check/
Traceback (most recent call last):
  File "/media/tspl26/D/raju_python/mobility_env/lib/python3.7/site-packages/django/core/handlers/exception.py", line 34, in inner
    response = get_response(request)
  File "/media/tspl26/D/raju_python/mobility_env/lib/python3.7/site-packages/django/core/handlers/base.py", line 126, in _get_response
    response = self.process_exception_by_middleware(e, request)
  File "/media/tspl26/D/raju_python/mobility_env/lib/python3.7/site-packages/django/core/handlers/base.py", line 124, in _get_response
    response = wrapped_callback(request, *callback_args, **callback_kwargs)
  File "/media/tspl26/D/raju_python/mobility_env/lib/python3.7/site-packages/django/views/decorators/csrf.py", line 54, in wrapped_view
    return view_func(*args, **kwargs)
  File "/media/tspl26/D/raju_python/mobility_env/lib/python3.7/site-packages/django/views/generic/base.py", line 68, in view
    return self.dispatch(request, *args, **kwargs)
  File "/media/tspl26/D/raju_python/mobility_env/lib/python3.7/site-packages/rest_framework/views.py", line 495, in dispatch
    response = self.handle_exception(exc)
  File "/media/tspl26/D/raju_python/mobility_env/lib/python3.7/site-packages/rest_framework/views.py", line 455, in handle_exception
    self.raise_uncaught_exception(exc)
  File "/media/tspl26/D/raju_python/mobility_env/lib/python3.7/site-packages/rest_framework/views.py", line 492, in dispatch
    response = handler(request, *args, **kwargs)
  File "/media/tspl26/D/raju_python/mobility_env/mobilitysqr_live/mobility_apps/master/views/vendor.py", line 975, in get
    Vaccine_Autho_Obj = Vaccine_Autho_Country.objects.filter(vaccine_master_id=vaccine_master_id,country_id=country_id,authorization_type=True)
  File "/media/tspl26/D/raju_python/mobility_env/lib/python3.7/site-packages/django/db/models/manager.py", line 82, in manager_method
    return getattr(self.get_queryset(), name)(*args, **kwargs)
  File "/media/tspl26/D/raju_python/mobility_env/lib/python3.7/site-packages/django/db/models/query.py", line 841, in filter
    return self._filter_or_exclude(False, *args, **kwargs)
  File "/media/tspl26/D/raju_python/mobility_env/lib/python3.7/site-packages/django/db/models/query.py", line 859, in _filter_or_exclude
    clone.query.add_q(Q(*args, **kwargs))
  File "/media/tspl26/D/raju_python/mobility_env/lib/python3.7/site-packages/django/db/models/sql/query.py", line 1263, in add_q
    clause, _ = self._add_q(q_object, self.used_aliases)
  File "/media/tspl26/D/raju_python/mobility_env/lib/python3.7/site-packages/django/db/models/sql/query.py", line 1287, in _add_q
    split_subq=split_subq,
  File "/media/tspl26/D/raju_python/mobility_env/lib/python3.7/site-packages/django/db/models/sql/query.py", line 1225, in build_filter
    condition = self.build_lookup(lookups, col, value)
  File "/media/tspl26/D/raju_python/mobility_env/lib/python3.7/site-packages/django/db/models/sql/query.py", line 1096, in build_lookup
    lookup = lookup_class(lhs, rhs)
  File "/media/tspl26/D/raju_python/mobility_env/lib/python3.7/site-packages/django/db/models/lookups.py", line 20, in __init__
    self.rhs = self.get_prep_lookup()
  File "/media/tspl26/D/raju_python/mobility_env/lib/python3.7/site-packages/django/db/models/fields/related_lookups.py", line 115, in get_prep_lookup
    self.rhs = target_field.get_prep_value(self.rhs)
  File "/media/tspl26/D/raju_python/mobility_env/lib/python3.7/site-packages/django/db/models/fields/__init__.py", line 965, in get_prep_value
    return int(value)
ValueError: invalid literal for int() with base 10: ''
ERROR|20/Jul/2021 00:46:44|basehttp|21743|140149251225344|"GET /get_travel_request_vaccine_check/?emp_code=Emp112&country_id=231 HTTP/1.1" 500 21209
INFO|20/Jul/2021 00:48:24|basehttp|21863|140404029241088|"GET /get_travel_request_vaccine_check/?emp_code=Emp112&country_id=231 HTTP/1.1" 200 182
INFO|20/Jul/2021 00:56:34|basehttp|22039|140556437128960|"GET /get_travel_request_vaccine_check/?emp_code=Emp112&country_id=231 HTTP/1.1" 200 182
INFO|20/Jul/2021 00:56:38|basehttp|22039|140556437128960|"GET /get_travel_request_vaccine_check/?emp_code=Emp112&country_id=231 HTTP/1.1" 200 182
INFO|20/Jul/2021 00:56:52|basehttp|22039|140556437128960|"GET /get_travel_request_vaccine_check/?emp_code=Emp112&country_id=231 HTTP/1.1" 200 182
INFO|20/Jul/2021 00:59:47|basehttp|22324|139643373123328|"GET /get_travel_request_vaccine_check/?emp_code=Emp112&country_id=231 HTTP/1.1" 200 181
INFO|20/Jul/2021 01:06:11|basehttp|22451|140007017760512|"GET /get_travel_request_vaccine_check/?emp_code=Emp112&country_id=231 HTTP/1.1" 200 180
INFO|20/Jul/2021 01:06:15|basehttp|22451|140007017760512|"GET /get_travel_request_vaccine_check/?emp_code=Emp112&country_id=231 HTTP/1.1" 200 180
INFO|20/Jul/2021 01:06:27|basehttp|22451|140007017760512|"GET /get_travel_request_vaccine_check/?emp_code=Emp112&country_id=231 HTTP/1.1" 200 180
INFO|20/Jul/2021 01:06:34|basehttp|22451|140007017760512|"GET /get_travel_request_vaccine_check/?emp_code=Emp112&country_id=231 HTTP/1.1" 200 180
INFO|20/Jul/2021 01:12:15|basehttp|22451|140007017760512|"GET /get_travel_request_vaccine_check/?emp_code=Emp112&country_id=231 HTTP/1.1" 200 180
INFO|20/Jul/2021 01:12:16|basehttp|22451|140007017760512|"GET /get_travel_request_vaccine_check/?emp_code=Emp112&country_id=231 HTTP/1.1" 200 180
INFO|20/Jul/2021 01:12:18|basehttp|22451|140007017760512|"GET /get_travel_request_vaccine_check/?emp_code=Emp112&country_id=231 HTTP/1.1" 200 180
INFO|20/Jul/2021 02:19:14|basehttp|27005|139962196416256|"GET /get_travel_request_vaccine_check/?emp_code=gauravg&country_id=231 HTTP/1.1" 200 180
INFO|20/Jul/2021 02:19:57|basehttp|27535|139652430292736|"GET /get_travel_request_vaccine_check/?emp_code=gauravg&country_id=231 HTTP/1.1" 200 180
INFO|20/Jul/2021 02:23:17|basehttp|27727|139857875687168|"GET /get_travel_request_vaccine_check/?emp_code=gauravg&country_id=231 HTTP/1.1" 200 182
INFO|20/Jul/2021 02:49:20|basehttp|29095|140366065952512|"GET /get_travel_request_vaccine_check/?emp_code=gauravg&country_id=231 HTTP/1.1" 200 127
INFO|20/Jul/2021 02:50:19|basehttp|29095|140366065952512|"GET /get_post_vaccine_autho_country/?organization=ORG150866&id=16 HTTP/1.1" 200 117687
INFO|20/Jul/2021 03:01:03|basehttp|29095|140366065952512|"GET /get_post_vaccine_autho_country/?organization=ORG150866 HTTP/1.1" 200 647346
WARNING|20/Jul/2021 03:15:34|log|30292|140306755991296|Not Acceptable: /get_post_vaccine_autho_country/
WARNING|20/Jul/2021 03:15:34|basehttp|30292|140306755991296|"GET /get_post_vaccine_autho_country/?organization=ORG150866 HTTP/1.1" 406 104
WARNING|20/Jul/2021 03:17:48|log|30538|140427089950464|Not Acceptable: /get_post_vaccine_autho_country/
WARNING|20/Jul/2021 03:17:48|basehttp|30538|140427089950464|"GET /get_post_vaccine_autho_country/?organization=ORG150866 HTTP/1.1" 406 78
WARNING|20/Jul/2021 03:17:53|log|30538|140427089950464|Not Acceptable: /get_post_vaccine_autho_country/
WARNING|20/Jul/2021 03:17:53|basehttp|30538|140427089950464|"GET /get_post_vaccine_autho_country/?organization=ORG150866 HTTP/1.1" 406 78
WARNING|20/Jul/2021 03:20:52|log|30863|139980107130624|Not Acceptable: /get_post_vaccine_autho_country/
WARNING|20/Jul/2021 03:20:52|basehttp|30863|139980107130624|"GET /get_post_vaccine_autho_country/?organization=ORG150866 HTTP/1.1" 406 63
WARNING|20/Jul/2021 03:20:56|log|30863|139980107130624|Not Acceptable: /get_post_vaccine_autho_country/
WARNING|20/Jul/2021 03:20:56|basehttp|30863|139980107130624|"GET /get_post_vaccine_autho_country/?organization=ORG150866 HTTP/1.1" 406 63
WARNING|20/Jul/2021 03:21:33|log|30947|140703840188160|Not Acceptable: /get_post_vaccine_autho_country/
WARNING|20/Jul/2021 03:21:33|basehttp|30947|140703840188160|"GET /get_post_vaccine_autho_country/?organization=ORG150866 HTTP/1.1" 406 58
WARNING|20/Jul/2021 03:21:34|log|30947|140703840188160|Not Acceptable: /get_post_vaccine_autho_country/
WARNING|20/Jul/2021 03:21:34|basehttp|30947|140703840188160|"GET /get_post_vaccine_autho_country/?organization=ORG150866 HTTP/1.1" 406 58
