INFO|28/Apr/2021 15:16:01|basehttp|3635|140006736357120|"OPTIONS /api/custom/login/ HTTP/1.1" 200 0
INFO|28/Apr/2021 15:16:02|basehttp|3635|140006736357120|"POST /api/custom/login/ HTTP/1.1" 200 455
INFO|28/Apr/2021 15:16:02|basehttp|3635|140006736357120|"OPTIONS /emoloyeeinfo/ HTTP/1.1" 200 0
INFO|28/Apr/2021 15:16:03|basehttp|3635|140006736357120|"POST /emoloyeeinfo/ HTTP/1.1" 200 1526
INFO|28/Apr/2021 15:16:03|basehttp|3635|140006736357120|"OPTIONS /get_post_notification/?email=div944&org_id=ORG150866 HTTP/1.1" 200 0
INFO|28/Apr/2021 15:16:03|basehttp|3635|140006727702272|"OPTIONS /getemployee_org_info/?employee=div944 HTTP/1.1" 200 0
INFO|28/Apr/2021 15:16:04|basehttp|3635|140006727702272|"OPTIONS /get_travel_request_approver_top/?emp_email=div944&travel_req_status=2&type=Travel&org_id=ORG150866&limit=5 HTTP/1.1" 200 0
INFO|28/Apr/2021 15:16:04|basehttp|3635|140006736357120|"OPTIONS /get_add/travel_request/?travel_req_status=2&org_id=ORG150866&emp_email=div944 HTTP/1.1" 200 0
INFO|28/Apr/2021 15:16:04|basehttp|3635|140006727702272|"OPTIONS /getemployee_passport_info/?employee=div944 HTTP/1.1" 200 0
INFO|28/Apr/2021 15:16:04|basehttp|3635|140006719309568|"OPTIONS /org_travel_request/?travel_req_status=2&org_id=ORG150866&current_ticket_email=div944 HTTP/1.1" 200 0
INFO|28/Apr/2021 15:16:04|basehttp|3635|140006719309568|"GET /media/Roy_vkMwXiw.png HTTP/1.1" 200 71100
INFO|28/Apr/2021 15:16:04|basehttp|3635|140006719309568|"OPTIONS /getemployee_visa_info/?employee=div944 HTTP/1.1" 200 0
INFO|28/Apr/2021 15:16:04|basehttp|3635|140006727702272|"OPTIONS /post_get_calender_event/?emp_code=div944 HTTP/1.1" 200 0
INFO|28/Apr/2021 15:16:04|basehttp|3635|140006719309568|"OPTIONS /get_travel_count_user/?emp_code=div944 HTTP/1.1" 200 0
INFO|28/Apr/2021 15:16:04|basehttp|3635|140006736357120|"GET /getemployee_org_info/?employee=div944 HTTP/1.1" 200 696
INFO|28/Apr/2021 15:16:04|basehttp|3635|140006727702272|"GET /get_post_notification/?email=div944&org_id=ORG150866 HTTP/1.1" 200 2314
INFO|28/Apr/2021 15:16:05|basehttp|3635|140006736357120|"GET /get_travel_request_approver_top/?emp_email=div944&travel_req_status=2&type=Travel&org_id=ORG150866&limit=5 HTTP/1.1" 200 48
INFO|28/Apr/2021 15:16:05|basehttp|3635|140006692300544|"GET /getemployee_passport_info/?employee=div944 HTTP/1.1" 200 805
INFO|28/Apr/2021 15:16:06|basehttp|3635|140006692300544|"GET /post_get_calender_event/?emp_code=div944 HTTP/1.1" 200 48
INFO|28/Apr/2021 15:16:06|basehttp|3635|140006727702272|"GET /org_travel_request/?travel_req_status=2&org_id=ORG150866&current_ticket_email=div944 HTTP/1.1" 200 17876
INFO|28/Apr/2021 15:16:06|basehttp|3635|140006692300544|"GET /get_travel_count_user/?emp_code=div944 HTTP/1.1" 200 83
INFO|28/Apr/2021 15:16:06|basehttp|3635|140006692300544|"GET /getemployee_visa_info/?employee=div944 HTTP/1.1" 200 1336
INFO|28/Apr/2021 15:16:06|basehttp|3635|140006710916864|"GET /get_add/travel_request/?travel_req_status=2&org_id=ORG150866&emp_email=div944 HTTP/1.1" 200 43867
INFO|28/Apr/2021 15:16:23|basehttp|3635|140006710916864|"OPTIONS /api/custom/login/ HTTP/1.1" 200 0
INFO|28/Apr/2021 15:16:24|basehttp|3635|140006710916864|"POST /api/custom/login/ HTTP/1.1" 200 455
INFO|28/Apr/2021 15:16:24|basehttp|3635|140006710916864|"OPTIONS /emoloyeeinfo/ HTTP/1.1" 200 0
INFO|28/Apr/2021 15:16:25|basehttp|3635|140006710916864|"POST /emoloyeeinfo/ HTTP/1.1" 200 1537
INFO|28/Apr/2021 15:16:25|basehttp|3635|140006710916864|"OPTIONS /get_post_notification/?email=nishantt001&org_id=ORG150866 HTTP/1.1" 200 0
INFO|28/Apr/2021 15:16:25|basehttp|3635|140006710916864|"OPTIONS /getemployee_org_info/?employee=nishantt001 HTTP/1.1" 200 0
INFO|28/Apr/2021 15:16:25|basehttp|3635|140006710916864|"OPTIONS /get_add/travel_request/?travel_req_status=2&org_id=ORG150866&emp_email=nishantt001 HTTP/1.1" 200 0
INFO|28/Apr/2021 15:16:25|basehttp|3635|140006692300544|"OPTIONS /getemployee_passport_info/?employee=nishantt001 HTTP/1.1" 200 0
INFO|28/Apr/2021 15:16:25|basehttp|3635|140006692300544|"OPTIONS /getemployee_visa_info/?employee=nishantt001 HTTP/1.1" 200 0
INFO|28/Apr/2021 15:16:25|basehttp|3635|140006710916864|"OPTIONS /post_get_calender_event/?emp_code=nishantt001 HTTP/1.1" 200 0
INFO|28/Apr/2021 15:16:26|basehttp|3635|140006710916864|"OPTIONS /get_travel_count_user/?emp_code=nishantt001 HTTP/1.1" 200 0
INFO|28/Apr/2021 15:16:26|basehttp|3635|140006692300544|"GET /getemployee_org_info/?employee=nishantt001 HTTP/1.1" 200 718
INFO|28/Apr/2021 15:16:26|basehttp|3635|140006337279744|"GET /getemployee_visa_info/?employee=nishantt001 HTTP/1.1" 200 733
INFO|28/Apr/2021 15:16:26|basehttp|3635|140006736357120|"GET /getemployee_passport_info/?employee=nishantt001 HTTP/1.1" 200 795
INFO|28/Apr/2021 15:16:26|basehttp|3635|140006736357120|"GET /post_get_calender_event/?emp_code=nishantt001 HTTP/1.1" 200 2495
INFO|28/Apr/2021 15:16:27|basehttp|3635|140006736357120|"GET /get_travel_count_user/?emp_code=nishantt001 HTTP/1.1" 200 84
INFO|28/Apr/2021 15:16:27|basehttp|3635|140006710916864|"GET /get_post_notification/?email=nishantt001&org_id=ORG150866 HTTP/1.1" 200 57613
INFO|28/Apr/2021 15:16:28|basehttp|3635|140006727702272|"GET /get_add/travel_request/?travel_req_status=2&org_id=ORG150866&emp_email=nishantt001 HTTP/1.1" 200 40045
INFO|28/Apr/2021 15:16:32|basehttp|3635|140006727702272|"OPTIONS /get_action_status/?module=T, HTTP/1.1" 200 0
INFO|28/Apr/2021 15:16:33|basehttp|3635|140006727702272|"GET /get_action_status/?module=T, HTTP/1.1" 200 2108
INFO|28/Apr/2021 15:16:34|basehttp|3635|140006710916864|"GET /get_add/travel_request/?travel_req_status=2&org_id=ORG150866&emp_email=nishantt001 HTTP/1.1" 200 40045
INFO|28/Apr/2021 15:16:38|basehttp|3635|140006710916864|"OPTIONS /get_add/travel_request/?travel_req_status=3&org_id=ORG150866&emp_email=nishantt001 HTTP/1.1" 200 0
INFO|28/Apr/2021 15:16:38|basehttp|3635|140006710916864|"GET /get_action_status/?module=T, HTTP/1.1" 200 2108
INFO|28/Apr/2021 15:16:41|basehttp|3635|140006710916864|"GET /get_add/travel_request/?travel_req_status=3&org_id=ORG150866&emp_email=nishantt001 HTTP/1.1" 200 61173
INFO|28/Apr/2021 15:16:44|basehttp|3635|140006710916864|"OPTIONS /getassignmentletter/?travel_req_id=TR101700 HTTP/1.1" 200 0
ERROR|28/Apr/2021 15:16:45|log|3635|140006710916864|Internal Server Error: /getassignmentletter/
Traceback (most recent call last):
  File "/home/mobilitysqr/.local/lib/python3.6/site-packages/django/core/handlers/exception.py", line 34, in inner
    response = get_response(request)
  File "/home/mobilitysqr/.local/lib/python3.6/site-packages/django/core/handlers/base.py", line 126, in _get_response
    response = self.process_exception_by_middleware(e, request)
  File "/home/mobilitysqr/.local/lib/python3.6/site-packages/django/core/handlers/base.py", line 124, in _get_response
    response = wrapped_callback(request, *callback_args, **callback_kwargs)
  File "/home/mobilitysqr/.local/lib/python3.6/site-packages/django/views/decorators/csrf.py", line 54, in wrapped_view
    return view_func(*args, **kwargs)
  File "/home/mobilitysqr/.local/lib/python3.6/site-packages/django/views/generic/base.py", line 68, in view
    return self.dispatch(request, *args, **kwargs)
  File "/home/mobilitysqr/.local/lib/python3.6/site-packages/rest_framework/views.py", line 495, in dispatch
    response = self.handle_exception(exc)
  File "/home/mobilitysqr/.local/lib/python3.6/site-packages/rest_framework/views.py", line 455, in handle_exception
    self.raise_uncaught_exception(exc)
  File "/home/mobilitysqr/.local/lib/python3.6/site-packages/rest_framework/views.py", line 492, in dispatch
    response = handler(request, *args, **kwargs)
  File "/var/www/html/mobilitysqr_staging/mobility_apps/letter/views.py", line 306, in get
    datas['SchoolTuitionSelf']=school[0]['annual_ammount']
  File "/home/mobilitysqr/.local/lib/python3.6/site-packages/django/db/models/query.py", line 303, in __getitem__
    return qs._result_cache[0]
IndexError: list index out of range
ERROR|28/Apr/2021 15:16:45|basehttp|3635|140006710916864|"GET /getassignmentletter/?travel_req_id=TR101700 HTTP/1.1" 500 17545
INFO|28/Apr/2021 15:17:52|basehttp|3635|140006719309568|"POST /api/custom/login/ HTTP/1.1" 200 455
INFO|28/Apr/2021 15:17:52|basehttp|3635|140006719309568|"POST /emoloyeeinfo/ HTTP/1.1" 200 1508
INFO|28/Apr/2021 15:17:53|basehttp|3635|140006719309568|"OPTIONS /getemployee_org_info/?employee=Emp112 HTTP/1.1" 200 0
INFO|28/Apr/2021 15:17:53|basehttp|3635|140006710916864|"OPTIONS /get_post_notification/?email=Emp112&org_id=ORG150866 HTTP/1.1" 200 0
INFO|28/Apr/2021 15:17:53|basehttp|3635|140006710916864|"OPTIONS /getemployee_passport_info/?employee=Emp112 HTTP/1.1" 200 0
INFO|28/Apr/2021 15:17:53|basehttp|3635|140006719309568|"OPTIONS /getemployee_visa_info/?employee=Emp112 HTTP/1.1" 200 0
INFO|28/Apr/2021 15:17:53|basehttp|3635|140006727702272|"OPTIONS /get_add/travel_request/?travel_req_status=2&org_id=ORG150866&emp_email=Emp112 HTTP/1.1" 200 0
INFO|28/Apr/2021 15:17:53|basehttp|3635|140006719309568|"OPTIONS /get_travel_request_approver_top/?emp_email=Emp112&travel_req_status=2&type=Travel&org_id=ORG150866&limit=5 HTTP/1.1" 200 0
INFO|28/Apr/2021 15:17:53|basehttp|3635|140006719309568|"OPTIONS /post_get_calender_event/?emp_code=Emp112 HTTP/1.1" 200 0
INFO|28/Apr/2021 15:17:53|basehttp|3635|140006727702272|"OPTIONS /get_travel_count_user/?emp_code=Emp112 HTTP/1.1" 200 0
INFO|28/Apr/2021 15:17:54|basehttp|3635|140006719309568|"GET /getemployee_org_info/?employee=Emp112 HTTP/1.1" 200 43
INFO|28/Apr/2021 15:17:54|basehttp|3635|140006727702272|"GET /getemployee_visa_info/?employee=Emp112 HTTP/1.1" 200 1323
INFO|28/Apr/2021 15:17:54|basehttp|3635|140006736357120|"GET /getemployee_passport_info/?employee=Emp112 HTTP/1.1" 200 2390
INFO|28/Apr/2021 15:17:54|basehttp|3635|140006710916864|"GET /get_post_notification/?email=Emp112&org_id=ORG150866 HTTP/1.1" 200 4000
INFO|28/Apr/2021 15:17:54|basehttp|3635|140006692300544|"GET /media/Roy.png HTTP/1.1" 200 71100
INFO|28/Apr/2021 15:17:54|basehttp|3635|140006727702272|"GET /get_travel_count_user/?emp_code=Emp112 HTTP/1.1" 200 83
INFO|28/Apr/2021 15:17:55|basehttp|3635|140006719309568|"GET /post_get_calender_event/?emp_code=Emp112 HTTP/1.1" 200 16292
INFO|28/Apr/2021 15:17:55|basehttp|3635|140006736357120|"GET /get_travel_request_approver_top/?emp_email=Emp112&travel_req_status=2&type=Travel&org_id=ORG150866&limit=5 HTTP/1.1" 200 8121
INFO|28/Apr/2021 15:17:59|basehttp|3635|140006710916864|"GET /get_add/travel_request/?travel_req_status=2&org_id=ORG150866&emp_email=Emp112 HTTP/1.1" 200 109302
INFO|28/Apr/2021 15:19:38|basehttp|3635|140006692300544|"OPTIONS /api/custom/login/ HTTP/1.1" 200 0
INFO|28/Apr/2021 15:19:38|basehttp|3635|140006692300544|"POST /api/custom/login/ HTTP/1.1" 200 455
INFO|28/Apr/2021 15:19:40|basehttp|3635|140006692300544|"OPTIONS /emoloyeeinfo/ HTTP/1.1" 200 0
INFO|28/Apr/2021 15:19:40|basehttp|3635|140006692300544|"POST /emoloyeeinfo/ HTTP/1.1" 200 1526
INFO|28/Apr/2021 15:19:41|basehttp|3635|140006692300544|"OPTIONS /get_post_notification/?email=div944&org_id=ORG150866 HTTP/1.1" 200 0
INFO|28/Apr/2021 15:19:41|basehttp|3635|140006692300544|"OPTIONS /getemployee_org_info/?employee=div944 HTTP/1.1" 200 0
INFO|28/Apr/2021 15:19:41|basehttp|3635|140006692300544|"OPTIONS /get_add/travel_request/?travel_req_status=2&org_id=ORG150866&emp_email=div944 HTTP/1.1" 200 0
INFO|28/Apr/2021 15:19:41|basehttp|3635|140006710916864|"OPTIONS /org_travel_request/?travel_req_status=2&org_id=ORG150866&current_ticket_email=div944 HTTP/1.1" 200 0
INFO|28/Apr/2021 15:19:41|basehttp|3635|140006692300544|"OPTIONS /getemployee_passport_info/?employee=div944 HTTP/1.1" 200 0
INFO|28/Apr/2021 15:19:41|basehttp|3635|140006736357120|"OPTIONS /get_travel_request_approver_top/?emp_email=div944&travel_req_status=2&type=Travel&org_id=ORG150866&limit=5 HTTP/1.1" 200 0
INFO|28/Apr/2021 15:19:42|basehttp|3635|140006692300544|"OPTIONS /getemployee_visa_info/?employee=div944 HTTP/1.1" 200 0
INFO|28/Apr/2021 15:19:42|basehttp|3635|140006692300544|"OPTIONS /post_get_calender_event/?emp_code=div944 HTTP/1.1" 200 0
INFO|28/Apr/2021 15:19:42|basehttp|3635|140006692300544|"GET /media/Roy_vkMwXiw.png HTTP/1.1" 304 0
INFO|28/Apr/2021 15:19:42|basehttp|3635|140006692300544|"OPTIONS /get_travel_count_user/?emp_code=div944 HTTP/1.1" 200 0
INFO|28/Apr/2021 15:19:42|basehttp|3635|140006692300544|"GET /getemployee_org_info/?employee=div944 HTTP/1.1" 200 696
INFO|28/Apr/2021 15:19:42|basehttp|3635|140006736357120|"GET /get_post_notification/?email=div944&org_id=ORG150866 HTTP/1.1" 200 2314
INFO|28/Apr/2021 15:19:42|basehttp|3635|140006710916864|"GET /get_travel_request_approver_top/?emp_email=div944&travel_req_status=2&type=Travel&org_id=ORG150866&limit=5 HTTP/1.1" 200 48
INFO|28/Apr/2021 15:19:43|basehttp|3635|140006719309568|"GET /post_get_calender_event/?emp_code=div944 HTTP/1.1" 200 48
INFO|28/Apr/2021 15:19:43|basehttp|3635|140006710916864|"GET /getemployee_passport_info/?employee=div944 HTTP/1.1" 200 805
INFO|28/Apr/2021 15:19:43|basehttp|3635|140006710916864|"GET /get_travel_count_user/?emp_code=div944 HTTP/1.1" 200 83
INFO|28/Apr/2021 15:19:44|basehttp|3635|140006692300544|"GET /get_add/travel_request/?travel_req_status=2&org_id=ORG150866&emp_email=div944 HTTP/1.1" 200 43867
INFO|28/Apr/2021 15:19:44|basehttp|3635|140006719309568|"GET /getemployee_visa_info/?employee=div944 HTTP/1.1" 200 1336
INFO|28/Apr/2021 15:19:45|basehttp|3635|140006710916864|"GET /org_travel_request/?travel_req_status=2&org_id=ORG150866&current_ticket_email=div944 HTTP/1.1" 200 17876
INFO|28/Apr/2021 15:22:37|basehttp|3635|140006710916864|"OPTIONS /get_add/travel_request/?travel_req_status=3&org_id=ORG150866&emp_email=div944 HTTP/1.1" 200 0
INFO|28/Apr/2021 15:22:37|basehttp|3635|140006710916864|"OPTIONS /get_action_status/?module=T, HTTP/1.1" 200 0
INFO|28/Apr/2021 15:22:37|basehttp|3635|140006736357120|"GET /get_action_status/?module=T, HTTP/1.1" 200 2108
INFO|28/Apr/2021 15:22:37|basehttp|3635|140006710916864|"GET /get_add/travel_request/?travel_req_status=3&org_id=ORG150866&emp_email=div944 HTTP/1.1" 200 18945
INFO|28/Apr/2021 15:22:40|basehttp|3635|140006719309568|"GET /get_travel_request_approver_top/?emp_email=div944&travel_req_status=2&type=Travel&org_id=ORG150866&limit=5 HTTP/1.1" 200 48
INFO|28/Apr/2021 15:22:40|basehttp|3635|140006692300544|"GET /getemployee_passport_info/?employee=div944 HTTP/1.1" 200 805
INFO|28/Apr/2021 15:22:40|basehttp|3635|140006328887040|"GET /post_get_calender_event/?emp_code=div944 HTTP/1.1" 200 48
INFO|28/Apr/2021 15:22:40|basehttp|3635|140006337279744|"GET /getemployee_visa_info/?employee=div944 HTTP/1.1" 200 1336
INFO|28/Apr/2021 15:22:41|basehttp|3635|140006337279744|"GET /get_travel_count_user/?emp_code=div944 HTTP/1.1" 200 83
INFO|28/Apr/2021 15:22:41|basehttp|3635|140006736357120|"GET /org_travel_request/?travel_req_status=2&org_id=ORG150866&current_ticket_email=div944 HTTP/1.1" 200 17876
INFO|28/Apr/2021 15:22:42|basehttp|3635|140006710916864|"GET /get_add/travel_request/?travel_req_status=2&org_id=ORG150866&emp_email=div944 HTTP/1.1" 200 43867
INFO|28/Apr/2021 15:25:50|basehttp|3635|140006710916864|"POST /api/custom/login/ HTTP/1.1" 200 455
INFO|28/Apr/2021 15:25:50|basehttp|3635|140006710916864|"POST /emoloyeeinfo/ HTTP/1.1" 200 1508
INFO|28/Apr/2021 15:25:51|basehttp|3635|140006710916864|"OPTIONS /get_post_notification/?email=Emp112&org_id=ORG150866 HTTP/1.1" 200 0
INFO|28/Apr/2021 15:25:51|basehttp|3635|140006736357120|"OPTIONS /getemployee_org_info/?employee=Emp112 HTTP/1.1" 200 0
INFO|28/Apr/2021 15:25:51|basehttp|3635|140006337279744|"OPTIONS /get_add/travel_request/?travel_req_status=2&org_id=ORG150866&emp_email=Emp112 HTTP/1.1" 200 0
INFO|28/Apr/2021 15:25:51|basehttp|3635|140006736357120|"OPTIONS /get_travel_request_approver_top/?emp_email=Emp112&travel_req_status=2&type=Travel&org_id=ORG150866&limit=5 HTTP/1.1" 200 0
INFO|28/Apr/2021 15:25:51|basehttp|3635|140006710916864|"OPTIONS /getemployee_passport_info/?employee=Emp112 HTTP/1.1" 200 0
INFO|28/Apr/2021 15:25:51|basehttp|3635|140006710916864|"OPTIONS /getemployee_visa_info/?employee=Emp112 HTTP/1.1" 200 0
INFO|28/Apr/2021 15:25:51|basehttp|3635|140006710916864|"OPTIONS /post_get_calender_event/?emp_code=Emp112 HTTP/1.1" 200 0
INFO|28/Apr/2021 15:25:51|basehttp|3635|140006710916864|"OPTIONS /get_travel_count_user/?emp_code=Emp112 HTTP/1.1" 200 0
INFO|28/Apr/2021 15:25:52|basehttp|3635|140006710916864|"GET /getemployee_org_info/?employee=Emp112 HTTP/1.1" 200 43
INFO|28/Apr/2021 15:25:52|basehttp|3635|140006736357120|"GET /getemployee_passport_info/?employee=Emp112 HTTP/1.1" 200 2390
INFO|28/Apr/2021 15:25:52|basehttp|3635|140006736357120|"GET /getemployee_visa_info/?employee=Emp112 HTTP/1.1" 200 1323
INFO|28/Apr/2021 15:25:52|basehttp|3635|140006736357120|"GET /media/Roy.png HTTP/1.1" 304 0
INFO|28/Apr/2021 15:25:52|basehttp|3635|140006726391552|"GET /get_travel_count_user/?emp_code=Emp112 HTTP/1.1" 200 83
INFO|28/Apr/2021 15:25:53|basehttp|3635|140006692300544|"GET /post_get_calender_event/?emp_code=Emp112 HTTP/1.1" 200 16292
INFO|28/Apr/2021 15:25:53|basehttp|3635|140006710916864|"GET /get_travel_request_approver_top/?emp_email=Emp112&travel_req_status=2&type=Travel&org_id=ORG150866&limit=5 HTTP/1.1" 200 8121
INFO|28/Apr/2021 15:25:53|basehttp|3635|140006692300544|"GET /get_post_notification/?email=Emp112&org_id=ORG150866 HTTP/1.1" 200 4000
INFO|28/Apr/2021 15:25:56|basehttp|3635|140006337279744|"GET /get_add/travel_request/?travel_req_status=2&org_id=ORG150866&emp_email=Emp112 HTTP/1.1" 200 109302
INFO|28/Apr/2021 15:28:24|basehttp|3635|140006726391552|"GET /getemployee_org_info/?employee=Emp112 HTTP/1.1" 200 43
INFO|28/Apr/2021 15:28:24|basehttp|3635|140006692300544|"GET /getemployee_passport_info/?employee=Emp112 HTTP/1.1" 200 2390
INFO|28/Apr/2021 15:28:24|basehttp|3635|140006337279744|"GET /get_post_notification/?email=Emp112&org_id=ORG150866 HTTP/1.1" 200 4000
INFO|28/Apr/2021 15:28:24|basehttp|3635|140006710916864|"GET /getemployee_visa_info/?employee=Emp112 HTTP/1.1" 200 1323
INFO|28/Apr/2021 15:28:24|basehttp|3635|140006328887040|"GET /get_travel_request_approver_top/?emp_email=Emp112&travel_req_status=2&type=Travel&org_id=ORG150866&limit=5 HTTP/1.1" 200 8121
INFO|28/Apr/2021 15:28:24|basehttp|3635|140006710916864|"GET /get_travel_count_user/?emp_code=Emp112 HTTP/1.1" 200 83
INFO|28/Apr/2021 15:28:25|basehttp|3635|140006328887040|"GET /post_get_calender_event/?emp_code=Emp112 HTTP/1.1" 200 16292
INFO|28/Apr/2021 15:28:29|basehttp|3635|140006736357120|"GET /get_add/travel_request/?travel_req_status=2&org_id=ORG150866&emp_email=Emp112 HTTP/1.1" 200 109302
INFO|28/Apr/2021 15:29:40|basehttp|3635|140006736357120|"OPTIONS /bulk_approve_travelvisa_request/ HTTP/1.1" 200 0
INFO|28/Apr/2021 15:29:44|basehttp|3635|140006736357120|"POST /bulk_approve_travelvisa_request/ HTTP/1.1" 200 59
INFO|28/Apr/2021 15:30:09|basehttp|3635|140006328887040|"GET /getemployee_org_info/?employee=Emp112 HTTP/1.1" 200 43
INFO|28/Apr/2021 15:30:09|basehttp|3635|140006736357120|"GET /get_post_notification/?email=Emp112&org_id=ORG150866 HTTP/1.1" 200 4000
INFO|28/Apr/2021 15:30:09|basehttp|3635|140006692300544|"GET /getemployee_visa_info/?employee=Emp112 HTTP/1.1" 200 1323
INFO|28/Apr/2021 15:30:09|basehttp|3635|140006328887040|"GET /getemployee_passport_info/?employee=Emp112 HTTP/1.1" 200 2390
INFO|28/Apr/2021 15:30:09|basehttp|3635|140006337279744|"GET /get_travel_request_approver_top/?emp_email=Emp112&travel_req_status=2&type=Travel&org_id=ORG150866&limit=5 HTTP/1.1" 200 8145
INFO|28/Apr/2021 15:30:10|basehttp|3635|140006337279744|"GET /get_travel_count_user/?emp_code=Emp112 HTTP/1.1" 200 83
INFO|28/Apr/2021 15:30:10|basehttp|3635|140006328887040|"GET /post_get_calender_event/?emp_code=Emp112 HTTP/1.1" 200 16292
INFO|28/Apr/2021 15:30:14|basehttp|3635|140006710916864|"GET /get_add/travel_request/?travel_req_status=2&org_id=ORG150866&emp_email=Emp112 HTTP/1.1" 200 109302
INFO|28/Apr/2021 15:30:34|basehttp|3635|140006710916864|"POST /bulk_approve_travelvisa_request/ HTTP/1.1" 200 59
INFO|28/Apr/2021 15:30:51|basehttp|3635|140006328887040|"GET /getemployee_org_info/?employee=Emp112 HTTP/1.1" 200 43
INFO|28/Apr/2021 15:30:51|basehttp|3635|140006736357120|"GET /getemployee_visa_info/?employee=Emp112 HTTP/1.1" 200 1323
INFO|28/Apr/2021 15:30:51|basehttp|3635|140006710916864|"GET /get_post_notification/?email=Emp112&org_id=ORG150866 HTTP/1.1" 200 4000
INFO|28/Apr/2021 15:30:51|basehttp|3635|140006320494336|"GET /getemployee_passport_info/?employee=Emp112 HTTP/1.1" 200 2390
INFO|28/Apr/2021 15:30:52|basehttp|3635|140006710916864|"GET /get_travel_count_user/?emp_code=Emp112 HTTP/1.1" 200 83
INFO|28/Apr/2021 15:30:52|basehttp|3635|140006337279744|"GET /get_travel_request_approver_top/?emp_email=Emp112&travel_req_status=2&type=Travel&org_id=ORG150866&limit=5 HTTP/1.1" 200 8209
INFO|28/Apr/2021 15:30:52|basehttp|3635|140006320494336|"GET /post_get_calender_event/?emp_code=Emp112 HTTP/1.1" 200 16292
INFO|28/Apr/2021 15:30:57|basehttp|3635|140006692300544|"GET /get_add/travel_request/?travel_req_status=2&org_id=ORG150866&emp_email=Emp112 HTTP/1.1" 200 109302
INFO|28/Apr/2021 15:31:21|basehttp|3635|140006692300544|"POST /api/custom/login/ HTTP/1.1" 200 455
INFO|28/Apr/2021 15:31:21|basehttp|3635|140006692300544|"POST /emoloyeeinfo/ HTTP/1.1" 200 1526
INFO|28/Apr/2021 15:31:22|basehttp|3635|140006320494336|"GET /getemployee_org_info/?employee=div944 HTTP/1.1" 200 696
INFO|28/Apr/2021 15:31:22|basehttp|3635|140006328887040|"GET /get_travel_request_approver_top/?emp_email=div944&travel_req_status=2&type=Travel&org_id=ORG150866&limit=5 HTTP/1.1" 200 48
INFO|28/Apr/2021 15:31:22|basehttp|3635|140006710916864|"GET /getemployee_passport_info/?employee=div944 HTTP/1.1" 200 805
INFO|28/Apr/2021 15:31:22|basehttp|3635|140006692300544|"GET /get_post_notification/?email=div944&org_id=ORG150866 HTTP/1.1" 200 2314
INFO|28/Apr/2021 15:31:23|basehttp|3635|140006692300544|"GET /post_get_calender_event/?emp_code=div944 HTTP/1.1" 200 48
INFO|28/Apr/2021 15:31:23|basehttp|3635|140006710916864|"GET /get_travel_count_user/?emp_code=div944 HTTP/1.1" 200 83
INFO|28/Apr/2021 15:31:23|basehttp|3635|140006328887040|"GET /getemployee_visa_info/?employee=div944 HTTP/1.1" 200 1336
INFO|28/Apr/2021 15:31:23|basehttp|3635|140006736357120|"GET /org_travel_request/?travel_req_status=2&org_id=ORG150866&current_ticket_email=div944 HTTP/1.1" 200 17876
INFO|28/Apr/2021 15:31:24|basehttp|3635|140006337279744|"GET /get_add/travel_request/?travel_req_status=2&org_id=ORG150866&emp_email=div944 HTTP/1.1" 200 43867
INFO|28/Apr/2021 15:31:27|basehttp|3635|140006337279744|"OPTIONS /get_org_count_visa_requests/?org_id=ORG150866 HTTP/1.1" 200 0
INFO|28/Apr/2021 15:31:27|basehttp|3635|140006337279744|"OPTIONS /get_org_count_travel_requests/?org_id=ORG150866 HTTP/1.1" 200 0
INFO|28/Apr/2021 15:31:28|basehttp|3635|140006337279744|"GET /get_org_count_visa_requests/?org_id=ORG150866 HTTP/1.1" 200 77
INFO|28/Apr/2021 15:31:28|basehttp|3635|140006337279744|"GET /get_org_count_travel_requests/?org_id=ORG150866 HTTP/1.1" 200 78
INFO|28/Apr/2021 15:34:59|basehttp|3635|140006328887040|"GET /post_get_calender_event/?emp_code=div944 HTTP/1.1" 200 48
INFO|28/Apr/2021 15:34:59|basehttp|3635|140006692300544|"GET /get_travel_request_approver_top/?emp_email=div944&travel_req_status=2&type=Travel&org_id=ORG150866&limit=5 HTTP/1.1" 200 48
INFO|28/Apr/2021 15:34:59|basehttp|3635|140006710916864|"GET /getemployee_passport_info/?employee=div944 HTTP/1.1" 200 805
INFO|28/Apr/2021 15:34:59|basehttp|3635|140006320494336|"GET /getemployee_visa_info/?employee=div944 HTTP/1.1" 200 1336
INFO|28/Apr/2021 15:35:00|basehttp|3635|140006320494336|"GET /get_travel_count_user/?emp_code=div944 HTTP/1.1" 200 83
INFO|28/Apr/2021 15:35:00|basehttp|3635|140006736357120|"GET /org_travel_request/?travel_req_status=2&org_id=ORG150866&current_ticket_email=div944 HTTP/1.1" 200 17876
INFO|28/Apr/2021 15:35:01|basehttp|3635|140006337279744|"GET /get_add/travel_request/?travel_req_status=2&org_id=ORG150866&emp_email=div944 HTTP/1.1" 200 43867
INFO|28/Apr/2021 15:35:58|basehttp|3635|140006736357120|"GET /get_org_count_visa_requests/?org_id=ORG150866 HTTP/1.1" 200 77
INFO|28/Apr/2021 15:35:58|basehttp|3635|140006337279744|"GET /get_org_count_travel_requests/?org_id=ORG150866 HTTP/1.1" 200 78
INFO|28/Apr/2021 15:36:19|basehttp|3635|140006337279744|"GET / HTTP/1.0" 200 75
INFO|28/Apr/2021 15:37:39|basehttp|3635|140006328887040|"GET /post_get_calender_event/?emp_code=div944 HTTP/1.1" 200 48
INFO|28/Apr/2021 15:37:39|basehttp|3635|140006710916864|"GET /get_travel_request_approver_top/?emp_email=div944&travel_req_status=2&type=Travel&org_id=ORG150866&limit=5 HTTP/1.1" 200 48
INFO|28/Apr/2021 15:37:39|basehttp|3635|140006320494336|"GET /getemployee_passport_info/?employee=div944 HTTP/1.1" 200 805
INFO|28/Apr/2021 15:37:39|basehttp|3635|140006692300544|"GET /getemployee_visa_info/?employee=div944 HTTP/1.1" 200 1336
INFO|28/Apr/2021 15:37:40|basehttp|3635|140006692300544|"GET /get_travel_count_user/?emp_code=div944 HTTP/1.1" 200 83
INFO|28/Apr/2021 15:37:41|basehttp|3635|140006337279744|"GET /org_travel_request/?travel_req_status=2&org_id=ORG150866&current_ticket_email=div944 HTTP/1.1" 200 17876
INFO|28/Apr/2021 15:37:42|basehttp|3635|140006736357120|"GET /get_add/travel_request/?travel_req_status=2&org_id=ORG150866&emp_email=div944 HTTP/1.1" 200 43867
INFO|28/Apr/2021 15:37:45|basehttp|3635|140006736357120|"OPTIONS /count_visa_requests/?assignment_email=div944&org_id=ORG150866 HTTP/1.1" 200 0
INFO|28/Apr/2021 15:37:45|basehttp|3635|140006736357120|"OPTIONS /count_travel_requests/?assignment_email=div944&org_id=ORG150866 HTTP/1.1" 200 0
INFO|28/Apr/2021 15:37:45|basehttp|3635|140006736357120|"GET /count_visa_requests/?assignment_email=div944&org_id=ORG150866 HTTP/1.1" 200 73
INFO|28/Apr/2021 15:37:46|basehttp|3635|140006736357120|"GET /count_travel_requests/?assignment_email=div944&org_id=ORG150866 HTTP/1.1" 200 72
INFO|28/Apr/2021 15:37:48|basehttp|3635|140006337279744|"GET /get_action_status/?module=T, HTTP/1.1" 200 2108
INFO|28/Apr/2021 15:37:49|basehttp|3635|140006736357120|"GET /org_travel_request/?travel_req_status=2&org_id=ORG150866&current_ticket_email=div944 HTTP/1.1" 200 17876
INFO|28/Apr/2021 15:38:27|basehttp|3635|140006320494336|"OPTIONS /get_active_currency/?status_type=Active HTTP/1.1" 200 0
INFO|28/Apr/2021 15:38:27|basehttp|3635|140006715639552|"OPTIONS /get_view_travel_request/?travel_req_id=TR211341&org_id=ORG150866 HTTP/1.1" 200 0
INFO|28/Apr/2021 15:38:27|basehttp|3635|140006692300544|"OPTIONS /get_vendors_type/ HTTP/1.1" 200 0
INFO|28/Apr/2021 15:38:27|basehttp|3635|140006736357120|"GET /getemployee_org_info/?employee=div944 HTTP/1.1" 200 696
INFO|28/Apr/2021 15:38:27|basehttp|3635|140006328887040|"GET /get_action_status/?module=T, HTTP/1.1" 200 2108
INFO|28/Apr/2021 15:38:27|basehttp|3635|140006337279744|"GET /get_post_notification/?email=div944&org_id=ORG150866 HTTP/1.1" 200 2314
INFO|28/Apr/2021 15:38:28|basehttp|3635|140006328887040|"OPTIONS /get_travel_status_summary/?travel_req_id=TR211341&org_id=ORG150866 HTTP/1.1" 200 0
INFO|28/Apr/2021 15:38:28|basehttp|3635|140006328887040|"OPTIONS /assignment_travel_request_status/?travel_req_id=TR211341&org_id=ORG150866 HTTP/1.1" 200 0
INFO|28/Apr/2021 15:38:28|basehttp|3635|140006328887040|"GET /get_vendors_type/ HTTP/1.1" 200 7881
INFO|28/Apr/2021 15:38:28|basehttp|3635|140006736357120|"GET /get_active_currency/?status_type=Active HTTP/1.1" 200 12552
INFO|28/Apr/2021 15:38:28|basehttp|3635|140006337279744|"GET /get_view_travel_request/?travel_req_id=TR211341&org_id=ORG150866 HTTP/1.1" 200 2732
INFO|28/Apr/2021 15:38:28|basehttp|3635|140006337279744|"GET /assignment_travel_request_status/?travel_req_id=TR211341&org_id=ORG150866 HTTP/1.1" 200 1449
INFO|28/Apr/2021 15:38:29|basehttp|3635|140006736357120|"GET /get_travel_status_summary/?travel_req_id=TR211341&org_id=ORG150866 HTTP/1.1" 200 967
INFO|28/Apr/2021 15:38:29|basehttp|3635|140006736357120|"OPTIONS /active_taxgrid/?org=ORG150866 HTTP/1.1" 200 0
INFO|28/Apr/2021 15:38:29|basehttp|3635|140006337279744|"OPTIONS /get_post_location/?country=United%20States&org_id=ORG150866 HTTP/1.1" 200 0
INFO|28/Apr/2021 15:38:29|basehttp|3635|140006337279744|"OPTIONS /get_currency_conversion/?from_currency=USD&to_currency= HTTP/1.1" 200 0
INFO|28/Apr/2021 15:38:29|basehttp|3635|140006337279744|"OPTIONS /get_create_assignment/?home=United%20States&End_date=2021-04-23T18:37:33.845000+05:30&Start_date=Fri%20Apr%2023%202021%2000:00:00%20GMT+0530%20(India%20Standard%20Time)&emp_code=tushaar001 HTTP/1.1" 200 0
INFO|28/Apr/2021 15:38:29|basehttp|3635|140006337279744|"OPTIONS /get_add/vendor/?vendor_type=2&org_id=ORG150866 HTTP/1.1" 200 0
INFO|28/Apr/2021 15:38:29|basehttp|3635|140006337279744|"OPTIONS /get_vendors_category/ HTTP/1.1" 200 0
INFO|28/Apr/2021 15:38:29|basehttp|3635|140006337279744|"OPTIONS /get_vendors_category/ HTTP/1.1" 200 0
INFO|28/Apr/2021 15:38:29|basehttp|3635|140006337279744|"OPTIONS /get_add/vendor/?vendor_type=2&org_id=ORG150866 HTTP/1.1" 200 0
INFO|28/Apr/2021 15:38:29|basehttp|3635|140006337279744|"GET /active_taxgrid/?org=ORG150866 HTTP/1.1" 200 11639
INFO|28/Apr/2021 15:38:29|basehttp|3635|140006736357120|"GET /get_post_location/?country=United%20States&org_id=ORG150866 HTTP/1.1" 200 838
INFO|28/Apr/2021 15:38:30|basehttp|3635|140006736357120|"GET /get_currency_conversion/?from_currency=USD&to_currency= HTTP/1.1" 200 63
INFO|28/Apr/2021 15:38:30|basehttp|3635|140006736357120|"GET /get_add/vendor/?vendor_type=2&org_id=ORG150866 HTTP/1.1" 200 2826
INFO|28/Apr/2021 15:38:30|basehttp|3635|140006337279744|"GET /get_create_assignment/?home=United%20States&End_date=2021-04-23T18:37:33.845000+05:30&Start_date=Fri%20Apr%2023%202021%2000:00:00%20GMT+0530%20(India%20Standard%20Time)&emp_code=tushaar001 HTTP/1.1" 200 63
INFO|28/Apr/2021 15:38:30|basehttp|3635|140006328887040|"POST /get_vendors_category/ HTTP/1.1" 200 3855
INFO|28/Apr/2021 15:38:30|basehttp|3635|140006328887040|"POST /get_vendors_category/ HTTP/1.1" 200 3855
INFO|28/Apr/2021 15:38:30|basehttp|3635|140006328887040|"GET /get_add/vendor/?vendor_type=2&org_id=ORG150866 HTTP/1.1" 200 2826
INFO|28/Apr/2021 15:39:12|basehttp|3635|140006337279744|"GET /getemployee_org_info/?employee=div944 HTTP/1.1" 200 696
INFO|28/Apr/2021 15:39:12|basehttp|3635|140006328887040|"GET /get_post_notification/?email=div944&org_id=ORG150866 HTTP/1.1" 200 2314
INFO|28/Apr/2021 15:39:12|basehttp|3635|140006337279744|"GET /get_action_status/?module=T, HTTP/1.1" 200 2108
INFO|28/Apr/2021 15:39:12|basehttp|3635|140006692300544|"GET /get_active_currency/?status_type=Active HTTP/1.1" 200 12552
INFO|28/Apr/2021 15:39:13|basehttp|3635|140006715639552|"GET /get_vendors_type/ HTTP/1.1" 200 7881
INFO|28/Apr/2021 15:39:13|basehttp|3635|140006736357120|"GET /get_view_travel_request/?travel_req_id=TR211341&org_id=ORG150866 HTTP/1.1" 200 2732
INFO|28/Apr/2021 15:39:13|basehttp|3635|140006736357120|"GET /get_travel_status_summary/?travel_req_id=TR211341&org_id=ORG150866 HTTP/1.1" 200 967
INFO|28/Apr/2021 15:39:14|basehttp|3635|140006736357120|"GET /assignment_travel_request_status/?travel_req_id=TR211341&org_id=ORG150866 HTTP/1.1" 200 1449
INFO|28/Apr/2021 15:39:24|basehttp|3635|140006692300544|"GET /getemployee_org_info/?employee=div944 HTTP/1.1" 200 696
INFO|28/Apr/2021 15:39:24|basehttp|3635|140006715639552|"GET /get_post_notification/?email=div944&org_id=ORG150866 HTTP/1.1" 200 2314
INFO|28/Apr/2021 15:39:24|basehttp|3635|140006337279744|"GET /get_action_status/?module=T, HTTP/1.1" 200 2108
INFO|28/Apr/2021 15:39:24|basehttp|3635|140006337279744|"GET /active_taxgrid/?org=ORG150866 HTTP/1.1" 200 11639
INFO|28/Apr/2021 15:39:25|basehttp|3635|140006337279744|"GET /get_post_location/?country=United%20States&org_id=ORG150866 HTTP/1.1" 200 838
INFO|28/Apr/2021 15:39:25|basehttp|3635|140006736357120|"GET /org_travel_request/?travel_req_status=2&org_id=ORG150866&current_ticket_email=div944 HTTP/1.1" 200 17876
INFO|28/Apr/2021 15:39:25|basehttp|3635|140006715639552|"GET /get_currency_conversion/?from_currency=USD&to_currency= HTTP/1.1" 200 63
INFO|28/Apr/2021 15:39:25|basehttp|3635|140006337279744|"GET /get_create_assignment/?home=United%20States&End_date=2021-04-23T18:37:33.845000+05:30&Start_date=Fri%20Apr%2023%202021%2000:00:00%20GMT+0530%20(India%20Standard%20Time)&emp_code=tushaar001 HTTP/1.1" 200 63
INFO|28/Apr/2021 15:39:25|basehttp|3635|140006736357120|"GET /get_add/vendor/?vendor_type=2&org_id=ORG150866 HTTP/1.1" 200 2826
INFO|28/Apr/2021 15:39:25|basehttp|3635|140006736357120|"POST /get_vendors_category/ HTTP/1.1" 200 3855
INFO|28/Apr/2021 15:39:25|basehttp|3635|140006736357120|"POST /get_vendors_category/ HTTP/1.1" 200 3855
INFO|28/Apr/2021 15:39:25|basehttp|3635|140006736357120|"GET /get_add/vendor/?vendor_type=2&org_id=ORG150866 HTTP/1.1" 200 2826
INFO|28/Apr/2021 15:45:58|basehttp|3635|140006736357120|"GET /get_currency_conversion/?from_currency=USD&to_currency= HTTP/1.1" 200 63
INFO|28/Apr/2021 15:46:08|basehttp|3635|140006736357120|"GET /get_org_count_visa_requests/?org_id=ORG150866 HTTP/1.1" 200 77
INFO|28/Apr/2021 15:46:08|basehttp|3635|140006736357120|"GET /get_org_count_travel_requests/?org_id=ORG150866 HTTP/1.1" 200 78
INFO|28/Apr/2021 15:46:09|basehttp|3635|140006736357120|"OPTIONS /post_currency_conversion/ HTTP/1.1" 200 0
INFO|28/Apr/2021 15:46:09|basehttp|3635|140006736357120|"OPTIONS /get_add/currency/ HTTP/1.1" 200 0
INFO|28/Apr/2021 15:46:11|basehttp|3635|140006337279744|"GET /get_add/currency/ HTTP/1.1" 200 125143
INFO|28/Apr/2021 15:46:18|basehttp|3635|140006736357120|"GET /post_currency_conversion/ HTTP/1.1" 200 631365
INFO|28/Apr/2021 15:46:31|basehttp|3635|140006736357120|"OPTIONS /currency_conversion_history/?from_date=2021-3-1&to_date=2021-4-28&from_currency=USD&to_currency=INR HTTP/1.1" 200 0
INFO|28/Apr/2021 15:46:31|basehttp|3635|140006736357120|"GET /currency_conversion_history/?from_date=2021-3-1&to_date=2021-4-28&from_currency=USD&to_currency=INR HTTP/1.1" 200 63
INFO|28/Apr/2021 15:46:59|basehttp|3635|140006736357120|"GET /getemployee_org_info/?employee=div944 HTTP/1.1" 200 696
INFO|28/Apr/2021 15:46:59|basehttp|3635|140006337279744|"GET /get_post_notification/?email=div944&org_id=ORG150866 HTTP/1.1" 200 2314
INFO|28/Apr/2021 15:47:00|basehttp|3635|140006692300544|"GET /get_add/currency/ HTTP/1.1" 200 125143
INFO|28/Apr/2021 15:47:04|basehttp|3635|140006715639552|"GET /post_currency_conversion/ HTTP/1.1" 200 631365
INFO|28/Apr/2021 15:47:18|basehttp|3635|140006715639552|"POST /post_currency_conversion/ HTTP/1.1" 200 84
INFO|28/Apr/2021 15:47:25|basehttp|3635|140006715639552|"GET /post_currency_conversion/ HTTP/1.1" 200 631871
INFO|28/Apr/2021 15:47:42|basehttp|3635|140006715639552|"POST /post_currency_conversion/ HTTP/1.1" 200 84
INFO|28/Apr/2021 15:47:50|basehttp|3635|140006715639552|"GET /post_currency_conversion/ HTTP/1.1" 200 631876
INFO|28/Apr/2021 15:47:56|basehttp|3635|140006337279744|"GET /post_get_calender_event/?emp_code=div944 HTTP/1.1" 200 48
INFO|28/Apr/2021 15:47:56|basehttp|3635|140006736357120|"GET /get_travel_request_approver_top/?emp_email=div944&travel_req_status=2&type=Travel&org_id=ORG150866&limit=5 HTTP/1.1" 200 48
INFO|28/Apr/2021 15:47:56|basehttp|3635|140006692300544|"GET /getemployee_passport_info/?employee=div944 HTTP/1.1" 200 805
INFO|28/Apr/2021 15:47:56|basehttp|3635|140006715639552|"GET /getemployee_visa_info/?employee=div944 HTTP/1.1" 200 1336
INFO|28/Apr/2021 15:47:57|basehttp|3635|140006328887040|"GET /org_travel_request/?travel_req_status=2&org_id=ORG150866&current_ticket_email=div944 HTTP/1.1" 200 17876
INFO|28/Apr/2021 15:47:58|basehttp|3635|140006328887040|"GET /get_travel_count_user/?emp_code=div944 HTTP/1.1" 200 83
INFO|28/Apr/2021 15:47:58|basehttp|3635|140006320494336|"GET /get_add/travel_request/?travel_req_status=2&org_id=ORG150866&emp_email=div944 HTTP/1.1" 200 43867
INFO|28/Apr/2021 15:48:01|basehttp|3635|140006320494336|"GET /count_travel_requests/?assignment_email=div944&org_id=ORG150866 HTTP/1.1" 200 72
INFO|28/Apr/2021 15:48:01|basehttp|3635|140006328887040|"GET /count_visa_requests/?assignment_email=div944&org_id=ORG150866 HTTP/1.1" 200 73
INFO|28/Apr/2021 15:48:03|basehttp|3635|140006320494336|"GET /get_action_status/?module=T, HTTP/1.1" 200 2108
INFO|28/Apr/2021 15:48:03|basehttp|3635|140006328887040|"GET /org_travel_request/?travel_req_status=2&org_id=ORG150866&current_ticket_email=div944 HTTP/1.1" 200 17876
INFO|28/Apr/2021 15:48:18|basehttp|3635|140006320494336|"GET /getemployee_org_info/?employee=div944 HTTP/1.1" 200 696
INFO|28/Apr/2021 15:48:18|basehttp|3635|140006328887040|"GET /get_post_notification/?email=div944&org_id=ORG150866 HTTP/1.1" 200 2314
INFO|28/Apr/2021 15:48:18|basehttp|3635|140006692300544|"GET /get_action_status/?module=T, HTTP/1.1" 200 2108
INFO|28/Apr/2021 15:48:18|basehttp|3635|140006320494336|"GET /get_vendors_type/ HTTP/1.1" 200 7881
INFO|28/Apr/2021 15:48:18|basehttp|3635|140006736357120|"GET /get_active_currency/?status_type=Active HTTP/1.1" 200 12552
INFO|28/Apr/2021 15:48:18|basehttp|3635|140006715639552|"GET /get_view_travel_request/?travel_req_id=TR211341&org_id=ORG150866 HTTP/1.1" 200 2732
INFO|28/Apr/2021 15:48:18|basehttp|3635|140006736357120|"GET /assignment_travel_request_status/?travel_req_id=TR211341&org_id=ORG150866 HTTP/1.1" 200 1449
INFO|28/Apr/2021 15:48:19|basehttp|3635|140006715639552|"GET /get_travel_status_summary/?travel_req_id=TR211341&org_id=ORG150866 HTTP/1.1" 200 967
INFO|28/Apr/2021 15:48:19|basehttp|3635|140006736357120|"GET /get_post_location/?country=United%20States&org_id=ORG150866 HTTP/1.1" 200 838
INFO|28/Apr/2021 15:48:19|basehttp|3635|140006715639552|"GET /active_taxgrid/?org=ORG150866 HTTP/1.1" 200 11639
INFO|28/Apr/2021 15:48:19|basehttp|3635|140006692300544|"GET /get_currency_conversion/?from_currency=USD&to_currency= HTTP/1.1" 200 63
INFO|28/Apr/2021 15:48:19|basehttp|3635|140006320494336|"GET /get_create_assignment/?home=United%20States&End_date=2021-04-23T18:37:33.845000+05:30&Start_date=Fri%20Apr%2023%202021%2000:00:00%20GMT+0530%20(India%20Standard%20Time)&emp_code=tushaar001 HTTP/1.1" 200 63
INFO|28/Apr/2021 15:48:19|basehttp|3635|140006320494336|"GET /get_add/vendor/?vendor_type=2&org_id=ORG150866 HTTP/1.1" 200 2826
INFO|28/Apr/2021 15:48:19|basehttp|3635|140006692300544|"POST /get_vendors_category/ HTTP/1.1" 200 3855
INFO|28/Apr/2021 15:48:19|basehttp|3635|140006692300544|"POST /get_vendors_category/ HTTP/1.1" 200 3855
INFO|28/Apr/2021 15:48:20|basehttp|3635|140006692300544|"GET /get_add/vendor/?vendor_type=2&org_id=ORG150866 HTTP/1.1" 200 2826
INFO|28/Apr/2021 15:48:28|basehttp|3635|140006692300544|"GET /get_currency_conversion/?from_currency=USD&to_currency= HTTP/1.1" 200 63
INFO|28/Apr/2021 15:48:34|basehttp|3635|140006692300544|"OPTIONS /get_currency_conversion/?from_currency=CAD&to_currency=INR HTTP/1.1" 200 0
INFO|28/Apr/2021 15:48:35|basehttp|3635|140006692300544|"GET /get_currency_conversion/?from_currency=CAD&to_currency=INR HTTP/1.1" 200 1079
INFO|28/Apr/2021 15:48:38|basehttp|3635|140006692300544|"OPTIONS /get_currency_conversion/?from_currency=USD&to_currency=INR HTTP/1.1" 200 0
INFO|28/Apr/2021 15:48:39|basehttp|3635|140006692300544|"GET /get_currency_conversion/?from_currency=USD&to_currency=INR HTTP/1.1" 200 4108
INFO|28/Apr/2021 15:49:04|basehttp|3635|140006692300544|"OPTIONS /get_currency_conversion/?from_currency=IRS&to_currency=INR HTTP/1.1" 200 0
INFO|28/Apr/2021 15:49:04|basehttp|3635|140006692300544|"GET /get_currency_conversion/?from_currency=IRS&to_currency=INR HTTP/1.1" 200 63
INFO|28/Apr/2021 15:49:09|basehttp|3635|140006692300544|"GET /get_currency_conversion/?from_currency=USD&to_currency=INR HTTP/1.1" 200 4108
WARNING|28/Apr/2021 15:50:02|log|3635|140006692300544|Unauthorized: /get_currency_conversion/
WARNING|28/Apr/2021 15:50:02|basehttp|3635|140006692300544|"GET /get_currency_conversion/?from_currency=USD&to_currency=INR HTTP/1.1" 401 9799
INFO|28/Apr/2021 15:50:13|basehttp|3635|140006692300544|"OPTIONS /get_currency_conversion/?from_currency=ATS&to_currency=ATS HTTP/1.1" 200 0
INFO|28/Apr/2021 15:50:13|basehttp|3635|140006692300544|"GET /get_currency_conversion/?from_currency=ATS&to_currency=ATS HTTP/1.1" 200 63
INFO|28/Apr/2021 15:50:24|basehttp|3635|140006692300544|"GET /get_org_count_visa_requests/?org_id=ORG150866 HTTP/1.1" 200 77
INFO|28/Apr/2021 15:50:24|basehttp|3635|140006692300544|"GET /get_org_count_travel_requests/?org_id=ORG150866 HTTP/1.1" 200 78
INFO|28/Apr/2021 15:50:28|basehttp|3635|140006692300544|"GET /get_add/currency/ HTTP/1.1" 200 125143
INFO|28/Apr/2021 15:50:31|basehttp|3635|140006692300544|"GET /get_org_count_visa_requests/?org_id=ORG150866 HTTP/1.1" 200 77
INFO|28/Apr/2021 15:50:31|basehttp|3635|140006320494336|"GET /get_org_count_travel_requests/?org_id=ORG150866 HTTP/1.1" 200 78
INFO|28/Apr/2021 15:50:34|basehttp|3635|140006692300544|"GET /get_add/currency/ HTTP/1.1" 200 125143
INFO|28/Apr/2021 15:50:39|basehttp|3635|140006320494336|"GET /post_currency_conversion/ HTTP/1.1" 200 631876
INFO|28/Apr/2021 15:51:04|basehttp|3635|140006320494336|"POST /post_currency_conversion/ HTTP/1.1" 200 84
INFO|28/Apr/2021 15:51:09|basehttp|3635|140006320494336|"GET /post_currency_conversion/ HTTP/1.1" 200 631881
INFO|28/Apr/2021 15:51:17|basehttp|3635|140006320494336|"OPTIONS /get_currency_conversion/?from_currency=USD&to_currency=ATS HTTP/1.1" 200 0
INFO|28/Apr/2021 15:51:17|basehttp|3635|140006320494336|"GET /get_currency_conversion/?from_currency=USD&to_currency=ATS HTTP/1.1" 200 63
INFO|28/Apr/2021 15:51:23|basehttp|3635|140006320494336|"OPTIONS /get_currency_conversion/?from_currency=CHF&to_currency=INR HTTP/1.1" 200 0
INFO|28/Apr/2021 15:51:23|basehttp|3635|140006320494336|"GET /get_currency_conversion/?from_currency=CHF&to_currency=INR HTTP/1.1" 200 1084
INFO|28/Apr/2021 15:51:25|basehttp|3635|140006320494336|"GET /get_currency_conversion/?from_currency=USD&to_currency=INR HTTP/1.1" 200 4113
INFO|28/Apr/2021 15:51:41|basehttp|3635|140006320494336|"GET /get_org_count_visa_requests/?org_id=ORG150866 HTTP/1.1" 200 77
INFO|28/Apr/2021 15:51:41|basehttp|3635|140006692300544|"GET /get_org_count_travel_requests/?org_id=ORG150866 HTTP/1.1" 200 78
INFO|28/Apr/2021 15:51:45|basehttp|3635|140006715639552|"GET /getemployee_passport_info/?employee=div944 HTTP/1.1" 200 805
INFO|28/Apr/2021 15:51:45|basehttp|3635|140006328887040|"GET /post_get_calender_event/?emp_code=div944 HTTP/1.1" 200 48
INFO|28/Apr/2021 15:51:45|basehttp|3635|140006337279744|"GET /get_travel_request_approver_top/?emp_email=div944&travel_req_status=2&type=Travel&org_id=ORG150866&limit=5 HTTP/1.1" 200 48
INFO|28/Apr/2021 15:51:45|basehttp|3635|140006736357120|"GET /getemployee_visa_info/?employee=div944 HTTP/1.1" 200 1336
INFO|28/Apr/2021 15:51:46|basehttp|3635|140006736357120|"GET /get_travel_count_user/?emp_code=div944 HTTP/1.1" 200 83
INFO|28/Apr/2021 15:51:46|basehttp|3635|140006320494336|"GET /org_travel_request/?travel_req_status=2&org_id=ORG150866&current_ticket_email=div944 HTTP/1.1" 200 17876
INFO|28/Apr/2021 15:51:46|basehttp|3635|140006692300544|"GET /get_add/travel_request/?travel_req_status=2&org_id=ORG150866&emp_email=div944 HTTP/1.1" 200 43867
INFO|28/Apr/2021 15:52:20|basehttp|3635|140006692300544|"GET /get_action_status/?module=T, HTTP/1.1" 200 2108
INFO|28/Apr/2021 15:52:21|basehttp|3635|140006320494336|"GET /get_add/travel_request/?travel_req_status=2&org_id=ORG150866&emp_email=div944 HTTP/1.1" 200 43867
INFO|28/Apr/2021 15:52:34|basehttp|3635|140006715639552|"GET /post_get_calender_event/?emp_code=div944 HTTP/1.1" 200 48
INFO|28/Apr/2021 15:52:34|basehttp|3635|140006337279744|"GET /get_travel_request_approver_top/?emp_email=div944&travel_req_status=2&type=Travel&org_id=ORG150866&limit=5 HTTP/1.1" 200 48
INFO|28/Apr/2021 15:52:34|basehttp|3635|140006328887040|"GET /getemployee_passport_info/?employee=div944 HTTP/1.1" 200 805
INFO|28/Apr/2021 15:52:34|basehttp|3635|140006320494336|"GET /getemployee_visa_info/?employee=div944 HTTP/1.1" 200 1336
INFO|28/Apr/2021 15:52:35|basehttp|3635|140006736357120|"GET /org_travel_request/?travel_req_status=2&org_id=ORG150866&current_ticket_email=div944 HTTP/1.1" 200 17876
INFO|28/Apr/2021 15:52:36|basehttp|3635|140006692300544|"GET /get_add/travel_request/?travel_req_status=2&org_id=ORG150866&emp_email=div944 HTTP/1.1" 200 43867
INFO|28/Apr/2021 15:52:36|basehttp|3635|140006692300544|"GET /get_travel_count_user/?emp_code=div944 HTTP/1.1" 200 83
INFO|28/Apr/2021 15:52:43|basehttp|3635|140006736357120|"GET /get_org_count_travel_requests/?org_id=ORG150866 HTTP/1.1" 200 78
INFO|28/Apr/2021 15:52:43|basehttp|3635|140006692300544|"GET /get_org_count_visa_requests/?org_id=ORG150866 HTTP/1.1" 200 77
INFO|28/Apr/2021 15:52:45|basehttp|3635|140006692300544|"OPTIONS /get_post_per_diem/ HTTP/1.1" 200 0
INFO|28/Apr/2021 15:52:46|basehttp|3635|140006692300544|"OPTIONS /get_country_master/?country= HTTP/1.1" 200 0
INFO|28/Apr/2021 15:52:46|basehttp|3635|140006692300544|"GET /get_post_per_diem/ HTTP/1.1" 200 31555
INFO|28/Apr/2021 15:52:46|basehttp|3635|140006692300544|"GET /get_country_master/?country= HTTP/1.1" 200 58715
INFO|28/Apr/2021 15:52:47|basehttp|3635|140006736357120|"GET /get_add/currency/ HTTP/1.1" 200 125143
INFO|28/Apr/2021 15:52:49|basehttp|3635|140006736357120|"GET /get_org_count_travel_requests/?org_id=ORG150866 HTTP/1.1" 200 78
INFO|28/Apr/2021 15:52:49|basehttp|3635|140006692300544|"GET /get_org_count_visa_requests/?org_id=ORG150866 HTTP/1.1" 200 77
INFO|28/Apr/2021 15:52:56|basehttp|3635|140006692300544|"GET /get_post_per_diem/ HTTP/1.1" 200 31555
INFO|28/Apr/2021 15:52:57|basehttp|3635|140006736357120|"GET /get_country_master/?country= HTTP/1.1" 200 58715
INFO|28/Apr/2021 15:52:58|basehttp|3635|140006692300544|"GET /get_add/currency/ HTTP/1.1" 200 125143
INFO|28/Apr/2021 15:53:08|basehttp|3635|140006692300544|"GET /get_org_count_travel_requests/?org_id=ORG150866 HTTP/1.1" 200 78
INFO|28/Apr/2021 15:53:08|basehttp|3635|140006736357120|"GET /get_org_count_visa_requests/?org_id=ORG150866 HTTP/1.1" 200 77
INFO|28/Apr/2021 15:53:16|basehttp|3635|140006692300544|"GET /get_org_count_travel_requests/?org_id=ORG150866 HTTP/1.1" 200 78
INFO|28/Apr/2021 15:53:16|basehttp|3635|140006736357120|"GET /get_org_count_visa_requests/?org_id=ORG150866 HTTP/1.1" 200 77
INFO|28/Apr/2021 15:53:29|basehttp|3635|140006736357120|"OPTIONS /post_country_policy/ HTTP/1.1" 200 0
INFO|28/Apr/2021 15:53:29|basehttp|3635|140006320494336|"GET /get_country_master/?country= HTTP/1.1" 200 58715
INFO|28/Apr/2021 15:53:29|basehttp|3635|140006320494336|"GET /post_country_policy/ HTTP/1.1" 200 31745
INFO|28/Apr/2021 15:53:30|basehttp|3635|140006692300544|"GET /get_add/currency/ HTTP/1.1" 200 125143
INFO|28/Apr/2021 15:53:43|basehttp|3635|140006328887040|"GET /get_travel_request_approver_top/?emp_email=div944&travel_req_status=2&type=Travel&org_id=ORG150866&limit=5 HTTP/1.1" 200 48
INFO|28/Apr/2021 15:53:43|basehttp|3635|140006692300544|"GET /getemployee_passport_info/?employee=div944 HTTP/1.1" 200 805
INFO|28/Apr/2021 15:53:43|basehttp|3635|140006320494336|"GET /getemployee_visa_info/?employee=div944 HTTP/1.1" 200 1336
INFO|28/Apr/2021 15:53:43|basehttp|3635|140006337279744|"GET /post_get_calender_event/?emp_code=div944 HTTP/1.1" 200 48
INFO|28/Apr/2021 15:53:44|basehttp|3635|140006337279744|"GET /get_travel_count_user/?emp_code=div944 HTTP/1.1" 200 83
INFO|28/Apr/2021 15:53:44|basehttp|3635|140006736357120|"GET /org_travel_request/?travel_req_status=2&org_id=ORG150866&current_ticket_email=div944 HTTP/1.1" 200 17876
INFO|28/Apr/2021 15:53:45|basehttp|3635|140006715639552|"GET /get_add/travel_request/?travel_req_status=2&org_id=ORG150866&emp_email=div944 HTTP/1.1" 200 43867
INFO|28/Apr/2021 15:53:49|basehttp|3635|140006715639552|"OPTIONS /assignmentletterkeys/ HTTP/1.1" 200 0
INFO|28/Apr/2021 15:53:49|basehttp|3635|140006715639552|"GET /get_country_master/?country= HTTP/1.1" 200 58715
INFO|28/Apr/2021 15:53:49|basehttp|3635|140006715639552|"GET /assignmentletterkeys/ HTTP/1.1" 200 902
WARNING|28/Apr/2021 16:06:00|log|3635|140006715639552|Not Found: /index.html
WARNING|28/Apr/2021 16:06:00|basehttp|3635|140006715639552|"GET /index.html HTTP/1.1" 404 54983
ERROR|28/Apr/2021 16:06:00|basehttp|3635|140006715639552|"GET /index.html HTTP/1.1" 500 59
ERROR|28/Apr/2021 16:29:26|exception|5133|139673595131648|Invalid HTTP_HOST header: ''. The domain name provided is not valid according to RFC 1034/1035.
WARNING|28/Apr/2021 16:29:26|log|5133|139673595131648|Bad Request: /manager/html
WARNING|28/Apr/2021 16:29:26|basehttp|5133|139673595131648|"GET /manager/html HTTP/1.1" 400 62947
