INFO|09/Apr/2021 10:46:20|basehttp|6114|140027536033536|"OPTIONS /api/custom/login/ HTTP/1.1" 200 0
INFO|09/Apr/2021 10:46:24|basehttp|6114|140027536033536|"POST /api/custom/login/ HTTP/1.1" 200 455
INFO|09/Apr/2021 10:46:24|basehttp|6114|140027536033536|"OPTIONS /emoloyeeinfo/ HTTP/1.1" 200 0
INFO|09/Apr/2021 10:46:47|basehttp|6114|140027536033536|"POST /emoloyeeinfo/ HTTP/1.1" 200 1503
INFO|09/Apr/2021 10:46:47|basehttp|6114|140027536033536|"OPTIONS /get_post_notification/?email=Emp0009&org_id=ORG150866 HTTP/1.1" 200 0
INFO|09/Apr/2021 10:46:47|basehttp|6114|140027536033536|"OPTIONS /getemployee_org_info/?employee=Emp0009 HTTP/1.1" 200 0
INFO|09/Apr/2021 10:46:47|basehttp|6114|140027686385408|"OPTIONS /get_add/travel_request/?travel_req_status=2&org_id=ORG150866&emp_email=Emp0009 HTTP/1.1" 200 0
INFO|09/Apr/2021 10:46:47|basehttp|6114|140027175298816|"OPTIONS /getemployee_visa_info/?employee=Emp0009 HTTP/1.1" 200 0
INFO|09/Apr/2021 10:46:47|basehttp|6114|140027192084224|"OPTIONS /get_travel_request_approver_top/?emp_email=Emp0009&travel_req_status=2&type=Travel&org_id=ORG150866&limit=5 HTTP/1.1" 200 0
INFO|09/Apr/2021 10:46:47|basehttp|6114|140027183691520|"OPTIONS /getemployee_passport_info/?employee=Emp0009 HTTP/1.1" 200 0
INFO|09/Apr/2021 10:46:47|basehttp|6114|140027192084224|"OPTIONS /post_get_calender_event/?emp_code=Emp0009 HTTP/1.1" 200 0
INFO|09/Apr/2021 10:46:47|basehttp|6114|140027175298816|"OPTIONS /get_travel_count_user/?emp_code=Emp0009 HTTP/1.1" 200 0
WARNING|09/Apr/2021 10:46:47|log|6114|140027166906112|Not Found: /media/WhatsApp Image 2021-03-21 at 10.55.09 PM.jpeg
WARNING|09/Apr/2021 10:46:47|basehttp|6114|140027166906112|"GET /media/WhatsApp%20Image%202021-03-21%20at%2010.55.09%20PM.jpeg HTTP/1.1" 404 1934
INFO|09/Apr/2021 10:46:51|basehttp|6114|140027192084224|"GET /getemployee_visa_info/?employee=Emp0009 HTTP/1.1" 200 43
INFO|09/Apr/2021 10:46:51|basehttp|6114|140027175298816|"GET /getemployee_passport_info/?employee=Emp0009 HTTP/1.1" 200 43
INFO|09/Apr/2021 10:46:52|basehttp|6114|140027536033536|"GET /getemployee_org_info/?employee=Emp0009 HTTP/1.1" 200 712
INFO|09/Apr/2021 10:46:59|basehttp|6114|140027192084224|"GET /post_get_calender_event/?emp_code=Emp0009 HTTP/1.1" 200 4917
INFO|09/Apr/2021 10:47:10|basehttp|6114|140027175298816|"GET /get_travel_count_user/?emp_code=Emp0009 HTTP/1.1" 200 82
INFO|09/Apr/2021 10:47:22|basehttp|6114|140027183691520|"GET /get_travel_request_approver_top/?emp_email=Emp0009&travel_req_status=2&type=Travel&org_id=ORG150866&limit=5 HTTP/1.1" 200 8933
INFO|09/Apr/2021 10:47:33|basehttp|6114|140027686385408|"GET /get_add/travel_request/?travel_req_status=2&org_id=ORG150866&emp_email=Emp0009 HTTP/1.1" 200 13689
INFO|09/Apr/2021 10:47:45|basehttp|6114|140027577980672|"GET /get_post_notification/?email=Emp0009&org_id=ORG150866 HTTP/1.1" 200 60936
INFO|09/Apr/2021 10:53:25|basehttp|6114|140027577980672|"OPTIONS /get_view_travel_request/?travel_req_id=TR308757&org_id=ORG150866 HTTP/1.1" 200 0
INFO|09/Apr/2021 10:53:25|basehttp|6114|140027686385408|"OPTIONS /get_vendors_type/ HTTP/1.1" 200 0
INFO|09/Apr/2021 10:53:25|basehttp|6114|140027183691520|"OPTIONS /get_action_status/?module=T, HTTP/1.1" 200 0
INFO|09/Apr/2021 10:53:25|basehttp|6114|140027536033536|"OPTIONS /get_travel_status_summary/?travel_req_id=TR308757&org_id=ORG150866 HTTP/1.1" 200 0
INFO|09/Apr/2021 10:53:25|basehttp|6114|140027175298816|"OPTIONS /get_active_currency/?status_type=Active HTTP/1.1" 200 0
INFO|09/Apr/2021 10:53:29|basehttp|6114|140027183691520|"GET /get_vendors_type/ HTTP/1.1" 200 7881
INFO|09/Apr/2021 10:53:29|basehttp|6114|140027686385408|"GET /get_action_status/?module=T, HTTP/1.1" 200 2108
INFO|09/Apr/2021 10:53:29|basehttp|6114|140027536033536|"GET /get_active_currency/?status_type=Active HTTP/1.1" 200 11593
INFO|09/Apr/2021 10:53:35|basehttp|6114|140027577980672|"GET /get_view_travel_request/?travel_req_id=TR308757&org_id=ORG150866 HTTP/1.1" 200 2740
INFO|09/Apr/2021 10:53:35|basehttp|6114|140027536033536|"OPTIONS /get_post_location/?country=United%20States&org_id=ORG150866 HTTP/1.1" 200 0
INFO|09/Apr/2021 10:53:35|basehttp|6114|140027577980672|"OPTIONS /active_taxgrid/?org=ORG150866 HTTP/1.1" 200 0
INFO|09/Apr/2021 10:53:35|basehttp|6114|140027686385408|"OPTIONS /get_create_assignment/?home=United%20States&End_date=2021-04-16T05:30:00+05:30&Start_date=Fri%20Apr%2009%202021%2000:00:00%20GMT+0530%20(India%20Standard%20Time)&emp_code=tushaar001 HTTP/1.1" 200 0
INFO|09/Apr/2021 10:53:35|basehttp|6114|140027183691520|"OPTIONS /get_currency_conversion/?from_currency=USD&to_currency= HTTP/1.1" 200 0
INFO|09/Apr/2021 10:53:39|basehttp|6114|140027183691520|"GET /get_currency_conversion/?from_currency=USD&to_currency= HTTP/1.1" 200 63
INFO|09/Apr/2021 10:53:39|basehttp|6114|140027577980672|"GET /active_taxgrid/?org=ORG150866 HTTP/1.1" 200 16606
INFO|09/Apr/2021 10:53:40|basehttp|6114|140027686385408|"GET /get_post_location/?country=United%20States&org_id=ORG150866 HTTP/1.1" 200 838
INFO|09/Apr/2021 10:53:40|basehttp|6114|140027536033536|"GET /get_create_assignment/?home=United%20States&End_date=2021-04-16T05:30:00+05:30&Start_date=Fri%20Apr%2009%202021%2000:00:00%20GMT+0530%20(India%20Standard%20Time)&emp_code=tushaar001 HTTP/1.1" 200 63
INFO|09/Apr/2021 10:53:46|basehttp|6114|140027175298816|"GET /get_travel_status_summary/?travel_req_id=TR308757&org_id=ORG150866 HTTP/1.1" 200 1093
INFO|09/Apr/2021 10:54:06|basehttp|6114|140027175298816|"OPTIONS /get_post_approve_travelvisa_request/ HTTP/1.1" 200 0
INFO|09/Apr/2021 10:56:18|basehttp|6114|140027175298816|"POST /get_post_approve_travelvisa_request/ HTTP/1.1" 200 59
INFO|09/Apr/2021 11:01:50|basehttp|6114|140027175298816|"OPTIONS /get_travel_request_approver/?emp_email=Emp0009&travel_req_status=2&type=Travel&org_id=ORG150866 HTTP/1.1" 200 0
INFO|09/Apr/2021 11:01:54|basehttp|6114|140027577980672|"GET /get_action_status/?module=T, HTTP/1.1" 200 2108
INFO|09/Apr/2021 11:03:06|basehttp|6114|140027175298816|"GET /get_travel_request_approver/?emp_email=Emp0009&travel_req_status=2&type=Travel&org_id=ORG150866 HTTP/1.1" 200 27882
INFO|09/Apr/2021 11:03:16|basehttp|6114|140027175298816|"OPTIONS /get_view_travel_request/?travel_req_id=TR168048&org_id=ORG150866 HTTP/1.1" 200 0
INFO|09/Apr/2021 11:03:16|basehttp|6114|140027175298816|"OPTIONS /get_travel_status_summary/?travel_req_id=TR168048&org_id=ORG150866 HTTP/1.1" 200 0
INFO|09/Apr/2021 11:03:20|basehttp|6114|140027536033536|"GET /get_vendors_type/ HTTP/1.1" 200 7881
INFO|09/Apr/2021 11:03:20|basehttp|6114|140027686385408|"GET /get_action_status/?module=T, HTTP/1.1" 200 2108
INFO|09/Apr/2021 11:03:20|basehttp|6114|140027192084224|"GET /get_active_currency/?status_type=Active HTTP/1.1" 200 11593
INFO|09/Apr/2021 11:03:27|basehttp|6114|140027577980672|"GET /get_view_travel_request/?travel_req_id=TR168048&org_id=ORG150866 HTTP/1.1" 200 2735
INFO|09/Apr/2021 11:03:27|basehttp|6114|140027686385408|"OPTIONS /get_create_assignment/?home=United%20Kingdom&End_date=2021-04-15T05:30:00+05:30&Start_date=Thu%20Apr%2008%202021%2000:00:00%20GMT+0530%20(India%20Standard%20Time)&emp_code=tushaar001 HTTP/1.1" 200 0
INFO|09/Apr/2021 11:03:27|basehttp|6114|140027192084224|"OPTIONS /get_post_location/?country=United%20Kingdom&org_id=ORG150866 HTTP/1.1" 200 0
INFO|09/Apr/2021 11:03:27|basehttp|6114|140027536033536|"OPTIONS /get_currency_conversion/?from_currency=GBP&to_currency= HTTP/1.1" 200 0
INFO|09/Apr/2021 11:03:31|basehttp|6114|140027192084224|"GET /get_create_assignment/?home=United%20Kingdom&End_date=2021-04-15T05:30:00+05:30&Start_date=Thu%20Apr%2008%202021%2000:00:00%20GMT+0530%20(India%20Standard%20Time)&emp_code=tushaar001 HTTP/1.1" 200 63
INFO|09/Apr/2021 11:03:31|basehttp|6114|140027577980672|"GET /active_taxgrid/?org=ORG150866 HTTP/1.1" 200 16606
INFO|09/Apr/2021 11:03:31|basehttp|6114|140027686385408|"GET /get_post_location/?country=United%20Kingdom&org_id=ORG150866 HTTP/1.1" 200 803
INFO|09/Apr/2021 11:03:31|basehttp|6114|140027536033536|"GET /get_currency_conversion/?from_currency=GBP&to_currency= HTTP/1.1" 200 63
INFO|09/Apr/2021 11:03:38|basehttp|6114|140027175298816|"GET /get_travel_status_summary/?travel_req_id=TR168048&org_id=ORG150866 HTTP/1.1" 200 1095
INFO|09/Apr/2021 11:03:52|basehttp|6114|140027577980672|"GET /getemployee_visa_info/?employee=Emp0009 HTTP/1.1" 200 43
INFO|09/Apr/2021 11:03:52|basehttp|6114|140027686385408|"GET /getemployee_passport_info/?employee=Emp0009 HTTP/1.1" 200 43
INFO|09/Apr/2021 11:03:54|basehttp|6114|140027183691520|"GET /get_travel_count_user/?emp_code=Emp0009 HTTP/1.1" 200 82
INFO|09/Apr/2021 11:04:04|basehttp|6114|140027192084224|"GET /post_get_calender_event/?emp_code=Emp0009 HTTP/1.1" 200 4917
INFO|09/Apr/2021 11:04:23|basehttp|6114|140027536033536|"GET /get_travel_request_approver_top/?emp_email=Emp0009&travel_req_status=2&type=Travel&org_id=ORG150866&limit=5 HTTP/1.1" 200 8914
INFO|09/Apr/2021 11:04:34|basehttp|6114|140027175298816|"GET /get_add/travel_request/?travel_req_status=2&org_id=ORG150866&emp_email=Emp0009 HTTP/1.1" 200 13689
INFO|09/Apr/2021 11:05:01|basehttp|6114|140027536033536|"GET /get_action_status/?module=T, HTTP/1.1" 200 2108
INFO|09/Apr/2021 11:06:12|basehttp|6114|140027175298816|"GET /get_travel_request_approver/?emp_email=Emp0009&travel_req_status=2&type=Travel&org_id=ORG150866 HTTP/1.1" 200 27882
INFO|09/Apr/2021 11:06:41|basehttp|6114|140027175298816|"OPTIONS /get_travel_request_history/?email=Emp0009&status=4&type=Travel&org_id=ORG150866 HTTP/1.1" 200 0
INFO|09/Apr/2021 11:06:45|basehttp|6114|140027536033536|"GET /get_action_status/?module=T, HTTP/1.1" 200 2108
INFO|09/Apr/2021 11:08:42|basehttp|6114|140027175298816|"GET /get_travel_request_history/?email=Emp0009&status=4&type=Travel&org_id=ORG150866 HTTP/1.1" 200 44910
INFO|09/Apr/2021 11:08:57|basehttp|6114|140027536033536|"GET /get_vendors_type/ HTTP/1.1" 200 7881
INFO|09/Apr/2021 11:08:57|basehttp|6114|140027192084224|"GET /get_action_status/?module=T, HTTP/1.1" 200 2108
INFO|09/Apr/2021 11:08:57|basehttp|6114|140027183691520|"GET /get_active_currency/?status_type=Active HTTP/1.1" 200 11593
INFO|09/Apr/2021 11:09:07|basehttp|6114|140027175298816|"GET /get_view_travel_request/?travel_req_id=TR308757&org_id=ORG150866 HTTP/1.1" 200 2741
INFO|09/Apr/2021 11:09:11|basehttp|6114|140027192084224|"GET /get_create_assignment/?home=United%20States&End_date=2021-04-16T05:30:00+05:30&Start_date=Fri%20Apr%2009%202021%2000:00:00%20GMT+0530%20(India%20Standard%20Time)&emp_code=tushaar001 HTTP/1.1" 200 63
INFO|09/Apr/2021 11:09:11|basehttp|6114|140027175298816|"GET /active_taxgrid/?org=ORG150866 HTTP/1.1" 200 16606
INFO|09/Apr/2021 11:09:11|basehttp|6114|140027183691520|"GET /get_post_location/?country=United%20States&org_id=ORG150866 HTTP/1.1" 200 838
INFO|09/Apr/2021 11:09:11|basehttp|6114|140027536033536|"GET /get_currency_conversion/?from_currency=USD&to_currency= HTTP/1.1" 200 63
INFO|09/Apr/2021 11:09:18|basehttp|6114|140027686385408|"GET /get_travel_status_summary/?travel_req_id=TR308757&org_id=ORG150866 HTTP/1.1" 200 1097
WARNING|09/Apr/2021 11:48:00|log|7259|140447210841856|Not Found: /media/0dd57ac0b44c652f207ec6512c545b1d_CxDNYHw.png
WARNING|09/Apr/2021 11:48:00|basehttp|7259|140447210841856|"GET /media/0dd57ac0b44c652f207ec6512c545b1d_CxDNYHw.png HTTP/1.1" 404 1921
INFO|09/Apr/2021 11:48:00|basehttp|7259|140447252788992|"OPTIONS /get_add/travel_request/?travel_req_status=2&org_id=ORG150866&emp_email=Emp112 HTTP/1.1" 200 0
WARNING|09/Apr/2021 11:48:00|log|7259|140446872065792|Unauthorized: /get_add/travel_request/
WARNING|09/Apr/2021 11:48:00|basehttp|7259|140446872065792|"GET /get_add/travel_request/?travel_req_status=2&org_id=ORG150866&emp_email=Emp112 HTTP/1.1" 401 183
INFO|09/Apr/2021 11:48:00|basehttp|7259|140447252788992|"OPTIONS /get_travel_request_approver_top/?emp_email=Emp112&travel_req_status=2&type=Travel&org_id=ORG150866&limit=5 HTTP/1.1" 200 0
INFO|09/Apr/2021 11:48:00|basehttp|7259|140447261181696|"OPTIONS /getemployee_passport_info/?employee=Emp112 HTTP/1.1" 200 0
INFO|09/Apr/2021 11:48:00|basehttp|7259|140447261181696|"OPTIONS /getemployee_visa_info/?employee=Emp112 HTTP/1.1" 200 0
INFO|09/Apr/2021 11:48:00|basehttp|7259|140446872065792|"OPTIONS /post_get_calender_event/?emp_code=Emp112 HTTP/1.1" 200 0
INFO|09/Apr/2021 11:48:00|basehttp|7259|140446863673088|"OPTIONS /get_travel_count_user/?emp_code=Emp112 HTTP/1.1" 200 0
WARNING|09/Apr/2021 11:48:00|log|7259|140446863673088|Unauthorized: /get_travel_count_user/
WARNING|09/Apr/2021 11:48:00|basehttp|7259|140446863673088|"GET /get_travel_count_user/?emp_code=Emp112 HTTP/1.1" 401 183
WARNING|09/Apr/2021 11:48:00|log|7259|140446855280384|Unauthorized: /getemployee_passport_info/
WARNING|09/Apr/2021 11:48:00|basehttp|7259|140446855280384|"GET /getemployee_passport_info/?employee=Emp112 HTTP/1.1" 401 183
INFO|09/Apr/2021 11:48:00|basehttp|7259|140446872065792|"OPTIONS /api/token/refresh/ HTTP/1.1" 200 0
WARNING|09/Apr/2021 11:48:00|log|7259|140447261181696|Unauthorized: /get_add/travel_request/
WARNING|09/Apr/2021 11:48:00|log|7259|140447252788992|Unauthorized: /get_travel_request_approver_top/
WARNING|09/Apr/2021 11:48:00|log|7259|140446863673088|Unauthorized: /post_get_calender_event/
WARNING|09/Apr/2021 11:48:00|log|7259|140446855280384|Unauthorized: /getemployee_visa_info/
WARNING|09/Apr/2021 11:48:00|basehttp|7259|140447252788992|"GET /get_travel_request_approver_top/?emp_email=Emp112&travel_req_status=2&type=Travel&org_id=ORG150866&limit=5 HTTP/1.1" 401 183
WARNING|09/Apr/2021 11:48:00|basehttp|7259|140447261181696|"GET /get_add/travel_request/?travel_req_status=2&org_id=ORG150866&emp_email=Emp112 HTTP/1.1" 401 183
WARNING|09/Apr/2021 11:48:00|basehttp|7259|140446863673088|"GET /post_get_calender_event/?emp_code=Emp112 HTTP/1.1" 401 183
WARNING|09/Apr/2021 11:48:00|basehttp|7259|140446855280384|"GET /getemployee_visa_info/?employee=Emp112 HTTP/1.1" 401 183
WARNING|09/Apr/2021 11:48:00|log|7259|140446504318720|Unauthorized: /getemployee_passport_info/
INFO|09/Apr/2021 11:48:00|basehttp|7259|140446855280384|"OPTIONS /api/token/refresh/ HTTP/1.1" 200 0
WARNING|09/Apr/2021 11:48:00|basehttp|7259|140446504318720|"GET /getemployee_passport_info/?employee=Emp112 HTTP/1.1" 401 183
INFO|09/Apr/2021 11:48:00|basehttp|7259|140446872065792|"POST /api/token/refresh/ HTTP/1.1" 200 220
INFO|09/Apr/2021 11:48:00|basehttp|7259|140446504318720|"POST /api/token/refresh/ HTTP/1.1" 200 220
WARNING|09/Apr/2021 11:48:00|log|7259|140447252788992|Unauthorized: /getemployee_visa_info/
INFO|09/Apr/2021 11:48:00|basehttp|7259|140447261181696|"POST /api/token/refresh/ HTTP/1.1" 200 220
WARNING|09/Apr/2021 11:48:00|basehttp|7259|140447252788992|"GET /getemployee_visa_info/?employee=Emp112 HTTP/1.1" 401 183
WARNING|09/Apr/2021 11:48:00|log|7259|140446863673088|Unauthorized: /get_travel_count_user/
WARNING|09/Apr/2021 11:48:00|basehttp|7259|140446863673088|"GET /get_travel_count_user/?emp_code=Emp112 HTTP/1.1" 401 183
INFO|09/Apr/2021 11:48:00|basehttp|7259|140446855280384|"POST /api/token/refresh/ HTTP/1.1" 200 220
WARNING|09/Apr/2021 11:48:00|log|7259|140446872065792|Unauthorized: /getemployee_passport_info/
WARNING|09/Apr/2021 11:48:00|basehttp|7259|140446872065792|"GET /getemployee_passport_info/?employee=Emp112 HTTP/1.1" 401 183
INFO|09/Apr/2021 11:48:00|basehttp|7259|140446504318720|"POST /api/token/refresh/ HTTP/1.1" 200 220
INFO|09/Apr/2021 11:48:00|basehttp|7259|140447261181696|"POST /api/token/refresh/ HTTP/1.1" 200 220
INFO|09/Apr/2021 11:48:00|basehttp|7259|140447252788992|"POST /api/token/refresh/ HTTP/1.1" 200 220
WARNING|09/Apr/2021 11:48:00|log|7259|140446855280384|Unauthorized: /get_add/travel_request/
WARNING|09/Apr/2021 11:48:00|basehttp|7259|140446855280384|"GET /get_add/travel_request/?travel_req_status=2&org_id=ORG150866&emp_email=Emp112 HTTP/1.1" 401 183
INFO|09/Apr/2021 11:48:00|basehttp|7259|140446504318720|"POST /api/token/refresh/ HTTP/1.1" 200 220
WARNING|09/Apr/2021 11:48:00|log|7259|140446872065792|Unauthorized: /post_get_calender_event/
WARNING|09/Apr/2021 11:48:00|basehttp|7259|140446872065792|"GET /post_get_calender_event/?emp_code=Emp112 HTTP/1.1" 401 183
WARNING|09/Apr/2021 11:48:00|log|7259|140446863673088|Unauthorized: /get_travel_request_approver_top/
WARNING|09/Apr/2021 11:48:00|basehttp|7259|140446863673088|"GET /get_travel_request_approver_top/?emp_email=Emp112&travel_req_status=2&type=Travel&org_id=ORG150866&limit=5 HTTP/1.1" 401 183
INFO|09/Apr/2021 11:48:00|basehttp|7259|140447261181696|"POST /api/token/refresh/ HTTP/1.1" 200 220
INFO|09/Apr/2021 11:48:00|basehttp|7259|140446855280384|"POST /api/token/refresh/ HTTP/1.1" 200 220
INFO|09/Apr/2021 11:48:00|basehttp|7259|140446872065792|"POST /api/token/refresh/ HTTP/1.1" 200 220
INFO|09/Apr/2021 11:48:00|basehttp|7259|140447261181696|"POST /api/token/refresh/ HTTP/1.1" 200 220
INFO|09/Apr/2021 11:48:00|basehttp|7259|140446872065792|"POST /api/token/refresh/ HTTP/1.1" 200 220
INFO|09/Apr/2021 11:48:00|basehttp|7259|140446872065792|"POST /api/token/refresh/ HTTP/1.1" 200 220
INFO|09/Apr/2021 11:48:05|basehttp|7259|140446504318720|"GET /get_travel_count_user/?emp_code=Emp112 HTTP/1.1" 200 83
INFO|09/Apr/2021 11:48:05|basehttp|7259|140447252788992|"GET /getemployee_visa_info/?employee=Emp112 HTTP/1.1" 200 1323
INFO|09/Apr/2021 11:48:06|basehttp|7259|140446863673088|"GET /getemployee_passport_info/?employee=Emp112 HTTP/1.1" 200 2390
INFO|09/Apr/2021 11:48:18|basehttp|7259|140447261181696|"GET /post_get_calender_event/?emp_code=Emp112 HTTP/1.1" 200 16292
INFO|09/Apr/2021 11:48:35|basehttp|7259|140447261181696|"POST /api/custom/login/ HTTP/1.1" 200 455
INFO|09/Apr/2021 11:48:35|basehttp|7259|140446872065792|"GET /get_travel_request_approver_top/?emp_email=Emp112&travel_req_status=2&type=Travel&org_id=ORG150866&limit=5 HTTP/1.1" 200 7473
INFO|09/Apr/2021 11:48:44|basehttp|7259|140447261181696|"POST /emoloyeeinfo/ HTTP/1.1" 200 1503
WARNING|09/Apr/2021 11:48:47|log|7259|140447210841856|Not Found: /media/WhatsApp Image 2021-03-21 at 10.55.09 PM.jpeg
WARNING|09/Apr/2021 11:48:47|basehttp|7259|140447210841856|"GET /media/WhatsApp%20Image%202021-03-21%20at%2010.55.09%20PM.jpeg HTTP/1.1" 404 1934
INFO|09/Apr/2021 11:48:48|basehttp|7259|140446504318720|"GET /getemployee_passport_info/?employee=Emp0009 HTTP/1.1" 200 43
INFO|09/Apr/2021 11:48:49|basehttp|7259|140446872065792|"GET /getemployee_org_info/?employee=Emp0009 HTTP/1.1" 200 712
INFO|09/Apr/2021 11:48:52|basehttp|7259|140446504318720|"GET /getemployee_visa_info/?employee=Emp0009 HTTP/1.1" 200 43
INFO|09/Apr/2021 11:48:57|basehttp|7259|140446504318720|"GET /get_travel_count_user/?emp_code=Emp0009 HTTP/1.1" 200 82
INFO|09/Apr/2021 11:48:57|basehttp|7259|140446872065792|"GET /post_get_calender_event/?emp_code=Emp0009 HTTP/1.1" 200 4917
INFO|09/Apr/2021 11:49:18|basehttp|7259|140447252788992|"GET /get_travel_request_approver_top/?emp_email=Emp0009&travel_req_status=2&type=Travel&org_id=ORG150866&limit=5 HTTP/1.1" 200 8955
INFO|09/Apr/2021 11:49:31|basehttp|7259|140446863673088|"GET /get_add/travel_request/?travel_req_status=2&org_id=ORG150866&emp_email=Emp0009 HTTP/1.1" 200 13689
INFO|09/Apr/2021 11:49:47|basehttp|7259|140447261181696|"GET /get_post_notification/?email=Emp0009&org_id=ORG150866 HTTP/1.1" 200 63190
INFO|09/Apr/2021 11:50:13|basehttp|7259|140447261181696|"OPTIONS /get_view_travel_request/?travel_req_id=TR692779&org_id=ORG150866 HTTP/1.1" 200 0
INFO|09/Apr/2021 11:50:13|basehttp|7259|140446504318720|"OPTIONS /get_travel_status_summary/?travel_req_id=TR692779&org_id=ORG150866 HTTP/1.1" 200 0
INFO|09/Apr/2021 11:50:17|basehttp|7259|140446863673088|"GET /get_vendors_type/ HTTP/1.1" 200 7881
INFO|09/Apr/2021 11:50:17|basehttp|7259|140447252788992|"GET /get_action_status/?module=T, HTTP/1.1" 200 2108
INFO|09/Apr/2021 11:50:17|basehttp|7259|140446872065792|"GET /get_active_currency/?status_type=Active HTTP/1.1" 200 11593
INFO|09/Apr/2021 11:50:24|basehttp|7259|140447261181696|"GET /get_view_travel_request/?travel_req_id=TR692779&org_id=ORG150866 HTTP/1.1" 200 2756
INFO|09/Apr/2021 11:50:24|basehttp|7259|140447252788992|"OPTIONS /get_create_assignment/?home=United%20States&End_date=2021-04-09T17:15:34.285000+05:30&Start_date=Fri%20Apr%2009%202021%2000:00:00%20GMT+0530%20(India%20Standard%20Time)&emp_code=tushaar001 HTTP/1.1" 200 0
INFO|09/Apr/2021 11:50:28|basehttp|7259|140446863673088|"GET /get_currency_conversion/?from_currency=USD&to_currency= HTTP/1.1" 200 63
INFO|09/Apr/2021 11:50:28|basehttp|7259|140446872065792|"GET /get_post_location/?country=United%20States&org_id=ORG150866 HTTP/1.1" 200 838
INFO|09/Apr/2021 11:50:28|basehttp|7259|140447252788992|"GET /get_create_assignment/?home=United%20States&End_date=2021-04-09T17:15:34.285000+05:30&Start_date=Fri%20Apr%2009%202021%2000:00:00%20GMT+0530%20(India%20Standard%20Time)&emp_code=tushaar001 HTTP/1.1" 200 63
INFO|09/Apr/2021 11:50:28|basehttp|7259|140447261181696|"GET /active_taxgrid/?org=ORG150866 HTTP/1.1" 200 16606
INFO|09/Apr/2021 11:50:33|basehttp|7259|140446504318720|"GET /get_travel_status_summary/?travel_req_id=TR692779&org_id=ORG150866 HTTP/1.1" 200 1093
INFO|09/Apr/2021 11:52:57|basehttp|7259|140446504318720|"POST /get_post_approve_travelvisa_request/ HTTP/1.1" 200 59
INFO|09/Apr/2021 11:53:04|basehttp|7259|140447261181696|"GET /get_action_status/?module=T, HTTP/1.1" 200 2108
INFO|09/Apr/2021 11:53:07|basehttp|7259|140446855280384|"GET /get_add/travel_request/?travel_req_status=2&org_id=ORG150866&emp_email=Emp112 HTTP/1.1" 200 106993
WARNING|09/Apr/2021 11:53:22|log|7259|140447210841856|Not Found: /media/WhatsApp Image 2021-03-21 at 10.55.09 PM.jpeg
WARNING|09/Apr/2021 11:53:22|basehttp|7259|140447210841856|"GET /media/WhatsApp%20Image%202021-03-21%20at%2010.55.09%20PM.jpeg HTTP/1.1" 404 1934
INFO|09/Apr/2021 11:54:15|basehttp|7259|140446504318720|"GET /get_travel_request_approver/?emp_email=Emp0009&travel_req_status=2&type=Travel&org_id=ORG150866 HTTP/1.1" 200 27882
WARNING|09/Apr/2021 12:03:18|log|7716|140669700753152|Not Found: /media/0dd57ac0b44c652f207ec6512c545b1d_CxDNYHw.png
WARNING|09/Apr/2021 12:03:18|basehttp|7716|140669700753152|"GET /media/0dd57ac0b44c652f207ec6512c545b1d_CxDNYHw.png HTTP/1.1" 404 1921
INFO|09/Apr/2021 12:03:26|basehttp|7716|140669742700288|"POST /api/custom/login/ HTTP/1.1" 200 455
INFO|09/Apr/2021 12:03:34|basehttp|7716|140669742700288|"POST /emoloyeeinfo/ HTTP/1.1" 200 1503
WARNING|09/Apr/2021 12:03:35|log|7716|140669700753152|Not Found: /media/WhatsApp Image 2021-03-21 at 10.55.09 PM.jpeg
WARNING|09/Apr/2021 12:03:35|basehttp|7716|140669700753152|"GET /media/WhatsApp%20Image%202021-03-21%20at%2010.55.09%20PM.jpeg HTTP/1.1" 404 1934
INFO|09/Apr/2021 12:03:38|basehttp|7716|140669348226816|"GET /getemployee_passport_info/?employee=Emp0009 HTTP/1.1" 200 43
INFO|09/Apr/2021 12:03:38|basehttp|7716|140669339834112|"GET /getemployee_visa_info/?employee=Emp0009 HTTP/1.1" 200 43
INFO|09/Apr/2021 12:03:39|basehttp|7716|140669856032512|"GET /getemployee_org_info/?employee=Emp0009 HTTP/1.1" 200 712
INFO|09/Apr/2021 12:03:43|basehttp|7716|140669339834112|"GET /get_travel_count_user/?emp_code=Emp0009 HTTP/1.1" 200 82
INFO|09/Apr/2021 12:03:46|basehttp|7716|140669348226816|"GET /post_get_calender_event/?emp_code=Emp0009 HTTP/1.1" 200 4917
INFO|09/Apr/2021 12:04:09|basehttp|7716|140669356619520|"GET /get_travel_request_approver_top/?emp_email=Emp0009&travel_req_status=2&type=Travel&org_id=ORG150866&limit=5 HTTP/1.1" 200 8931
INFO|09/Apr/2021 12:04:21|basehttp|7716|140669365012224|"GET /get_add/travel_request/?travel_req_status=2&org_id=ORG150866&emp_email=Emp0009 HTTP/1.1" 200 13689
INFO|09/Apr/2021 12:04:31|basehttp|7716|140669365012224|"OPTIONS /get_view_travel_request/?travel_req_id=TR254494&org_id=ORG150866 HTTP/1.1" 200 0
INFO|09/Apr/2021 12:04:31|basehttp|7716|140669365012224|"OPTIONS /get_travel_status_summary/?travel_req_id=TR254494&org_id=ORG150866 HTTP/1.1" 200 0
INFO|09/Apr/2021 12:04:35|basehttp|7716|140669356619520|"GET /get_vendors_type/ HTTP/1.1" 200 7881
INFO|09/Apr/2021 12:04:35|basehttp|7716|140669348226816|"GET /get_action_status/?module=T, HTTP/1.1" 200 2108
INFO|09/Apr/2021 12:04:35|basehttp|7716|140669339834112|"GET /get_active_currency/?status_type=Active HTTP/1.1" 200 11593
INFO|09/Apr/2021 12:04:37|basehttp|7716|140669742700288|"GET /get_post_notification/?email=Emp0009&org_id=ORG150866 HTTP/1.1" 200 65444
INFO|09/Apr/2021 12:04:42|basehttp|7716|140669856032512|"GET /get_view_travel_request/?travel_req_id=TR254494&org_id=ORG150866 HTTP/1.1" 200 2734
INFO|09/Apr/2021 12:04:42|basehttp|7716|140669339834112|"OPTIONS /get_create_assignment/?home=United%20States&End_date=2021-04-10T05:30:00+05:30&Start_date=Fri%20Apr%2009%202021%2000:00:00%20GMT+0530%20(India%20Standard%20Time)&emp_code=tushaar001 HTTP/1.1" 200 0
INFO|09/Apr/2021 12:04:45|basehttp|7716|140669348226816|"GET /get_currency_conversion/?from_currency=USD&to_currency= HTTP/1.1" 200 63
INFO|09/Apr/2021 12:04:45|basehttp|7716|140669856032512|"GET /active_taxgrid/?org=ORG150866 HTTP/1.1" 200 16606
INFO|09/Apr/2021 12:04:45|basehttp|7716|140669742700288|"GET /get_post_location/?country=United%20States&org_id=ORG150866 HTTP/1.1" 200 838
INFO|09/Apr/2021 12:04:46|basehttp|7716|140669339834112|"GET /get_create_assignment/?home=United%20States&End_date=2021-04-10T05:30:00+05:30&Start_date=Fri%20Apr%2009%202021%2000:00:00%20GMT+0530%20(India%20Standard%20Time)&emp_code=tushaar001 HTTP/1.1" 200 63
INFO|09/Apr/2021 12:04:52|basehttp|7716|140669365012224|"GET /get_travel_status_summary/?travel_req_id=TR254494&org_id=ORG150866 HTTP/1.1" 200 1093
INFO|09/Apr/2021 12:07:20|basehttp|7716|140669365012224|"POST /get_post_approve_travelvisa_request/ HTTP/1.1" 200 59
INFO|09/Apr/2021 12:13:39|basehttp|7716|140669700753152|"GET /get_action_status/?module=T, HTTP/1.1" 200 2108
INFO|09/Apr/2021 12:14:55|basehttp|7716|140669742700288|"GET /get_travel_request_approver/?emp_email=Emp0009&travel_req_status=2&type=Travel&org_id=ORG150866 HTTP/1.1" 200 27882
WARNING|09/Apr/2021 12:24:44|log|8220|140283916310272|Not Found: /media/WhatsApp Image 2021-03-21 at 10.55.09 PM.jpeg
WARNING|09/Apr/2021 12:24:44|basehttp|8220|140283916310272|"GET /media/WhatsApp%20Image%202021-03-21%20at%2010.55.09%20PM.jpeg HTTP/1.1" 404 1934
WARNING|09/Apr/2021 12:33:25|log|8220|140283916310272|Not Found: /media/0dd57ac0b44c652f207ec6512c545b1d_CxDNYHw.png
WARNING|09/Apr/2021 12:33:25|basehttp|8220|140283916310272|"GET /media/0dd57ac0b44c652f207ec6512c545b1d_CxDNYHw.png HTTP/1.1" 404 1921
INFO|09/Apr/2021 12:33:33|basehttp|8220|140283958257408|"POST /api/custom/login/ HTTP/1.1" 200 455
INFO|09/Apr/2021 12:33:42|basehttp|8220|140283958257408|"POST /emoloyeeinfo/ HTTP/1.1" 200 1503
WARNING|09/Apr/2021 12:33:42|log|8220|140283916310272|Not Found: /media/WhatsApp Image 2021-03-21 at 10.55.09 PM.jpeg
WARNING|09/Apr/2021 12:33:42|basehttp|8220|140283916310272|"GET /media/WhatsApp%20Image%202021-03-21%20at%2010.55.09%20PM.jpeg HTTP/1.1" 404 1934
INFO|09/Apr/2021 12:33:46|basehttp|8220|140283345884928|"GET /getemployee_visa_info/?employee=Emp0009 HTTP/1.1" 200 43
INFO|09/Apr/2021 12:33:46|basehttp|8220|140283354277632|"GET /getemployee_passport_info/?employee=Emp0009 HTTP/1.1" 200 43
INFO|09/Apr/2021 12:33:47|basehttp|8220|140283966650112|"GET /getemployee_org_info/?employee=Emp0009 HTTP/1.1" 200 712
INFO|09/Apr/2021 12:33:51|basehttp|8220|140283354277632|"GET /get_travel_count_user/?emp_code=Emp0009 HTTP/1.1" 200 82
INFO|09/Apr/2021 12:33:54|basehttp|8220|140283345884928|"GET /post_get_calender_event/?emp_code=Emp0009 HTTP/1.1" 200 4917
INFO|09/Apr/2021 12:34:16|basehttp|8220|140283362670336|"GET /get_travel_request_approver_top/?emp_email=Emp0009&travel_req_status=2&type=Travel&org_id=ORG150866&limit=5 HTTP/1.1" 200 8498
INFO|09/Apr/2021 12:34:28|basehttp|8220|140283579520768|"GET /get_add/travel_request/?travel_req_status=2&org_id=ORG150866&emp_email=Emp0009 HTTP/1.1" 200 13689
INFO|09/Apr/2021 12:34:32|basehttp|8220|140283579520768|"OPTIONS /get_view_travel_request/?travel_req_id=TR113240&org_id=ORG150866 HTTP/1.1" 200 0
INFO|09/Apr/2021 12:34:32|basehttp|8220|140283966650112|"OPTIONS /get_travel_status_summary/?travel_req_id=TR113240&org_id=ORG150866 HTTP/1.1" 200 0
INFO|09/Apr/2021 12:34:36|basehttp|8220|140283362670336|"GET /get_vendors_type/ HTTP/1.1" 200 7881
INFO|09/Apr/2021 12:34:36|basehttp|8220|140283345884928|"GET /get_action_status/?module=T, HTTP/1.1" 200 2108
INFO|09/Apr/2021 12:34:36|basehttp|8220|140283354277632|"GET /get_active_currency/?status_type=Active HTTP/1.1" 200 11593
INFO|09/Apr/2021 12:34:43|basehttp|8220|140283579520768|"GET /get_view_travel_request/?travel_req_id=TR113240&org_id=ORG150866 HTTP/1.1" 200 2731
INFO|09/Apr/2021 12:34:47|basehttp|8220|140283579520768|"GET /active_taxgrid/?org=ORG150866 HTTP/1.1" 200 16606
INFO|09/Apr/2021 12:34:47|basehttp|8220|140283345884928|"GET /get_create_assignment/?home=United%20States&End_date=2021-04-10T05:30:00+05:30&Start_date=Fri%20Apr%2009%202021%2000:00:00%20GMT+0530%20(India%20Standard%20Time)&emp_code=tushaar001 HTTP/1.1" 200 63
INFO|09/Apr/2021 12:34:47|basehttp|8220|140283354277632|"GET /get_post_location/?country=United%20States&org_id=ORG150866 HTTP/1.1" 200 838
INFO|09/Apr/2021 12:34:47|basehttp|8220|140283362670336|"GET /get_currency_conversion/?from_currency=USD&to_currency= HTTP/1.1" 200 63
INFO|09/Apr/2021 12:34:48|basehttp|8220|140283958257408|"GET /get_post_notification/?email=Emp0009&org_id=ORG150866 HTTP/1.1" 200 68824
INFO|09/Apr/2021 12:34:53|basehttp|8220|140283966650112|"GET /get_travel_status_summary/?travel_req_id=TR113240&org_id=ORG150866 HTTP/1.1" 200 1093
INFO|09/Apr/2021 12:37:10|basehttp|8220|140283966650112|"POST /get_post_approve_travelvisa_request/ HTTP/1.1" 200 59
INFO|09/Apr/2021 12:37:31|basehttp|8220|140283958257408|"GET /get_action_status/?module=T, HTTP/1.1" 200 2108
WARNING|09/Apr/2021 12:38:21|log|8220|140283916310272|Not Found: /media/WhatsApp Image 2021-03-21 at 10.55.09 PM.jpeg
WARNING|09/Apr/2021 12:38:21|basehttp|8220|140283916310272|"GET /media/WhatsApp%20Image%202021-03-21%20at%2010.55.09%20PM.jpeg HTTP/1.1" 404 1934
INFO|09/Apr/2021 12:38:48|basehttp|8220|140283966650112|"GET /get_travel_request_approver/?emp_email=Emp0009&travel_req_status=2&type=Travel&org_id=ORG150866 HTTP/1.1" 200 30074
WARNING|09/Apr/2021 12:53:05|log|8220|140283916310272|Not Found: /media/0dd57ac0b44c652f207ec6512c545b1d_CxDNYHw.png
WARNING|09/Apr/2021 12:53:05|basehttp|8220|140283916310272|"GET /media/0dd57ac0b44c652f207ec6512c545b1d_CxDNYHw.png HTTP/1.1" 404 1921
INFO|09/Apr/2021 12:53:08|basehttp|8220|140283958257408|"OPTIONS /api/custom/login/ HTTP/1.1" 200 0
INFO|09/Apr/2021 12:53:12|basehttp|8220|140283958257408|"POST /api/custom/login/ HTTP/1.1" 200 455
INFO|09/Apr/2021 12:53:12|basehttp|8220|140283958257408|"OPTIONS /emoloyeeinfo/ HTTP/1.1" 200 0
INFO|09/Apr/2021 12:53:24|basehttp|8220|140283958257408|"POST /emoloyeeinfo/ HTTP/1.1" 200 1503
INFO|09/Apr/2021 12:53:24|basehttp|8220|140283958257408|"OPTIONS /get_post_notification/?email=Emp0009&org_id=ORG150866 HTTP/1.1" 200 0
INFO|09/Apr/2021 12:53:24|basehttp|8220|140283966650112|"OPTIONS /getemployee_org_info/?employee=Emp0009 HTTP/1.1" 200 0
INFO|09/Apr/2021 12:53:24|basehttp|8220|140283362670336|"OPTIONS /get_add/travel_request/?travel_req_status=2&org_id=ORG150866&emp_email=Emp0009 HTTP/1.1" 200 0
INFO|09/Apr/2021 12:53:24|basehttp|8220|140283354277632|"OPTIONS /get_travel_request_approver_top/?emp_email=Emp0009&travel_req_status=2&type=Travel&org_id=ORG150866&limit=5 HTTP/1.1" 200 0
INFO|09/Apr/2021 12:53:24|basehttp|8220|140283354277632|"OPTIONS /getemployee_visa_info/?employee=Emp0009 HTTP/1.1" 200 0
INFO|09/Apr/2021 12:53:24|basehttp|8220|140283345884928|"OPTIONS /getemployee_passport_info/?employee=Emp0009 HTTP/1.1" 200 0
INFO|09/Apr/2021 12:53:24|basehttp|8220|140283958257408|"OPTIONS /post_get_calender_event/?emp_code=Emp0009 HTTP/1.1" 200 0
INFO|09/Apr/2021 12:53:24|basehttp|8220|140283345884928|"OPTIONS /get_travel_count_user/?emp_code=Emp0009 HTTP/1.1" 200 0
WARNING|09/Apr/2021 12:53:25|log|8220|140283916310272|Not Found: /media/WhatsApp Image 2021-03-21 at 10.55.09 PM.jpeg
WARNING|09/Apr/2021 12:53:25|basehttp|8220|140283916310272|"GET /media/WhatsApp%20Image%202021-03-21%20at%2010.55.09%20PM.jpeg HTTP/1.1" 404 1934
INFO|09/Apr/2021 12:53:28|basehttp|8220|140283354277632|"GET /getemployee_passport_info/?employee=Emp0009 HTTP/1.1" 200 43
INFO|09/Apr/2021 12:53:28|basehttp|8220|140283345884928|"GET /getemployee_visa_info/?employee=Emp0009 HTTP/1.1" 200 43
INFO|09/Apr/2021 12:53:29|basehttp|8220|140283966650112|"GET /getemployee_org_info/?employee=Emp0009 HTTP/1.1" 200 712
INFO|09/Apr/2021 12:53:33|basehttp|8220|140283345884928|"GET /get_travel_count_user/?emp_code=Emp0009 HTTP/1.1" 200 82
INFO|09/Apr/2021 12:53:36|basehttp|8220|140283354277632|"GET /post_get_calender_event/?emp_code=Emp0009 HTTP/1.1" 200 4917
INFO|09/Apr/2021 12:53:59|basehttp|8220|140283337492224|"GET /get_travel_request_approver_top/?emp_email=Emp0009&travel_req_status=2&type=Travel&org_id=ORG150866&limit=5 HTTP/1.1" 200 8510
INFO|09/Apr/2021 12:54:11|basehttp|8220|140283362670336|"GET /get_add/travel_request/?travel_req_status=2&org_id=ORG150866&emp_email=Emp0009 HTTP/1.1" 200 13689
INFO|09/Apr/2021 12:54:16|basehttp|8220|140283362670336|"OPTIONS /get_view_travel_request/?travel_req_id=TR548147&org_id=ORG150866 HTTP/1.1" 200 0
INFO|09/Apr/2021 12:54:16|basehttp|8220|140283337492224|"OPTIONS /get_vendors_type/ HTTP/1.1" 200 0
INFO|09/Apr/2021 12:54:16|basehttp|8220|140283354277632|"OPTIONS /get_action_status/?module=T, HTTP/1.1" 200 0
INFO|09/Apr/2021 12:54:16|basehttp|8220|140283345884928|"OPTIONS /get_active_currency/?status_type=Active HTTP/1.1" 200 0
INFO|09/Apr/2021 12:54:16|basehttp|8220|140283966650112|"OPTIONS /get_travel_status_summary/?travel_req_id=TR548147&org_id=ORG150866 HTTP/1.1" 200 0
INFO|09/Apr/2021 12:54:20|basehttp|8220|140283966650112|"GET /get_vendors_type/ HTTP/1.1" 200 7881
INFO|09/Apr/2021 12:54:20|basehttp|8220|140283345884928|"GET /get_action_status/?module=T, HTTP/1.1" 200 2108
INFO|09/Apr/2021 12:54:20|basehttp|8220|140283354277632|"GET /get_active_currency/?status_type=Active HTTP/1.1" 200 11593
INFO|09/Apr/2021 12:54:27|basehttp|8220|140283362670336|"GET /get_view_travel_request/?travel_req_id=TR548147&org_id=ORG150866 HTTP/1.1" 200 2741
INFO|09/Apr/2021 12:54:27|basehttp|8220|140283362670336|"OPTIONS /active_taxgrid/?org=ORG150866 HTTP/1.1" 200 0
INFO|09/Apr/2021 12:54:27|basehttp|8220|140283354277632|"OPTIONS /get_post_location/?country=United%20States&org_id=ORG150866 HTTP/1.1" 200 0
INFO|09/Apr/2021 12:54:27|basehttp|8220|140283966650112|"OPTIONS /get_currency_conversion/?from_currency=USD&to_currency= HTTP/1.1" 200 0
INFO|09/Apr/2021 12:54:27|basehttp|8220|140283345884928|"OPTIONS /get_create_assignment/?home=United%20States&End_date=2021-04-09T18:20:29.841000+05:30&Start_date=Fri%20Apr%2009%202021%2000:00:00%20GMT+0530%20(India%20Standard%20Time)&emp_code=tushaar001 HTTP/1.1" 200 0
INFO|09/Apr/2021 12:54:31|basehttp|8220|140283362670336|"GET /active_taxgrid/?org=ORG150866 HTTP/1.1" 200 16606
INFO|09/Apr/2021 12:54:31|basehttp|8220|140283345884928|"GET /get_post_location/?country=United%20States&org_id=ORG150866 HTTP/1.1" 200 838
INFO|09/Apr/2021 12:54:31|basehttp|8220|140283966650112|"GET /get_currency_conversion/?from_currency=USD&to_currency= HTTP/1.1" 200 63
INFO|09/Apr/2021 12:54:31|basehttp|8220|140283354277632|"GET /get_create_assignment/?home=United%20States&End_date=2021-04-09T18:20:29.841000+05:30&Start_date=Fri%20Apr%2009%202021%2000:00:00%20GMT+0530%20(India%20Standard%20Time)&emp_code=tushaar001 HTTP/1.1" 200 63
INFO|09/Apr/2021 12:54:31|basehttp|8220|140283958257408|"GET /get_post_notification/?email=Emp0009&org_id=ORG150866 HTTP/1.1" 200 71078
INFO|09/Apr/2021 12:54:37|basehttp|8220|140283337492224|"GET /get_travel_status_summary/?travel_req_id=TR548147&org_id=ORG150866 HTTP/1.1" 200 1092
INFO|09/Apr/2021 12:54:49|basehttp|8220|140283337492224|"OPTIONS /get_post_approve_travelvisa_request/ HTTP/1.1" 200 0
INFO|09/Apr/2021 12:56:52|basehttp|8220|140283337492224|"POST /get_post_approve_travelvisa_request/ HTTP/1.1" 200 59
INFO|09/Apr/2021 12:56:59|basehttp|8220|140283958257408|"GET /get_action_status/?module=T, HTTP/1.1" 200 2108
INFO|09/Apr/2021 12:58:17|basehttp|8220|140283337492224|"GET /get_travel_request_approver/?emp_email=Emp0009&travel_req_status=2&type=Travel&org_id=ORG150866 HTTP/1.1" 200 30074
INFO|09/Apr/2021 12:58:32|basehttp|8220|140283958257408|"GET /get_action_status/?module=T, HTTP/1.1" 200 2108
INFO|09/Apr/2021 13:01:40|basehttp|8220|140283337492224|"GET /get_travel_request_history/?email=Emp0009&status=4&type=Travel&org_id=ORG150866 HTTP/1.1" 200 69233
INFO|09/Apr/2021 13:01:49|basehttp|8220|140283958257408|"GET /get_vendors_type/ HTTP/1.1" 200 7881
INFO|09/Apr/2021 13:01:50|basehttp|8220|140283354277632|"GET /get_action_status/?module=T, HTTP/1.1" 200 2108
INFO|09/Apr/2021 13:01:50|basehttp|8220|140283966650112|"GET /get_active_currency/?status_type=Active HTTP/1.1" 200 11593
INFO|09/Apr/2021 13:01:56|basehttp|8220|140283337492224|"GET /get_view_travel_request/?travel_req_id=TR548147&org_id=ORG150866 HTTP/1.1" 200 2742
INFO|09/Apr/2021 13:02:00|basehttp|8220|140283958257408|"GET /get_currency_conversion/?from_currency=USD&to_currency= HTTP/1.1" 200 63
INFO|09/Apr/2021 13:02:00|basehttp|8220|140283966650112|"GET /get_post_location/?country=United%20States&org_id=ORG150866 HTTP/1.1" 200 838
INFO|09/Apr/2021 13:02:00|basehttp|8220|140283354277632|"GET /get_create_assignment/?home=United%20States&End_date=2021-04-09T18:20:29.841000+05:30&Start_date=Fri%20Apr%2009%202021%2000:00:00%20GMT+0530%20(India%20Standard%20Time)&emp_code=tushaar001 HTTP/1.1" 200 63
INFO|09/Apr/2021 13:02:00|basehttp|8220|140283337492224|"GET /active_taxgrid/?org=ORG150866 HTTP/1.1" 200 16606
INFO|09/Apr/2021 13:02:09|basehttp|8220|140283345884928|"GET /get_travel_status_summary/?travel_req_id=TR548147&org_id=ORG150866 HTTP/1.1" 200 1096
INFO|09/Apr/2021 13:05:39|basehttp|8220|140283345884928|"POST /api/custom/login/ HTTP/1.1" 200 455
INFO|09/Apr/2021 13:05:48|basehttp|8220|140283345884928|"POST /emoloyeeinfo/ HTTP/1.1" 200 1415
INFO|09/Apr/2021 13:05:48|basehttp|8220|140283345884928|"OPTIONS /get_post_notification/?email=Emp0010&org_id=ORG150866 HTTP/1.1" 200 0
INFO|09/Apr/2021 13:05:48|basehttp|8220|140283337492224|"OPTIONS /getemployee_org_info/?employee=Emp0010 HTTP/1.1" 200 0
INFO|09/Apr/2021 13:05:48|basehttp|8220|140283354277632|"OPTIONS /get_add/travel_request/?travel_req_status=2&org_id=ORG150866&emp_email=Emp0010 HTTP/1.1" 200 0
INFO|09/Apr/2021 13:05:48|basehttp|8220|140283966650112|"OPTIONS /get_travel_request_approver_top/?emp_email=Emp0010&travel_req_status=2&type=Travel&org_id=ORG150866&limit=5 HTTP/1.1" 200 0
INFO|09/Apr/2021 13:05:48|basehttp|8220|140283966650112|"OPTIONS /getemployee_passport_info/?employee=Emp0010 HTTP/1.1" 200 0
INFO|09/Apr/2021 13:05:48|basehttp|8220|140283958257408|"OPTIONS /post_get_calender_event/?emp_code=Emp0010 HTTP/1.1" 200 0
INFO|09/Apr/2021 13:05:48|basehttp|8220|140283345884928|"OPTIONS /get_travel_count_user/?emp_code=Emp0010 HTTP/1.1" 200 0
INFO|09/Apr/2021 13:05:48|basehttp|8220|140283354277632|"OPTIONS /getemployee_visa_info/?employee=Emp0010 HTTP/1.1" 200 0
INFO|09/Apr/2021 13:05:52|basehttp|8220|140283354277632|"GET /post_get_calender_event/?emp_code=Emp0010 HTTP/1.1" 200 48
INFO|09/Apr/2021 13:05:52|basehttp|8220|140283345884928|"GET /getemployee_passport_info/?employee=Emp0010 HTTP/1.1" 200 43
INFO|09/Apr/2021 13:05:53|basehttp|8220|140283337492224|"GET /getemployee_org_info/?employee=Emp0010 HTTP/1.1" 200 707
INFO|09/Apr/2021 13:05:56|basehttp|8220|140283354277632|"GET /getemployee_visa_info/?employee=Emp0010 HTTP/1.1" 200 43
INFO|09/Apr/2021 13:05:57|basehttp|8220|140283345884928|"GET /get_travel_count_user/?emp_code=Emp0010 HTTP/1.1" 200 82
INFO|09/Apr/2021 13:05:58|basehttp|8220|140283362670336|"GET /get_travel_request_approver_top/?emp_email=Emp0010&travel_req_status=2&type=Travel&org_id=ORG150866&limit=5 HTTP/1.1" 200 1601
INFO|09/Apr/2021 13:06:01|basehttp|8220|140283966650112|"GET /get_post_notification/?email=Emp0010&org_id=ORG150866 HTTP/1.1" 200 10187
INFO|09/Apr/2021 13:06:06|basehttp|8220|140283958257408|"GET /get_add/travel_request/?travel_req_status=2&org_id=ORG150866&emp_email=Emp0010 HTTP/1.1" 200 4541
INFO|09/Apr/2021 13:06:14|basehttp|8220|140283966650112|"GET /get_vendors_type/ HTTP/1.1" 200 7881
INFO|09/Apr/2021 13:06:15|basehttp|8220|140283345884928|"GET /get_active_currency/?status_type=Active HTTP/1.1" 200 11593
INFO|09/Apr/2021 13:06:16|basehttp|8220|140283362670336|"GET /get_action_status/?module=T, HTTP/1.1" 200 2108
INFO|09/Apr/2021 13:06:21|basehttp|8220|140283958257408|"GET /get_view_travel_request/?travel_req_id=TR548147&org_id=ORG150866 HTTP/1.1" 200 2742
INFO|09/Apr/2021 13:06:25|basehttp|8220|140283966650112|"GET /get_currency_conversion/?from_currency=USD&to_currency= HTTP/1.1" 200 63
INFO|09/Apr/2021 13:06:25|basehttp|8220|140283345884928|"GET /get_create_assignment/?home=United%20States&End_date=2021-04-09T18:20:29.841000+05:30&Start_date=Fri%20Apr%2009%202021%2000:00:00%20GMT+0530%20(India%20Standard%20Time)&emp_code=tushaar001 HTTP/1.1" 200 63
INFO|09/Apr/2021 13:06:25|basehttp|8220|140283362670336|"GET /get_post_location/?country=United%20States&org_id=ORG150866 HTTP/1.1" 200 838
INFO|09/Apr/2021 13:06:25|basehttp|8220|140283958257408|"GET /active_taxgrid/?org=ORG150866 HTTP/1.1" 200 16606
INFO|09/Apr/2021 13:06:33|basehttp|8220|140283354277632|"GET /get_travel_status_summary/?travel_req_id=TR548147&org_id=ORG150866 HTTP/1.1" 200 1096
INFO|09/Apr/2021 13:08:46|basehttp|8220|140283354277632|"POST /get_post_approve_travelvisa_request/ HTTP/1.1" 200 59
INFO|09/Apr/2021 13:08:48|basehttp|8220|140283354277632|"OPTIONS /get_travel_request_approver/?emp_email=Emp0010&travel_req_status=2&type=Travel&org_id=ORG150866 HTTP/1.1" 200 0
INFO|09/Apr/2021 13:08:52|basehttp|8220|140283354277632|"GET /get_travel_request_approver/?emp_email=Emp0010&travel_req_status=2&type=Travel&org_id=ORG150866 HTTP/1.1" 200 48
INFO|09/Apr/2021 13:08:52|basehttp|8220|140283958257408|"GET /get_action_status/?module=T, HTTP/1.1" 200 2108
INFO|09/Apr/2021 13:08:56|basehttp|8220|140283354277632|"OPTIONS /get_travel_request_history/?email=Emp0010&status=4&type=Travel&org_id=ORG150866 HTTP/1.1" 200 0
INFO|09/Apr/2021 13:09:00|basehttp|8220|140283958257408|"GET /get_action_status/?module=T, HTTP/1.1" 200 2108
INFO|09/Apr/2021 13:09:34|basehttp|8220|140283354277632|"GET /get_travel_request_history/?email=Emp0010&status=4&type=Travel&org_id=ORG150866 HTTP/1.1" 200 11888
INFO|09/Apr/2021 13:09:46|basehttp|8220|140283958257408|"GET /get_vendors_type/ HTTP/1.1" 200 7881
INFO|09/Apr/2021 13:09:46|basehttp|8220|140283345884928|"GET /get_active_currency/?status_type=Active HTTP/1.1" 200 11593
INFO|09/Apr/2021 13:09:46|basehttp|8220|140283362670336|"GET /get_action_status/?module=T, HTTP/1.1" 200 2108
INFO|09/Apr/2021 13:09:53|basehttp|8220|140283354277632|"GET /get_view_travel_request/?travel_req_id=TR548147&org_id=ORG150866 HTTP/1.1" 200 2742
INFO|09/Apr/2021 13:09:57|basehttp|8220|140283354277632|"GET /active_taxgrid/?org=ORG150866 HTTP/1.1" 200 16606
INFO|09/Apr/2021 13:09:57|basehttp|8220|140283345884928|"GET /get_create_assignment/?home=United%20States&End_date=2021-04-09T18:20:29.841000+05:30&Start_date=Fri%20Apr%2009%202021%2000:00:00%20GMT+0530%20(India%20Standard%20Time)&emp_code=tushaar001 HTTP/1.1" 200 63
INFO|09/Apr/2021 13:09:57|basehttp|8220|140283362670336|"GET /get_post_location/?country=United%20States&org_id=ORG150866 HTTP/1.1" 200 838
INFO|09/Apr/2021 13:09:57|basehttp|8220|140283958257408|"GET /get_currency_conversion/?from_currency=USD&to_currency= HTTP/1.1" 200 63
INFO|09/Apr/2021 13:10:06|basehttp|8220|140283966650112|"GET /get_travel_status_summary/?travel_req_id=TR548147&org_id=ORG150866 HTTP/1.1" 200 1098
INFO|09/Apr/2021 13:22:46|basehttp|8220|140283958257408|"POST /api/custom/login/ HTTP/1.1" 200 455
INFO|09/Apr/2021 13:22:54|basehttp|8220|140283958257408|"POST /emoloyeeinfo/ HTTP/1.1" 200 1503
WARNING|09/Apr/2021 13:22:54|log|8220|140283329099520|Not Found: /media/WhatsApp Image 2021-03-21 at 10.55.09 PM.jpeg
WARNING|09/Apr/2021 13:22:54|basehttp|8220|140283329099520|"GET /media/WhatsApp%20Image%202021-03-21%20at%2010.55.09%20PM.jpeg HTTP/1.1" 404 1934
INFO|09/Apr/2021 13:22:58|basehttp|8220|140283337492224|"GET /getemployee_visa_info/?employee=Emp0009 HTTP/1.1" 200 43
INFO|09/Apr/2021 13:22:59|basehttp|8220|140283966650112|"GET /getemployee_passport_info/?employee=Emp0009 HTTP/1.1" 200 43
INFO|09/Apr/2021 13:22:59|basehttp|8220|140283354277632|"GET /getemployee_org_info/?employee=Emp0009 HTTP/1.1" 200 712
INFO|09/Apr/2021 13:23:04|basehttp|8220|140283966650112|"GET /get_travel_count_user/?emp_code=Emp0009 HTTP/1.1" 200 82
INFO|09/Apr/2021 13:23:06|basehttp|8220|140283337492224|"GET /post_get_calender_event/?emp_code=Emp0009 HTTP/1.1" 200 4917
INFO|09/Apr/2021 13:23:30|basehttp|8220|140283345884928|"GET /get_travel_request_approver_top/?emp_email=Emp0009&travel_req_status=2&type=Travel&org_id=ORG150866&limit=5 HTTP/1.1" 200 8511
INFO|09/Apr/2021 13:23:42|basehttp|8220|140283362670336|"GET /get_add/travel_request/?travel_req_status=2&org_id=ORG150866&emp_email=Emp0009 HTTP/1.1" 200 13689
INFO|09/Apr/2021 13:23:50|basehttp|8220|140283345884928|"GET /get_vendors_type/ HTTP/1.1" 200 7881
INFO|09/Apr/2021 13:23:50|basehttp|8220|140283966650112|"GET /get_active_currency/?status_type=Active HTTP/1.1" 200 11593
INFO|09/Apr/2021 13:23:50|basehttp|8220|140283337492224|"GET /get_action_status/?module=T, HTTP/1.1" 200 2108
INFO|09/Apr/2021 13:23:57|basehttp|8220|140283362670336|"GET /get_view_travel_request/?travel_req_id=TR548147&org_id=ORG150866 HTTP/1.1" 200 2742
INFO|09/Apr/2021 13:24:00|basehttp|8220|140283966650112|"GET /get_create_assignment/?home=United%20States&End_date=2021-04-09T18:20:29.841000+05:30&Start_date=Fri%20Apr%2009%202021%2000:00:00%20GMT+0530%20(India%20Standard%20Time)&emp_code=tushaar001 HTTP/1.1" 200 63
INFO|09/Apr/2021 13:24:00|basehttp|8220|140283337492224|"GET /get_post_location/?country=United%20States&org_id=ORG150866 HTTP/1.1" 200 838
INFO|09/Apr/2021 13:24:00|basehttp|8220|140283345884928|"GET /get_currency_conversion/?from_currency=USD&to_currency= HTTP/1.1" 200 63
INFO|09/Apr/2021 13:24:01|basehttp|8220|140283362670336|"GET /active_taxgrid/?org=ORG150866 HTTP/1.1" 200 16606
INFO|09/Apr/2021 13:24:04|basehttp|8220|140283958257408|"GET /get_post_notification/?email=Emp0009&org_id=ORG150866 HTTP/1.1" 200 73334
INFO|09/Apr/2021 13:24:09|basehttp|8220|140283354277632|"GET /get_travel_status_summary/?travel_req_id=TR548147&org_id=ORG150866 HTTP/1.1" 200 1098
INFO|09/Apr/2021 13:25:23|basehttp|8220|140283354277632|"POST /get_post_approve_travelvisa_request/ HTTP/1.1" 200 59
INFO|09/Apr/2021 13:25:26|basehttp|8220|140283354277632|"OPTIONS /get_travel_request_approver/?emp_email=Emp0009&travel_req_status=2&type=Travel&org_id=ORG150866 HTTP/1.1" 200 0
INFO|09/Apr/2021 13:25:30|basehttp|8220|140283958257408|"GET /get_action_status/?module=T, HTTP/1.1" 200 2108
INFO|09/Apr/2021 13:26:48|basehttp|8220|140283354277632|"GET /get_travel_request_approver/?emp_email=Emp0009&travel_req_status=2&type=Travel&org_id=ORG150866 HTTP/1.1" 200 30074
WARNING|09/Apr/2021 15:26:28|log|8220|140283958257408|Not Found: /media/WhatsApp Image 2021-03-21 at 10.55.09 PM.jpeg
WARNING|09/Apr/2021 15:26:28|basehttp|8220|140283958257408|"GET /media/WhatsApp%20Image%202021-03-21%20at%2010.55.09%20PM.jpeg HTTP/1.1" 404 1934
