INFO|14/Apr/2021 12:55:40|basehttp|6992|140516264728320|"OPTIONS /api/custom/login/ HTTP/1.1" 200 0
INFO|14/Apr/2021 12:55:43|basehttp|6992|140516264728320|"POST /api/custom/login/ HTTP/1.1" 200 455
INFO|14/Apr/2021 12:55:43|basehttp|6992|140516264728320|"OPTIONS /emoloyeeinfo/ HTTP/1.1" 200 0
INFO|14/Apr/2021 12:55:52|basehttp|6992|140516264728320|"POST /emoloyeeinfo/ HTTP/1.1" 200 1551
INFO|14/Apr/2021 12:55:52|basehttp|6992|140516264728320|"OPTIONS /get_post_notification/?email=tushaar001&org_id=ORG150866 HTTP/1.1" 200 0
INFO|14/Apr/2021 12:55:52|basehttp|6992|140516373427968|"OPTIONS /getemployee_org_info/?employee=tushaar001 HTTP/1.1" 200 0
INFO|14/Apr/2021 12:55:52|basehttp|6992|140516381820672|"OPTIONS /get_add/travel_request/?travel_req_status=2&org_id=ORG150866&emp_email=tushaar001 HTTP/1.1" 200 0
INFO|14/Apr/2021 12:55:52|basehttp|6992|140515892205312|"OPTIONS /get_travel_request_approver_top/?emp_email=tushaar001&travel_req_status=2&type=Travel&org_id=ORG150866&limit=5 HTTP/1.1" 200 0
INFO|14/Apr/2021 12:55:52|basehttp|6992|140515892205312|"OPTIONS /post_get_calender_event/?emp_code=tushaar001 HTTP/1.1" 200 0
INFO|14/Apr/2021 12:55:52|basehttp|6992|140515883812608|"OPTIONS /getemployee_passport_info/?employee=tushaar001 HTTP/1.1" 200 0
INFO|14/Apr/2021 12:55:52|basehttp|6992|140516381820672|"OPTIONS /getemployee_visa_info/?employee=tushaar001 HTTP/1.1" 200 0
INFO|14/Apr/2021 12:55:52|basehttp|6992|140515875419904|"OPTIONS /get_travel_count_user/?emp_code=tushaar001 HTTP/1.1" 200 0
INFO|14/Apr/2021 12:55:53|basehttp|6992|140515867027200|"GET /media/Koala_IEVhUeb.jpg HTTP/1.1" 200 780831
INFO|14/Apr/2021 12:55:57|basehttp|6992|140516373427968|"GET /getemployee_org_info/?employee=tushaar001 HTTP/1.1" 200 716
INFO|14/Apr/2021 12:55:57|basehttp|6992|140516381820672|"GET /get_travel_count_user/?emp_code=tushaar001 HTTP/1.1" 200 83
INFO|14/Apr/2021 12:56:01|basehttp|6992|140515892205312|"GET /getemployee_passport_info/?employee=tushaar001 HTTP/1.1" 200 6273
INFO|14/Apr/2021 12:56:04|basehttp|6992|140516381820672|"GET /post_get_calender_event/?emp_code=tushaar001 HTTP/1.1" 200 3069
INFO|14/Apr/2021 12:56:05|basehttp|6992|140516373427968|"GET /getemployee_visa_info/?employee=tushaar001 HTTP/1.1" 200 4679
INFO|14/Apr/2021 12:56:27|basehttp|6992|140515883812608|"GET /get_travel_request_approver_top/?emp_email=tushaar001&travel_req_status=2&type=Travel&org_id=ORG150866&limit=5 HTTP/1.1" 200 7569
INFO|14/Apr/2021 12:56:35|basehttp|6992|140516264728320|"GET /get_post_notification/?email=tushaar001&org_id=ORG150866 HTTP/1.1" 200 43862
INFO|14/Apr/2021 13:01:04|basehttp|6992|140516264728320|"POST /api/custom/login/ HTTP/1.1" 200 455
INFO|14/Apr/2021 13:01:12|basehttp|6992|140516264728320|"POST /emoloyeeinfo/ HTTP/1.1" 200 1545
INFO|14/Apr/2021 13:01:12|basehttp|6992|140516264728320|"OPTIONS /get_post_notification/?email=Emp112&org_id=ORG150866 HTTP/1.1" 200 0
INFO|14/Apr/2021 13:01:12|basehttp|6992|140515883812608|"OPTIONS /getemployee_org_info/?employee=Emp112 HTTP/1.1" 200 0
INFO|14/Apr/2021 13:01:12|basehttp|6992|140515892205312|"OPTIONS /get_travel_request_approver_top/?emp_email=Emp112&travel_req_status=2&type=Travel&org_id=ORG150866&limit=5 HTTP/1.1" 200 0
INFO|14/Apr/2021 13:01:12|basehttp|6992|140516373427968|"OPTIONS /get_add/travel_request/?travel_req_status=2&org_id=ORG150866&emp_email=Emp112 HTTP/1.1" 200 0
INFO|14/Apr/2021 13:01:12|basehttp|6992|140516381820672|"OPTIONS /getemployee_passport_info/?employee=Emp112 HTTP/1.1" 200 0
INFO|14/Apr/2021 13:01:12|basehttp|6992|140516373427968|"OPTIONS /get_travel_count_user/?emp_code=Emp112 HTTP/1.1" 200 0
INFO|14/Apr/2021 13:01:12|basehttp|6992|140515892205312|"OPTIONS /getemployee_visa_info/?employee=Emp112 HTTP/1.1" 200 0
INFO|14/Apr/2021 13:01:12|basehttp|6992|140515867027200|"OPTIONS /post_get_calender_event/?emp_code=Emp112 HTTP/1.1" 200 0
WARNING|14/Apr/2021 13:01:13|log|6992|140515853653760|Not Found: /media/0dd57ac0b44c652f207ec6512c545b1d_CxDNYHw.png
WARNING|14/Apr/2021 13:01:13|basehttp|6992|140515853653760|"GET /media/0dd57ac0b44c652f207ec6512c545b1d_CxDNYHw.png HTTP/1.1" 404 1921
INFO|14/Apr/2021 13:01:16|basehttp|6992|140516264728320|"GET /getemployee_org_info/?employee=Emp112 HTTP/1.1" 200 43
INFO|14/Apr/2021 13:01:18|basehttp|6992|140516373427968|"GET /getemployee_passport_info/?employee=Emp112 HTTP/1.1" 200 2390
INFO|14/Apr/2021 13:01:21|basehttp|6992|140516264728320|"GET /get_travel_count_user/?emp_code=Emp112 HTTP/1.1" 200 83
INFO|14/Apr/2021 13:01:23|basehttp|6992|140516373427968|"GET /getemployee_visa_info/?employee=Emp112 HTTP/1.1" 200 1323
INFO|14/Apr/2021 13:01:30|basehttp|6992|140515892205312|"GET /post_get_calender_event/?emp_code=Emp112 HTTP/1.1" 200 16292
INFO|14/Apr/2021 13:01:48|basehttp|6992|140516381820672|"GET /get_travel_request_approver_top/?emp_email=Emp112&travel_req_status=2&type=Travel&org_id=ORG150866&limit=5 HTTP/1.1" 200 9874
INFO|14/Apr/2021 13:01:51|basehttp|6992|140515883812608|"GET /get_post_notification/?email=Emp112&org_id=ORG150866 HTTP/1.1" 200 39063
INFO|14/Apr/2021 13:06:27|basehttp|6992|140515867027200|"GET /get_add/travel_request/?travel_req_status=2&org_id=ORG150866&emp_email=Emp112 HTTP/1.1" 200 109302
INFO|14/Apr/2021 13:06:57|basehttp|6992|140515883812608|"OPTIONS /get_action_status/?module=T, HTTP/1.1" 200 0
INFO|14/Apr/2021 13:07:01|basehttp|6992|140515883812608|"GET /get_action_status/?module=T, HTTP/1.1" 200 2108
INFO|14/Apr/2021 13:12:09|basehttp|6992|140515867027200|"GET /get_add/travel_request/?travel_req_status=2&org_id=ORG150866&emp_email=Emp112 HTTP/1.1" 200 109302
INFO|14/Apr/2021 13:12:18|basehttp|6992|140515867027200|"OPTIONS /get_view_travel_request/?travel_req_id=TR194250&org_id=ORG150866 HTTP/1.1" 200 0
INFO|14/Apr/2021 13:12:18|basehttp|6992|140515867027200|"OPTIONS /get_vendors_type/ HTTP/1.1" 200 0
INFO|14/Apr/2021 13:12:18|basehttp|6992|140515883812608|"OPTIONS /get_active_currency/?status_type=Active HTTP/1.1" 200 0
INFO|14/Apr/2021 13:12:18|basehttp|6992|140516381820672|"OPTIONS /get_travel_status_summary/?travel_req_id=TR194250&org_id=ORG150866 HTTP/1.1" 200 0
INFO|14/Apr/2021 13:12:21|basehttp|6992|140515867027200|"GET /get_vendors_type/ HTTP/1.1" 200 7881
INFO|14/Apr/2021 13:12:22|basehttp|6992|140516381820672|"GET /get_active_currency/?status_type=Active HTTP/1.1" 200 11593
INFO|14/Apr/2021 13:12:22|basehttp|6992|140516373427968|"GET /get_action_status/?module=T, HTTP/1.1" 200 2108
INFO|14/Apr/2021 13:12:28|basehttp|6992|140515892205312|"GET /get_view_travel_request/?travel_req_id=TR194250&org_id=ORG150866 HTTP/1.1" 200 2798
INFO|14/Apr/2021 13:12:28|basehttp|6992|140515892205312|"OPTIONS /active_taxgrid/?org=ORG150866 HTTP/1.1" 200 0
INFO|14/Apr/2021 13:12:28|basehttp|6992|140516373427968|"OPTIONS /get_create_assignment/?home=United%20Kingdom&End_date=2021-04-15T00:00:00+05:30&Start_date=Fri%20Apr%2009%202021%2000:00:00%20GMT+0530%20(India%20Standard%20Time)&emp_code=Emp112 HTTP/1.1" 200 0
INFO|14/Apr/2021 13:12:28|basehttp|6992|140516381820672|"OPTIONS /get_post_location/?country=United%20Kingdom&org_id=ORG150866 HTTP/1.1" 200 0
INFO|14/Apr/2021 13:12:28|basehttp|6992|140515867027200|"OPTIONS /get_currency_conversion/?from_currency=GBP&to_currency=null HTTP/1.1" 200 0
INFO|14/Apr/2021 13:12:32|basehttp|6992|140516373427968|"GET /get_currency_conversion/?from_currency=GBP&to_currency=null HTTP/1.1" 200 63
INFO|14/Apr/2021 13:12:32|basehttp|6992|140515867027200|"GET /get_create_assignment/?home=United%20Kingdom&End_date=2021-04-15T00:00:00+05:30&Start_date=Fri%20Apr%2009%202021%2000:00:00%20GMT+0530%20(India%20Standard%20Time)&emp_code=Emp112 HTTP/1.1" 200 63
INFO|14/Apr/2021 13:12:32|basehttp|6992|140516381820672|"GET /get_post_location/?country=United%20Kingdom&org_id=ORG150866 HTTP/1.1" 200 803
INFO|14/Apr/2021 13:12:32|basehttp|6992|140515892205312|"GET /active_taxgrid/?org=ORG150866 HTTP/1.1" 200 16606
INFO|14/Apr/2021 13:12:38|basehttp|6992|140515883812608|"GET /get_travel_status_summary/?travel_req_id=TR194250&org_id=ORG150866 HTTP/1.1" 200 1095
INFO|14/Apr/2021 13:12:41|basehttp|6992|140516381820672|"GET /get_action_status/?module=T, HTTP/1.1" 200 2108
INFO|14/Apr/2021 13:12:48|basehttp|6992|140516381820672|"GET /get_travel_count_user/?emp_code=Emp112 HTTP/1.1" 200 83
INFO|14/Apr/2021 13:12:49|basehttp|6992|140516373427968|"GET /getemployee_visa_info/?employee=Emp112 HTTP/1.1" 200 1323
INFO|14/Apr/2021 13:12:49|basehttp|6992|140515867027200|"GET /getemployee_passport_info/?employee=Emp112 HTTP/1.1" 200 2390
INFO|14/Apr/2021 13:13:01|basehttp|6992|140515875419904|"GET /post_get_calender_event/?emp_code=Emp112 HTTP/1.1" 200 16292
INFO|14/Apr/2021 13:13:19|basehttp|6992|140515883812608|"GET /get_travel_request_approver_top/?emp_email=Emp112&travel_req_status=2&type=Travel&org_id=ORG150866&limit=5 HTTP/1.1" 200 9874
INFO|14/Apr/2021 13:17:49|basehttp|6992|140515892205312|"GET /get_add/travel_request/?travel_req_status=2&org_id=ORG150866&emp_email=Emp112 HTTP/1.1" 200 109302
INFO|14/Apr/2021 13:17:57|basehttp|6992|140515892205312|"OPTIONS /get_view_travel_request/?travel_req_id=TR302141&org_id=ORG150866 HTTP/1.1" 200 0
INFO|14/Apr/2021 13:17:57|basehttp|6992|140515892205312|"OPTIONS /get_travel_status_summary/?travel_req_id=TR302141&org_id=ORG150866 HTTP/1.1" 200 0
INFO|14/Apr/2021 13:18:01|basehttp|6992|140515883812608|"GET /get_vendors_type/ HTTP/1.1" 200 7881
INFO|14/Apr/2021 13:18:01|basehttp|6992|140515875419904|"GET /get_action_status/?module=T, HTTP/1.1" 200 2108
INFO|14/Apr/2021 13:18:01|basehttp|6992|140516373427968|"GET /get_active_currency/?status_type=Active HTTP/1.1" 200 11593
INFO|14/Apr/2021 13:18:05|basehttp|6992|140515867027200|"GET /get_add/travel_request/?travel_req_status=2&org_id=ORG150866&emp_email=Emp112 HTTP/1.1" 200 109302
INFO|14/Apr/2021 13:18:09|basehttp|6992|140516381820672|"GET /get_view_travel_request/?travel_req_id=TR302141&org_id=ORG150866 HTTP/1.1" 200 4477
INFO|14/Apr/2021 13:18:09|basehttp|6992|140515875419904|"OPTIONS /get_currency_conversion/?from_currency=USD&to_currency= HTTP/1.1" 200 0
INFO|14/Apr/2021 13:18:09|basehttp|6992|140516373427968|"OPTIONS /get_create_assignment/?home=United%20States&End_date=2021-04-15T05:30:00+05:30&Start_date=Wed%20Apr%2014%202021%2000:00:00%20GMT+0530%20(India%20Standard%20Time)&emp_code=tushaar001 HTTP/1.1" 200 0
INFO|14/Apr/2021 13:18:09|basehttp|6992|140515867027200|"OPTIONS /get_post_location/?country=United%20States&org_id=ORG150866 HTTP/1.1" 200 0
INFO|14/Apr/2021 13:18:15|basehttp|6992|140515867027200|"GET /get_post_location/?country=United%20States&org_id=ORG150866 HTTP/1.1" 200 838
INFO|14/Apr/2021 13:18:15|basehttp|6992|140516381820672|"GET /active_taxgrid/?org=ORG150866 HTTP/1.1" 200 16606
INFO|14/Apr/2021 13:18:15|basehttp|6992|140516373427968|"GET /get_currency_conversion/?from_currency=USD&to_currency= HTTP/1.1" 200 63
INFO|14/Apr/2021 13:18:15|basehttp|6992|140515875419904|"GET /get_create_assignment/?home=United%20States&End_date=2021-04-15T05:30:00+05:30&Start_date=Wed%20Apr%2014%202021%2000:00:00%20GMT+0530%20(India%20Standard%20Time)&emp_code=tushaar001 HTTP/1.1" 200 63
INFO|14/Apr/2021 13:18:17|basehttp|6992|140515892205312|"GET /get_travel_status_summary/?travel_req_id=TR302141&org_id=ORG150866 HTTP/1.1" 200 1086
INFO|14/Apr/2021 13:18:34|basehttp|6992|140515892205312|"OPTIONS /get_post_approve_travelvisa_request/ HTTP/1.1" 200 0
INFO|14/Apr/2021 13:23:29|basehttp|6992|140515892205312|"POST /get_post_approve_travelvisa_request/ HTTP/1.1" 200 59
INFO|14/Apr/2021 13:23:47|basehttp|6992|140515892205312|"OPTIONS /get_travel_request_approver/?emp_email=Emp112&travel_req_status=2&type=Travel&org_id=ORG150866 HTTP/1.1" 200 0
INFO|14/Apr/2021 13:23:51|basehttp|6992|140515892205312|"GET /get_action_status/?module=T, HTTP/1.1" 200 2108
WARNING|14/Apr/2021 13:40:40|log|8088|139732903569152|Not Found: /media/WhatsApp Image 2021-03-21 at 10.55.09 PM.jpeg
WARNING|14/Apr/2021 13:40:40|basehttp|8088|139732903569152|"GET /media/WhatsApp%20Image%202021-03-21%20at%2010.55.09%20PM.jpeg HTTP/1.1" 404 1934
INFO|14/Apr/2021 13:40:52|basehttp|8088|139732945516288|"POST /api/custom/login/ HTTP/1.1" 200 455
INFO|14/Apr/2021 13:42:00|basehttp|8210|140584615106304|"POST /api/custom/login/ HTTP/1.1" 200 455
INFO|14/Apr/2021 13:42:10|basehttp|8210|140584615106304|"POST /emoloyeeinfo/ HTTP/1.1" 200 1503
INFO|14/Apr/2021 13:42:10|basehttp|8210|140584615106304|"OPTIONS /get_post_notification/?email=Emp0009&org_id=ORG150866 HTTP/1.1" 200 0
INFO|14/Apr/2021 13:42:10|basehttp|8210|140584758023936|"OPTIONS /getemployee_org_info/?employee=Emp0009 HTTP/1.1" 200 0
INFO|14/Apr/2021 13:42:10|basehttp|8210|140584276399872|"OPTIONS /get_travel_request_approver_top/?emp_email=Emp0009&travel_req_status=2&type=Travel&org_id=ORG150866&limit=5 HTTP/1.1" 200 0
INFO|14/Apr/2021 13:42:10|basehttp|8210|140584766416640|"OPTIONS /get_add/travel_request/?travel_req_status=2&org_id=ORG150866&emp_email=Emp0009 HTTP/1.1" 200 0
INFO|14/Apr/2021 13:42:10|basehttp|8210|140584766416640|"OPTIONS /getemployee_passport_info/?employee=Emp0009 HTTP/1.1" 200 0
INFO|14/Apr/2021 13:42:10|basehttp|8210|140584276399872|"OPTIONS /getemployee_visa_info/?employee=Emp0009 HTTP/1.1" 200 0
INFO|14/Apr/2021 13:42:10|basehttp|8210|140584268007168|"OPTIONS /post_get_calender_event/?emp_code=Emp0009 HTTP/1.1" 200 0
INFO|14/Apr/2021 13:42:10|basehttp|8210|140584259614464|"OPTIONS /get_travel_count_user/?emp_code=Emp0009 HTTP/1.1" 200 0
WARNING|14/Apr/2021 13:42:10|log|8210|140584251221760|Not Found: /media/WhatsApp Image 2021-03-21 at 10.55.09 PM.jpeg
WARNING|14/Apr/2021 13:42:10|basehttp|8210|140584251221760|"GET /media/WhatsApp%20Image%202021-03-21%20at%2010.55.09%20PM.jpeg HTTP/1.1" 404 1934
INFO|14/Apr/2021 13:42:15|basehttp|8210|140584276399872|"GET /get_travel_count_user/?emp_code=Emp0009 HTTP/1.1" 200 82
INFO|14/Apr/2021 13:42:15|basehttp|8210|140584758023936|"GET /getemployee_org_info/?employee=Emp0009 HTTP/1.1" 200 712
INFO|14/Apr/2021 13:42:18|basehttp|8210|140584766416640|"GET /post_get_calender_event/?emp_code=Emp0009 HTTP/1.1" 200 4917
INFO|14/Apr/2021 13:42:19|basehttp|8210|140584758023936|"GET /getemployee_visa_info/?employee=Emp0009 HTTP/1.1" 200 43
INFO|14/Apr/2021 13:42:19|basehttp|8210|140584276399872|"GET /getemployee_passport_info/?employee=Emp0009 HTTP/1.1" 200 43
INFO|14/Apr/2021 13:42:47|basehttp|8210|140584268007168|"GET /get_travel_request_approver_top/?emp_email=Emp0009&travel_req_status=2&type=Travel&org_id=ORG150866&limit=5 HTTP/1.1" 200 10129
INFO|14/Apr/2021 13:42:57|basehttp|8210|140584615106304|"GET /get_add/travel_request/?travel_req_status=2&org_id=ORG150866&emp_email=Emp0009 HTTP/1.1" 200 13689
INFO|14/Apr/2021 13:43:10|basehttp|8210|140584268007168|"GET /get_vendors_type/ HTTP/1.1" 200 7881
INFO|14/Apr/2021 13:43:10|basehttp|8210|140584276399872|"GET /get_action_status/?module=T, HTTP/1.1" 200 2108
INFO|14/Apr/2021 13:43:10|basehttp|8210|140584758023936|"GET /get_active_currency/?status_type=Active HTTP/1.1" 200 11593
INFO|14/Apr/2021 13:43:19|basehttp|8210|140584615106304|"GET /get_view_travel_request/?travel_req_id=TR302141&org_id=ORG150866 HTTP/1.1" 200 4476
INFO|14/Apr/2021 13:43:23|basehttp|8210|140584276399872|"GET /get_create_assignment/?home=United%20States&End_date=2021-04-15T05:30:00+05:30&Start_date=Wed%20Apr%2014%202021%2000:00:00%20GMT+0530%20(India%20Standard%20Time)&emp_code=tushaar001 HTTP/1.1" 200 63
INFO|14/Apr/2021 13:43:23|basehttp|8210|140584758023936|"GET /get_post_location/?country=United%20States&org_id=ORG150866 HTTP/1.1" 200 838
INFO|14/Apr/2021 13:43:23|basehttp|8210|140584615106304|"GET /active_taxgrid/?org=ORG150866 HTTP/1.1" 200 16606
INFO|14/Apr/2021 13:43:23|basehttp|8210|140584268007168|"GET /get_currency_conversion/?from_currency=USD&to_currency= HTTP/1.1" 200 63
INFO|14/Apr/2021 13:43:27|basehttp|8210|140584766416640|"GET /get_travel_status_summary/?travel_req_id=TR302141&org_id=ORG150866 HTTP/1.1" 200 1093
INFO|14/Apr/2021 13:43:33|basehttp|8210|140584259614464|"GET /get_post_notification/?email=Emp0009&org_id=ORG150866 HTTP/1.1" 200 89087
INFO|14/Apr/2021 13:49:07|basehttp|8210|140584259614464|"POST /get_post_approve_travelvisa_request/ HTTP/1.1" 200 59
INFO|14/Apr/2021 13:49:53|basehttp|8210|140584259614464|"OPTIONS /get_travel_request_approver/?emp_email=Emp0009&travel_req_status=2&type=Travel&org_id=ORG150866 HTTP/1.1" 200 0
INFO|14/Apr/2021 13:49:57|basehttp|8210|140584251221760|"GET /get_action_status/?module=T, HTTP/1.1" 200 2108
INFO|14/Apr/2021 13:51:17|basehttp|8210|140584259614464|"GET /get_travel_request_approver/?emp_email=Emp0009&travel_req_status=2&type=Travel&org_id=ORG150866 HTTP/1.1" 200 30074
INFO|14/Apr/2021 15:07:04|basehttp|9820|140278983808768|"OPTIONS /api/custom/login/ HTTP/1.1" 200 0
INFO|14/Apr/2021 15:07:08|basehttp|9820|140278983808768|"POST /api/custom/login/ HTTP/1.1" 200 455
INFO|14/Apr/2021 15:07:08|basehttp|9820|140278983808768|"OPTIONS /emoloyeeinfo/ HTTP/1.1" 200 0
INFO|14/Apr/2021 15:07:16|basehttp|9820|140278983808768|"POST /emoloyeeinfo/ HTTP/1.1" 200 1545
INFO|14/Apr/2021 15:07:16|basehttp|9820|140278983808768|"OPTIONS /get_post_notification/?email=Emp112&org_id=ORG150866 HTTP/1.1" 200 0
INFO|14/Apr/2021 15:07:16|basehttp|9820|140278992201472|"OPTIONS /getemployee_org_info/?employee=Emp112 HTTP/1.1" 200 0
INFO|14/Apr/2021 15:07:16|basehttp|9820|140279000594176|"OPTIONS /get_add/travel_request/?travel_req_status=2&org_id=ORG150866&emp_email=Emp112 HTTP/1.1" 200 0
INFO|14/Apr/2021 15:07:16|basehttp|9820|140278617786112|"OPTIONS /get_travel_request_approver_top/?emp_email=Emp112&travel_req_status=2&type=Travel&org_id=ORG150866&limit=5 HTTP/1.1" 200 0
INFO|14/Apr/2021 15:07:16|basehttp|9820|140278609393408|"OPTIONS /getemployee_passport_info/?employee=Emp112 HTTP/1.1" 200 0
INFO|14/Apr/2021 15:07:16|basehttp|9820|140278262396672|"OPTIONS /getemployee_visa_info/?employee=Emp112 HTTP/1.1" 200 0
INFO|14/Apr/2021 15:07:16|basehttp|9820|140279000594176|"OPTIONS /post_get_calender_event/?emp_code=Emp112 HTTP/1.1" 200 0
INFO|14/Apr/2021 15:07:16|basehttp|9820|140278617786112|"OPTIONS /get_travel_count_user/?emp_code=Emp112 HTTP/1.1" 200 0
WARNING|14/Apr/2021 15:07:16|log|9820|140278254003968|Not Found: /media/0dd57ac0b44c652f207ec6512c545b1d_CxDNYHw.png
WARNING|14/Apr/2021 15:07:16|basehttp|9820|140278254003968|"GET /media/0dd57ac0b44c652f207ec6512c545b1d_CxDNYHw.png HTTP/1.1" 404 1921
INFO|14/Apr/2021 15:07:20|basehttp|9820|140278992201472|"GET /getemployee_org_info/?employee=Emp112 HTTP/1.1" 200 43
INFO|14/Apr/2021 15:07:21|basehttp|9820|140279000594176|"GET /getemployee_visa_info/?employee=Emp112 HTTP/1.1" 200 1323
INFO|14/Apr/2021 15:07:22|basehttp|9820|140278617786112|"GET /getemployee_passport_info/?employee=Emp112 HTTP/1.1" 200 2390
INFO|14/Apr/2021 15:07:25|basehttp|9820|140278992201472|"GET /get_travel_count_user/?emp_code=Emp112 HTTP/1.1" 200 83
INFO|14/Apr/2021 15:07:40|basehttp|9820|140279000594176|"GET /post_get_calender_event/?emp_code=Emp112 HTTP/1.1" 200 16292
INFO|14/Apr/2021 15:07:53|basehttp|9820|140278262396672|"GET /get_travel_request_approver_top/?emp_email=Emp112&travel_req_status=2&type=Travel&org_id=ORG150866&limit=5 HTTP/1.1" 200 9881
INFO|14/Apr/2021 15:07:58|basehttp|9820|140278983808768|"GET /get_post_notification/?email=Emp112&org_id=ORG150866 HTTP/1.1" 200 41887
INFO|14/Apr/2021 15:12:26|basehttp|9820|140278609393408|"GET /get_add/travel_request/?travel_req_status=2&org_id=ORG150866&emp_email=Emp112 HTTP/1.1" 200 109302
INFO|14/Apr/2021 15:12:32|basehttp|9820|140278609393408|"OPTIONS /get_view_travel_request/?travel_req_id=TR304834&org_id=ORG150866 HTTP/1.1" 200 0
INFO|14/Apr/2021 15:12:32|basehttp|9820|140278983808768|"OPTIONS /get_vendors_type/ HTTP/1.1" 200 0
INFO|14/Apr/2021 15:12:32|basehttp|9820|140278983808768|"OPTIONS /get_action_status/?module=T, HTTP/1.1" 200 0
INFO|14/Apr/2021 15:12:32|basehttp|9820|140279000594176|"OPTIONS /get_travel_status_summary/?travel_req_id=TR304834&org_id=ORG150866 HTTP/1.1" 200 0
INFO|14/Apr/2021 15:12:32|basehttp|9820|140278262396672|"OPTIONS /get_active_currency/?status_type=Active HTTP/1.1" 200 0
INFO|14/Apr/2021 15:12:36|basehttp|9820|140278617786112|"GET /get_vendors_type/ HTTP/1.1" 200 7881
INFO|14/Apr/2021 15:12:36|basehttp|9820|140278983808768|"GET /get_action_status/?module=T, HTTP/1.1" 200 2108
INFO|14/Apr/2021 15:12:36|basehttp|9820|140279000594176|"GET /get_active_currency/?status_type=Active HTTP/1.1" 200 11593
INFO|14/Apr/2021 15:12:44|basehttp|9820|140278609393408|"GET /get_view_travel_request/?travel_req_id=TR304834&org_id=ORG150866 HTTP/1.1" 200 4482
INFO|14/Apr/2021 15:12:44|basehttp|9820|140278609393408|"OPTIONS /active_taxgrid/?org=ORG150866 HTTP/1.1" 200 0
INFO|14/Apr/2021 15:12:44|basehttp|9820|140279000594176|"OPTIONS /get_create_assignment/?home=United%20States&End_date=2021-04-14T20:34:51.992000+05:30&Start_date=Wed%20Apr%2014%202021%2000:00:00%20GMT+0530%20(India%20Standard%20Time)&emp_code=tushaar001 HTTP/1.1" 200 0
INFO|14/Apr/2021 15:12:48|basehttp|9820|140278617786112|"GET /get_create_assignment/?home=United%20States&End_date=2021-04-14T20:34:51.992000+05:30&Start_date=Wed%20Apr%2014%202021%2000:00:00%20GMT+0530%20(India%20Standard%20Time)&emp_code=tushaar001 HTTP/1.1" 200 63
INFO|14/Apr/2021 15:12:48|basehttp|9820|140279000594176|"GET /get_currency_conversion/?from_currency=USD&to_currency= HTTP/1.1" 200 63
INFO|14/Apr/2021 15:12:48|basehttp|9820|140278609393408|"GET /active_taxgrid/?org=ORG150866 HTTP/1.1" 200 16606
INFO|14/Apr/2021 15:12:48|basehttp|9820|140278983808768|"GET /get_post_location/?country=United%20States&org_id=ORG150866 HTTP/1.1" 200 838
INFO|14/Apr/2021 15:12:52|basehttp|9820|140278262396672|"GET /get_travel_status_summary/?travel_req_id=TR304834&org_id=ORG150866 HTTP/1.1" 200 1086
INFO|14/Apr/2021 15:17:49|basehttp|9820|140278262396672|"POST /get_post_approve_travelvisa_request/ HTTP/1.1" 200 59
INFO|14/Apr/2021 15:26:31|basehttp|10334|140581041551104|"OPTIONS /get_travel_request_approver/?emp_email=Emp112&travel_req_status=2&type=Travel&org_id=ORG150866 HTTP/1.1" 200 0
INFO|14/Apr/2021 15:26:35|basehttp|10334|140581083498240|"GET /get_action_status/?module=T, HTTP/1.1" 200 2108
INFO|14/Apr/2021 15:30:56|basehttp|10334|140581083498240|"POST /api/custom/login/ HTTP/1.1" 200 455
INFO|14/Apr/2021 15:31:06|basehttp|10334|140581083498240|"POST /emoloyeeinfo/ HTTP/1.1" 200 1503
WARNING|14/Apr/2021 15:31:06|log|10334|140580185175808|Not Found: /media/WhatsApp Image 2021-03-21 at 10.55.09 PM.jpeg
WARNING|14/Apr/2021 15:31:06|basehttp|10334|140580185175808|"GET /media/WhatsApp%20Image%202021-03-21%20at%2010.55.09%20PM.jpeg HTTP/1.1" 404 1934
INFO|14/Apr/2021 15:31:10|basehttp|10334|140580669994752|"GET /getemployee_visa_info/?employee=Emp0009 HTTP/1.1" 200 43
INFO|14/Apr/2021 15:31:10|basehttp|10334|140580678387456|"GET /getemployee_passport_info/?employee=Emp0009 HTTP/1.1" 200 43
INFO|14/Apr/2021 15:31:11|basehttp|10334|140581091890944|"GET /getemployee_org_info/?employee=Emp0009 HTTP/1.1" 200 712
INFO|14/Apr/2021 15:31:15|basehttp|10334|140580678387456|"GET /get_travel_count_user/?emp_code=Emp0009 HTTP/1.1" 200 82
INFO|14/Apr/2021 15:31:18|basehttp|10334|140580669994752|"GET /post_get_calender_event/?emp_code=Emp0009 HTTP/1.1" 200 4917
INFO|14/Apr/2021 15:31:43|basehttp|10334|140580686780160|"GET /get_travel_request_approver_top/?emp_email=Emp0009&travel_req_status=2&type=Travel&org_id=ORG150866&limit=5 HTTP/1.1" 200 10136
INFO|14/Apr/2021 15:31:52|basehttp|10334|140580695172864|"GET /get_add/travel_request/?travel_req_status=2&org_id=ORG150866&emp_email=Emp0009 HTTP/1.1" 200 13689
INFO|14/Apr/2021 15:32:01|basehttp|10334|140580686780160|"GET /get_vendors_type/ HTTP/1.1" 200 7881
INFO|14/Apr/2021 15:32:02|basehttp|10334|140580669994752|"GET /get_action_status/?module=T, HTTP/1.1" 200 2108
INFO|14/Apr/2021 15:32:02|basehttp|10334|140580678387456|"GET /get_active_currency/?status_type=Active HTTP/1.1" 200 11593
INFO|14/Apr/2021 15:32:10|basehttp|10334|140580695172864|"GET /get_view_travel_request/?travel_req_id=TR304834&org_id=ORG150866 HTTP/1.1" 200 4481
INFO|14/Apr/2021 15:32:10|basehttp|10334|140580669994752|"OPTIONS /get_currency_conversion/?from_currency=USD&to_currency= HTTP/1.1" 200 0
INFO|14/Apr/2021 15:32:10|basehttp|10334|140580678387456|"OPTIONS /get_post_location/?country=United%20States&org_id=ORG150866 HTTP/1.1" 200 0
INFO|14/Apr/2021 15:32:14|basehttp|10334|140580678387456|"GET /get_currency_conversion/?from_currency=USD&to_currency= HTTP/1.1" 200 63
INFO|14/Apr/2021 15:32:14|basehttp|10334|140580686780160|"GET /get_create_assignment/?home=United%20States&End_date=2021-04-14T20:34:51.992000+05:30&Start_date=Wed%20Apr%2014%202021%2000:00:00%20GMT+0530%20(India%20Standard%20Time)&emp_code=tushaar001 HTTP/1.1" 200 63
INFO|14/Apr/2021 15:32:14|basehttp|10334|140580695172864|"GET /active_taxgrid/?org=ORG150866 HTTP/1.1" 200 16606
INFO|14/Apr/2021 15:32:14|basehttp|10334|140580669994752|"GET /get_post_location/?country=United%20States&org_id=ORG150866 HTTP/1.1" 200 838
INFO|14/Apr/2021 15:32:18|basehttp|10334|140581091890944|"GET /get_travel_status_summary/?travel_req_id=TR304834&org_id=ORG150866 HTTP/1.1" 200 1093
INFO|14/Apr/2021 15:32:36|basehttp|10334|140581083498240|"GET /get_post_notification/?email=Emp0009&org_id=ORG150866 HTTP/1.1" 200 94710
INFO|14/Apr/2021 15:33:56|basehttp|10334|140581083498240|"OPTIONS /get_post_approve_travelvisa_request/ HTTP/1.1" 200 0
ERROR|14/Apr/2021 15:39:03|log|10334|140581083498240|Internal Server Error: /get_post_approve_travelvisa_request/
Traceback (most recent call last):
  File "/media/tspl26/D/raju_python/mobility_env/lib/python3.7/site-packages/django/core/handlers/exception.py", line 34, in inner
    response = get_response(request)
  File "/media/tspl26/D/raju_python/mobility_env/lib/python3.7/site-packages/django/core/handlers/base.py", line 126, in _get_response
    response = self.process_exception_by_middleware(e, request)
  File "/media/tspl26/D/raju_python/mobility_env/lib/python3.7/site-packages/django/core/handlers/base.py", line 124, in _get_response
    response = wrapped_callback(request, *callback_args, **callback_kwargs)
  File "/media/tspl26/D/raju_python/mobility_env/lib/python3.7/site-packages/django/views/decorators/csrf.py", line 54, in wrapped_view
    return view_func(*args, **kwargs)
  File "/media/tspl26/D/raju_python/mobility_env/lib/python3.7/site-packages/django/views/generic/base.py", line 68, in view
    return self.dispatch(request, *args, **kwargs)
  File "/media/tspl26/D/raju_python/mobility_env/lib/python3.7/site-packages/rest_framework/views.py", line 509, in dispatch
    response = self.handle_exception(exc)
  File "/media/tspl26/D/raju_python/mobility_env/lib/python3.7/site-packages/rest_framework/views.py", line 469, in handle_exception
    self.raise_uncaught_exception(exc)
  File "/media/tspl26/D/raju_python/mobility_env/lib/python3.7/site-packages/rest_framework/views.py", line 480, in raise_uncaught_exception
    raise exc
  File "/media/tspl26/D/raju_python/mobility_env/lib/python3.7/site-packages/rest_framework/views.py", line 506, in dispatch
    response = handler(request, *args, **kwargs)
  File "/media/tspl26/D/raju_python/mobility_env/mobilitysqr_live/mobility_apps/travel/views.py", line 1699, in post
    request.data['request_notes'])
  File "/media/tspl26/D/raju_python/mobility_env/mobilitysqr_live/mobility_apps/travel/views.py", line 1725, in nextLevelApproveVisa_if_sameEmp_to_Approve
    self.VisaApproveAutomatic(travel_req_id, visa_data['visa_req_id'], org_id, modified_by, employee,action_notes, approval_level,count,no_of_visa)
NameError: name 'count' is not defined
ERROR|14/Apr/2021 15:39:03|basehttp|10334|140581083498240|"POST /get_post_approve_travelvisa_request/ HTTP/1.1" 500 20053
INFO|14/Apr/2021 15:44:35|basehttp|10761|139948406290176|"POST /api/custom/login/ HTTP/1.1" 200 455
INFO|14/Apr/2021 15:44:43|basehttp|10761|139948406290176|"POST /emoloyeeinfo/ HTTP/1.1" 200 1545
WARNING|14/Apr/2021 15:44:43|log|10761|139948042336000|Not Found: /media/0dd57ac0b44c652f207ec6512c545b1d_CxDNYHw.png
WARNING|14/Apr/2021 15:44:43|basehttp|10761|139948042336000|"GET /media/0dd57ac0b44c652f207ec6512c545b1d_CxDNYHw.png HTTP/1.1" 404 1921
INFO|14/Apr/2021 15:44:47|basehttp|10761|139948448237312|"GET /getemployee_org_info/?employee=Emp112 HTTP/1.1" 200 43
INFO|14/Apr/2021 15:44:48|basehttp|10761|139948050728704|"GET /getemployee_visa_info/?employee=Emp112 HTTP/1.1" 200 1323
INFO|14/Apr/2021 15:44:49|basehttp|10761|139948059121408|"GET /getemployee_passport_info/?employee=Emp112 HTTP/1.1" 200 2390
INFO|14/Apr/2021 15:44:53|basehttp|10761|139948050728704|"GET /get_travel_count_user/?emp_code=Emp112 HTTP/1.1" 200 83
INFO|14/Apr/2021 15:45:05|basehttp|10761|139948448237312|"GET /post_get_calender_event/?emp_code=Emp112 HTTP/1.1" 200 16292
INFO|14/Apr/2021 15:45:19|basehttp|10761|139948067514112|"GET /get_travel_request_approver_top/?emp_email=Emp112&travel_req_status=2&type=Travel&org_id=ORG150866&limit=5 HTTP/1.1" 200 9880
INFO|14/Apr/2021 15:45:29|basehttp|10761|139948406290176|"GET /get_post_notification/?email=Emp112&org_id=ORG150866 HTTP/1.1" 200 44711
INFO|14/Apr/2021 15:49:58|basehttp|10761|139948456630016|"GET /get_add/travel_request/?travel_req_status=2&org_id=ORG150866&emp_email=Emp112 HTTP/1.1" 200 109302
INFO|14/Apr/2021 15:50:24|basehttp|10761|139948456630016|"OPTIONS /get_view_travel_request/?travel_req_id=TR326407&org_id=ORG150866 HTTP/1.1" 200 0
INFO|14/Apr/2021 15:50:24|basehttp|10761|139948050728704|"OPTIONS /get_travel_status_summary/?travel_req_id=TR326407&org_id=ORG150866 HTTP/1.1" 200 0
INFO|14/Apr/2021 15:50:27|basehttp|10761|139948406290176|"GET /get_vendors_type/ HTTP/1.1" 200 7881
INFO|14/Apr/2021 15:50:28|basehttp|10761|139948067514112|"GET /get_action_status/?module=T, HTTP/1.1" 200 2108
INFO|14/Apr/2021 15:50:28|basehttp|10761|139948448237312|"GET /get_active_currency/?status_type=Active HTTP/1.1" 200 11593
INFO|14/Apr/2021 15:50:36|basehttp|10761|139948456630016|"GET /get_view_travel_request/?travel_req_id=TR326407&org_id=ORG150866 HTTP/1.1" 200 4487
INFO|14/Apr/2021 15:50:36|basehttp|10761|139948067514112|"OPTIONS /get_create_assignment/?home=United%20States&End_date=2021-04-16T05:30:00+05:30&Start_date=Wed%20Apr%2014%202021%2000:00:00%20GMT+0530%20(India%20Standard%20Time)&emp_code=tushaar001 HTTP/1.1" 200 0
INFO|14/Apr/2021 15:50:40|basehttp|10761|139948406290176|"GET /get_currency_conversion/?from_currency=USD&to_currency= HTTP/1.1" 200 63
INFO|14/Apr/2021 15:50:40|basehttp|10761|139948456630016|"GET /active_taxgrid/?org=ORG150866 HTTP/1.1" 200 16606
INFO|14/Apr/2021 15:50:40|basehttp|10761|139948448237312|"GET /get_post_location/?country=United%20States&org_id=ORG150866 HTTP/1.1" 200 838
INFO|14/Apr/2021 15:50:40|basehttp|10761|139948067514112|"GET /get_create_assignment/?home=United%20States&End_date=2021-04-16T05:30:00+05:30&Start_date=Wed%20Apr%2014%202021%2000:00:00%20GMT+0530%20(India%20Standard%20Time)&emp_code=tushaar001 HTTP/1.1" 200 63
INFO|14/Apr/2021 15:50:44|basehttp|10761|139948050728704|"GET /get_travel_status_summary/?travel_req_id=TR326407&org_id=ORG150866 HTTP/1.1" 200 1086
INFO|14/Apr/2021 16:09:15|basehttp|11249|140324647585536|"POST /api/custom/login/ HTTP/1.1" 200 455
INFO|14/Apr/2021 16:09:27|basehttp|11249|140324647585536|"POST /emoloyeeinfo/ HTTP/1.1" 200 1503
INFO|14/Apr/2021 16:09:27|basehttp|11249|140324647585536|"OPTIONS /get_post_notification/?email=Emp0009&org_id=ORG150866 HTTP/1.1" 200 0
INFO|14/Apr/2021 16:09:27|basehttp|11249|140324655978240|"OPTIONS /getemployee_org_info/?employee=Emp0009 HTTP/1.1" 200 0
INFO|14/Apr/2021 16:09:27|basehttp|11249|140324664370944|"OPTIONS /get_add/travel_request/?travel_req_status=2&org_id=ORG150866&emp_email=Emp0009 HTTP/1.1" 200 0
INFO|14/Apr/2021 16:09:27|basehttp|11249|140324263454464|"OPTIONS /getemployee_visa_info/?employee=Emp0009 HTTP/1.1" 200 0
INFO|14/Apr/2021 16:09:27|basehttp|11249|140324271847168|"OPTIONS /get_travel_request_approver_top/?emp_email=Emp0009&travel_req_status=2&type=Travel&org_id=ORG150866&limit=5 HTTP/1.1" 200 0
INFO|14/Apr/2021 16:09:27|basehttp|11249|140324664370944|"OPTIONS /getemployee_passport_info/?employee=Emp0009 HTTP/1.1" 200 0
INFO|14/Apr/2021 16:09:27|basehttp|11249|140324255061760|"OPTIONS /post_get_calender_event/?emp_code=Emp0009 HTTP/1.1" 200 0
INFO|14/Apr/2021 16:09:27|basehttp|11249|140324263454464|"OPTIONS /get_travel_count_user/?emp_code=Emp0009 HTTP/1.1" 200 0
WARNING|14/Apr/2021 16:09:27|log|11249|140324246669056|Not Found: /media/WhatsApp Image 2021-03-21 at 10.55.09 PM.jpeg
WARNING|14/Apr/2021 16:09:27|basehttp|11249|140324246669056|"GET /media/WhatsApp%20Image%202021-03-21%20at%2010.55.09%20PM.jpeg HTTP/1.1" 404 1934
INFO|14/Apr/2021 16:09:31|basehttp|11249|140324647585536|"GET /getemployee_visa_info/?employee=Emp0009 HTTP/1.1" 200 43
INFO|14/Apr/2021 16:09:32|basehttp|11249|140324655978240|"GET /getemployee_org_info/?employee=Emp0009 HTTP/1.1" 200 712
INFO|14/Apr/2021 16:09:35|basehttp|11249|140324647585536|"GET /getemployee_passport_info/?employee=Emp0009 HTTP/1.1" 200 43
INFO|14/Apr/2021 16:09:35|basehttp|11249|140324664370944|"GET /post_get_calender_event/?emp_code=Emp0009 HTTP/1.1" 200 4917
INFO|14/Apr/2021 16:09:37|basehttp|11249|140324655978240|"GET /get_travel_count_user/?emp_code=Emp0009 HTTP/1.1" 200 82
INFO|14/Apr/2021 16:10:03|basehttp|11249|140324255061760|"GET /get_travel_request_approver_top/?emp_email=Emp0009&travel_req_status=2&type=Travel&org_id=ORG150866&limit=5 HTTP/1.1" 200 10135
INFO|14/Apr/2021 16:10:14|basehttp|11249|140324271847168|"GET /get_add/travel_request/?travel_req_status=2&org_id=ORG150866&emp_email=Emp0009 HTTP/1.1" 200 13689
INFO|14/Apr/2021 16:10:23|basehttp|11249|140324255061760|"GET /get_vendors_type/ HTTP/1.1" 200 7881
INFO|14/Apr/2021 16:10:24|basehttp|11249|140324655978240|"GET /get_action_status/?module=T, HTTP/1.1" 200 2108
INFO|14/Apr/2021 16:10:24|basehttp|11249|140324664370944|"GET /get_active_currency/?status_type=Active HTTP/1.1" 200 11593
INFO|14/Apr/2021 16:10:32|basehttp|11249|140324271847168|"GET /get_view_travel_request/?travel_req_id=TR326407&org_id=ORG150866 HTTP/1.1" 200 4486
INFO|14/Apr/2021 16:10:36|basehttp|11249|140324664370944|"GET /get_post_location/?country=United%20States&org_id=ORG150866 HTTP/1.1" 200 838
INFO|14/Apr/2021 16:10:36|basehttp|11249|140324255061760|"GET /get_currency_conversion/?from_currency=USD&to_currency= HTTP/1.1" 200 63
INFO|14/Apr/2021 16:10:36|basehttp|11249|140324271847168|"GET /active_taxgrid/?org=ORG150866 HTTP/1.1" 200 16606
INFO|14/Apr/2021 16:10:36|basehttp|11249|140324655978240|"GET /get_create_assignment/?home=United%20States&End_date=2021-04-16T05:30:00+05:30&Start_date=Wed%20Apr%2014%202021%2000:00:00%20GMT+0530%20(India%20Standard%20Time)&emp_code=tushaar001 HTTP/1.1" 200 63
INFO|14/Apr/2021 16:10:40|basehttp|11249|140324647585536|"GET /get_travel_status_summary/?travel_req_id=TR326407&org_id=ORG150866 HTTP/1.1" 200 1093
INFO|14/Apr/2021 16:11:02|basehttp|11249|140324263454464|"GET /get_post_notification/?email=Emp0009&org_id=ORG150866 HTTP/1.1" 200 100333
INFO|14/Apr/2021 16:16:49|basehttp|11249|140324647585536|"POST /get_post_approve_travelvisa_request/ HTTP/1.1" 200 59
INFO|14/Apr/2021 16:17:13|basehttp|11249|140324647585536|"OPTIONS /get_travel_request_approver/?emp_email=Emp0009&travel_req_status=2&type=Travel&org_id=ORG150866 HTTP/1.1" 200 0
INFO|14/Apr/2021 16:17:17|basehttp|11249|140324655978240|"GET /get_action_status/?module=T, HTTP/1.1" 200 2108
WARNING|14/Apr/2021 16:17:26|log|11249|140324263454464|Not Found: /media/WhatsApp Image 2021-03-21 at 10.55.09 PM.jpeg
WARNING|14/Apr/2021 16:17:26|basehttp|11249|140324263454464|"GET /media/WhatsApp%20Image%202021-03-21%20at%2010.55.09%20PM.jpeg HTTP/1.1" 404 1934
INFO|14/Apr/2021 16:18:35|basehttp|11249|140324647585536|"GET /get_travel_request_approver/?emp_email=Emp0009&travel_req_status=2&type=Travel&org_id=ORG150866 HTTP/1.1" 200 30074
INFO|14/Apr/2021 18:24:22|basehttp|11249|140324647585536|"OPTIONS /api/custom/login/ HTTP/1.1" 200 0
INFO|14/Apr/2021 18:24:25|basehttp|11249|140324647585536|"POST /api/custom/login/ HTTP/1.1" 200 455
INFO|14/Apr/2021 18:24:26|basehttp|11249|140324647585536|"OPTIONS /emoloyeeinfo/ HTTP/1.1" 200 0
INFO|14/Apr/2021 18:24:37|basehttp|11249|140324647585536|"POST /emoloyeeinfo/ HTTP/1.1" 200 1415
INFO|14/Apr/2021 18:24:37|basehttp|11249|140324647585536|"OPTIONS /get_post_notification/?email=Emp0010&org_id=ORG150866 HTTP/1.1" 200 0
INFO|14/Apr/2021 18:24:37|basehttp|11249|140324647585536|"OPTIONS /getemployee_org_info/?employee=Emp0010 HTTP/1.1" 200 0
INFO|14/Apr/2021 18:24:37|basehttp|11249|140324647585536|"OPTIONS /get_add/travel_request/?travel_req_status=2&org_id=ORG150866&emp_email=Emp0010 HTTP/1.1" 200 0
INFO|14/Apr/2021 18:24:37|basehttp|11249|140324263454464|"OPTIONS /get_travel_request_approver_top/?emp_email=Emp0010&travel_req_status=2&type=Travel&org_id=ORG150866&limit=5 HTTP/1.1" 200 0
INFO|14/Apr/2021 18:24:38|basehttp|11249|140324255061760|"OPTIONS /getemployee_passport_info/?employee=Emp0010 HTTP/1.1" 200 0
INFO|14/Apr/2021 18:24:38|basehttp|11249|140324246669056|"OPTIONS /getemployee_visa_info/?employee=Emp0010 HTTP/1.1" 200 0
INFO|14/Apr/2021 18:24:38|basehttp|11249|140324255061760|"OPTIONS /post_get_calender_event/?emp_code=Emp0010 HTTP/1.1" 200 0
INFO|14/Apr/2021 18:24:38|basehttp|11249|140324246669056|"OPTIONS /get_travel_count_user/?emp_code=Emp0010 HTTP/1.1" 200 0
INFO|14/Apr/2021 18:24:41|basehttp|11249|140324255061760|"GET /getemployee_visa_info/?employee=Emp0010 HTTP/1.1" 200 43
INFO|14/Apr/2021 18:24:41|basehttp|11249|140324647585536|"GET /getemployee_passport_info/?employee=Emp0010 HTTP/1.1" 200 43
INFO|14/Apr/2021 18:24:42|basehttp|11249|140324664370944|"GET /getemployee_org_info/?employee=Emp0010 HTTP/1.1" 200 707
INFO|14/Apr/2021 18:24:45|basehttp|11249|140324255061760|"GET /post_get_calender_event/?emp_code=Emp0010 HTTP/1.1" 200 48
INFO|14/Apr/2021 18:24:46|basehttp|11249|140324647585536|"GET /get_travel_count_user/?emp_code=Emp0010 HTTP/1.1" 200 82
INFO|14/Apr/2021 18:24:51|basehttp|11249|140324655978240|"GET /get_post_notification/?email=Emp0010&org_id=ORG150866 HTTP/1.1" 200 10749
INFO|14/Apr/2021 18:24:54|basehttp|11249|140324263454464|"GET /get_travel_request_approver_top/?emp_email=Emp0010&travel_req_status=2&type=Travel&org_id=ORG150866&limit=5 HTTP/1.1" 200 4864
INFO|14/Apr/2021 18:24:55|basehttp|11249|140324246669056|"GET /get_add/travel_request/?travel_req_status=2&org_id=ORG150866&emp_email=Emp0010 HTTP/1.1" 200 4541
INFO|14/Apr/2021 18:25:39|basehttp|11249|140324246669056|"OPTIONS /get_travel_request_approver/?emp_email=Emp0010&travel_req_status=2&type=Travel&org_id=ORG150866 HTTP/1.1" 200 0
INFO|14/Apr/2021 18:25:39|basehttp|11249|140324263454464|"OPTIONS /get_action_status/?module=T, HTTP/1.1" 200 0
INFO|14/Apr/2021 18:25:43|basehttp|11249|140324246669056|"GET /get_action_status/?module=T, HTTP/1.1" 200 2108
INFO|14/Apr/2021 18:25:58|basehttp|11249|140324263454464|"GET /get_travel_request_approver/?emp_email=Emp0010&travel_req_status=2&type=Travel&org_id=ORG150866 HTTP/1.1" 200 8105
INFO|14/Apr/2021 18:26:12|basehttp|11249|140324263454464|"OPTIONS /get_travel_request_history/?email=Emp0010&status=4&type=Travel&org_id=ORG150866 HTTP/1.1" 200 0
INFO|14/Apr/2021 18:26:16|basehttp|11249|140324246669056|"GET /get_action_status/?module=T, HTTP/1.1" 200 2108
INFO|14/Apr/2021 18:26:49|basehttp|11249|140324263454464|"GET /get_travel_request_history/?email=Emp0010&status=4&type=Travel&org_id=ORG150866 HTTP/1.1" 200 11867
