WARNING|06/Jun/2021 10:31:44|log|24591|140193379657472|Unauthorized: /currency_conversion_history/
WARNING|06/Jun/2021 10:31:44|basehttp|24591|140193379657472|"GET /currency_conversion_history/?from_currency=ARS HTTP/1.1" 401 183
INFO|06/Jun/2021 10:31:50|basehttp|24591|140193379657472|"POST /api/custom/login/ HTTP/1.1" 200 455
INFO|06/Jun/2021 10:32:00|basehttp|24591|140193379657472|"GET /currency_conversion_history/?from_currency=ARS HTTP/1.1" 200 63
INFO|06/Jun/2021 10:34:49|basehttp|24778|140548848518912|"GET /currency_conversion_history/?from_currency=ARS HTTP/1.1" 200 63
INFO|06/Jun/2021 10:55:47|basehttp|24778|140548848518912|"GET /currency_conversion_history/?from_currency=DEM HTTP/1.1" 200 63
INFO|06/Jun/2021 10:55:49|basehttp|24778|140548848518912|"GET /currency_conversion_history/?from_currency=DEM HTTP/1.1" 200 63
INFO|06/Jun/2021 10:55:49|basehttp|24778|140548848518912|"GET /currency_conversion_history/?from_currency=DEM HTTP/1.1" 200 63
INFO|06/Jun/2021 10:56:40|basehttp|25415|139831710369536|"GET /currency_conversion_history/?from_currency=DEM HTTP/1.1" 200 10696
INFO|06/Jun/2021 10:57:28|basehttp|25466|140709348554496|"GET /currency_conversion_history/?from_currency=DEM HTTP/1.1" 200 10696
INFO|06/Jun/2021 10:57:51|basehttp|25557|140687402407680|"GET /currency_conversion_history/?from_currency=DEM HTTP/1.1" 200 10696
INFO|06/Jun/2021 10:59:19|basehttp|25557|140687402407680|"GET /currency_conversion_history/?from_currency=AED&to_currency=ALL HTTP/1.1" 200 63
INFO|06/Jun/2021 11:00:13|basehttp|25557|140687402407680|"GET /currency_conversion_history/?from_currency=DEM&to_currency=ALL HTTP/1.1" 200 63
INFO|06/Jun/2021 11:00:18|basehttp|25557|140687402407680|"GET /currency_conversion_history/?from_currency=DEM&to_currency=GBP HTTP/1.1" 200 10189
INFO|06/Jun/2021 11:01:21|basehttp|25557|140687402407680|"GET /currency_conversion_history/?from_currency=DEM HTTP/1.1" 200 10696
INFO|06/Jun/2021 11:01:30|basehttp|25557|140687402407680|"GET /currency_conversion_history/?from_currency=DEM&to_currency=GBP HTTP/1.1" 200 10189
INFO|06/Jun/2021 11:04:12|basehttp|25557|140687402407680|"GET /currency_conversion_history/?from_currency=DEM&to_currency=GBP&from_date=2020-9-27 HTTP/1.1" 200 8161
INFO|06/Jun/2021 11:05:28|basehttp|25557|140687402407680|"GET /currency_conversion_history/?from_currency=DEM&to_currency=GBP&from_date=2021-01-20 HTTP/1.1" 200 2094
INFO|06/Jun/2021 11:07:01|basehttp|25557|140687402407680|"GET /currency_conversion_history/?from_currency=DEM&to_currency=GBP&to_date=2021-01-20 HTTP/1.1" 200 8665
INFO|06/Jun/2021 11:08:38|basehttp|25557|140687402407680|"GET /currency_conversion_history/?from_currency=DEM&to_currency=GBP&from_date=2021-01-20&to_date=2021-01-20 HTTP/1.1" 200 570
INFO|06/Jun/2021 11:09:36|basehttp|25557|140687402407680|"GET /currency_conversion_history/?from_currency=DEM&to_currency=GBP&from_date=2021-01-20&to_date=2021-01-20 HTTP/1.1" 200 570
ERROR|06/Jun/2021 11:13:44|log|26216|140160722233088|Internal Server Error: /currency_conversion_history/
Traceback (most recent call last):
  File "/media/tspl26/D/raju_python/mobility_env/lib/python3.7/site-packages/django/core/handlers/exception.py", line 34, in inner
    response = get_response(request)
  File "/media/tspl26/D/raju_python/mobility_env/lib/python3.7/site-packages/django/core/handlers/base.py", line 126, in _get_response
    response = self.process_exception_by_middleware(e, request)
  File "/media/tspl26/D/raju_python/mobility_env/lib/python3.7/site-packages/django/core/handlers/base.py", line 124, in _get_response
    response = wrapped_callback(request, *callback_args, **callback_kwargs)
  File "/media/tspl26/D/raju_python/mobility_env/lib/python3.7/site-packages/django/views/decorators/csrf.py", line 54, in wrapped_view
    return view_func(*args, **kwargs)
  File "/media/tspl26/D/raju_python/mobility_env/lib/python3.7/site-packages/django/views/generic/base.py", line 68, in view
    return self.dispatch(request, *args, **kwargs)
  File "/media/tspl26/D/raju_python/mobility_env/lib/python3.7/site-packages/rest_framework/views.py", line 495, in dispatch
    response = self.handle_exception(exc)
  File "/media/tspl26/D/raju_python/mobility_env/lib/python3.7/site-packages/rest_framework/views.py", line 455, in handle_exception
    self.raise_uncaught_exception(exc)
  File "/media/tspl26/D/raju_python/mobility_env/lib/python3.7/site-packages/rest_framework/views.py", line 492, in dispatch
    response = handler(request, *args, **kwargs)
  File "/media/tspl26/D/raju_python/mobility_env/mobilitysqr_live/mobility_apps/master/views/currency.py", line 384, in get
    print(serializer.data)
  File "/media/tspl26/D/raju_python/mobility_env/lib/python3.7/site-packages/rest_framework/serializers.py", line 768, in data
    ret = super(ListSerializer, self).data
  File "/media/tspl26/D/raju_python/mobility_env/lib/python3.7/site-packages/rest_framework/serializers.py", line 262, in data
    self._data = self.to_representation(self.instance)
  File "/media/tspl26/D/raju_python/mobility_env/lib/python3.7/site-packages/rest_framework/serializers.py", line 686, in to_representation
    self.child.to_representation(item) for item in iterable
TypeError: 'Currency_Conversion_History' object is not iterable
ERROR|06/Jun/2021 11:13:44|basehttp|26216|140160722233088|"GET /currency_conversion_history/?from_currency=DEM&to_currency=GBP&from_date=2021-01-20&to_date=2021-01-20 HTTP/1.1" 500 20281
INFO|06/Jun/2021 11:20:05|basehttp|26737|139829600933632|"GET /currency_conversion_history/?from_currency=DEM&to_currency=GBP&from_date=2021-01-20&to_date=2021-01-20 HTTP/1.1" 200 570
INFO|06/Jun/2021 11:21:20|basehttp|26737|139829600933632|"GET /currency_conversion_history/?from_currency=DEM&to_currency=GBP&from_date=2000-09-27&to_date=2021-01-20 HTTP/1.1" 200 5117
WARNING|06/Jun/2021 12:19:58|log|28435|140318946838272|Unauthorized: /currency_conversion_history/
WARNING|06/Jun/2021 12:19:58|basehttp|28435|140318946838272|"GET /currency_conversion_history/?from_currency=DEM&to_currency=GBP&from_date=2000-09-27&to_date=2021-01-20 HTTP/1.1" 401 183
INFO|06/Jun/2021 12:20:03|basehttp|28435|140318946838272|"POST /api/custom/login/ HTTP/1.1" 200 455
ERROR|06/Jun/2021 12:20:11|log|28435|140318946838272|Internal Server Error: /currency_conversion_history/
Traceback (most recent call last):
  File "/media/tspl26/D/raju_python/mobility_env/lib/python3.7/site-packages/django/core/handlers/exception.py", line 34, in inner
    response = get_response(request)
  File "/media/tspl26/D/raju_python/mobility_env/lib/python3.7/site-packages/django/core/handlers/base.py", line 126, in _get_response
    response = self.process_exception_by_middleware(e, request)
  File "/media/tspl26/D/raju_python/mobility_env/lib/python3.7/site-packages/django/core/handlers/base.py", line 124, in _get_response
    response = wrapped_callback(request, *callback_args, **callback_kwargs)
  File "/media/tspl26/D/raju_python/mobility_env/lib/python3.7/site-packages/django/views/decorators/csrf.py", line 54, in wrapped_view
    return view_func(*args, **kwargs)
  File "/media/tspl26/D/raju_python/mobility_env/lib/python3.7/site-packages/django/views/generic/base.py", line 68, in view
    return self.dispatch(request, *args, **kwargs)
  File "/media/tspl26/D/raju_python/mobility_env/lib/python3.7/site-packages/rest_framework/views.py", line 495, in dispatch
    response = self.handle_exception(exc)
  File "/media/tspl26/D/raju_python/mobility_env/lib/python3.7/site-packages/rest_framework/views.py", line 455, in handle_exception
    self.raise_uncaught_exception(exc)
  File "/media/tspl26/D/raju_python/mobility_env/lib/python3.7/site-packages/rest_framework/views.py", line 492, in dispatch
    response = handler(request, *args, **kwargs)
  File "/media/tspl26/D/raju_python/mobility_env/mobilitysqr_live/mobility_apps/master/views/currency.py", line 378, in get
    currency = Currency_Conversion_History.objects.filter(filter_query).order_by('-date_modified').latest()
  File "/media/tspl26/D/raju_python/mobility_env/lib/python3.7/site-packages/django/db/models/query.py", line 598, in latest
    return self.reverse()._earliest_or_latest(*fields, field_name=field_name)
  File "/media/tspl26/D/raju_python/mobility_env/lib/python3.7/site-packages/django/db/models/query.py", line 582, in _earliest_or_latest
    "earliest() and latest() require either fields as positional "
ValueError: earliest() and latest() require either fields as positional arguments or 'get_latest_by' in the model's Meta.
ERROR|06/Jun/2021 12:20:11|basehttp|28435|140318946838272|"GET /currency_conversion_history/?from_currency=DEM&to_currency=GBP&from_date=2000-09-27&to_date=2021-01-20 HTTP/1.1" 500 20331
ERROR|06/Jun/2021 12:20:51|log|28520|140153022785280|Internal Server Error: /currency_conversion_history/
Traceback (most recent call last):
  File "/media/tspl26/D/raju_python/mobility_env/lib/python3.7/site-packages/django/core/handlers/exception.py", line 34, in inner
    response = get_response(request)
  File "/media/tspl26/D/raju_python/mobility_env/lib/python3.7/site-packages/django/core/handlers/base.py", line 126, in _get_response
    response = self.process_exception_by_middleware(e, request)
  File "/media/tspl26/D/raju_python/mobility_env/lib/python3.7/site-packages/django/core/handlers/base.py", line 124, in _get_response
    response = wrapped_callback(request, *callback_args, **callback_kwargs)
  File "/media/tspl26/D/raju_python/mobility_env/lib/python3.7/site-packages/django/views/decorators/csrf.py", line 54, in wrapped_view
    return view_func(*args, **kwargs)
  File "/media/tspl26/D/raju_python/mobility_env/lib/python3.7/site-packages/django/views/generic/base.py", line 68, in view
    return self.dispatch(request, *args, **kwargs)
  File "/media/tspl26/D/raju_python/mobility_env/lib/python3.7/site-packages/rest_framework/views.py", line 495, in dispatch
    response = self.handle_exception(exc)
  File "/media/tspl26/D/raju_python/mobility_env/lib/python3.7/site-packages/rest_framework/views.py", line 455, in handle_exception
    self.raise_uncaught_exception(exc)
  File "/media/tspl26/D/raju_python/mobility_env/lib/python3.7/site-packages/rest_framework/views.py", line 492, in dispatch
    response = handler(request, *args, **kwargs)
  File "/media/tspl26/D/raju_python/mobility_env/mobilitysqr_live/mobility_apps/master/views/currency.py", line 378, in get
    currency = Currency_Conversion_History.objects.filter(filter_query).get_latest_by('-date_modified').latest()
AttributeError: 'QuerySet' object has no attribute 'get_latest_by'
ERROR|06/Jun/2021 12:20:51|basehttp|28520|140153022785280|"GET /currency_conversion_history/?from_currency=DEM&to_currency=GBP&from_date=2000-09-27&to_date=2021-01-20 HTTP/1.1" 500 19812
ERROR|06/Jun/2021 12:20:53|log|28520|140153022785280|Internal Server Error: /currency_conversion_history/
Traceback (most recent call last):
  File "/media/tspl26/D/raju_python/mobility_env/lib/python3.7/site-packages/django/core/handlers/exception.py", line 34, in inner
    response = get_response(request)
  File "/media/tspl26/D/raju_python/mobility_env/lib/python3.7/site-packages/django/core/handlers/base.py", line 126, in _get_response
    response = self.process_exception_by_middleware(e, request)
  File "/media/tspl26/D/raju_python/mobility_env/lib/python3.7/site-packages/django/core/handlers/base.py", line 124, in _get_response
    response = wrapped_callback(request, *callback_args, **callback_kwargs)
  File "/media/tspl26/D/raju_python/mobility_env/lib/python3.7/site-packages/django/views/decorators/csrf.py", line 54, in wrapped_view
    return view_func(*args, **kwargs)
  File "/media/tspl26/D/raju_python/mobility_env/lib/python3.7/site-packages/django/views/generic/base.py", line 68, in view
    return self.dispatch(request, *args, **kwargs)
  File "/media/tspl26/D/raju_python/mobility_env/lib/python3.7/site-packages/rest_framework/views.py", line 495, in dispatch
    response = self.handle_exception(exc)
  File "/media/tspl26/D/raju_python/mobility_env/lib/python3.7/site-packages/rest_framework/views.py", line 455, in handle_exception
    self.raise_uncaught_exception(exc)
  File "/media/tspl26/D/raju_python/mobility_env/lib/python3.7/site-packages/rest_framework/views.py", line 492, in dispatch
    response = handler(request, *args, **kwargs)
  File "/media/tspl26/D/raju_python/mobility_env/mobilitysqr_live/mobility_apps/master/views/currency.py", line 378, in get
    currency = Currency_Conversion_History.objects.filter(filter_query).get_latest_by('-date_modified').latest()
AttributeError: 'QuerySet' object has no attribute 'get_latest_by'
ERROR|06/Jun/2021 12:20:53|basehttp|28520|140153022785280|"GET /currency_conversion_history/?from_currency=DEM&to_currency=GBP&from_date=2000-09-27&to_date=2021-01-20 HTTP/1.1" 500 19812
ERROR|06/Jun/2021 12:21:39|log|28601|139939715172096|Internal Server Error: /currency_conversion_history/
Traceback (most recent call last):
  File "/media/tspl26/D/raju_python/mobility_env/lib/python3.7/site-packages/django/core/handlers/exception.py", line 34, in inner
    response = get_response(request)
  File "/media/tspl26/D/raju_python/mobility_env/lib/python3.7/site-packages/django/core/handlers/base.py", line 126, in _get_response
    response = self.process_exception_by_middleware(e, request)
  File "/media/tspl26/D/raju_python/mobility_env/lib/python3.7/site-packages/django/core/handlers/base.py", line 124, in _get_response
    response = wrapped_callback(request, *callback_args, **callback_kwargs)
  File "/media/tspl26/D/raju_python/mobility_env/lib/python3.7/site-packages/django/views/decorators/csrf.py", line 54, in wrapped_view
    return view_func(*args, **kwargs)
  File "/media/tspl26/D/raju_python/mobility_env/lib/python3.7/site-packages/django/views/generic/base.py", line 68, in view
    return self.dispatch(request, *args, **kwargs)
  File "/media/tspl26/D/raju_python/mobility_env/lib/python3.7/site-packages/rest_framework/views.py", line 495, in dispatch
    response = self.handle_exception(exc)
  File "/media/tspl26/D/raju_python/mobility_env/lib/python3.7/site-packages/rest_framework/views.py", line 455, in handle_exception
    self.raise_uncaught_exception(exc)
  File "/media/tspl26/D/raju_python/mobility_env/lib/python3.7/site-packages/rest_framework/views.py", line 492, in dispatch
    response = handler(request, *args, **kwargs)
  File "/media/tspl26/D/raju_python/mobility_env/mobilitysqr_live/mobility_apps/master/views/currency.py", line 384, in get
    print(serializer.data)
  File "/media/tspl26/D/raju_python/mobility_env/lib/python3.7/site-packages/rest_framework/serializers.py", line 768, in data
    ret = super(ListSerializer, self).data
  File "/media/tspl26/D/raju_python/mobility_env/lib/python3.7/site-packages/rest_framework/serializers.py", line 262, in data
    self._data = self.to_representation(self.instance)
  File "/media/tspl26/D/raju_python/mobility_env/lib/python3.7/site-packages/rest_framework/serializers.py", line 686, in to_representation
    self.child.to_representation(item) for item in iterable
TypeError: 'Currency_Conversion_History' object is not iterable
ERROR|06/Jun/2021 12:21:39|basehttp|28601|139939715172096|"GET /currency_conversion_history/?from_currency=DEM&to_currency=GBP&from_date=2000-09-27&to_date=2021-01-20 HTTP/1.1" 500 20281
ERROR|06/Jun/2021 12:21:40|log|28601|139939715172096|Internal Server Error: /currency_conversion_history/
Traceback (most recent call last):
  File "/media/tspl26/D/raju_python/mobility_env/lib/python3.7/site-packages/django/core/handlers/exception.py", line 34, in inner
    response = get_response(request)
  File "/media/tspl26/D/raju_python/mobility_env/lib/python3.7/site-packages/django/core/handlers/base.py", line 126, in _get_response
    response = self.process_exception_by_middleware(e, request)
  File "/media/tspl26/D/raju_python/mobility_env/lib/python3.7/site-packages/django/core/handlers/base.py", line 124, in _get_response
    response = wrapped_callback(request, *callback_args, **callback_kwargs)
  File "/media/tspl26/D/raju_python/mobility_env/lib/python3.7/site-packages/django/views/decorators/csrf.py", line 54, in wrapped_view
    return view_func(*args, **kwargs)
  File "/media/tspl26/D/raju_python/mobility_env/lib/python3.7/site-packages/django/views/generic/base.py", line 68, in view
    return self.dispatch(request, *args, **kwargs)
  File "/media/tspl26/D/raju_python/mobility_env/lib/python3.7/site-packages/rest_framework/views.py", line 495, in dispatch
    response = self.handle_exception(exc)
  File "/media/tspl26/D/raju_python/mobility_env/lib/python3.7/site-packages/rest_framework/views.py", line 455, in handle_exception
    self.raise_uncaught_exception(exc)
  File "/media/tspl26/D/raju_python/mobility_env/lib/python3.7/site-packages/rest_framework/views.py", line 492, in dispatch
    response = handler(request, *args, **kwargs)
  File "/media/tspl26/D/raju_python/mobility_env/mobilitysqr_live/mobility_apps/master/views/currency.py", line 384, in get
    print(serializer.data)
  File "/media/tspl26/D/raju_python/mobility_env/lib/python3.7/site-packages/rest_framework/serializers.py", line 768, in data
    ret = super(ListSerializer, self).data
  File "/media/tspl26/D/raju_python/mobility_env/lib/python3.7/site-packages/rest_framework/serializers.py", line 262, in data
    self._data = self.to_representation(self.instance)
  File "/media/tspl26/D/raju_python/mobility_env/lib/python3.7/site-packages/rest_framework/serializers.py", line 686, in to_representation
    self.child.to_representation(item) for item in iterable
TypeError: 'Currency_Conversion_History' object is not iterable
ERROR|06/Jun/2021 12:21:40|basehttp|28601|139939715172096|"GET /currency_conversion_history/?from_currency=DEM&to_currency=GBP&from_date=2000-09-27&to_date=2021-01-20 HTTP/1.1" 500 20281
INFO|06/Jun/2021 12:23:43|basehttp|28809|140266542683904|"GET /currency_conversion_history/?from_currency=DEM&to_currency=GBP&from_date=2000-09-27&to_date=2021-01-20 HTTP/1.1" 200 570
ERROR|06/Jun/2021 12:30:30|log|29193|140485783828224|Internal Server Error: /currency_conversion_history/
Traceback (most recent call last):
  File "/media/tspl26/D/raju_python/mobility_env/lib/python3.7/site-packages/django/core/handlers/exception.py", line 34, in inner
    response = get_response(request)
  File "/media/tspl26/D/raju_python/mobility_env/lib/python3.7/site-packages/django/core/handlers/base.py", line 126, in _get_response
    response = self.process_exception_by_middleware(e, request)
  File "/media/tspl26/D/raju_python/mobility_env/lib/python3.7/site-packages/django/core/handlers/base.py", line 124, in _get_response
    response = wrapped_callback(request, *callback_args, **callback_kwargs)
  File "/media/tspl26/D/raju_python/mobility_env/lib/python3.7/site-packages/django/views/decorators/csrf.py", line 54, in wrapped_view
    return view_func(*args, **kwargs)
  File "/media/tspl26/D/raju_python/mobility_env/lib/python3.7/site-packages/django/views/generic/base.py", line 68, in view
    return self.dispatch(request, *args, **kwargs)
  File "/media/tspl26/D/raju_python/mobility_env/lib/python3.7/site-packages/rest_framework/views.py", line 495, in dispatch
    response = self.handle_exception(exc)
  File "/media/tspl26/D/raju_python/mobility_env/lib/python3.7/site-packages/rest_framework/views.py", line 455, in handle_exception
    self.raise_uncaught_exception(exc)
  File "/media/tspl26/D/raju_python/mobility_env/lib/python3.7/site-packages/rest_framework/views.py", line 492, in dispatch
    response = handler(request, *args, **kwargs)
  File "/media/tspl26/D/raju_python/mobility_env/mobilitysqr_live/mobility_apps/master/views/currency.py", line 378, in get
    currency = Currency_Conversion_History.objects.filter(filter_query).annotate(Max=Max('conversion_date')).order_by('date_modified').last()
NameError: name 'Max' is not defined
ERROR|06/Jun/2021 12:30:30|basehttp|29193|140485783828224|"GET /currency_conversion_history/?from_currency=DEM&to_currency=GBP&from_date=2000-09-27&to_date=2021-01-20 HTTP/1.1" 500 19781
ERROR|06/Jun/2021 12:32:16|log|29393|139701672748800|Internal Server Error: /currency_conversion_history/
Traceback (most recent call last):
  File "/media/tspl26/D/raju_python/mobility_env/lib/python3.7/site-packages/django/core/handlers/exception.py", line 34, in inner
    response = get_response(request)
  File "/media/tspl26/D/raju_python/mobility_env/lib/python3.7/site-packages/django/core/handlers/base.py", line 126, in _get_response
    response = self.process_exception_by_middleware(e, request)
  File "/media/tspl26/D/raju_python/mobility_env/lib/python3.7/site-packages/django/core/handlers/base.py", line 124, in _get_response
    response = wrapped_callback(request, *callback_args, **callback_kwargs)
  File "/media/tspl26/D/raju_python/mobility_env/lib/python3.7/site-packages/django/views/decorators/csrf.py", line 54, in wrapped_view
    return view_func(*args, **kwargs)
  File "/media/tspl26/D/raju_python/mobility_env/lib/python3.7/site-packages/django/views/generic/base.py", line 68, in view
    return self.dispatch(request, *args, **kwargs)
  File "/media/tspl26/D/raju_python/mobility_env/lib/python3.7/site-packages/rest_framework/views.py", line 495, in dispatch
    response = self.handle_exception(exc)
  File "/media/tspl26/D/raju_python/mobility_env/lib/python3.7/site-packages/rest_framework/views.py", line 455, in handle_exception
    self.raise_uncaught_exception(exc)
  File "/media/tspl26/D/raju_python/mobility_env/lib/python3.7/site-packages/rest_framework/views.py", line 492, in dispatch
    response = handler(request, *args, **kwargs)
  File "/media/tspl26/D/raju_python/mobility_env/mobilitysqr_live/mobility_apps/master/views/currency.py", line 385, in get
    print(serializer.data)
  File "/media/tspl26/D/raju_python/mobility_env/lib/python3.7/site-packages/rest_framework/serializers.py", line 768, in data
    ret = super(ListSerializer, self).data
  File "/media/tspl26/D/raju_python/mobility_env/lib/python3.7/site-packages/rest_framework/serializers.py", line 262, in data
    self._data = self.to_representation(self.instance)
  File "/media/tspl26/D/raju_python/mobility_env/lib/python3.7/site-packages/rest_framework/serializers.py", line 686, in to_representation
    self.child.to_representation(item) for item in iterable
TypeError: 'Currency_Conversion_History' object is not iterable
ERROR|06/Jun/2021 12:32:16|basehttp|29393|139701672748800|"GET /currency_conversion_history/?from_currency=DEM&to_currency=GBP&from_date=2000-09-27&to_date=2021-01-20 HTTP/1.1" 500 20281
INFO|06/Jun/2021 12:33:29|basehttp|29490|140323311929088|"GET /currency_conversion_history/?from_currency=DEM&to_currency=GBP&from_date=2000-09-27&to_date=2021-01-20 HTTP/1.1" 200 8665
ERROR|06/Jun/2021 12:34:30|log|29554|140656806639360|Internal Server Error: /currency_conversion_history/
Traceback (most recent call last):
  File "/media/tspl26/D/raju_python/mobility_env/lib/python3.7/site-packages/django/core/handlers/exception.py", line 34, in inner
    response = get_response(request)
  File "/media/tspl26/D/raju_python/mobility_env/lib/python3.7/site-packages/django/core/handlers/base.py", line 126, in _get_response
    response = self.process_exception_by_middleware(e, request)
  File "/media/tspl26/D/raju_python/mobility_env/lib/python3.7/site-packages/django/core/handlers/base.py", line 124, in _get_response
    response = wrapped_callback(request, *callback_args, **callback_kwargs)
  File "/media/tspl26/D/raju_python/mobility_env/lib/python3.7/site-packages/django/views/decorators/csrf.py", line 54, in wrapped_view
    return view_func(*args, **kwargs)
  File "/media/tspl26/D/raju_python/mobility_env/lib/python3.7/site-packages/django/views/generic/base.py", line 68, in view
    return self.dispatch(request, *args, **kwargs)
  File "/media/tspl26/D/raju_python/mobility_env/lib/python3.7/site-packages/rest_framework/views.py", line 495, in dispatch
    response = self.handle_exception(exc)
  File "/media/tspl26/D/raju_python/mobility_env/lib/python3.7/site-packages/rest_framework/views.py", line 455, in handle_exception
    self.raise_uncaught_exception(exc)
  File "/media/tspl26/D/raju_python/mobility_env/lib/python3.7/site-packages/rest_framework/views.py", line 492, in dispatch
    response = handler(request, *args, **kwargs)
  File "/media/tspl26/D/raju_python/mobility_env/mobilitysqr_live/mobility_apps/master/views/currency.py", line 385, in get
    print(serializer.data)
  File "/media/tspl26/D/raju_python/mobility_env/lib/python3.7/site-packages/rest_framework/serializers.py", line 768, in data
    ret = super(ListSerializer, self).data
  File "/media/tspl26/D/raju_python/mobility_env/lib/python3.7/site-packages/rest_framework/serializers.py", line 262, in data
    self._data = self.to_representation(self.instance)
  File "/media/tspl26/D/raju_python/mobility_env/lib/python3.7/site-packages/rest_framework/serializers.py", line 686, in to_representation
    self.child.to_representation(item) for item in iterable
TypeError: 'Currency_Conversion_History' object is not iterable
ERROR|06/Jun/2021 12:34:30|basehttp|29554|140656806639360|"GET /currency_conversion_history/?from_currency=DEM&to_currency=GBP&from_date=2000-09-27&to_date=2021-01-20 HTTP/1.1" 500 20281
INFO|06/Jun/2021 12:34:47|basehttp|29614|140581723387648|"GET /currency_conversion_history/?from_currency=DEM&to_currency=GBP&from_date=2000-09-27&to_date=2021-01-20 HTTP/1.1" 200 568
INFO|06/Jun/2021 12:35:22|basehttp|29665|140339953223424|"GET /currency_conversion_history/?from_currency=DEM&to_currency=GBP&from_date=2000-09-27&to_date=2021-01-20 HTTP/1.1" 200 407
INFO|06/Jun/2021 12:35:44|basehttp|29724|140624039732992|"GET /currency_conversion_history/?from_currency=DEM&to_currency=GBP&from_date=2000-09-27&to_date=2021-01-20 HTTP/1.1" 200 8665
INFO|06/Jun/2021 12:38:01|basehttp|29815|139678596548352|"GET /currency_conversion_history/?from_currency=DEM&to_currency=GBP&from_date=2000-09-27&to_date=2021-01-20 HTTP/1.1" 200 8665
INFO|06/Jun/2021 12:48:40|basehttp|30233|140093126297344|"GET /currency_conversion_history/?from_currency=DEM&to_currency=GBP&from_date=2000-09-27&to_date=2021-01-20 HTTP/1.1" 200 8665
INFO|06/Jun/2021 12:49:09|basehttp|30233|140093126297344|"GET /currency_conversion_history/?from_currency=DEM&to_currency=GBP&from_date=2021-01-20&to_date=2021-01-20 HTTP/1.1" 200 570
INFO|06/Jun/2021 12:50:12|basehttp|30233|140093126297344|"GET /currency_conversion_history/?from_currency=DEM&to_currency=GBP&from_date=2021-01-20 HTTP/1.1" 200 2094
INFO|06/Jun/2021 12:50:44|basehttp|30233|140093126297344|"GET /currency_conversion_history/?from_currency=DEM&to_currency=GBP&from_date=2021-01-20&to_date=2021-01-20 HTTP/1.1" 200 570
INFO|06/Jun/2021 12:51:51|basehttp|30430|139649610372864|"GET /currency_conversion_history/?from_currency=DEM&to_currency=GBP&from_date=2021-01-20&to_date=2021-01-20 HTTP/1.1" 200 63
INFO|06/Jun/2021 12:52:01|basehttp|30477|140113158780672|"GET /currency_conversion_history/?from_currency=DEM&to_currency=GBP&from_date=2021-01-20&to_date=2021-01-20 HTTP/1.1" 200 570
INFO|06/Jun/2021 12:52:39|basehttp|30528|140120266946304|"GET /currency_conversion_history/?from_currency=DEM&to_currency=GBP&from_date=2021-01-20&to_date=2021-01-20 HTTP/1.1" 200 63
INFO|06/Jun/2021 12:52:40|basehttp|30528|140120266946304|"GET /currency_conversion_history/?from_currency=DEM&to_currency=GBP&from_date=2021-01-20&to_date=2021-01-20 HTTP/1.1" 200 63
INFO|06/Jun/2021 12:53:04|basehttp|30605|139944152487680|"GET /currency_conversion_history/?from_currency=DEM&to_currency=GBP&from_date=2021-01-20&to_date=2021-01-20 HTTP/1.1" 200 63
INFO|06/Jun/2021 12:58:16|basehttp|30643|140049655228160|"GET /currency_conversion_history/?from_currency=DEM&to_currency=GBP&from_date=2021-01-20%2000:00:00&to_date=2021-01-20%2011:00:00 HTTP/1.1" 200 1586
ERROR|06/Jun/2021 13:02:34|log|31178|139904989927168|Internal Server Error: /currency_conversion_history/
Traceback (most recent call last):
  File "/media/tspl26/D/raju_python/mobility_env/lib/python3.7/site-packages/django/core/handlers/exception.py", line 34, in inner
    response = get_response(request)
  File "/media/tspl26/D/raju_python/mobility_env/lib/python3.7/site-packages/django/core/handlers/base.py", line 126, in _get_response
    response = self.process_exception_by_middleware(e, request)
  File "/media/tspl26/D/raju_python/mobility_env/lib/python3.7/site-packages/django/core/handlers/base.py", line 124, in _get_response
    response = wrapped_callback(request, *callback_args, **callback_kwargs)
  File "/media/tspl26/D/raju_python/mobility_env/lib/python3.7/site-packages/django/views/decorators/csrf.py", line 54, in wrapped_view
    return view_func(*args, **kwargs)
  File "/media/tspl26/D/raju_python/mobility_env/lib/python3.7/site-packages/django/views/generic/base.py", line 68, in view
    return self.dispatch(request, *args, **kwargs)
  File "/media/tspl26/D/raju_python/mobility_env/lib/python3.7/site-packages/rest_framework/views.py", line 495, in dispatch
    response = self.handle_exception(exc)
  File "/media/tspl26/D/raju_python/mobility_env/lib/python3.7/site-packages/rest_framework/views.py", line 455, in handle_exception
    self.raise_uncaught_exception(exc)
  File "/media/tspl26/D/raju_python/mobility_env/lib/python3.7/site-packages/rest_framework/views.py", line 492, in dispatch
    response = handler(request, *args, **kwargs)
  File "/media/tspl26/D/raju_python/mobility_env/mobilitysqr_live/mobility_apps/master/views/currency.py", line 380, in get
    currency = Currency_Conversion_History.objects.filter(filter_query)
  File "/media/tspl26/D/raju_python/mobility_env/lib/python3.7/site-packages/django/db/models/manager.py", line 82, in manager_method
    return getattr(self.get_queryset(), name)(*args, **kwargs)
  File "/media/tspl26/D/raju_python/mobility_env/lib/python3.7/site-packages/django/db/models/query.py", line 841, in filter
    return self._filter_or_exclude(False, *args, **kwargs)
  File "/media/tspl26/D/raju_python/mobility_env/lib/python3.7/site-packages/django/db/models/query.py", line 859, in _filter_or_exclude
    clone.query.add_q(Q(*args, **kwargs))
  File "/media/tspl26/D/raju_python/mobility_env/lib/python3.7/site-packages/django/db/models/sql/query.py", line 1263, in add_q
    clause, _ = self._add_q(q_object, self.used_aliases)
  File "/media/tspl26/D/raju_python/mobility_env/lib/python3.7/site-packages/django/db/models/sql/query.py", line 1281, in _add_q
    current_negated, allow_joins, split_subq)
  File "/media/tspl26/D/raju_python/mobility_env/lib/python3.7/site-packages/django/db/models/sql/query.py", line 1287, in _add_q
    split_subq=split_subq,
  File "/media/tspl26/D/raju_python/mobility_env/lib/python3.7/site-packages/django/db/models/sql/query.py", line 1225, in build_filter
    condition = self.build_lookup(lookups, col, value)
  File "/media/tspl26/D/raju_python/mobility_env/lib/python3.7/site-packages/django/db/models/sql/query.py", line 1096, in build_lookup
    lookup = lookup_class(lhs, rhs)
  File "/media/tspl26/D/raju_python/mobility_env/lib/python3.7/site-packages/django/db/models/lookups.py", line 20, in __init__
    self.rhs = self.get_prep_lookup()
  File "/media/tspl26/D/raju_python/mobility_env/lib/python3.7/site-packages/django/db/models/lookups.py", line 70, in get_prep_lookup
    return self.lhs.output_field.get_prep_value(self.rhs)
  File "/media/tspl26/D/raju_python/mobility_env/lib/python3.7/site-packages/django/db/models/fields/__init__.py", line 1408, in get_prep_value
    value = super().get_prep_value(value)
  File "/media/tspl26/D/raju_python/mobility_env/lib/python3.7/site-packages/django/db/models/fields/__init__.py", line 1268, in get_prep_value
    return self.to_python(value)
  File "/media/tspl26/D/raju_python/mobility_env/lib/python3.7/site-packages/django/db/models/fields/__init__.py", line 1393, in to_python
    params={'value': value},
django.core.exceptions.ValidationError: ["'2021-01-20 11:00:00 23:59:00' value has an invalid format. It must be in YYYY-MM-DD HH:MM[:ss[.uuuuuu]][TZ] format."]
ERROR|06/Jun/2021 13:02:34|basehttp|31178|139904989927168|"GET /currency_conversion_history/?from_currency=DEM&to_currency=GBP&from_date=2021-01-20%2000:00:00&to_date=2021-01-20%2011:00:00 HTTP/1.1" 500 22338
INFO|06/Jun/2021 13:03:08|basehttp|31178|139904989927168|"GET /currency_conversion_history/?from_currency=DEM&to_currency=GBP&from_date=2021-01-20%2000:00:00&to_date=2021-01-20 HTTP/1.1" 200 1586
INFO|06/Jun/2021 13:03:19|basehttp|31178|139904989927168|"GET /currency_conversion_history/?from_currency=DEM&to_currency=GBP&from_date=2021-01-20&to_date=2021-01-20 HTTP/1.1" 200 1586
INFO|06/Jun/2021 13:03:31|basehttp|31178|139904989927168|"GET /currency_conversion_history/?from_currency=DEM&to_currency=GBP&from_date=2021-01-20 HTTP/1.1" 200 2094
INFO|06/Jun/2021 13:03:36|basehttp|31178|139904989927168|"GET /currency_conversion_history/?from_currency=DEM&to_currency=GBP&&to_date=2021-01-20 HTTP/1.1" 200 9681
WARNING|06/Jun/2021 13:36:47|log|32248|140249936377600|Unauthorized: /currency_conversion_history/
WARNING|06/Jun/2021 13:36:47|basehttp|32248|140249936377600|"GET /currency_conversion_history/?from_currency=DEM&to_currency=GBP&from_date=20/01/2021&to_date=20/01/2021 HTTP/1.1" 401 183
INFO|06/Jun/2021 13:36:52|basehttp|32248|140249936377600|"POST /api/custom/login/ HTTP/1.1" 200 455
ERROR|06/Jun/2021 13:37:01|log|32248|140249936377600|Internal Server Error: /currency_conversion_history/
Traceback (most recent call last):
  File "/media/tspl26/D/raju_python/mobility_env/lib/python3.7/site-packages/django/core/handlers/exception.py", line 34, in inner
    response = get_response(request)
  File "/media/tspl26/D/raju_python/mobility_env/lib/python3.7/site-packages/django/core/handlers/base.py", line 126, in _get_response
    response = self.process_exception_by_middleware(e, request)
  File "/media/tspl26/D/raju_python/mobility_env/lib/python3.7/site-packages/django/core/handlers/base.py", line 124, in _get_response
    response = wrapped_callback(request, *callback_args, **callback_kwargs)
  File "/media/tspl26/D/raju_python/mobility_env/lib/python3.7/site-packages/django/views/decorators/csrf.py", line 54, in wrapped_view
    return view_func(*args, **kwargs)
  File "/media/tspl26/D/raju_python/mobility_env/lib/python3.7/site-packages/django/views/generic/base.py", line 68, in view
    return self.dispatch(request, *args, **kwargs)
  File "/media/tspl26/D/raju_python/mobility_env/lib/python3.7/site-packages/rest_framework/views.py", line 495, in dispatch
    response = self.handle_exception(exc)
  File "/media/tspl26/D/raju_python/mobility_env/lib/python3.7/site-packages/rest_framework/views.py", line 455, in handle_exception
    self.raise_uncaught_exception(exc)
  File "/media/tspl26/D/raju_python/mobility_env/lib/python3.7/site-packages/rest_framework/views.py", line 492, in dispatch
    response = handler(request, *args, **kwargs)
  File "/media/tspl26/D/raju_python/mobility_env/mobilitysqr_live/mobility_apps/master/views/currency.py", line 378, in get
    from_date = datetime.strptime(from_date, "%d/%m/%Y").strftime('%Y-%m-%d')
AttributeError: module 'datetime' has no attribute 'strptime'
ERROR|06/Jun/2021 13:37:01|basehttp|32248|140249936377600|"GET /currency_conversion_history/?from_currency=DEM&to_currency=GBP&from_date=20/01/2021&to_date=20/01/2021 HTTP/1.1" 500 19771
INFO|06/Jun/2021 13:40:37|basehttp|32520|140192576677632|"GET /currency_conversion_history/?from_currency=DEM&to_currency=GBP&&to_date=2021-6-6 HTTP/1.1" 200 10189
INFO|07/Jun/2021 12:49:20|basehttp|12636|140238398330624|"POST /api/custom/login/ HTTP/1.1" 200 455
